<?xml version="1.0" encoding="UTF-8"?>
<testsuite xmlns:xsi="http://www.w3.org/2001/XMLSchema-instance" xsi:noNamespaceSchemaLocation="https://maven.apache.org/surefire/maven-surefire-plugin/xsd/surefire-test-report.xsd" version="3.0.2" name="TestSuite" time="11.334" tests="3" errors="0" skipped="0" failures="0">
  <properties>
    <property name="java.specification.version" value="17"/>
    <property name="sun.jnu.encoding" value="UTF-8"/>
    <property name="java.class.path" value="/Users/manidiptaroy/Downloads/SCEAutomation/QAPractice/target/test-classes:/Users/manidiptaroy/Downloads/SCEAutomation/QAPractice/target/classes:/Users/manidiptaroy/.m2/repository/org/testng/testng/7.10.2/testng-7.10.2.jar:/Users/manidiptaroy/.m2/repository/org/slf4j/slf4j-api/1.7.36/slf4j-api-1.7.36.jar:/Users/manidiptaroy/.m2/repository/com/beust/jcommander/1.82/jcommander-1.82.jar:/Users/manidiptaroy/.m2/repository/org/webjars/jquery/3.7.1/jquery-3.7.1.jar:/Users/manidiptaroy/.m2/repository/org/seleniumhq/selenium/selenium-java/4.25.0/selenium-java-4.25.0.jar:/Users/manidiptaroy/.m2/repository/org/seleniumhq/selenium/selenium-api/4.25.0/selenium-api-4.25.0.jar:/Users/manidiptaroy/.m2/repository/org/jspecify/jspecify/1.0.0/jspecify-1.0.0.jar:/Users/manidiptaroy/.m2/repository/org/seleniumhq/selenium/selenium-chrome-driver/4.25.0/selenium-chrome-driver-4.25.0.jar:/Users/manidiptaroy/.m2/repository/com/google/auto/service/auto-service-annotations/1.1.1/auto-service-annotations-1.1.1.jar:/Users/manidiptaroy/.m2/repository/org/seleniumhq/selenium/selenium-chromium-driver/4.25.0/selenium-chromium-driver-4.25.0.jar:/Users/manidiptaroy/.m2/repository/org/seleniumhq/selenium/selenium-json/4.25.0/selenium-json-4.25.0.jar:/Users/manidiptaroy/.m2/repository/org/seleniumhq/selenium/selenium-manager/4.25.0/selenium-manager-4.25.0.jar:/Users/manidiptaroy/.m2/repository/org/seleniumhq/selenium/selenium-devtools-v127/4.25.0/selenium-devtools-v127-4.25.0.jar:/Users/manidiptaroy/.m2/repository/org/seleniumhq/selenium/selenium-devtools-v128/4.25.0/selenium-devtools-v128-4.25.0.jar:/Users/manidiptaroy/.m2/repository/org/seleniumhq/selenium/selenium-devtools-v129/4.25.0/selenium-devtools-v129-4.25.0.jar:/Users/manidiptaroy/.m2/repository/org/seleniumhq/selenium/selenium-devtools-v85/4.25.0/selenium-devtools-v85-4.25.0.jar:/Users/manidiptaroy/.m2/repository/org/seleniumhq/selenium/selenium-edge-driver/4.25.0/selenium-edge-driver-4.25.0.jar:/Users/manidiptaroy/.m2/repository/org/seleniumhq/selenium/selenium-firefox-driver/4.25.0/selenium-firefox-driver-4.25.0.jar:/Users/manidiptaroy/.m2/repository/org/seleniumhq/selenium/selenium-http/4.25.0/selenium-http-4.25.0.jar:/Users/manidiptaroy/.m2/repository/dev/failsafe/failsafe/3.3.2/failsafe-3.3.2.jar:/Users/manidiptaroy/.m2/repository/org/seleniumhq/selenium/selenium-ie-driver/4.25.0/selenium-ie-driver-4.25.0.jar:/Users/manidiptaroy/.m2/repository/org/seleniumhq/selenium/selenium-remote-driver/4.25.0/selenium-remote-driver-4.25.0.jar:/Users/manidiptaroy/.m2/repository/com/google/guava/guava/33.3.0-jre/guava-33.3.0-jre.jar:/Users/manidiptaroy/.m2/repository/com/google/guava/failureaccess/1.0.2/failureaccess-1.0.2.jar:/Users/manidiptaroy/.m2/repository/com/google/guava/listenablefuture/9999.0-empty-to-avoid-conflict-with-guava/listenablefuture-9999.0-empty-to-avoid-conflict-with-guava.jar:/Users/manidiptaroy/.m2/repository/com/google/code/findbugs/jsr305/3.0.2/jsr305-3.0.2.jar:/Users/manidiptaroy/.m2/repository/org/checkerframework/checker-qual/3.43.0/checker-qual-3.43.0.jar:/Users/manidiptaroy/.m2/repository/com/google/errorprone/error_prone_annotations/2.28.0/error_prone_annotations-2.28.0.jar:/Users/manidiptaroy/.m2/repository/com/google/j2objc/j2objc-annotations/3.0.0/j2objc-annotations-3.0.0.jar:/Users/manidiptaroy/.m2/repository/io/opentelemetry/semconv/opentelemetry-semconv/1.25.0-alpha/opentelemetry-semconv-1.25.0-alpha.jar:/Users/manidiptaroy/.m2/repository/io/opentelemetry/opentelemetry-api/1.42.1/opentelemetry-api-1.42.1.jar:/Users/manidiptaroy/.m2/repository/io/opentelemetry/opentelemetry-context/1.42.1/opentelemetry-context-1.42.1.jar:/Users/manidiptaroy/.m2/repository/io/opentelemetry/opentelemetry-exporter-logging/1.42.1/opentelemetry-exporter-logging-1.42.1.jar:/Users/manidiptaroy/.m2/repository/io/opentelemetry/opentelemetry-sdk-common/1.42.1/opentelemetry-sdk-common-1.42.1.jar:/Users/manidiptaroy/.m2/repository/io/opentelemetry/opentelemetry-sdk-extension-autoconfigure-spi/1.42.1/opentelemetry-sdk-extension-autoconfigure-spi-1.42.1.jar:/Users/manidiptaroy/.m2/repository/io/opentelemetry/opentelemetry-sdk-extension-autoconfigure/1.42.1/opentelemetry-sdk-extension-autoconfigure-1.42.1.jar:/Users/manidiptaroy/.m2/repository/io/opentelemetry/opentelemetry-api-incubator/1.42.1-alpha/opentelemetry-api-incubator-1.42.1-alpha.jar:/Users/manidiptaroy/.m2/repository/io/opentelemetry/opentelemetry-sdk-trace/1.42.1/opentelemetry-sdk-trace-1.42.1.jar:/Users/manidiptaroy/.m2/repository/io/opentelemetry/opentelemetry-sdk/1.42.1/opentelemetry-sdk-1.42.1.jar:/Users/manidiptaroy/.m2/repository/io/opentelemetry/opentelemetry-sdk-metrics/1.42.1/opentelemetry-sdk-metrics-1.42.1.jar:/Users/manidiptaroy/.m2/repository/io/opentelemetry/opentelemetry-sdk-logs/1.42.1/opentelemetry-sdk-logs-1.42.1.jar:/Users/manidiptaroy/.m2/repository/net/bytebuddy/byte-buddy/1.15.1/byte-buddy-1.15.1.jar:/Users/manidiptaroy/.m2/repository/org/seleniumhq/selenium/selenium-os/4.25.0/selenium-os-4.25.0.jar:/Users/manidiptaroy/.m2/repository/org/apache/commons/commons-exec/1.4.0/commons-exec-1.4.0.jar:/Users/manidiptaroy/.m2/repository/org/seleniumhq/selenium/selenium-safari-driver/4.25.0/selenium-safari-driver-4.25.0.jar:/Users/manidiptaroy/.m2/repository/org/seleniumhq/selenium/selenium-support/4.25.0/selenium-support-4.25.0.jar:/Users/manidiptaroy/.m2/repository/org/apache/logging/log4j/log4j-api/2.3.2/log4j-api-2.3.2.jar:/Users/manidiptaroy/.m2/repository/org/apache/logging/log4j/log4j-core/2.3.2/log4j-core-2.3.2.jar:/Users/manidiptaroy/.m2/repository/com/aventstack/extentreports/5.1.2/extentreports-5.1.2.jar:/Users/manidiptaroy/.m2/repository/io/reactivex/rxjava3/rxjava/3.1.6/rxjava-3.1.6.jar:/Users/manidiptaroy/.m2/repository/org/reactivestreams/reactive-streams/1.0.4/reactive-streams-1.0.4.jar:/Users/manidiptaroy/.m2/repository/org/freemarker/freemarker/2.3.32/freemarker-2.3.32.jar:/Users/manidiptaroy/.m2/repository/org/projectlombok/lombok/1.18.26/lombok-1.18.26.jar:/Users/manidiptaroy/.m2/repository/com/google/code/gson/gson/2.10.1/gson-2.10.1.jar:/Users/manidiptaroy/.m2/repository/org/apache/commons/commons-compress/1.27.1/commons-compress-1.27.1.jar:/Users/manidiptaroy/.m2/repository/commons-codec/commons-codec/1.17.1/commons-codec-1.17.1.jar:/Users/manidiptaroy/.m2/repository/commons-io/commons-io/2.16.1/commons-io-2.16.1.jar:/Users/manidiptaroy/.m2/repository/org/apache/commons/commons-lang3/3.16.0/commons-lang3-3.16.0.jar:"/>
    <property name="java.vm.vendor" value="Eclipse Adoptium"/>
    <property name="sun.arch.data.model" value="64"/>
    <property name="java.vendor.url" value="https://adoptium.net/"/>
    <property name="user.timezone" value="America/Vancouver"/>
    <property name="os.name" value="Mac OS X"/>
    <property name="java.vm.specification.version" value="17"/>
    <property name="sun.java.launcher" value="SUN_STANDARD"/>
    <property name="user.country" value="US"/>
    <property name="sun.boot.library.path" value="/Users/manidiptaroy/.p2/pool/plugins/org.eclipse.justj.openjdk.hotspot.jre.full.macosx.x86_64_17.0.9.v20231028-0858/jre/lib"/>
    <property name="sun.java.command" value="/Users/manidiptaroy/Downloads/SCEAutomation/QAPractice/target/surefire/surefirebooter-20241021195903659_3.jar /Users/manidiptaroy/Downloads/SCEAutomation/QAPractice/target/surefire 2024-10-21T19-59-03_559-jvmRun1 surefire-20241021195903659_1tmp surefire_0-20241021195903659_2tmp"/>
    <property name="http.nonProxyHosts" value="local|*.local|169.254/16|*.169.254/16"/>
    <property name="jdk.debug" value="release"/>
    <property name="surefire.test.class.path" value="/Users/manidiptaroy/Downloads/SCEAutomation/QAPractice/target/test-classes:/Users/manidiptaroy/Downloads/SCEAutomation/QAPractice/target/classes:/Users/manidiptaroy/.m2/repository/org/testng/testng/7.10.2/testng-7.10.2.jar:/Users/manidiptaroy/.m2/repository/org/slf4j/slf4j-api/1.7.36/slf4j-api-1.7.36.jar:/Users/manidiptaroy/.m2/repository/com/beust/jcommander/1.82/jcommander-1.82.jar:/Users/manidiptaroy/.m2/repository/org/webjars/jquery/3.7.1/jquery-3.7.1.jar:/Users/manidiptaroy/.m2/repository/org/seleniumhq/selenium/selenium-java/4.25.0/selenium-java-4.25.0.jar:/Users/manidiptaroy/.m2/repository/org/seleniumhq/selenium/selenium-api/4.25.0/selenium-api-4.25.0.jar:/Users/manidiptaroy/.m2/repository/org/jspecify/jspecify/1.0.0/jspecify-1.0.0.jar:/Users/manidiptaroy/.m2/repository/org/seleniumhq/selenium/selenium-chrome-driver/4.25.0/selenium-chrome-driver-4.25.0.jar:/Users/manidiptaroy/.m2/repository/com/google/auto/service/auto-service-annotations/1.1.1/auto-service-annotations-1.1.1.jar:/Users/manidiptaroy/.m2/repository/org/seleniumhq/selenium/selenium-chromium-driver/4.25.0/selenium-chromium-driver-4.25.0.jar:/Users/manidiptaroy/.m2/repository/org/seleniumhq/selenium/selenium-json/4.25.0/selenium-json-4.25.0.jar:/Users/manidiptaroy/.m2/repository/org/seleniumhq/selenium/selenium-manager/4.25.0/selenium-manager-4.25.0.jar:/Users/manidiptaroy/.m2/repository/org/seleniumhq/selenium/selenium-devtools-v127/4.25.0/selenium-devtools-v127-4.25.0.jar:/Users/manidiptaroy/.m2/repository/org/seleniumhq/selenium/selenium-devtools-v128/4.25.0/selenium-devtools-v128-4.25.0.jar:/Users/manidiptaroy/.m2/repository/org/seleniumhq/selenium/selenium-devtools-v129/4.25.0/selenium-devtools-v129-4.25.0.jar:/Users/manidiptaroy/.m2/repository/org/seleniumhq/selenium/selenium-devtools-v85/4.25.0/selenium-devtools-v85-4.25.0.jar:/Users/manidiptaroy/.m2/repository/org/seleniumhq/selenium/selenium-edge-driver/4.25.0/selenium-edge-driver-4.25.0.jar:/Users/manidiptaroy/.m2/repository/org/seleniumhq/selenium/selenium-firefox-driver/4.25.0/selenium-firefox-driver-4.25.0.jar:/Users/manidiptaroy/.m2/repository/org/seleniumhq/selenium/selenium-http/4.25.0/selenium-http-4.25.0.jar:/Users/manidiptaroy/.m2/repository/dev/failsafe/failsafe/3.3.2/failsafe-3.3.2.jar:/Users/manidiptaroy/.m2/repository/org/seleniumhq/selenium/selenium-ie-driver/4.25.0/selenium-ie-driver-4.25.0.jar:/Users/manidiptaroy/.m2/repository/org/seleniumhq/selenium/selenium-remote-driver/4.25.0/selenium-remote-driver-4.25.0.jar:/Users/manidiptaroy/.m2/repository/com/google/guava/guava/33.3.0-jre/guava-33.3.0-jre.jar:/Users/manidiptaroy/.m2/repository/com/google/guava/failureaccess/1.0.2/failureaccess-1.0.2.jar:/Users/manidiptaroy/.m2/repository/com/google/guava/listenablefuture/9999.0-empty-to-avoid-conflict-with-guava/listenablefuture-9999.0-empty-to-avoid-conflict-with-guava.jar:/Users/manidiptaroy/.m2/repository/com/google/code/findbugs/jsr305/3.0.2/jsr305-3.0.2.jar:/Users/manidiptaroy/.m2/repository/org/checkerframework/checker-qual/3.43.0/checker-qual-3.43.0.jar:/Users/manidiptaroy/.m2/repository/com/google/errorprone/error_prone_annotations/2.28.0/error_prone_annotations-2.28.0.jar:/Users/manidiptaroy/.m2/repository/com/google/j2objc/j2objc-annotations/3.0.0/j2objc-annotations-3.0.0.jar:/Users/manidiptaroy/.m2/repository/io/opentelemetry/semconv/opentelemetry-semconv/1.25.0-alpha/opentelemetry-semconv-1.25.0-alpha.jar:/Users/manidiptaroy/.m2/repository/io/opentelemetry/opentelemetry-api/1.42.1/opentelemetry-api-1.42.1.jar:/Users/manidiptaroy/.m2/repository/io/opentelemetry/opentelemetry-context/1.42.1/opentelemetry-context-1.42.1.jar:/Users/manidiptaroy/.m2/repository/io/opentelemetry/opentelemetry-exporter-logging/1.42.1/opentelemetry-exporter-logging-1.42.1.jar:/Users/manidiptaroy/.m2/repository/io/opentelemetry/opentelemetry-sdk-common/1.42.1/opentelemetry-sdk-common-1.42.1.jar:/Users/manidiptaroy/.m2/repository/io/opentelemetry/opentelemetry-sdk-extension-autoconfigure-spi/1.42.1/opentelemetry-sdk-extension-autoconfigure-spi-1.42.1.jar:/Users/manidiptaroy/.m2/repository/io/opentelemetry/opentelemetry-sdk-extension-autoconfigure/1.42.1/opentelemetry-sdk-extension-autoconfigure-1.42.1.jar:/Users/manidiptaroy/.m2/repository/io/opentelemetry/opentelemetry-api-incubator/1.42.1-alpha/opentelemetry-api-incubator-1.42.1-alpha.jar:/Users/manidiptaroy/.m2/repository/io/opentelemetry/opentelemetry-sdk-trace/1.42.1/opentelemetry-sdk-trace-1.42.1.jar:/Users/manidiptaroy/.m2/repository/io/opentelemetry/opentelemetry-sdk/1.42.1/opentelemetry-sdk-1.42.1.jar:/Users/manidiptaroy/.m2/repository/io/opentelemetry/opentelemetry-sdk-metrics/1.42.1/opentelemetry-sdk-metrics-1.42.1.jar:/Users/manidiptaroy/.m2/repository/io/opentelemetry/opentelemetry-sdk-logs/1.42.1/opentelemetry-sdk-logs-1.42.1.jar:/Users/manidiptaroy/.m2/repository/net/bytebuddy/byte-buddy/1.15.1/byte-buddy-1.15.1.jar:/Users/manidiptaroy/.m2/repository/org/seleniumhq/selenium/selenium-os/4.25.0/selenium-os-4.25.0.jar:/Users/manidiptaroy/.m2/repository/org/apache/commons/commons-exec/1.4.0/commons-exec-1.4.0.jar:/Users/manidiptaroy/.m2/repository/org/seleniumhq/selenium/selenium-safari-driver/4.25.0/selenium-safari-driver-4.25.0.jar:/Users/manidiptaroy/.m2/repository/org/seleniumhq/selenium/selenium-support/4.25.0/selenium-support-4.25.0.jar:/Users/manidiptaroy/.m2/repository/org/apache/logging/log4j/log4j-api/2.3.2/log4j-api-2.3.2.jar:/Users/manidiptaroy/.m2/repository/org/apache/logging/log4j/log4j-core/2.3.2/log4j-core-2.3.2.jar:/Users/manidiptaroy/.m2/repository/com/aventstack/extentreports/5.1.2/extentreports-5.1.2.jar:/Users/manidiptaroy/.m2/repository/io/reactivex/rxjava3/rxjava/3.1.6/rxjava-3.1.6.jar:/Users/manidiptaroy/.m2/repository/org/reactivestreams/reactive-streams/1.0.4/reactive-streams-1.0.4.jar:/Users/manidiptaroy/.m2/repository/org/freemarker/freemarker/2.3.32/freemarker-2.3.32.jar:/Users/manidiptaroy/.m2/repository/org/projectlombok/lombok/1.18.26/lombok-1.18.26.jar:/Users/manidiptaroy/.m2/repository/com/google/code/gson/gson/2.10.1/gson-2.10.1.jar:/Users/manidiptaroy/.m2/repository/org/apache/commons/commons-compress/1.27.1/commons-compress-1.27.1.jar:/Users/manidiptaroy/.m2/repository/commons-codec/commons-codec/1.17.1/commons-codec-1.17.1.jar:/Users/manidiptaroy/.m2/repository/commons-io/commons-io/2.16.1/commons-io-2.16.1.jar:/Users/manidiptaroy/.m2/repository/org/apache/commons/commons-lang3/3.16.0/commons-lang3-3.16.0.jar:"/>
    <property name="sun.cpu.endian" value="little"/>
    <property name="user.home" value="/Users/manidiptaroy"/>
    <property name="user.language" value="en"/>
    <property name="java.specification.vendor" value="Oracle Corporation"/>
    <property name="java.version.date" value="2023-10-17"/>
    <property name="java.home" value="/Users/manidiptaroy/.p2/pool/plugins/org.eclipse.justj.openjdk.hotspot.jre.full.macosx.x86_64_17.0.9.v20231028-0858/jre"/>
    <property name="file.separator" value="/"/>
    <property name="style.color" value="always"/>
    <property name="basedir" value="/Users/manidiptaroy/Downloads/SCEAutomation/QAPractice"/>
    <property name="java.vm.compressedOopsMode" value="Zero based"/>
    <property name="line.separator" value="&#10;"/>
    <property name="java.vm.specification.vendor" value="Oracle Corporation"/>
    <property name="java.specification.name" value="Java Platform API Specification"/>
    <property name="surefire.real.class.path" value="/Users/manidiptaroy/Downloads/SCEAutomation/QAPractice/target/surefire/surefirebooter-20241021195903659_3.jar"/>
    <property name="sun.management.compiler" value="HotSpot 64-Bit Tiered Compilers"/>
    <property name="ftp.nonProxyHosts" value="local|*.local|169.254/16|*.169.254/16"/>
    <property name="java.runtime.version" value="17.0.9+9"/>
    <property name="user.name" value="manidiptaroy"/>
    <property name="path.separator" value=":"/>
    <property name="otel.metrics.exporter" value="none"/>
    <property name="os.version" value="14.6.1"/>
    <property name="java.runtime.name" value="OpenJDK Runtime Environment"/>
    <property name="otel.traces.exporter" value="none"/>
    <property name="file.encoding" value="UTF-8"/>
    <property name="java.vm.name" value="OpenJDK 64-Bit Server VM"/>
    <property name="java.vendor.version" value="Temurin-17.0.9+9"/>
    <property name="localRepository" value="/Users/manidiptaroy/.m2/repository"/>
    <property name="java.vendor.url.bug" value="https://github.com/adoptium/adoptium-support/issues"/>
    <property name="otel.logs.exporter" value="none"/>
    <property name="java.io.tmpdir" value="/var/folders/69/qp7vybg96pj5fbf45bjfy3b80000gn/T/"/>
    <property name="java.version" value="17.0.9"/>
    <property name="user.dir" value="/Users/manidiptaroy/Downloads/SCEAutomation/QAPractice"/>
    <property name="os.arch" value="x86_64"/>
    <property name="java.vm.specification.name" value="Java Virtual Machine Specification"/>
    <property name="native.encoding" value="UTF-8"/>
    <property name="java.library.path" value="/Users/manidiptaroy/Library/Java/Extensions:/Library/Java/Extensions:/Network/Library/Java/Extensions:/System/Library/Java/Extensions:/usr/lib/java:."/>
    <property name="java.vm.info" value="mixed mode"/>
    <property name="java.vendor" value="Eclipse Adoptium"/>
    <property name="java.vm.version" value="17.0.9+9"/>
    <property name="sun.io.unicode.encoding" value="UnicodeBig"/>
    <property name="socksNonProxyHosts" value="local|*.local|169.254/16|*.169.254/16"/>
    <property name="java.class.version" value="61.0"/>
  </properties>
  <testcase name="loginWithValidUserNameAndPassword" classname="com.orange.hrm.test.LogInTest" time="3.135">
    <system-out><![CDATA[2024-10-21 19:59:10,891 DEBUG Starting configuration XmlConfiguration[location=/Users/manidiptaroy/Downloads/SCEAutomation/QAPractice/target/classes/log4j2.xml]
2024-10-21 19:59:10,892 DEBUG PluginManager 'Core' found 69 plugins
2024-10-21 19:59:10,892 DEBUG PluginManager 'Level' found 0 plugins
2024-10-21 19:59:10,893 DEBUG PluginManager 'Lookup' found 10 plugins
2024-10-21 19:59:10,894 DEBUG Building Plugin[name=layout, class=org.apache.logging.log4j.core.layout.PatternLayout]. Searching for builder factory method...
2024-10-21 19:59:10,897 DEBUG Found builder factory method [newBuilder]: public static org.apache.logging.log4j.core.layout.PatternLayout$Builder org.apache.logging.log4j.core.layout.PatternLayout.newBuilder().
2024-10-21 19:59:10,903 DEBUG TypeConverterRegistry initializing.
2024-10-21 19:59:10,903 DEBUG PluginManager 'TypeConverter' found 21 plugins
2024-10-21 19:59:10,909 DEBUG Calling build() on class class org.apache.logging.log4j.core.layout.PatternLayout$Builder for element PatternLayout with params(name="%d{HH:mm:ss.SSS} [%t] %-5level %logger{36} - %msg%n", Configuration(/Users/manidiptaroy/Downloads/SCEAutomation/QAPractice/target/classes/log4j2.xml), null, name="null", name="null", name="null", name="null", name="null")
2024-10-21 19:59:10,909 DEBUG PluginManager 'Converter' found 33 plugins
2024-10-21 19:59:10,910 DEBUG Built Plugin[name=layout] OK from builder factory method.
2024-10-21 19:59:10,910 DEBUG Building Plugin[name=appender, class=org.apache.logging.log4j.core.appender.ConsoleAppender]. Searching for builder factory method...
2024-10-21 19:59:10,911 DEBUG Not in a ServletContext environment, thus not loading WebLookup plugin.
2024-10-21 19:59:10,911 DEBUG PluginManager 'Converter' found 33 plugins
2024-10-21 19:59:10,912 DEBUG Found builder factory method [newBuilder]: public static org.apache.logging.log4j.core.appender.ConsoleAppender$Builder org.apache.logging.log4j.core.appender.ConsoleAppender.newBuilder().
2024-10-21 19:59:10,914 DEBUG No PluginVisitorStrategy found on annotation [interface org.apache.logging.log4j.core.config.plugins.validation.constraints.Required]. Ignoring.
2024-10-21 19:59:10,915 DEBUG Encountered type [org.apache.logging.log4j.core.layout.PatternLayout] which can only be checked for null.
2024-10-21 19:59:10,915 DEBUG No PluginVisitorStrategy found on annotation [interface org.apache.logging.log4j.core.config.plugins.validation.constraints.Required]. Ignoring.
2024-10-21 19:59:10,916 DEBUG Encountered type [org.apache.logging.log4j.core.appender.ConsoleAppender$Target] which can only be checked for null.
2024-10-21 19:59:10,916 DEBUG No PluginVisitorStrategy found on annotation [interface org.apache.logging.log4j.core.config.plugins.validation.constraints.Required]. Ignoring.
2024-10-21 19:59:10,916 DEBUG Calling build() on class class org.apache.logging.log4j.core.appender.ConsoleAppender$Builder for element Console with params(PatternLayout(%d{HH:mm:ss.SSS} [%t] %-5level %logger{36} - %msg%n), null, name="SYSTEM_OUT", name="LogToConsole", name="null", name="null")
2024-10-21 19:59:10,916 DEBUG Built Plugin[name=appender] OK from builder factory method.
2024-10-21 19:59:10,917 DEBUG Building Plugin[name=layout, class=org.apache.logging.log4j.core.layout.PatternLayout]. Searching for builder factory method...
2024-10-21 19:59:10,917 DEBUG Found builder factory method [newBuilder]: public static org.apache.logging.log4j.core.layout.PatternLayout$Builder org.apache.logging.log4j.core.layout.PatternLayout.newBuilder().
2024-10-21 19:59:10,917 DEBUG Calling build() on class class org.apache.logging.log4j.core.layout.PatternLayout$Builder for element PatternLayout with params(name="%d %p %c{1.} [%t] %m%n", Configuration(/Users/manidiptaroy/Downloads/SCEAutomation/QAPractice/target/classes/log4j2.xml), null, name="null", name="null", name="null", name="null", name="null")
2024-10-21 19:59:10,918 DEBUG Built Plugin[name=layout] OK from builder factory method.
2024-10-21 19:59:10,918 DEBUG Building Plugin[name=appender, class=org.apache.logging.log4j.core.appender.FileAppender]. Searching for builder factory method...
2024-10-21 19:59:10,920 DEBUG No builder factory method found in class org.apache.logging.log4j.core.appender.FileAppender. Going to try finding a factory method instead.
2024-10-21 19:59:10,921 DEBUG Still building Plugin[name=appender, class=org.apache.logging.log4j.core.appender.FileAppender]. Searching for factory method...
2024-10-21 19:59:10,922 DEBUG Found factory method [createAppender]: public static org.apache.logging.log4j.core.appender.FileAppender org.apache.logging.log4j.core.appender.FileAppender.createAppender(java.lang.String,java.lang.String,java.lang.String,java.lang.String,java.lang.String,java.lang.String,java.lang.String,java.lang.String,org.apache.logging.log4j.core.Layout,org.apache.logging.log4j.core.Filter,java.lang.String,java.lang.String,org.apache.logging.log4j.core.config.Configuration).
2024-10-21 19:59:10,928 DEBUG Calling createAppender on class org.apache.logging.log4j.core.appender.FileAppender for element File with params(name="logs/app.log", name="null", name="null", name="LogToFile", name="null", name="null", name="null", name="null", PatternLayout(%d %p %c{1.} [%t] %m%n), null, name="null", name="null", Configuration(/Users/manidiptaroy/Downloads/SCEAutomation/QAPractice/target/classes/log4j2.xml))
2024-10-21 19:59:10,931 DEBUG Starting FileManager logs/app.log
2024-10-21 19:59:10,932 DEBUG Built Plugin[name=appender] OK from factory method.
2024-10-21 19:59:10,932 DEBUG Building Plugin[name=appenders, class=org.apache.logging.log4j.core.config.AppendersPlugin]. Searching for builder factory method...
2024-10-21 19:59:10,932 DEBUG No builder factory method found in class org.apache.logging.log4j.core.config.AppendersPlugin. Going to try finding a factory method instead.
2024-10-21 19:59:10,933 DEBUG Still building Plugin[name=appenders, class=org.apache.logging.log4j.core.config.AppendersPlugin]. Searching for factory method...
2024-10-21 19:59:10,933 DEBUG Found factory method [createAppenders]: public static java.util.concurrent.ConcurrentMap org.apache.logging.log4j.core.config.AppendersPlugin.createAppenders(org.apache.logging.log4j.core.Appender[]).
2024-10-21 19:59:10,933 DEBUG Calling createAppenders on class org.apache.logging.log4j.core.config.AppendersPlugin for element Appenders with params(={LogToConsole, LogToFile})
2024-10-21 19:59:10,933 DEBUG Built Plugin[name=appenders] OK from factory method.
2024-10-21 19:59:10,934 DEBUG Building Plugin[name=AppenderRef, class=org.apache.logging.log4j.core.config.AppenderRef]. Searching for builder factory method...
2024-10-21 19:59:10,934 DEBUG No builder factory method found in class org.apache.logging.log4j.core.config.AppenderRef. Going to try finding a factory method instead.
2024-10-21 19:59:10,934 DEBUG Still building Plugin[name=AppenderRef, class=org.apache.logging.log4j.core.config.AppenderRef]. Searching for factory method...
2024-10-21 19:59:10,934 DEBUG Found factory method [createAppenderRef]: public static org.apache.logging.log4j.core.config.AppenderRef org.apache.logging.log4j.core.config.AppenderRef.createAppenderRef(java.lang.String,org.apache.logging.log4j.Level,org.apache.logging.log4j.core.Filter).
2024-10-21 19:59:10,935 DEBUG Calling createAppenderRef on class org.apache.logging.log4j.core.config.AppenderRef for element AppenderRef with params(name="LogToFile", name="null", null)
2024-10-21 19:59:10,935 DEBUG Built Plugin[name=AppenderRef] OK from factory method.
2024-10-21 19:59:10,935 DEBUG Building Plugin[name=AppenderRef, class=org.apache.logging.log4j.core.config.AppenderRef]. Searching for builder factory method...
2024-10-21 19:59:10,935 DEBUG No builder factory method found in class org.apache.logging.log4j.core.config.AppenderRef. Going to try finding a factory method instead.
2024-10-21 19:59:10,935 DEBUG Still building Plugin[name=AppenderRef, class=org.apache.logging.log4j.core.config.AppenderRef]. Searching for factory method...
2024-10-21 19:59:10,936 DEBUG Found factory method [createAppenderRef]: public static org.apache.logging.log4j.core.config.AppenderRef org.apache.logging.log4j.core.config.AppenderRef.createAppenderRef(java.lang.String,org.apache.logging.log4j.Level,org.apache.logging.log4j.core.Filter).
2024-10-21 19:59:10,936 DEBUG Calling createAppenderRef on class org.apache.logging.log4j.core.config.AppenderRef for element AppenderRef with params(name="LogToConsole", name="null", null)
2024-10-21 19:59:10,936 DEBUG Built Plugin[name=AppenderRef] OK from factory method.
2024-10-21 19:59:10,937 DEBUG Building Plugin[name=logger, class=org.apache.logging.log4j.core.config.LoggerConfig]. Searching for builder factory method...
2024-10-21 19:59:10,937 DEBUG No builder factory method found in class org.apache.logging.log4j.core.config.LoggerConfig. Going to try finding a factory method instead.
2024-10-21 19:59:10,937 DEBUG Still building Plugin[name=logger, class=org.apache.logging.log4j.core.config.LoggerConfig]. Searching for factory method...
2024-10-21 19:59:10,938 DEBUG Found factory method [createLogger]: public static org.apache.logging.log4j.core.config.LoggerConfig org.apache.logging.log4j.core.config.LoggerConfig.createLogger(java.lang.String,org.apache.logging.log4j.Level,java.lang.String,java.lang.String,org.apache.logging.log4j.core.config.AppenderRef[],org.apache.logging.log4j.core.config.Property[],org.apache.logging.log4j.core.config.Configuration,org.apache.logging.log4j.core.Filter).
2024-10-21 19:59:10,939 DEBUG Calling createLogger on class org.apache.logging.log4j.core.config.LoggerConfig for element Logger with params(name="false", name="DEBUG", name="com.mkyong", name="null", ={LogToFile, LogToConsole}, ={}, Configuration(/Users/manidiptaroy/Downloads/SCEAutomation/QAPractice/target/classes/log4j2.xml), null)
2024-10-21 19:59:10,941 DEBUG Built Plugin[name=logger] OK from factory method.
2024-10-21 19:59:10,941 DEBUG Building Plugin[name=AppenderRef, class=org.apache.logging.log4j.core.config.AppenderRef]. Searching for builder factory method...
2024-10-21 19:59:10,941 DEBUG No builder factory method found in class org.apache.logging.log4j.core.config.AppenderRef. Going to try finding a factory method instead.
2024-10-21 19:59:10,941 DEBUG Still building Plugin[name=AppenderRef, class=org.apache.logging.log4j.core.config.AppenderRef]. Searching for factory method...
2024-10-21 19:59:10,942 DEBUG Found factory method [createAppenderRef]: public static org.apache.logging.log4j.core.config.AppenderRef org.apache.logging.log4j.core.config.AppenderRef.createAppenderRef(java.lang.String,org.apache.logging.log4j.Level,org.apache.logging.log4j.core.Filter).
2024-10-21 19:59:10,942 DEBUG Calling createAppenderRef on class org.apache.logging.log4j.core.config.AppenderRef for element AppenderRef with params(name="LogToConsole", name="null", null)
2024-10-21 19:59:10,942 DEBUG Built Plugin[name=AppenderRef] OK from factory method.
2024-10-21 19:59:10,943 DEBUG Building Plugin[name=logger, class=org.apache.logging.log4j.core.config.LoggerConfig]. Searching for builder factory method...
2024-10-21 19:59:10,943 DEBUG No builder factory method found in class org.apache.logging.log4j.core.config.LoggerConfig. Going to try finding a factory method instead.
2024-10-21 19:59:10,943 DEBUG Still building Plugin[name=logger, class=org.apache.logging.log4j.core.config.LoggerConfig]. Searching for factory method...
2024-10-21 19:59:10,943 DEBUG Found factory method [createLogger]: public static org.apache.logging.log4j.core.config.LoggerConfig org.apache.logging.log4j.core.config.LoggerConfig.createLogger(java.lang.String,org.apache.logging.log4j.Level,java.lang.String,java.lang.String,org.apache.logging.log4j.core.config.AppenderRef[],org.apache.logging.log4j.core.config.Property[],org.apache.logging.log4j.core.config.Configuration,org.apache.logging.log4j.core.Filter).
2024-10-21 19:59:10,944 DEBUG Calling createLogger on class org.apache.logging.log4j.core.config.LoggerConfig for element Logger with params(name="false", name="ERROR", name="org.springframework.boot", name="null", ={LogToConsole}, ={}, Configuration(/Users/manidiptaroy/Downloads/SCEAutomation/QAPractice/target/classes/log4j2.xml), null)
2024-10-21 19:59:10,945 DEBUG Built Plugin[name=logger] OK from factory method.
2024-10-21 19:59:10,945 DEBUG Building Plugin[name=AppenderRef, class=org.apache.logging.log4j.core.config.AppenderRef]. Searching for builder factory method...
2024-10-21 19:59:10,945 DEBUG No builder factory method found in class org.apache.logging.log4j.core.config.AppenderRef. Going to try finding a factory method instead.
2024-10-21 19:59:10,946 DEBUG Still building Plugin[name=AppenderRef, class=org.apache.logging.log4j.core.config.AppenderRef]. Searching for factory method...
2024-10-21 19:59:10,946 DEBUG Found factory method [createAppenderRef]: public static org.apache.logging.log4j.core.config.AppenderRef org.apache.logging.log4j.core.config.AppenderRef.createAppenderRef(java.lang.String,org.apache.logging.log4j.Level,org.apache.logging.log4j.core.Filter).
2024-10-21 19:59:10,947 DEBUG Calling createAppenderRef on class org.apache.logging.log4j.core.config.AppenderRef for element AppenderRef with params(name="LogToFile", name="null", null)
2024-10-21 19:59:10,947 DEBUG Built Plugin[name=AppenderRef] OK from factory method.
2024-10-21 19:59:10,947 DEBUG Building Plugin[name=AppenderRef, class=org.apache.logging.log4j.core.config.AppenderRef]. Searching for builder factory method...
2024-10-21 19:59:10,947 DEBUG No builder factory method found in class org.apache.logging.log4j.core.config.AppenderRef. Going to try finding a factory method instead.
2024-10-21 19:59:10,947 DEBUG Still building Plugin[name=AppenderRef, class=org.apache.logging.log4j.core.config.AppenderRef]. Searching for factory method...
2024-10-21 19:59:10,947 DEBUG Found factory method [createAppenderRef]: public static org.apache.logging.log4j.core.config.AppenderRef org.apache.logging.log4j.core.config.AppenderRef.createAppenderRef(java.lang.String,org.apache.logging.log4j.Level,org.apache.logging.log4j.core.Filter).
2024-10-21 19:59:10,948 DEBUG Calling createAppenderRef on class org.apache.logging.log4j.core.config.AppenderRef for element AppenderRef with params(name="LogToConsole", name="null", null)
2024-10-21 19:59:10,948 DEBUG Built Plugin[name=AppenderRef] OK from factory method.
2024-10-21 19:59:10,948 DEBUG Building Plugin[name=root, class=org.apache.logging.log4j.core.config.LoggerConfig$RootLogger]. Searching for builder factory method...
2024-10-21 19:59:10,948 DEBUG No builder factory method found in class org.apache.logging.log4j.core.config.LoggerConfig$RootLogger. Going to try finding a factory method instead.
2024-10-21 19:59:10,948 DEBUG Still building Plugin[name=root, class=org.apache.logging.log4j.core.config.LoggerConfig$RootLogger]. Searching for factory method...
2024-10-21 19:59:10,949 DEBUG Found factory method [createLogger]: public static org.apache.logging.log4j.core.config.LoggerConfig org.apache.logging.log4j.core.config.LoggerConfig$RootLogger.createLogger(java.lang.String,org.apache.logging.log4j.Level,java.lang.String,org.apache.logging.log4j.core.config.AppenderRef[],org.apache.logging.log4j.core.config.Property[],org.apache.logging.log4j.core.config.Configuration,org.apache.logging.log4j.core.Filter).
2024-10-21 19:59:10,949 DEBUG Calling createLogger on class org.apache.logging.log4j.core.config.LoggerConfig$RootLogger for element Root with params(name="null", name="ERROR", name="null", ={LogToFile, LogToConsole}, ={}, Configuration(/Users/manidiptaroy/Downloads/SCEAutomation/QAPractice/target/classes/log4j2.xml), null)
2024-10-21 19:59:10,949 DEBUG Built Plugin[name=root] OK from factory method.
2024-10-21 19:59:10,949 DEBUG Building Plugin[name=loggers, class=org.apache.logging.log4j.core.config.LoggersPlugin]. Searching for builder factory method...
2024-10-21 19:59:10,950 DEBUG No builder factory method found in class org.apache.logging.log4j.core.config.LoggersPlugin. Going to try finding a factory method instead.
2024-10-21 19:59:10,950 DEBUG Still building Plugin[name=loggers, class=org.apache.logging.log4j.core.config.LoggersPlugin]. Searching for factory method...
2024-10-21 19:59:10,950 DEBUG Found factory method [createLoggers]: public static org.apache.logging.log4j.core.config.Loggers org.apache.logging.log4j.core.config.LoggersPlugin.createLoggers(org.apache.logging.log4j.core.config.LoggerConfig[]).
2024-10-21 19:59:10,951 DEBUG Calling createLoggers on class org.apache.logging.log4j.core.config.LoggersPlugin for element Loggers with params(={com.mkyong, org.springframework.boot, root})
2024-10-21 19:59:10,951 DEBUG Built Plugin[name=loggers] OK from factory method.
2024-10-21 19:59:10,952 DEBUG Started configuration XmlConfiguration[location=/Users/manidiptaroy/Downloads/SCEAutomation/QAPractice/target/classes/log4j2.xml] OK.
2024-10-21 19:59:10,952 TRACE Stopping org.apache.logging.log4j.core.config.DefaultConfiguration@58294867...
2024-10-21 19:59:10,952 TRACE AbstractConfiguration stopped 0 AsyncLoggerConfigs.
2024-10-21 19:59:10,953 TRACE AbstractConfiguration stopped 0 AsyncAppenders.
2024-10-21 19:59:10,953 TRACE AbstractConfiguration stopped 1 Appenders.
2024-10-21 19:59:10,953 TRACE AbstractConfiguration stopped 0 Loggers.
2024-10-21 19:59:10,953 DEBUG Stopped org.apache.logging.log4j.core.config.DefaultConfiguration@58294867 OK
2024-10-21 19:59:11,010 DEBUG Registering MBean org.apache.logging.log4j2:type=1108411398
2024-10-21 19:59:11,013 DEBUG Registering MBean org.apache.logging.log4j2:type=1108411398,component=StatusLogger
2024-10-21 19:59:11,014 DEBUG Registering MBean org.apache.logging.log4j2:type=1108411398,component=ContextSelector
2024-10-21 19:59:11,015 DEBUG Registering MBean org.apache.logging.log4j2:type=1108411398,component=Loggers,name=org.springframework.boot
2024-10-21 19:59:11,016 DEBUG Registering MBean org.apache.logging.log4j2:type=1108411398,component=Loggers,name=
2024-10-21 19:59:11,016 DEBUG Registering MBean org.apache.logging.log4j2:type=1108411398,component=Loggers,name=com.mkyong
2024-10-21 19:59:11,017 DEBUG Registering MBean org.apache.logging.log4j2:type=1108411398,component=Appenders,name=LogToConsole
2024-10-21 19:59:11,018 DEBUG Registering MBean org.apache.logging.log4j2:type=1108411398,component=Appenders,name=LogToFile
2024-10-21 19:59:11,018 DEBUG Reconfiguration complete for context[name=1108411398] at null (org.apache.logging.log4j.core.LoggerContext@5edf2821) with optional ClassLoader: null
2024-10-21 19:59:11,019 DEBUG Shutdown hook enabled. Registering a new one.
2024-10-21 19:59:11,019 DEBUG LoggerContext[name=1108411398, org.apache.logging.log4j.core.LoggerContext@5edf2821] started OK.
iVBORw0KGgoAAAANSUhEUgAABAAAAAJzCAIAAAAeGfaBAAAAAXNSR0IArs4c6QAAIABJREFUeJzs3Xd8XNWZN/Dn3DJVGvUu2Wq2XGTJvWNjm85ieggtG5JsEkLKbtjdlxCSTUiyabCb7BKyCUkgWbKk0CEUg42xwQbbuBtbVrF6723avee8f1xblqWRNDOSfCXN7/sHn9GdOzOPRuac85zKhBAEAAAAM97h5+m5r5PgZscBAJPL/WDF6DdIFysSAAAAMNXim+jqb5kdBACYDwkAAABAxFj7WdrwJbODAACTIQEAAACIJFc8QKv/3uwgAMBMitkBAASG1SkAMH6MMbNDmJKu/S511dPJt8yOAwDMgREAMJMYmdmhAcBMgEImMCbRbY9T7jqz4wCAi6GkombIFSQAcFGhAgaAKSLSiyPFSnc+QSkFZscBAJPLaP0PyQGQAMCki+gqFgCmiUgsqaxR9PdPU/xss+MAgMkyuN0/+DGLoJIOLiL8uwKAmWHmryJor6Lf3ELdTWbHAQATBucAwMUWWf1nADDTzfwyLX42/f3TZI0yOw4AuHiwCxBMjMmrIGd41QsAk2DCu+0HCqKZOSCQUkB3PkF/+DRpXrNDAYCLAVOAYLwm5J8Q/h0CwMUxIS34mZkGnHyLnvkCcc3sOABgvIwpQMM3/yGigtwsTAGCcQl7ZBz78QGAWSak/JmZBdf8y+mmR8wOAgAuBiQAEI4wKj809wFgagq7dJqBBdrim+iKB8wOAgAmHdYAQMhCqvAmtnacaXUtAEycCZmWE8ZcfyHEjJoRtOFL1FlL+542Ow4AmERIACAEk930R/seAMI2ZgESUjPdeLcgXxLSzdPAtQ9TexWV7TY7DgCYLEgAIFhBts6H3zZQKc6c2hEAZqKB4mv4g2CKr5kzFCArdPuv6PFrqe2M2aEAwKTAGgAISjCt/+HTYRljkiSxcyYzQACA8RoorIyCa/BTQU73nznDmNYo+tRT5Ig3Ow4AmBRIAGBsY1ZpozT9Jzk0AIBJEXYaMHNygIQcuuu3JGOmAMAMhAQAxhBGbYf+fgCYGQKWZhGUA8xaRtf/yOwgAGDiIQGAEY3Z1xXwBnT8A8BMYgwFDLkYXvE4LS39BG34ktlBAMAEQwIAYQpYtw2vJgEAZoCAhdsMaeKP6fJ/pYXXmB0EAEwkNNcgsDE7t4ZfRMc/AMxgAYu4MIrK6YdJdMvPKHW+2XEAwIRBAgABjFJpjTKujQQAAGawkYq40Wf7zJAcQLXR3U9RTJrZcQDAxEACAEOFUZMJITD5BwBmPEmSRikGR3rVDMkBYtLo7qdItZkdBwBMADTa4AKh1mFG1xda/wAQIYwcYKTycKRXzZAcIHU+3fIzYijwAaY9/G8MQRm9tsPkHwCIEAPFXag5wAyx8Bq6/F/NDgIAxgsJAJwXUtWF1j8ARKbRc4CRzJzcYMOXaOknzA4CAMYFCQCcFdLg9eArSAAAIKIMLvRGLx6Df2qauf5HNGuZ2UEAQPiQAMAYQqreAAAiTSQWkrJCdz5BsRlmxwEAYUICADT69j6jXxFCYAQAACIKY2x4STjknjA2C5pmnIl0xxMkK2bHAQDhQAIAIRizzgMAiBAoDym9kK592OwgACAcSAAgzJ6qSKztAAAGCa+QnFGF58q7aOVdZgcBACFDAgCBReKsVgCAcYjQYvPahym90OwgACA0SAAiXZD1Ewa7AQCGC69snFFFqKzQHU+QM9HsOAAgBEgAIIDgx7VnVDUGABCc4IvBiCgkYzPo9l9iQTDANIIEAMY2UlUXERUbAEAgKBgvkL2Krvym2UEAQLCQAES0YI6yj4h1bAAAoQuyeAympJ0J1n6Wim8wOwgACAoSAAjBDKyxAAAmAopHIqIbfkxJeWYHAQBjQwIQuYKprsYc40adBwARKGAZGOpEoBlYfqp2uuM3ZIs2Ow4AGAOW7MAFIrTSmnyCBBdc43qvr7emu66ur76pv6Wpv7nd0+HRPJyEKqkO1Z5kS7wu96q8uBxGOF8ZYHoI5kD0CDo0PSmPbv0vevqzJLjZoQDAiJAAwIjG7M1CJhCkbl9PRVdlSXvpyfZTld3VXd4eTpwEMUbEGJ3rSSTG5sbm2xUbWv8AU1/ANv3gixHU6B+iYAtt+hrt+E+z4wCAESEBgPNC6v5H6z8YuuAn20rert55rPVEu7dDCC4xiTEmkyxIMEYOxenVvbrQGJOsknVd2qoUZ7LZUQNAUAaa+BgEGGrT16juKJVsNzsOAAgMawAiFJrvF4Egsa3qnZ8devzd2vfavR2MSGYyIyZIaEJLcST/Xc7V2a5ZEmNExIWY5cq6JHOtIiEtB4gUM7YoZhLd+l9YEAwwZSEBgMBGX/KLcYBglLSXvVD+crunQ5IYI0bEBJHGdYfiuGf+XV9f+uX63sZjbSf83M+I+XTf1txr4m1xZkcNAGMLslSM6BLSFk03/QfJqtlxAEAA6GsEmBRuzf129TvNfS0yk4QgQYIRi7ZEFSUU3pB/bWNf038cfKyhv0FhiiDShL4wYcGKlCVmRw0AMHGyltCW+2nbj8yOAwCGQgIAZ415og26/4MnhKjtqT/Sevzs/GDiMZaYxUlFmzIvyYhKfa3yrberd/b4emSmEJEQPNYac1/x51R0lQFMH8MXAIy5JCCylgEYLvkilb9H5e+ZHQcAXAAJQCQas+GOlv04CRIVnZWt7jZGpAktLyZ3a+7VS5OLO7xdvz7++yMtx/y6nzHJuJMYu2LWplmuTLOjBoCJN2ajf4ZnBUyiW39OP99M7i6zQwGA85AAQJiQJIxC53pJR6kudIlJN+T+3XW5V8XZ4o62fvzE8aca+xqJiBgjIkakC7EyZdkVs7dg60+AaWeGt90nSlQS3fBjeuaLZscBAOdhETBQSGMCaPcHQxd6Q39jtBp176LP3lN4V4IjobSz4tfHnmzobTRWA5+9j1GcLe7K7C1JjkSTIwaAcQi+hIzQInThNbT2s2YHAQDnIQGA0aAyC4+f++2K/cvFX9gy61IiKu0o/82x3zf0NTLGzn1fggtula035123OGmRyeECQIhQNobsygcppcDsIADgLCQAEA7UbaNTJfX2gltXpS1TJLmlv/XJ438s7SqXmPG/m+CCcyHSnCmfnHvzldlbZEk2O14ACBMKw2DJKn3iMbI4zI4DAAhrACCAUeozVHVBssrW/LhcRuTTfY989N8n208xJmlcZ4wcqnNubP7S5KLCxAXZriyZofUPMBOMsh4ASwXOSimg675Hz91vdhwAgAQg8gTfiB9zVivygZGc2/1TvF75dkn3mayYnGzX7FzXrFlR6ZnRafG2OFVSzw0IAMC0NOZen8G3+yMoQ1hyK51+l469bHYcAJEOCQCE3I5Huz9YgjZnrL8qc73F7xPeXqF5GBF53EwnsjpJtZOE/wEBpr1Qm+8R1NwPaOsPqPYQddSYHQdAREP7AyB8wtsr3B3k9zB7DFmjmWKlQf36TOiO3iatYq+3+oBorRCebkGMWRwsOpkl5khJc5T0QikxjyxRpv4SAAAXkT2GPvEY/fpGEtzsUAAiFxIACBY6/s8TQvQ2+8ve1euOib5W0v3M6iR7rJyQI89aJiXOYaqNiIgYU+xK/GxdtYukfN5awZtL9Z5m6m2hxpOSxa7FpElpi5QFVynpRYRjgAGmuUjv2g9e1hLa9DXa8Z9mxwEQuRhadZFm+F98yJXhU/+NByP9aLPZJj/qKUT4PdqpN3wH/sQ7a4nrNPDtMUaSzFSblDzXsvJuOWs5G2jTC05cE36PcHfqzSX+Yy9rVfuJc8YkkiRmjVYWXGld/0WmYn8MgOnB4/EYD4wW/0C7P+CPgx8E/DHglRlOcHrqLip/z+w4AGYm94MVRFRSEWCuXUFuFhKASDR6AjD88ej5gBDCbrdflMCnBt3n/eB33r1PEQnGpHMdfoIEETFiREKQ4ERMmX+Zdf29UkwGDa/XNZ9We9C7+3HedFoYp4LpmpQ6x37dD6W42QHuB4Apxu12D27rj9TiH9ysH+nxSFdmvt4W+vlmcneZHQfADDRmAiB/5zvfMSMwMMf4873h76CqkTJ3Rbg7vNsf8X30F8YYY5IQXLK55LQFyuyVSt56OW2B5Eph1igmycLbw5vL9IYTcmK25Eod+kaSLMVmqvMuY3YX76gibx9JEu9r16r3ywlZzJXOsEEQwNSmaVowff/BJwCRmANYnBSdRCe3mR0HwAykXfI1Imrr6B7+VGJcDNYAwIgwNDSU3+394Cnfsb8xSSbGBNeluEzL8tuV3PWSM5FklQQXmle4u3h7pVa2S68+wOuPeXf8zHbd96TYrOHvx6zRlmV3SNHJ3j2/4+1VTJJ5e7V3z++slyfLiXlm/IYAMMGwKmAMS26l469RyXaz4wCIOOhoBAiC0H0fv+4/9vL51n9inv3q76hFN0qutLPrd5nEVLvkSlWyV9su/Yrtmu8oi67Tm0vcr31X+N2B31aSlbmbLZd8UXKlGmsJ9PrjvkPPku6/yL8fAIA5rv8h2WPNDgIg4iABABgb72r0f/wG+TzEGAkh2ZzWNZ+R0xexkTbyV+xyynzblvvVVXfrFXu1yg9HfGtJVfI2WNZ8hjQvY0wIoR17WW8tDTYwPto+ekIIXdfHOZjDOdc0LZwXCqHr+ugRjkLXdV3Xw3vthBMkPJpH4yF8DxrXPJrXWB0CACNypdI13zI7CICIgylAEJSRdgqKCFzXz7zP648RCSLGJElZcK2Su2aM1bqMMUuUbe0XGJP8x19V8y4hSQ58oyQrC66RT72lVX7AJEVoXt/7T9hu+OlAdqFp+ocffiiE8Pq8q1audDqdnV1dH3647+VXXmluab7zjju2XnedLJ1N5r1eb2NT0/Hjxz/8cF95eXlvX5/T4Vi0aNH69esWFRbGxMQEnJDQ0Nh4/Nhxh9Nhs9nmz5tnt9tb29qOHT22+/33T5486XZ7UpKTli5dunbNmoKCuVarNeAvIoTo6+urqq4+fPjIh/v2tba1cV23qBbGWGJSYowrJiY2xuVy9ff1dXZ1bbr00tWrVknSBcG0t3eUlpZ+dOjQ/gMH+np6mcRiXK6FCxcuX768YO7cuLhYWb7gO9xZ816Pr5cR+YV22axLo0c4UcHt97xZtd0uW3v8fcn2pA1Za2t76g40Herx99plm122eTRvr9bfr7tVSYmxxGRFpefG5iTa4wdOa+5wd35/3yNZUemfLbzbZXWN9ncnIqJ+v/vhD34cbY362uIvRuGchxltyCQfzPkJByYCAVx0SAAiXWQ15cOjeX2n3xFcZ0YL3pmgzN3EgmzVSbJ17T9o1Qdo1J5gJivWDffpNQeICyYp/vL3rR3VLCHXeNbr9Tzy6KOnSkocTsf2bW81NTX/4pe/fOWVV9xut81mc7vd0rnWf01t7d9ee+3NN7epqpqWlpqekc45r6yseur3v3/2uecuvfTSL937xbzc3OEBVFZW3nvffRaLZePGjd/65oNHjh578qmnjh07FhUVbVHVjs72Uyc/fnfXrj/+8f9uvvnGf/jc55xO5/A3qa2t/d2TT769fXtiYuLaNWuvv+46h8PR1Ny0d+8H2956y+/3r1ixIjt7ts/r82sa13UjoTr7HWva/gMHnnnmT3v37s3IyFixYsXChQsVRamqqjpy5Mjvnnxy5cqVd3zyk+vXrxu86PxA46Gd9e9JjGVGpW/IWDvy90vPlb7U5esmEtdkX3lJ1prqnro/n37Bq3t1oa9NXbkkpdgpnE39LaWd5ac7Sv1cy3Vlb827Zm36SlVSiahP62/sa6zrrb8kY+3y1CWj/8254G9V7TjednJe/Jxefx8SABgOecJQ1/+QfraJfH1mxwEQKZAAQPgiJHngPQ288eOzO/NwLsXNllPmhfB6JiuzV415l5yUL8XN1lvPMEkiXdfO7LGcSwAkSYqKitJ1PT4uzuFwPPWHP7z66quJiYmyonS0tyuybLQj+t3up//4x/379l937bXr1q9LTkqWJEmQaGhoeP755//67LOvvvpqe3v7L3/x2PCjG1zRLokxIXhUVFTJ6dJHHn105YoV1193XWpqqizLzS3N7+zc+eab29raWv/nV7+OjnZ9+u8/NaQzvru7+9+++/DevXsXLJj/jQceWLJ48cANW7ZsycrKevL3T/X09Hzq7rtTkpM1XVcVZSBv4Zy/vX37f/znz2pqqtesWfule79YtGiRxWIxJgI1t7T84Q9/+N3vnqyurv6u499Wrzr/ZdpUm8JkRuSQHTILPMBCRKqkOC3OXn8fF9wu2xkxu2KzKzaP5pEleUly8RWzNxORLvTG3qbny1/ZXbe3vKviTyXPpjtT5sTlE1G3t9vLfRrXtlXtWJpSLI26TVN9b+P22l2qrHh0T5+/f8w/PUxTaMRPJFcqXfVNevlBs+MAiBRIAOC8CGnQh0qvOyJ8/caEHME1OWMRswTo/x4vSZFi0vTWM0REkqxXH6AlnyDZYkwmMnrcY1wxu3a9+8ILLzz4jW+sWbNaUZTq6pq42LPr5/w+n67rX/vaV9etXaso5//Xjo2Juffee7t7el9++eXdu3e/9PIrt33i1iEf7nA4iDFJko8cOXLo0KF/vv/+jRsusVqtRhtdCLFyxQpJkl988UWZ6IUXX9x06aW5uTkDLxdCPPnkU7vfe88VHX3zzTcPbv0TUXRU1K233Hz69Ok3t7354DcfevoPv3dcmDwcO3b8sV/8ora2dvbs7H/55/sL5s4dyA1kWU5LTf3sZz5TVl7x7rs7H/zmQ3975eWBoyfSHSm60GQmR6mOgUlQwzFiDsUuiDNGdtVqfKWMMcZIZtK5QQiSmZwenXb17MtLO8pre+pa3K0Hmo/kxubITG73dOhcl0na33zwZGvJwqT5I32WzvW3q3c29DYwIq/mQwIAA5AwjGHlXVSyHROBAC4OLAIGGANvrRg8f0dKyJ6sT7K5jJlCjEm8p4X7zu8d5PF6VFWpqa35+j//83f+7du33nJzZkZGakrKyhXL58zJN+6x2+133nHH+nXrBrf+DfFxcZesXx8dHa0oynPPv+DzDd1lSOO6MbWmurpq/bp1mzdvstvtA61wxlhsbOzdd96ZmJhIRE1NjYcOHxqcLrZ3dLz48suqouTm5ixbunTI4AARJSQkLC4utlis+/Z9+OG+/YOf8ng8f3322fLyCk3zX7ZlS0FBgTSsKR8XF3fVlVdaLNaqqqr/e+ZPAx/tF5rMFEaSn/RRkleJSTbJQoIkkjzcb4wJKEwWgjTBY9Xzc/oZsSR7QrQlmog4iW5vl6ZrRNTh6TJab4L4H079yaf5Rvqsmp66Q81HjOXCXt3bpyEBAAja9T+kyeheAYBhkAAAjIF3NwxMVWeCkz1+kj6IyYqxGSgxJvwe6m8feEpRLUJQZ2fXFVdcuXHDhoAvt1gsOdnZwxvfhszMjLi4WImxjva2fvfQVmmUw2n0UMbHxW/etMkS6HC33Lzc/Pw8znWPx1tXVz94i56KijO9vb2MsYSERCNJGEKW5cSkRJvNJsvyG2++Ofip0tLSAx99RESyrNxww/VSoC5SWZbz8nJTU1NVVf3rs8/29Z2dKKxKFiIiElbJymjEvlXGGGckSZJOPMEaS0QWyWJMGVKYNGQxty64IEGMJGJRapQiKUTU5mk39gKSSCrrqtjfdDDgB/l1/56GD2v76o2OXi/3dXm7uAhzHySAiGNMBAKAyYcEAEaDSUFExHX/wBJewZhwt4/1ijAJT/f5xqjuF+fWwzHGFFkhIRhjd915x/AO8mA4HU6r1UqMCSLNP3Q7S7vdZvy5M7Oy0tLSAr6DRVWLCot0nQvO+/r7BicAra2txj8VRZEDhscYs6gWRVEYk5qaGgdeK4Q4XVpaX19PRHl5eVlZAU5MM8TGxCYlJkmS1NjYWFdfb1yMUuyChCCyymrAzGGAwlRBQgjhVBzGdH/j2FWZyT5xwbdR39vQ6e0iIofqXBg/X5ZkQaKut16WJKtsk5jEBX+zartxzxCN/c276vZYJNWu2AWRzrUeX6+OBCAiofAM08q7qGCL2UEAzHxIACAEkVmlMdUx6CdJtJTSZHwPQoi+9gsvnG9hy7LEhXC5XNmzw5yA1O/u93q9RIIxJitDRwk8Ho/xIDU11RUz4jaXKWkpxr8BXeeDN/iPj49jjBn/QAIukBVCuD0eze9njGw228BMaE3TyssrfD4f57yoaFHAkQeDw2GPio4ylgV3tHcYFy2SKoQQJGSm0MgjAESkSrJxp0VSB3XzMyKSBq0e7vR0ba95t7m/xcf912ZfsTBpHhH5NX91b22UGrUhY220JZoJKu+qPNh8ZPjeuK+Wv17f27AuffXChPlCcJ3zPn9/SKcHwPQVmcXjpMBEIIDJh0XAAGOQopPPNy0lWW8qEbqXKUM30hkn4e/nHTUDIwBMVpntfENckmQSIioq2mYP+XO7u3tOnjr56yd+U1dXT8RkSVKHLRLo7+83thsiIsFHbMf0dndbLRZBJMsyG9TQz8zItNls/f19PT09PT09McNSCE3TW1tbPR6Ppmnz580fvP9PbW0tI5Jl+cMPPvz61//Zp/mdTqfdZrPabFzX3R5Pf39/f38fI/bxxyeIhKZpXt/ZKfiMMUFCJvnjjpInjj7pVJ0a9/dqbllSHZLVS5pP96pMcVmiKrurGUlEfGCmkNFcEyQ0rulC9+q+M11Vz5T89VjLCYti/XzhPVdnX2bsAerWPB3eTpclenHSIi70N6t3uHX3hw37lyYVx9piBn7H6u6aN2t2pDiTNmas+7DxgCBBJDyah4upcpwZwPSAHYEAJh8SAIAxSIm54lyzkUkSb6/hzSVyetHoXc6h0huO874OJitERIKTapNssQPPMkaCaMixWQG53e729o7qmpqqqqqGxoaamtqyslLGWFx8vMvl6urqEkS6PmxSirEnDgmu6zofscHKhTBmzlgtFlk+nwCkp6dddtllTz/9v2fOnDnx8Yn09LQhE4FaW1sOHT7s17S42Lirrrzy/Bty3tLayiRJEEmyXF1bbbfZ+939VlXVuZAliRhxnXPO/ZqWl5dPQjBJSog/vwyDERmBt3jau/w9EpMtkoV0f5vm5kIXxN2C9fl7dcEZC3AYg6ZrT5743xdKX+7wdrZ723OiZ98577aVqctnuzIHhik6vV1+3W+VrVGWqK2517xT+57O9cMtx0+2l6xJX2nc49W8vzvxtBCiKGHR3Lj80s4K44yDPn+fT/c7RxzYAIBAVt5FR16gqv1B3AoA4UACADAGOa2QqQ7SvEb3vOht0UrflRLzJ3AzUME13+HnBv0sWFQSs0UNuiDOzrAZeZqBrutHjhzd9ta2vR980Nvbt7i4KC8vb+t11+Xm5rhcrvr6+v/3wDe6ujolWeIjN/GJxChJhiRJxmY4uq4NngLEGLvvS/eePl3y0UcfPf/CCwUFBdmzZw886/P5XnrllT179kRFRd1///2zZ88aeIpz7vN5icjn837lvvuuuOJyxiRZlhiTBh0TJoQQXAiu60IIVVWHZBdc8IXx879Q/Bmn4hiSlA3Myvju3h8daT02/DdiTJrtyqrsrurydjGiBQnztuZdbbtweKfN064L3S7bnKojIzr92uwrXqh41at7/3Zm29LkYqtiFST2Nx081vZxjDXm8lmXWhVrsj3BSE7aPR1e3TvyNwoAI7jpUfrF1TgaDGCSIAGAADCZdTDJlSYn5Wn1J4wuYcE1f8kOOXuVMmslTdCu3rztjFb+3tmThokE50p6IUnn+425MS1n1L/LkSNHvvPw90pLS5csWfJP//iPxUVFMTExA23lM2cqNU0TQqiKqlosQ18c3F88NjbO5/ParDZVtQxphScmJDz0zW/+z69+vX/fvu9//we33nprfl4eY6y9o+Oll156c9ubKcnJd9199403XD94K3RJkpxOp5FUeH2+4SeUXWCEFQLGV8OIDd9kfeCKxKQLR2yE8TpZkjdmbijorX+x4lVjD585cXkbMtYam/8YKrtriMiqWG2yTWLS1dmXf9B4oKm/+UT7yffrPtg8e2OXp2tHzbs+7luftjo/Lo+IYm1xxud3+rrdmieY7xZmKmz/H6aEbEwEApg8SAAAxsBUuzLnUq3hxMAF0dXge//XUuoCyRo9/vcXfrf3gydJ1+hcAkCM5Jy1F9wj+NnxhxEa6v397n954IHamtrcnNyHHnxw/vx5Q9ocksSEEJwLRZHVYS1pp9MpOCfGuCA+cjIgy7IxfchqGZoAENG8goIv33ffD3t6Dh85UlNTwyRJCCFJUlZm1v1fv3/1qpXp6elDPlpRlNmzZu3bt58xqbq6OpivazD93NfCBQ8wv2eQgb04NTJGP85lC4JUSdqad82ZrqoPGvf3+HqePf1imiNlfkKBcb8QoqqnWmKSU3E4FDsRJTmTrpl9+e9OPs0Ee+LEH5alLD7Ucuzj9pJYa+ytc65XJJmInIpDIkaM+rQ+DxIAgPAsv50++hPVHTU7DoAZCAkAhCzixgeYJGcull0pvLv57Fx5xrTao96/fct27cPMOuKeOUER3H/ydV61b1D3vy4l5EhJ+YPvMkYAhBAjffl79n5QeabSYrGsXbc2Oyc7QF84MSN7YIGGLYyudyGEqiiKPGKx0N3ToygKkxiTpeEfUVdf/+1/+3ZMTOyLLzyfkpysaZrf77darVardaQ3lGU5f84cSWKMSe/v2fPVr3xFVUMolLy6jxFjxDQx2kFgROQTOmPEBPNqHmP7IElIRMLYu8ipOr665Aul75R3eDvr+xqePvWXB1Z8PdriJCKNa819zRKTbIrNIluISGZScfKijJr0hr7GPq3vTyXPtXjaevx9Xy76hzi70fFPTotTlhQuuNvv6dPco4YG0x76+CeLJNPWf6dfXU+jzVoEgHBgG1CAsUmJeXLOOhq07w2TFa3sfc8b3+OtZRT2Po+633/qTf8HfxCe3rNXhGCC3TFIAAAgAElEQVSMWdd8hsnnZ+kIIiH4uSWsgRu6H398QpZlxpjdbpcD7cTv9Xo1XZdlWdd1n2/oQbb9bjcxJjhXVVW1jLhkta+v12is+32+wecAGBt6/uDff1hWVn791usy0tNVVbXb7S6Xa5TWvzEFqGhRUUZ6BmPSiRPHjx4bu6tvcArUo/VLxBhjHt03Sl4qSHChkSCJsU5frzEgoBMXgvxcs8s2IoqyRH1/7UNJ9kRG7FjbiT98/IzRc+/RPB3eTsaYXbENzAtKi0pZlbJMlmSVKW9Wbz/QdGh2VObqtBUDn2iVrTLJROTn/n4/JjEDhCujiFZ/2uwgAGYgJAAAY2MWhzL/SskZf8EUHFnRyvd4djyqle+i0Kd5CE+X7/Bfvbt/xbsbBjrlheByeqGSs+bCW4WmacQYjTgAQMaSUyFEX1+fpg1NSIQQre1tHrdbCMEkiQ3LEIyzdZnE3B631zviolUhiJ9r9w/p8mxra9+9e7eqqpzzkJZG5OflrVu3TpZlSZKeeeZPPT09o9zc0dFRVlY28KPKJF1wcc4oL2SCOAki5uM+44xeXehGmP3n/nYZ0em3zb3JoTpkJm2r3r6taofGtQ5vl5t7GDGH6pDPjdJYZevK1KUJ1jhjJYEsyVtmXeoaNB/MIisO1U4kdME7PJ3BfxsAMNSW+ykm3ewgAGYaJAAAwWByWqG66lNCu7DvnOt6zSHP2z/1vP0Tvbkk2KEAzeMv3+V55SHfe7/i3Y3nBxaEkOwuZeltg08AOPvxRhqg64P33hlsyZIluuCMsf379jc3twx5tqq6+plnnuns6iIize8fPn1fGDkGMZ/Xx/URR9u7urokWRFCKMrQrXhkWSainu7uZ5997q233j55qqSuvr62tq6mtq69vaO9vb2vvz9gGz06Ouruu+8qXLiQc7Fz584nn/p9V1eAQ3aFEFVVVQ8+9FBZecXAxQ5PlzEny8d9go28PxLnvf5+iSQuuCSM75Lzc+cdePTzydua9JXr09fITJZIeq7s5T31H7Z7OvyanxFzKo7Bhw3nxeYWJi7QhU6C0p1pS5KL5EEHiqmSJfbs3DDR0Nc0UmAAMDZrFF2FpcAAEwxrAACCwmRFLb6Rt5b5Dj7PlHOTZBgjIXhfh//4a/7Sd5XslWrxjXLKAmaNCvgmwt2lNxz1HfyLVnOYuJ+JIf3oQsnfoOZeMNfIYJwE7PP5hvfuG1auWF68qOj4iRMVFeWPPPro9773cHxcHBH5/drHJz9+6Fvf3rx5c1dXV1lZeXtHe31dXV5e3uCX97vdxuCG2+PxDpsgdDY4Ifx+P+ecSBAbOhUpPj5u3dq177zzzv4DBz46eNBiURljjDFJko25STExMQsXLLjh+uuXLV9mvXAbotycnB/++79/5nOfq6mpeeI3T5SWlf3TP35tVlaWcu7Asq6url27dz/2i8e7u7se/u53z4et9xt/Bo/uGSk1Mpr7Pu4lErIkdfi7iMjPNZ3rTBBn3M/9A3c6VccN+ddWdFeWdVR0+3perng9PyZXF7rEmFW2skH7CFlky9bsq9+s2iFL8oL4goyotMGfqEhyvC2hsruaEbV62gkAxmPRVtr/f1Sxx+w4AGYOJAAAwWKSatt0P+9t08/sFZyfbbsPNOG9fdqp7dqp7RSdpGQUSbFZLCqRMUkQYyR4T5PeUsYbT/C+DkaMMYnYoPakECS4krfOuv6Lw48X4EL09PQ57Paz2wEFYrVav/e9h7/9b98pLy/fvmP7wUOH1q1b53A4SktLm1ua/+X++6+4/HK71fpk4+97e/u+9k9fv/zyy2/7xK2pKSnGyz1ut2qxWK1Wr8c70hQgznl3T4/D4VBk2efzc10fvNhAkqTvfe/hn/zkp+/s3Ol2u40dfiRJ4lwzDgBua2srKyt78cUXly1b9o0HHigsXDgwhsAYy86e/dILz//3Y7/Ytm3buzt37tixfeGCwrz8PKvV2tnZeWD/fmJs48YNX/j8F5ISEwc+VHBKsMfLTLZKVj7CN0NEPu5XmJrkSNKF5pSNr1E4VadVthA7PwXIkOZMvW3OTb889luZSd2+niOtx+JtcUTM2AJosFkxWVfN2lLSWbo+fbVVHrrUIdmRmGBLkCTm131YJAowXlt/QI9dSVrg7gkACBWLuB1dItvwP/fgKwOPR3ow+L8DD+z2oQ2jmY13N3jefUwv3y00X8BWnRCCCX52uS6TGA06vYtJAVqCQgjBlZzVtsv+RYrNGv6GPp/v9dff8Pq8Ho/32muuSUiIH36P8TY1NTVvb99+4sSJxqYmq8WamJg4f/78a665OiU5mYi8Pt+uXbvLy8utVsv8efOLi4sG/nZnKivfeWenyxUtSfK6tWtTUpKHv7+u62+9vb27p1twnp2dvWzp0oEeekNlVdWzzz67/8CBrKxZs7Ky4hPinU4n1/Xent7GpsbSsvIjR4709/dzzhcvLv7B97+fm5Mz5CP8fn9JyekP9+0rLy9va2vr6emxO+wJ8QkFBXNXr1qdn59vtV4wdFDZVc2IceIyk9OiUlUpcI+Gn/uru+tUSdGF7lQcSc7EXl9fh6dTE5rMJJcaPbB7j4ELXtZZoUqqzGSLrOqCa1yLt8VFW4YO7PT6+to87enOVFUeunK6ua+lX3Nz4gpTsqIzkADMMEaWO/BnNR4M/u/oD4avogl4BS6w4z9px3+aHQTA9OB+sIKISipqhj9VkJuFBCDiIAGYCIK3V/kO/dV/+AXiOgXacieE9xKcJEWdt8W2/l7mShvhHmE0DrgQ0lhNBE3Tunt62lpbrTZbXGyc0+kYem4u50aHfcCPGHgQ8M0558ZhwMPvOXrs+E9/+lMhxD33fHrZ0mVRUc6B9IBz7vf7m1taXnvt9cd/+Utd0xRV/cYDD9x6y83DVyMQkabpHo+np7ent7fXbrPHxLgcDoexxgBgikACYALNR49dSa3lZscBMA2MmQBgChBAqJgUN9t6yX1yRrH3nZ/xnhYmyeEdCSwEl2wuy+pPqwuvZfbYET/v/HG2Y3+KoijxcXHGAoCAAra5AzZQRnrt8Htq6+oe+MY3mpub/+d/frl08eIhHyFJktVqzcrMvOfTf19XW/vMn/+sc37mTIVvhKN/FUWOinJGRQ2dCgUAEU2x0NYf0O8+aXYcADMBdgECCB1jzOJQ513huPO3auE1pFrJmOcjRMCjegdfOrdhpSAiJTnPfuNPLcvvGKX1P/VpmvbEE7+pqKgoLi5eUlwcMMEwWCyWW265hQQxRn6/huFHAAhN7lpatNXsIABmAowAAIRPcqXZrviGvug6/4nXRdNJ3t0svL10djXquW5yRuzsCV7GogCFRSfJiblKwRXqnA2kOsz8BSZCZ1dXxZkKTdMWzp8/5kSd5OQkq83KOU9MTByyhGAA51wIIUnnDxvmQhiPBq4MSR4YY8b0pIF3GD7HiXPOGBt8fcgHGbnZkDcZ/kEDj42j0AZ+Zc7F4KGRwaEOvO3A48Hz6AJOxxp4ByPs81/FsB8H3nlIeMMnjBlfwkDARiYacMRn4KONAZwLJgoSsXOzxUb6cwT8vQAmxlUP0ukd5O0N4lYAGBESAIBxYYpNyVqupC3SW8t5U4nedIp31YueZtHfIfxuEpwYY7LKbC6KSpSikqX4WXJGsZwyn+wxw7f7nI48brfH7SFjU9Sx9LvdnOuuaFdeXu7wbEEI0dLSUllV5fF4Y1yu3Nzc6Oiojo6OktJSwQVjLCkxIScnx+3xnD592uPxGi3U1NSUrMzM4ydOpKSkZKSnu93u0tKyvLxcp/PsJCKfz3fy1Kmurm673TavoCA6Oppz3tbWVl5xxufzuVzRebm50dHRnZ1dtXW1+Xl5dru9o6OjprZ2/rx59Q0NjU1NXOdMYrExMTk5OVaLRdO06uqa+oYGQSJndnZ6elpPT0/J6VL93EENyclJc/LzjU+vqalpa29fXFzMGKutq+vp6Zk7Z05NTW1Tc5PRfE9KTMzKyrJYLMY3UFdXX9/QMCsrMzU1taur60xlpaqqCxcsICKPx3OqpMTlchnrpz0ez+EjR/PzchMTE31e37ETxxcuWGC324UQZ86cae/oKFq0yHJux9Xm5uYzlVVen9cVHZ2XmxcdHVXf0FBXX+/3+YmIGM0rKJBlufR0aXJyUmZmJmPsyNGjqqrm5uY2NTa2tLT6dY0ECRLLly7t6+urb2gwvqv29va29vb4+PiS06cZMUWRNU2XJGnVyhUEMOFi0mnL/fTad4O4FQBGhAQAYCIoVjl1gZwyT9Wu5J4e4e0ld5fw9QomM91Hqp3ZYiS7iyxOZnHSsB1jpjWn02l3OGRZLi8vH971PsRHBw/6fP6CefOKFhUNv7O1tXX7jnecTmdyYuKp0yUNTY3r165ta2vbv//Agnnz/Jp27PjxS7mIdkV/dPBQZka6K9pl9Kl7vd6PDh5y2O033XhDb1/fwcOHkxITBxKA3e+9397RPnvWrDNnKktOn779ttta29re2bnTbnckJyWWlZc3NTVv3HBJe0f7ocNH0lJT7XZ7W2vb4cNH8nJzT5eW1tfXz5o1y+fznT5d6nF7iouLysrLP/roYGZmhtvj2fb225s3XUpC7Plg76IFC212O7uwW73iTOWpkpLioiIiqqysqq2tzc3JKSsv6+zsSktN6evtO1VyesXyZfPnzZMkiXNeWVV14ODBzs6ClJSUyqqq9/fsjY2NNRKA2tq6PXv32h2OzIwMi8Xicbv37N1bV193zVVX+bzeD/bty8nOttvtHo9n9/t7Ojs7EuLjc3JyiKizs/P1N95MTEyMiYk5eOjwmTOVV191ZWVl5clTp+YXFDAmCUEkRHtb+/t79+bl5iQlJfl8/t3vvZ+QEJ+aknLq9Onamtp58wokSSYhBBctLS3v7totSdLCBQva2ttPnjy5YvlyEqKrq6uqujo7e3ZMzDSe1QZT3epP05EXqO6o2XEATGNIAAAmDpNIdUiqg6JTjMUAgogZc94DT7WYCVwuV35+/kcffXTk6NHa2tpZs2aNdGdff/9vf/Nbm8120403BtxptLSsLCoq6tKNGxwOR/7cOW+88WZtXZ2qKIqsrFm9ymK1vvTyK6dKSpYvX6aqanFxcXJSkjFHpbe3l3Pe3NJy9Nix/Lx8Xddp0CSZ8oqK3JzsokWLCubMaWhs8vv9lWcqo5xRmzdtslotbW1tb23f3tzcrKqqzs+9kJGu64xI07RZmZkb1q/Xdf3dXbvq6uoXLFhw+MjRuXPnLllczBg7fuJjq8Xq8XgEF2vWrLZarcNWWovB66fPbaVFebm5xcVFfr9/9+732traB82iEa6oqDOVVT6fr6e7Z+AlmqZVVldnZmZV19TU19dnZ2cLIs55TW1deXlFZmaGrnPjaIn6hgbO+aysWSWnS2fPns0Y2/nurpjYmMu2bFZVdcH8eXV19cakqbjYuNWrVxufKklSW1u7JEldXd19fX0tLa3GFyGIdJ07o6PWrlkzcKfOudfn3fPBB/PnzSNBmqZFRUWtXrWqpaWlubV1yeLFiYOOawCYYJJMW/+dfnU98RGPLQeA0SEBAJgcxoaARDO46W+QZfnzn/vciePHjx479tgvHv/qV7+Slpo6ZHqPX9Ma6hv++7HHmpqb7777rr+79pqA2w11dHTExsY6nU5Jkhx2hzPK2d3dnRAfr+laaWmZpuvtHe0rly9njPl8vh073pFkWZKkRYULZ2VlCSGKFhVWVdckJCQMPi5NkqRrrrry9Te3VVXVZGSkFy0q1HW9pbUlPj7earXIshwTExMd7ers6kpMTCRBNLDXLSNiTFGUypoa6f33+93u9rb2lSuW+/2+zo6OxIR4Yw1DcdEiIjpz5owQ4sWXXpZkiYhWr16dfS4Rkpjk8Xj++uxzjLH2jo6YGBcREYnTZaVt7e1+zd/Z0blq1cqBnEEIkZKSXFNb29jY6PZ40tJS+/r6iKi9vb2trXXjJZc47fYTJ09mZWUZs/AXLVhwurQ0JsZlfKGappWcPr1g/rw5+fmvvvZ6e3t7TExMZVXVmlWrLBZLS0tLX39/fHycpmmyojQ1Nz/73PNc8Ojo6E0bNzJGNpvNYrG0d3SUlZXNmj3b5/WSELIktbe1//W554Qgq0W9futWRpSRlu7z+fbs2ZuYlEhknPosCc6NFQJYAACTK6OIlt9O+542Ow6A6QoJAACMV2pqyiM//cnPfv5fH+7b982HvnX5ZZcVFi6MioqSmKTpWltb28GDhw58dMDj8X7rWw9de/XVI60VlmWZc92YR8S5bkwlH+j8ttlsy5cuXbhwYUtrqyRJBXPnxsbGEGPx8fFGuzk/L19RKg8eOuQZdJixruuqqt6w9bqWltaa2prnX3r5tptvtlqtfk0buEHT/IqiyJJEJCRZPrs++OwRbdxmsVosloozlbNnZc3Ozva43bIsGyuAjXa51WojxoQQRUWLbFYrESUM2oaVk1AUZeGCBYzRqZLTHo+HiEiQzWpTLerpsrIlRUWzZ80atK5XREVF5+bk7jtwwGG3x8fF9/T2CSEaGhu7u3vKKip8Pl9TU3NLa6tVVTnnixYVHj5y9MDBg0bS0tnZ2drSKstyaWlZX19fbW1dTEyMzWr1+nxCiPrGxqrKqobGxk0bN5CgqKioZcuWCi4sFtVisQghVIuanJJ8+vTp5taWlcuXnzxVQsQ45w6HY9mSpcRIliTGmBDkckUvXLjw5Vdezcw8f8yZYAxbO8FFsuXrdORFrAYGCA8SAACYAFlZWd966KEP9+07cuTIrl2739m5k/OzzXdFURPi4zddeumqVavm5OeP0jeckpxy8tSp+vr65OTk6uqa/v7+hPh4XdetNuu6tWtcLpeqqkZbU5akxKTEtNRUIYQsy55zpzIVzJ1bWVXl8/oGZtRwzre/886cvPxFhYVOh+PYiRNc8OSk5GMnjjc1NcXFxVVWVvX09MbHxdntdq/P197WZrfZ6hubZEkyGvqJiQmrVq6022zHTpxobmpKSUlJS02trqlJSUnxer073323sLDQarESo7TU1CinU1w4BUhwIUnSvHkFjLGW1raamhojtqyszOKiIqvFWlZenpOTk5qaws7NPpIlOTcn56VXXy0qXGizWjnXfT5fXV19XFwcI+aKiWnr6KiprsnPzyMii6rOnTPn7R3bdc4ZYw2NjbIsOewOXdfTUlPr6urm5OcvWrSo4syZgoK5uTk5qqLUNzRwITjnNps1Mz2DMRLGzj+MKbKSkpx8+nSpqiixsXGapgsSXHBVUTIy0s/vZURC13liQsLKFct3v78nNyf77DZERIwC7oULMNGcibTxy7TtR2bHATAtIQEAgIkRGxtz+WVbLt24we129/X1eb0+YqTIss1mczqdNpttzE1CCwrmtra1vrV9h81m7e93Ly4qzsjIqK2ttVmsNqttYEMbWZKIsZ3vvsskiQnKysoqLlpks1oZY0lJSfPnzTt0+LAkne2TVhRlyeLFu997r6S01OPxLJw/PyEhwel0NjU1vfbGGw6Hw+12Ly4uTkxMlGV5Tn7+zl27rVZrT0/PZZs3KYqiKKqqKpIkFRQUNLW0HPjo4Na/u3bFiuXv7Nr14ksve3zepMSkrMzM1rY2q8X66t9eYxLTdZ6Tk33phg1GAKqqDJx3Jiuy1WJhjCmqIkmSJEnFRUVtba0lp0sSExNUVSUiVVGFEKmpKdHRUakpKZrOHXZ7b29vb1/vmlWr0tPThRA2q7W5pXn27FlWm5UYy8rKnDNnzrFjxwXnTU3NBQUFxUVFkiQ1NTXt2v1ee0f7qpUrurq6/vba6xaLpae3N3v27MyMjJ6eno7Ozr889xyR4ILWr1ljs9lUVY2Pi3NGOTPTM+x2m6IqsiRZrbb+/v5nX3hBCMG5uHzzJlVVVVVhjC1burS2tk6WZSM3kBhTLSoOtIWLZO1naf/T1FFrdhwA0w/DWTwRJeB23cMfj/Qg4I92u/2ixA4AMFW4zw06DT9Ie/i52gFP2h6+DGb0c7ghsGMv05+/bHYQAFOO+8EKIiqpqBn+VEFuFk4CBgAAgGlr0VZKKTA7CIDpBwkABICOKACACYHidNJd9ZDZEQBMP0gAAAAAYNqas5HmbDQ7CIBpBgkAAAAATGdXPUTSGHsMAMBgSAAAAABgOkspoOW3mx0EwHSCBABCgMmsAAABoXg02ZavkzXK7CAApg0kADAaVGkAAGFA4XmxGeeCAUBwkAAAAADA9Lf2sxSXaXYQANMDEgAAAACY/hQrXfGA2UEATA9IAOA8jFkDAEwSFLAXw6KtNGuZ2UEATANIACB8qM8AIGKhAJyicC4YQBCQAEQ61GEAABcZCt5JNGsZzb/C7CAApjokABCOwbWXEMLUWAAALqrBhd6Qpjxa9lPC5n8iSTE7CIApDQkABGWUWg0JAABEFBR6U13aQiq+0ewgAKY0JAAwXpxzs0MAALh4UOhNA5d+BYMAAKNAAgCBBT+QjboQACKKrutB3okZQaZJyMYgAMAokABElvHXRsPfAQkAAESU4YXeZBStMF4YBAAYGRIAGMPo1RJjTAihadpFjAgAwDRGcTdmwXgRI4IRYBAAYGRIAOACwddbg+9EAgAAEWJwcRdegQkXDwYBAEaABACCNfpGQMgBAGDG0zRtlC2A0MqfchKyafknzQ4CYCpCAgDjZdR5mqZhMQAAzGCc82Dm/8DUsukfSbWZHQTAlIMEAEKuzALeL4Twer3YHhsAZiTO+UhF3IQUoTBZopNpxZ1mBwEw5SABiDhhTFod6SVDriMHAIAZSQjh8/mGXByzYMQKganiknsxCAAwBBIAGGqUqmj0Co8xxjn3eDyYCwQAM4au64OLtSA7RIJ8Ci4GDAIADIMEAMIx+oJgj8fj8/kwFAAA05rR8T/6wCYa99MDBgEALoQEAEYzZt025IaBHzVNc7vdSAMAYDoymv5ut3tgf7ORyrqRIDGYWqKTac1nzA4CYApBAgAUUmUW/PC3EMLv9/f393s8Hr/fr+s65xz5AABMTUIIzrnf7/d4PP39/X6/f3h5Nf55/0gMTLPhSxgEABiAAzIgTMYZwIMfjHRd1/WBXrQhFergH0fPDZA5AEAwgj+jd6RO/VEejH4dpjSbi1bcSXt+a3YcAFMCRgAi0ST1UQVTfY4yjM7OGenNAwojTgCYAUIqE4Y/G0brf5wFY9g3wIRZ/0UcDAxgwP8JMIbhPfrBPBj9fQb36A/5MeCV0cOboF8UAGag4UXE6N0QY77PeFIFlFcmc6VQ8Y106K9mxwFgPowAwFkTWzMFrAhH734LeAU9/QAQklGKjoBXRn+Mwmem2Xgf4W8KgAQARjJ6XRh2Z9jwOT9DPnSk5v5Iw/2YGgQws43///1gkoGLUOLBlJCYS/MuNzsIAPNhClCEGmWuTthvFeTUoDGnAA2uNcMOEvUuQIQLch7ORVsMEFKQMIk23Ecnt5kdBIDJMAIA5wVTFQVZBQasMkOaAjT4Ojr4AWAkoQ4FDLkS8NmwC7pgbgaTZS2hnNVmBwFgMowAwIiGdNsH3BJ79J7+US6OsvzXMHrfP6pSAAhGGOMAo0/mGb3Rj/k/08Pmr9NvP2F2EABmwggAXCDsfqwgq8yAQwEBu+vQ5Q8AYRi96Bh+faTByeDXBKP7f/rJWU1ZS8wOAsBMGAGIXMEsAxil8z7ULv8gd/8cqe8f1ScAhC2YhntIOwKFutFZ8FHBRbLhPvrj58wOAsA0GAGAEAQ/5B327p9DOvAmLnYAiCxjjgMMuTL64zEb9yivppl5l1NirtlBAJgGCUBEC7VXbKTrIU37CVj1hroIGBkCQIQLo3AI+NQopVPY3fzBlKIovkzGGG28z+wgAEyDKUAwtjEnAgU/7WfIFKCwFwEHfAkAwBBBttGDbOWH+himtOIb6a2fUHeT2XEAmAAjABBAkDvfhfc4yO5/dPkDQPCCLDHGHASY8BY/Sq2pS1Jo/b1mBwFgDowARLogTwQb5bYgxwSGrwAOr/sftSkAhCS8QYDwWv9BFlAox6aKFbfTWz8mv9vsOAAuNowAQGDBj4+PfttEdf+P41cBgAgyUYMAYczqGTOjgClHtdOSm80OAsAEGAGAEXv3Rx8cGL2Df0jX/vCe/iHvPPoeoKhHAWA8guyzCHgl7P7+4EcewEyr76H9f6TgVp0BzBgYAYAQjF75TVLfPypLAAhJMGXI+McBwpv8A1NO8hzK32B2EAAXG0YAgEIaBBizdz/svn90/wPApJqocYBgWv/o/p9OVt5Npe+aHQTARYURABjD+OvFsHf9n4jwASByTcg4wAS2/mGKKthMMelmBwFwUSEBgLPG2TcWzISf4W8yekM/4HSgMQX9GwPAtDGBpcEoN4xZdgW8YfibjPJbhPJLw8UiKbTqU2YHAXBRYQoQnBfklqAj3TzmhJ+RVvoOqRSDj2GkwMbzcgCYecJYrRtMyz6k0gZF05S24g565+fYDxQiB0YAICjBV5Dj7/tHBz8AhGo8QwEBr49+JfhSEaYHeyz2A4WIghEAuECQB34NvhiwRz9gH/9ILzcE2fGP+hUAwjZJQwFjvjkKrmlg5V2072mzgwC4SDACAEOFUYcF04UWXsd/6OEDAFBIRUrwQwFo/c9kqQsoa4nZQQBcJBgBgABGHwcYpS8/yOO9gu/4R8UJAJNhQno6xnwrFGLTzNrP0p+/bHYQABcDRgAgsIk94TL4jv+wggUAGEPwQwEjPRXS9WCehSln4TXYDxQiBBIACNN42vqjv+1IJihwAJixwitAJjwrgOlKUmjZbWYHAXAxYAoQjGik2T7B3DDS5J8hz45yz5ivAgAITzCFyTi79lFeTVfLbqOd/01cMzsOgMmFEQAYwzjruWA679HZDwCTJ9QSJpgRgzHfIaxIYQqISaeF15gdBMCkQwIAY5uQ+uTI9cUAACAASURBVDKklv0o4/jhDfEDwAwwqSVDMPcHmT+E8jvB1LPyLrMjAJh0mAIEQQnmkOAxpwyFt/F/8FDvAkBIQkoPJvYNYerKXkVxWdRRY3YcAJMIIwAQrODrvyB73dCFDwAXUxhlTkilEwqxGYIxWnKL2UEATC4kABCCMMbTw3j/8Q/lA0AEmtgCZLKLO5jSltxC+IPCjIYpQBCyYKYDDb7ZeDAhE35QxQLApAqjkEG5NAPFZVH2KjrzgdlxAEwWjABAOMbZuz9pcQEAhOzijBLANLP0VrMjAJhESAAgfGFXfpjbAwBmmZDyBwXXzLfwWrI4zA4CYLIgAYDxmpCKEPP+AWACTV6RgnIpUlgctPBas4MAmCxYAwATY2Ln+gd8Z4BwNL/97Z8cbTQeJxV99/9dlmZ2RDAdoSCKREtvpUN/NTsIgEmBBAAmWDCnAUDEaH79x0+/0GI8dt34r5+7OtnsiABChKZ/5MpeRakLqPFjs+MAmHiYAgSTAnN4AGD6QgkGZBwIgKXAMEMhAYBJh6oUAKY+lFQQQPENJGOuBMxA+GcNF9WQmhUzhWDSJV/28COXmR0ETEVo6MPYnAk0dzOd3GZ2HAATDCMAYCZs/gMAkwqFDIzX0k+YHQHAxMMIAExRqJ5nhAv+jGzsv6rWVbbnz387cby+360REdmTkwqXL71pQ2GiOvRWf/uRP/3vnj3V/RqRYnNkLVn7+VvS9v/4f59vNp7P/NKjty0hIjr+i/vfPGxcK7zyiXsKiahh+xPffq2biIhcN/3rP6zt2fX0SweP1+sakWKLK7z28s+vzRr2gQAQkeZuJmcC9bWZHQfAREICAABTRP27jz//dLl38CV3c8v+197cv+PgXV/91MaU89f7jz33racqu8/9qHn6z+x9+xtVmYv9oX6oVvHaE88f7z7/s6fj8HN/+aH79m9vSR/H7wIAM4WsUPENtOe3ZscBMJEwBQgApoK+Q08Obf2f52l5+r/+fMh97sfuXT8b1Po/r772cEeon9t/+HiAd6p5bee+kHMJAJihFt9sdgQAEwwjAAAwBdTt/vPxc63/uLwvffXvlrgU8ncdevb/Hj/QT0TkqX3yxbIlt+cT0fG/HTxz7nX2gku+cc/KNJWou+xPT7y0vT6Mz3ZtufcTn8yPIX/Nc//1lzfOvkPD/lO0ctHE/HIAML2lF1JiHrWWmx0HwITBCAAAmK9k16lzE2ytG+6+YYlLISJSY5bcftWG6LNPuI8fLyEiKtt/XD97yZb3+c+vTDNm67vyP/kPK7JC/+is62/+ZH4MEZGadfPmzIHrjc3N4/qVAGAmKdpqdgQAEwkJAACYrqux+VybnpIKZw9+Kuf8j56Winai7voGz7kr+TmFg+915S+MC/WjHQsL4s//hDFRAAgICQDMLEgAAMB03n7PiM+lznKd/8FP5Pa6z/8sX3iv4gh57x7FEeorACACJeZR6gKzgwCYMEgAAMB0VodtxOcaqwct0lWJVGVQI1+/8F6tHyt3AWCSYBAAZhAkAABgupis2dZzj1uOVw1+qqZk4EdbUm48UXxW1kC2UHbm+OB7u8tOhLwLEABAcBZcaXYEABMGCQAAmC93RX7C2YfeXf/74qFujYjI31Xy4hvbe84+YS8sLCAiyl9ReG7mj6f817/e12D0+neX/emJ/TUmxA4AkQGzgGAGwZI3ALg4up//yaPPB7ie+aVHb1uScclthWWPGzuBdpQ//t2fD73LlnnPDfnGw8LNxVkHDhptfXfJ7m8/sHuyQwcAIGMWUOPHZgcBMAEwAgAAU4FzyT13fLrQGvhJW9JdX71tif3cjymb/vnTmfbht6VnLg55FyAAgKBhFhDMFEgAAGCKiF93z5cfuXfFilkO+7mxSXty0orrr3/kO5/amHLBrY5Ftz36zcs2zHIYNyo2x8Jrrn/k/k25AwuEbVZs7wMAEwyzgGCmYEIIs2MAAJgQp5785t/2GDuKzlrxyNc2xJgdEADMNLsep20/MjsIgDG4H6wgopKKACvjCnKzMAIAANNR+9s//9m3nnxrX1Xz+X0//fXv//rtPefOE0gtnIfWPwBMvIVXE2NmBwEwXlgEDADTTd2+t6v1Njr6xPGjgW+wZd+2IfliRwUAkSAhhzIXU80hs+MAGBeMAADANNPV3Ocfpe/ClnTXV28uDPlIYACA4MzHUmCY9rAGAACmIX9XxfF9b+8qK2nu7z477Ud2JccXLF9604bCRLT+AWDytJ2hn11KaD7BFDbmGgBMAQKAaUiNyV1y+eeXXG52HAAQeTALCKY/TAECAAAACMWCq8yOAGBckAAAAAAAhGL+FWZHADAuSAAAAAAAQpGYR4l5ZgcBED4kAAAAAAAhWoC9gGAaQwIAAAAAEKI5l5odAUD4kAAAAAAAhGjWMrJFmx0EQJiQAAAAAACESFZpziazgwAIExIAAAAAgNAtwF5AMF0hAQAAAAAI3ZxNxJjZQQCEAwkAAAAAQOhs0ZS52OwgAMKBBAAAAAAgLPOxGShMS0gAAAAAAMKC0wBgekICAAAAABAWHAkM0xMSAAAAAIBwzcWJYDD9IAEAAAAACBeOBIZpCAkAAAAAQLhy1+JIYJh2kAAAAAAAhAtHAsM0hAQAAAAAYBzmbDQ7AoDQIAEAAAAAGIfcNWZHABAaxewAAKYNIYTb4/P6/FznXAjBhTA7JAATMSImMYlJksysFtVuszDGzA4KwAyxmRSbSZ21ZscBECwkAABjEEJ4vX631+fzaf+fvTuPi+o8Fwf+vOecWZlh2PdFkB1RUSGuJBpcIokm6tXGbLWp6U3TNunPtOlt0t72pr1Ne296m7bZY7ObaKqNGo0LccFdjCgoICgILiD7sM12znl/fwzLMAybMnMG5vm2HzOc9TkDA+9zzvs+r9SxIORGKAAVqQgCCGA2823tBrmcUynkCoUcEwHkcWJmQcEXUgeB0HBhFyCEBmO28E0t7fq2Tmz9IzQks5nXt3U2t7SZLfh5QR4mdqbUESA0AvgEACHHeF5oazdgOwahkbLwQnNLu1zGaTUqjmOlDgchl5gwCwgDVJQ6DoSGBZ8AIOSAhRea9e3Y+kfotpktfLO+3cILUgeCkEv4RkBwktRBIDRcmAAgZK/TYGpqbhNFHOKL0B0RRdrU3GYwmqUOBCGXwFpAaOzABAChPiwWoa3dIHUUCI0frW2dFnyYhjxBDCYAaMzABAChXqJIm/XtUkeB0HjTrO/AR2po/JuQCQSbVWhswJ9UhHrp2zooFvdHaLRRSvVtHVJHgZCTqXxwGAAaKzABQKiL2cxjrU+EnAQ/X8gj4DAANEZgAoBQl9b2TqlDQGg8a8OPGBr3cBgAGiMwAUAIAMBgMAsC1m9GyIl4QTQYsCIQGtdwGAAaI/DHFCEAAIPRJHUICI1/+EFD4xwOA0BjBCYACIEoUpyuCCEXsPAClgNC4xwOA0BjASYACIHJZJE6BIQ8hcmMHzc0ruEwADQWYAKAEPAC3v5HyEV4fNqGxjccBoDGAvwZRQhw+C9CLoMfNzTOqXwgIFbqIBAaAiYACIEgYosEIRfBjxsa/yLSpY4AoSFgAoAQCNgFCCFXEfEJABr3IjEBQO4OEwDk6SilFKuSIOQqIn7e0LgXNU3qCBAaAiYAyNMRQqQOASGE0DgSnAQypdRBIDQYTAAQQgghhEYPYSAkWeogEBoMJgAIIYQQQqMqEnsBIbeGCQBCCCGE0KjCccDIvXFSB4AQQgghdKcoBSpS0VrXgYK1vAOl0PW/voPPrYO/CCFAgAAAAWL9ihDCACF3PDosNPXO9kfIuTABQAghhNCYQkEQKaWUiiBSSsURF3Ozbt93N/tDEAIMQ3pSApax5grD4x8DXgHQ0TCysBByFUwAEEIIITQGCAIVBSoILqolSykIArVNDAgBlmUYlrDsUKkAYSAsFcoPOz1KhG4LJgAIIYQQclMubvQPjlLgeRF4GFYyEDkNEwDktjABQAghhJB7EXjK86IoukGrfwC2yQDDEI5jWK5vJoCFgJAbwwQAIYQQQm5BEKjAi4Lgvu1+h0SRms0CmIFlCcsxXc8EQlOkjguhAWEZUIRGWfHWjS9tLeu3uOzTVzZ+2n/xeHZl6/9t/N2uK0NuN8A7Npj6E5tfemVzXuMdRIcQchvWBrShkzebhDHX+rclCNRsEgydvMUsiuoA8ImQOiKEHMMnAAghp2grKCgAubLoYuHiiZNH+zdNYMYDL6SBUjPKh0UIuZK1F43Au0X//tHF8yLPA3liG1uwibu4gzRWSB0RQn3gEwCEkDPU5J3Uxy9+cFlM/b5DNaN/eE6t1ahlo39chJCL8BbRaOB5yzhs/fegXgH83J8YH/uCn/sTUGqlDgehXvgEACEJGG4c27KjvFwvALA+MfErc+bEaPouZ9mQtHlPLJmoBWv3oSOQsziyOO9ApSF+2ZOPcLte2gar1wUVbLtYrheAVcVnZz+RHgQAwLdVFhzbe6b2etfBU59YkxEIANCY986XZxPuWdBxZltRO8+q4udmrU6H/O15ByoNXV/OilBZ49OXbN16qqhO4IH1iUl9ZGVGaL9fFcVbN24qD1n7ixyHvVwtZWcLjFGrU7QJyqgd2y+UZYcm2K69lb/JJnKbCTOHHWTZrpe2gfXs9Sc2v1YU8WS2edf2iloTcApd+vKly2PVo/w9QwiNCgoWXuQtotRxuJDa15L1nCXzSe7sx7L8D3ByAOQOMAFAyOX4C1s+LofFS19MC+L4uvKjx05XdsakqaHx2MZN1yOXL30xNojrqDqxK+/tXPXz2aHWnUr25BnTZ/wgJ9RHCVABAPU7vpGvWLF6rT80FOVu3Jt3PH7VbA0A13TtpjZrxZwYfy3HXz+wae+HuRE9B2k4ebwgZ/GLOX7G4r2v7Tj42hk28t7sF1fq2styX9+RdyB2bU4wgLHs03+c4edmP5seoeHrSvbmvr1V9cKaSaq+F5Gy8snfDXiFLflHa33mrkwAgNhJ6crdBwpaEtJ9ula25298v5Cfkb3hnmgNX1e0/eCOmwBRvTsPK0g7HeVb81PXfO/REC/D9dy9G7cfS/7pwoR+WyGEJEQp8BaR5z2p6W9LqeVn/5DPfJI7/wV34k3S6oRHowgNG3YBQsjl9PpmkIdEBak4kCmDUrIfWpOmBjAV5pYa07OWJwSpOJDporMWx3JFFyq7d/JJn/9kdkKoRqvqSttVWYsXpgSrZZw6NH1KskJfWW1dHp21fE5KsFbFgUwZMS1Z01Jd1dxz6vi7nkgLkgGnTcnI0Jn52LseSQmScQrflIwMnaGyogUAao6eKQlLX5sR4cuBTBk0efmM+MrSovaRXOCtwuN1gVldLf7QRXcHXj9Z2PO37trJ0utBk5/IjrYef9qaGcl2uw8jSHumwKVrMiJ1ChnnEzM3NsJUX4njgxFyJxZrhx+Pbf334BT89EeN/37QkvUcyFTD2AEhp8AnAAi5nH/6oviKTf/YXJsem54QHR8WpOIAoOlaHbRU7n7pjO2mIYbuV6FRoX2Pognw730d6AVn9Y0A/gB8c/HxHSeravTmdhMAAPgJfPd2AWE9+7AqFjR+PrZf8iAAmGoaDVB56revnLI9V6QJYLgjbk2Fh8qNadk9A39lKanpe48cr8haGQsApvpGsyYqwqYz7MT4qEMFNvsPI8h+/HwCe4PVacHQYH0zEEJSEwRqMQvjuKP/7eDk/NyfCJNXyfb8mr18QOpokCfCBAChUcZxAHy/pe36NlDFdDVJ1SkrH/vPxqqisoqiQ7nbbskXfG9Vlj8AQMS9Dz6SLLfZjVWO8OyW4t2v7mhPy5n/gxgdB9BwcufGkRefUKbNe/Zu23yDHUG9nfbCvEowQu5LRX2XH8pfFJuBg+AQ8hyUgtkkuPNkXtKi3mHm1e8xlw/I979MmqukDgd5FkwAEBplMfGBsLeqDBJs+6AbKmuuKwIX2NyTlvlHT5sVPW0WXNvz8duHyrJWRkcGQUFdizZj4p2cvUVvAL/oBWkRvgAAUGMyj/AAilB/lbFaD5qE22usVx4urY2ZsSEnts8vF6Fi25sX825l5AQrQv1V7dXX2yC0+/hXyqv7jAFACI0DFouHjfS9XWLcAuOEudzJt2TH3wB+pL+xEbpNOAYAoVEmS5m5SFe96Z09hbfaDDxYjI3Xiva8vqs+ZOa0rpTgRt7GrfmV+k4LgEVfVXjTrPRSAygmz41XFh3feKKq2chbjG01xXv+svWCYajT2fHRqaDp+unqNgvfWVO0Y1uRow4zgwqdOzm+rvDt7SU1RpOF72yuPrbxo7xrw9yZv5BXJKRnTPHVaLW2/9dNmZVmLjhaZgEInRkfUVf4Ya71MuvObj5TMtIQEUJuTBCotb6n1IGMHZycn/sT4/q9QtwCqUNBngKfACA06oKyHn/QJzdv30dbtggAAEo/v7RlK5endPdlD07N8Mrb+k5hiwDAsiGxM57MjgAACM965rH8bXsPvnZY4AGUQSELsqNHOkZMlpL9A33up5u3nBBAEzN56UzDlpFOP6yc9MTT7PbtBW//5TgPwOn80u/OCum3lcMyoG0FpeW62GdiHRw1YUas8v3C/PaE2ZqMJ9fJt2w/+OqZrjKgy7idW0YYI0LIDVEKZrMgjuWpfCVEfaO7egTt+TVpvSl1OGicIxQH5iCPd6veUWEZhJBzBAf6DGMrNMaIIjWbcLDvKCD6G/J//Yi5eV7qQNAYZvhlBQBcqnDw/D4xNhK7ACGEEELoTvG8aDJi6390UF246bEtfOZ3gRCpY0HjFiYACCGEELp9JpNgMWOP/1HFyizZvzat3ggqfFyGnAITAIQQQgjdDlGkRgOPnf6dRJx4j/F7O8Xou6QOBI1DmAAghBBCaMR4C3b7cTqqCzc9/Ak/5xnsDoRGFyYACCGEEBoZs0mwYKFP12BYy90bzMv+AgxWbkSjBhMAhBBCCI2AySQI2O3HtYTUB0yr3gK5WupA0DiBCQBCCCGEhstkxEr/0hDjFpjWfgpKb6kDQeMBJgAIIYQQGhqlYDTwooitf8mIYVOMj35OvcOkDgSNeZgAIIQQQmgIlILJyOOQX8nRoCTT41uo3wSpA0FjGyYACCGEEBqMtdwntv7dBPUOM37/azF6ptSBoDEMR5QjNMqKt27cVN5niTIoZMHi+bPDx9rgrbJdL22Dtb/ISRnl4zbmvfPl2bQHn5vlP/x9irdu3FQeMtxg2qvyduTta4999qk5gX2W15w9evJAUVOLAMCyISl3PZKT7Nu1jm8uO7X7aHl5ncADcLrABcuys8bctwwhJxBFajIKUkeB+uIUplXvKD57lLlZKHUoaEzCBAAhJ4if97uVCdaXFmPj9YK8Tz/+snnd2pxgqQMbs+JzVr/As8qhN+y8dmLvp4ebwIsFRd81fNnmN4/UpMxY89TiEJ2cv1W+bdvx17fLX1g+UQZQf2Lr62fkGYuXbojy03LtlfkHP/14J6xfkzWCJAWhcYhSwNa/m1JoTKvfV364gjRXSR0KGnuwCxBCziVT+sfMyl4UZigpqZM6ljFMptRqNWrZ0BuqeZN89trVT85Q2a/hEpY+/fBzOVMidWoZcKrg5NVzA40l5ZUAABCYvnTDjx/KSQjSKjngfGJmzcnQtReWtTjlYhAaI6z9/qWOAg1M7Wv6zgeg9h3Gpgj1gU8AEHIBOacAnhcAAPi6wkMn84rqa00ALBuSNu/JJROtbVXDjWNbdpSX6wUA1icmfmXOnBiN9ZZ27uaj9S0CAKuKnztnxaxoruhfv8/VPPnThTFdx7+y9f8OXZvZ26nGUrTjt4d8fvDjrEjbw1o7vSxO9uUAAOpPbH6tKOLxuW379t6oVSY9+/ScQL7m+NaD+yoNPLA+MalPpDm8lrJPXzlSYvOIo4elsWRf7sWCar1RAE6hS1++dHlsVxeatoqDH26vqDVZl8/07Xs0yFkcWZx3oNLAs5r0nMXLwmt2bD5V0CQAq0nPWbwyxacn2mefmhNo7UGUkL3UmL+lSG8UQBkUu3rt/ITupwMx9+TEANTfcBC6VtOvS4+C7UoqlFptnxUCz4NW0y+LQMiT4Khf90d9o02r/6H47DEwtUsdCxpLMAFAyNn4tuLc3ZXy5FmhAADGuko+evn3skN0atCXbPnHoS1REU+kKIC/sOXjcli89MW0II6vKz967HRlZ0ya2lKc+/ZJWPb4w+nBLH+r6sA3JeXp0dOS4+N3nTlbDTFRAABQVlpgAigqrZ9l7fJuKiqu90nOiASA6v2vbqqNzFn6YnIQ11G1b2vuqx/pn/3ezK6e8U2lm46GL1v9YLxOpYSW05t27+bjn3z6rhgvoaYk99O9egC/fpeT8Mgv7Jv+VsZbtXzKzGeWB/oqobk49/UtuTHPL5vMAVTvf21LbWTOA092xXAwrwM0NjuW7Dnps+aBF9fIGw59+fqOneU6VXrOyv8MY2uP7nx7R158wrLJ/X5RtRccOzE365mfhmg6buzenLvlm6iXciaO8PvSeOJEvTIhO6b/Gr6t8lDeCT788WSFox0R8ggmo4Ct/zFBDJtiWvmW4vPvgoiPa9BwYQKAkBOUH3nplSO9X7Ka9GUPrLQ21jWTli/pXq5LTo86vqn8OqRMBL2+GeTJUUEqDoALSsl+yDratUVvAGVETLBaBiALTshZa218x6fHnNpRVAVR0QBQXFQbMCPe90zV6VtzcoIB2gtPV2oys0MBTIUnqiHtnifSggAAdNE5qydX/v1iXvXMrmAgcNnjS6ZZ753fOHPgpm7pj7JiNAAAoWnLllZ/8FHRCC5amzJ/efdr35T4mB1HSqphcqzprH0MSZV/L7T9MxUwd35OlBYAQu+ZnHzyePOMBxZHaQEg8p7JySePl1TD5Fj7cxmjZjyREWE94IIMXf7J2nqYGGi/1WDqT+Tu6whZe29034WbXzvcDgDgFbh07fwE/AWJPJXZJGC9/zFEnDDbnPNH+Vc/AypKHQsaG/DvG0JOEDPjhZyuRiun1Kr6fM7aKvOP7S2ob9Gb260j6+IFAAD/9EXxFZv+sbk2PTY9ITo+LMi6V2B6evLJI6+/05iRHp8SFR0RbO0Hr5icHrJlV1lZTnQCfyG/XJf5o7s0jeX7impygkPbyquuB8U+4g8ATdfqIDIlovfkmuh4XWH5jRaI8gEA8POP7O45Y2lqafcKirS5M58QEwgjSQCgver4N2dPV7e3dJit7ftkHgCaahzFUGKzX6B/z0hbFgB8dT62X/KObmkFhPUOztV6qUDfUg8w/ASg/sQ/Xz8Mi9bnpPQdVhyY8cALaQKAuaUyf/NHW+rXPLY8atgHRWi8sJhFAef6HWuEtIcshhZZ7stSB4LGBkwAEHICTqXVaB2uqcndubFINStn8SNhKgAo37VlW9cadcrKx/6zsaqorKLoUO62W/IF31uV5Q+gTHjkp9H11aUlxRV7Tx6v9Up9xtqBJyEpfdeRogqIMVaUB0Wv0Ci06SFbvimvyVZVFuhD0uIdn96JanZ9nFugi1+xOjvSCwAqtv39jKtDGJ7moh1vHxZmrVvpoMIPp9ZqAAC0aUuWVX/wUX7Z8ijH/Z0QGq8EnvI83kUek/jMdcytErbon1IHgsYATAAQcqlmvQGiZuQkBAEAQIuxA0DXu1bmHz1tVvS0WXBtz8dvHyrL6hpoqwiMmhIYNSVryfXtf9u7r2zmIwkAMDEt4ciWkpKY9vqI9PnarpTg+NliVWVd4Ox06010v8ggKKi+Dmnd/ePbq8r1bGi4T//AZEE+Ph1119qh5yFAWeWI7qq3tegh5t6sFGup03ZzG4DvgDGM/I0bJYayXa/vak9e/eDi4L6//XjewnG2VYaGUXEIofGGUjCbsejncPEibxbNrea2Tr6zkzd0WDp50WISzCbBxFNRpAJHWI7hZKxczshkDKfmVGrOy4tTaWRajdzLGSGZF/9Gee0UabnmjIOj8QQTAIRcylengqLSs43RaTrD9UO5++q6E4AbeRtPqhZkp0bo1KCvKrxpVoapAeBa7r/ydNOWpoX4KqG5uuJahzyy+69GwtRYbsup3abApSutt/snpiUc2bL3ojFmRlrXJ1sxeVbUjk3HP4zSru4agFtYG5S6xmG3luDJWWFbd2zJC105I8ILGkpyd5exI7kyrY8OCgrO18em+nTc2Le1sLYrAbCNwY/ruLFva2mLos8g4FHFG9oNPEB7hwCC0N7eprTphWUo2/PatqaYFStXxtqVA+LL9n62rTFi0b2Tk4P9VdBZU5a3tYhNWx09wFkQGp+w6OeQ9Gb9tbbr5a0Vla1VtzpuNZtbjYLRIvAC5QUqUEp5yguiSCmlQBkghBCGYVjCMoSwhGMJxxE2M3j6jyf/wCnxydXm5a8pPlkDgsUpx0fjBSYACLlUaPbS1aa92979ZBuwAVPnLYs/1NUFKDg1wytv6zuFXZPUxs54MjsCAEIykjTbj732jYEH4BS6+MXZS8O7jxUen6YsPxEW293ch4S0cCiqjk+L7717HbVww2PHtuzY/ftd1jKgszcsTh6gZLRP5tqlsD3vwzc/6yoDuph9bUf/zQYqAxqas3a2cfOp1/73DLCajJUzkrd0dwGKWvjs6rxPd+38/S5rGdD5Wbl7z97pGzmQim1/P9I9wKB849/LASB5xZOPJABAY/6hG+0AJds+e8lmh4C7H3xuln9CzoNr8vN2bdu5rUMAAE7nl77sgeWxWAUIeRCLWcSyP3YEUTAKpk6+s6q1urDxwpnG85UtlSbBQnq2IAD93zTbhQRA6LONjJPF6iY4L2YxfKpl/i9wMAAaHKH4cUce71Y9zveEkOsEBzrohIakJQjUbMLOP10opW2WtvLWirKm8lL9pfLmK/WGJoGKpP+mDhOAQbYhkOQT/+KMn4V5hY5+3DYUnz3GVB5z6imQOzP8sgIAGUmfCwAAIABJREFULlU46AyWGBuJTwAQQgghj0cBW/89Go2Ne68dOFl7praztsWkF2jXO0OGc79/KJRCVvicEHXwqIbsgGnZn1Xv3Q8d9c4+ERqjMAFACCGEPJoJW/8AFKjepP+ycvfmy1vNgrlPm76niU+BWjMBm926NgCw26U3L7DZx4tTL4lcyBDGqdcCAOAVaFr2Z8XnT+DMAMghTAAQQgghz2WxiDjnl0Ww5F4/tK1yR2VrFRVpnzb+MG7wU9qbAjCkq3N1/x7WDCH/b+ozOoX3aIfvmBgzh5/5FHfiLdecDo0tzs9BEUIIIeSWKAXe4ul3iDssnX+98NabF9+r0F+1b/133/W3HdML9uu7/vWSq+eE3eWv8gOwzxkoBaCQHjh1bugsZ12GI5a7N9CAicPYEHkcTAAQQgghD4Vd/zt5w5sX3vv66v52c2dXXx1q35nH/oUNCsAxrK9K99DEnBen/azB0NhoaOqzC+nqDiRjZfdFL5Qxrp1ihGHNC3/r0jOiMQK7ACGEEEKeSBCoh3f+oZR+WrZ537UDvRURqU2v/u52POle1dXbhwAQoBSUnCJGO+GukGmT/FJKW8peKfhzq7mtzyiB7mMRQqYFTpnqP8m11wcAIMbMFlIeYIt3uv7UyJ1hAoAQQgh5IovHT/r7ZeVXW6/sEETBdhxvV59/R/f7rffyrZL8Eh6csDTNP7XWULep7IvChgs85W23tH2MwDGy+6IX+iikKYBrWfACe+UgmNolOTtyT5gAIIQQQh7HYvH0ab+q2q5/Wv6FxTpjbnd7nZCur+wfBdDurQj4Kf2fTHkkO2wByzDbrn717oX3LaLNtLs2h+p5g1P9EmaH3EUcZxVOR73DLLN/KDv4J0nOjtwTJgAIIYSQZ8Gxv0be+MWVf7UYumeB7Gmq2yRFva11CgAgZ2UTvKPnhs5aHHVvgNK/qq3640ubD984Kg5QZ1Pszhl0St2G9J+whHXa1QyNz/geV7SVNFyRMAbkVjABQAghhDwLjv292lZ9vPY0dVjgs7vh31XckwABEqWNzJmwaFZwZqhXCAAcunlsS/nWspbL1NFjlN6SQQQIIQ/F3h+qDnHixQwHJzdn/0rx+XclDgO5DUwAEEIIIQ+CY38BIK/maKtJP+Bqm7eHIcy/xT24ZuIKrVzLEMYomDaVf7H1ynYTb6JAraOBe58V2MwIZu1HlOyXmB1xj1Sdf2yJsVlCwkK2bL/UgSC3gAkAQkCIgxlbEELOQKRvCHk6HPvLi/yXlV9bm+8OngF0L/GSqaYHpT8cvyrRJ95aMuhmR80/Sj/Nu3FUoAL0K/ZvXzWIgJyVL4i4O1gd7NzrGTbL/BfY8lz8g4cwAUAIAIBhGEHw6O6wCLkMy0rZExoJgsNOK57lSM0xo8VI+pf66c4HGMKk+iU9MOG+zOAZWrkGAARRyK8782HZ5+XNV+zeQWLzH0rB9qhTA9Kyw+9h3OD2vxX1jxXis/EhAMIEACHABAAhV2IYd2kMeSaLxdNv/wPAe8Ufdr3qnwsRkDHyx5IeXha9xNr0txYE+rp6/3slH7aZ2x2OGgDbbj/d/1Gwyp9OfqbnIG6Cn/MjfAiAMAFACABAxrEWCz+MDRFCd4rDJwDSEQQ6QMUaD9LJd7SaO4ht55/ujvtqTpXsl7gu8dEk3wTS3VmtxdS6s3LXJ2Vbusr8O+o11FMwlFo7uVGQc/KfTP5BkDrQZdc1TGJomhgzj6nIkzoQJDFMABAChVzWaTBJHQVCHkEhl0kdgufy8NKfVoWNxQLl+5T5pwAEgrwCVk18aGHEfG+5tmfjmo6aj8o+3199sLde0GB1g4AAUAoMIdMDp84Oucv5V3M7LLOeVmAC4PEwAUAI5HL8ICDkIvhxk4ooYvEfAIBzDUVm3mLX/39qwOSfTnkmRB3EMb0/nwbe+OfzbxQ2FNGeQj+09x5/z7TBdgiATuH9SOJq20TCrYjRd4nRdzFVp6QOBEkJfxEjBAAgk3HYCwghZ8PWv4QsZrz9DwDQZm6z7cajVWiWRi18NGGtWqa03ayus/7lM38sbr7U1czv3t6275Bd659SIARkrHxd0iNJugQXXMtts8x6WoEJgGfD38UIAQAo5JgAIOR02P9HKmP69j+ltKOjQ6VS3XkJKYEKAu0thBSpiXgi+eHZITMVrNx2syv6yr8XvVPcdMm2rn93NH0b/rRP9U+WYZbHLL0vahFx73q3Ysw8MTSNqSmSOhAkGUbqABByC15qJcvgxwEhJ2IZRq1SSB2FhxrTvf/37Nn93sa3yi+X3/mhTLzJwBsAgBKYFJDy68xf3BM2z67132xs/kvhGxeaim0Xdg0Y6J8PAFDaXf2TkDlhM9cmrGIZtx/pTgg/50dSB4GkhC0ehLpoNCqpQ0BoPMOPmIQEYaze/gcAuVxWV1d34vjROz+UReTNIs8wzF3B01+a/rNY72i7W/V6c+uvzvx3cWOpKPZJmbpa/tRmrl/adfufdI8knugT80TCozq57s7jdAFh4nzwCpA6CiQZTAAQ6qJUyDgWPxEIOYWMY5UK7P8jDZ4fw7f/AcDH1w8Aampv3vmhTIKRF8050YtenP58oMq++VtvqP+fc38paSjtXUT7Vf1xlElRgCS/xOfTfzLBO/LOg3QRluMTF0kdBJIMNncQ6qXz9nLvfpsIjUmEgLe3WuooPJfAj4Hb/7W1NQaDweEqLy8vjuM6OjqMRuMdnkWk4vIJOf+e+n2NzH5+rk7esOXyl/m1BQ7erIH+LhAAAMKQjJD0n6c/G+898Q7DczEh+QGpQ0CSwQQAoV4cx/p4u9esjQiNAz46Dc7/JRVKwf2H/+YdOfzmW38/cuSww7X+fv5+fv6U0tLSkjs8UYhXyNyw2UrOfiwKBZp7/dC/KnbyIk+sLXubob3QPwcgQAFYwnrLvZfH5PwyfUO0duzc++8mRmVSvwlSR4GkgQkAQn3I5Zy3Fm9VIjRqdFq1XIYV5yQzJvr/BPj7i6J48tTxhob6/mu9vXXe3t4AUFVd6aQATtScevPCe9bqQLR/Px9qv0TFqdL8U9bEP/S7u156ZtJ6nWJs9Pu3R4iQuETqIJA08JcyQvZUSjnHss369p5ScQih28AwxEenkXF4719KwlhIAGJiJsbExF6+XL5v/561Dz9mt1Ymk3GcDAA6Ox33EbpD1e3X3y5+38ybh9ySZdgE37gZgelT/SeHegX7K/1sJw4bi/jU+7kTb0kdBZLA2P7BRchJZDLW30/bou/geUHqWBAakziO9dVpGAZH1UiJijAm7mMolcq4uITKyorKyitXr1ZOmBBju5ZhmLDQ0NLS4tbWltZWvUajFUWR40anAWMR+S8rvrrRXtOzhBBCCBAgDMOwwLAMG6j0i/OJywiePjN4hhfnxZDx03uCBqXQoBRSVzyMbdG4ggkAQo6xDOPvqzUYzR2dRkEYA7fQEHITLMt4qZUqpXwY2yLnGhP9f6xt7qlT08+fK6i9VVNw7mxYWLhc3ufnJzk59cDBbxoaGo4eywMAQRDuufterVZ756cubb50tOaERu6l4bzUnFrFqbwVWq1M66vQhavDQrwCwzShfnI/OTtuf5751PtlmAB4HkwAEBqMSilXKeUmk8VgNJstljFxLw0hSRACcrlMpZArsNyn23C3mxeiKHZ0dDhsuGs12lmzZ2/b9s/S0pLMzLvCwyJs1/r5+QNAZ2fnsWNHKaXe3rrUlMmjkgDo5N4/mfLvXqxaLVMrWYWSVWpkXnJWIRvjfXuGT0i5X3bwT1JHgVzNU36+EboTCoXM2qaxWHizhed5URAEQRBFTAiQB2MIYVmGZRmOY+UyToYjfd1Mzwy17uNswZndu796cPnKyZOn2K0ihKRPnb5/3962ttYzZ06HL4uor68rLy+bPXuutY+QXC739tYlJCQmJCRGR01QKEZnVukobWTUQAV8qEgNjSCYgVOCwpsw3MAFQccwqougugiivy51IMil8Pc1QiMgw1YOQmiMEN1s9t+qqqsHDnxjMpm2btty5Ur5zJmzQ0PDbDdgWXbVqjUfffz+2bPfEsKcO3eWUpqePl2lUhFCXvj5iyqV8yaTpmDUU30Nbaqi9aW09hJtqBTbm8FiACoCYUGmZDQ+oA1lAqPBfyLxjyWaIPAOIUrtOMgKxKiZbNE/pY4CuRQ2ZRBCCKFxSBDdq/+PSqVWq9V6fYu3t+5swbfV16pnTM+cNm26bbM+IiIyPi6+9FLpyZPHg4NDZkzPsNndKa1/ajHSm+do1Smxppg2VFN9DTWb+zXpReAtgqEN6q8JV04ThoBcDboQNmACE54K0TOZkBQYy4MEhAmZmAB4GkwAEEIIoXHI3Z4ABAYGzp4958svt6lUqqSk5FOnTuzZu+vylfIHH1yh8+6qo69SqZJTJt24cWPO3HmZGTPlcjnDDFByh1Iq8qSzgfI8UEpkHFX6EE4FI5nOnTZfEXNfEaov0M422pMvDX4AApRSMHXArSt8XQWUHiLce0xYEjvrcSZuPjBjcgCMGJYudQjI1QhWOkcIIYTGGUrBaOCljsIez/Offf5pefmlu++eHxQY9PWe3S0tzVqNdtHiJclJqWq1GgAsFou19r+D/QUzba2hTZXi1Xy4flZsqKaGFmrNcxhCFF6sdwAEJpCQVCY0hXoHEU0wUWhg8KqdVKSGZtpUCfWlYu1l2niVtjeDQS8a9GAxAiXD6uBDAQDYkFh2xlqInc34Rg1xUndDRdVrGdDZLHUcaNQYflkBAJcqrvVflRgbiQkAQgghNA4JPDWb3XEak/b2jg8+fK+1VZ+dvfjkieP1DXWiKLIsk5CQ9MD9y3U6H8e7iTy9fkYo/Eq8fp42VlF+gNyGAhAACkSmYLT+EBDDhKUwSdkkMBnYYXV5oLwROptoax1trSGNl8UbhbTmktDaMMyrIyxHAmOY+Hls+griGzOGhgfI//kDtmy/1FGgUYMJAEIIIeRxzGZB4N3073vppZLPPvuEUkoIWbAg20fn868v/xkbG79yxb95eXk52KG9Vsz9k6XkELWYulotdKimtfXSCSEMA6yciUrlsn5IomaOLFBRoIKF8J3ijXx6fqdQflI0dQ69FwXCssQ3VL74eYhfNLIzSoc7/b4s92Wpo0CjBhMAhBBCyOMYDbzb/nk3m81f7/kqP/90YGDQunXf99Z6t7W1WSxma7F/W9TYSiuP8Yf+LtZVECC0f7t/OJlA1waEi53BznwcwqcRte/Io6a0o4FeOSQWfyPWltHWOkqHHmPNTl7CzXkK/OPI8J4/SIjUFSvfu1/qKNCoGTIBYH/zm99IERhCCCGEnIJS4C3uVQLIFsuyvj6+ly6V6vUtcrk8MjJKpVKpVGq7zWhzlXDkDf7AX2l7IwB0dcbv39wfspdN9wZi801afoQ2XiFqLfGJHGH/HELkXiQ4lSTMZ6KmMlp/6GwCg36IneoqxGvfMgoVCUpw91EBan/Z2Y/BYpQ6DjQ6+HnPAkBjc2v/VQG+OkwAEEIIofGGilRwsxJAdry8vPwDAgoKvpXLZPHxiXJ5vxqa7bX8v34uluZRUQAgYC3ucwetfyvKm6GhUiw9TIwNJDydcCOu3UlYOdGFM9EzSMJ8liP0ZgkVhYGjoLS9Saw8STrrmehMYN24RhAh7JVDRH9D6jjQ6MAEACGEEPIsgkjdrQaoHUJIQEAgy7EzMjID/AP6rBMFuFVs/vi74q0KsOlm09vIdtjth/bfrt9Je17xJnq9COpLSEgyUfvd1gWwRKkjsXOZpLlEf512NIIo2AfW86VgoTeLofU6EzkV5I4GObgH5uY5pqZI6ijQ6BgyAXD3TmkIIYQQGpFh9E53C/fcvcB+ERXFa/nC7pfF5gbHjem+TXxCGKLRgTYUVFqi8AJGSfkOYu6gna20rY4aWkEQe7a3TYkopXzpEdp6i733eSZ2zm33zyFBk9iVfyaF24UTH4jNtX3X9Z6WiqJQtJeKVLb016Dwvr1zORv1myh1CMh1MAFACCGExhXRbcf/DoU2X+V3vyzWXe1ptZO+DfdeDMNOmMFOeYCETCJKHXAykbCEsAQEECzUYqYWA+ir4Pp5sfyAUFvp4E0hRKgph90vk6W/JBPvue2YiULHTnuYmTBT2PvffEU+DPDmU4EXLuwlxiZ25V+JXHPbp3Me6hMhdQjIdbAKEEIIITSuuEkJIIPB0NTc6Ofrr1QqyTAm6KUddfwnTwq1V8A6kHmgXQjDBsdy858hcdnAsEPHQSm9VSgWfCGUHhE7W4C3QG+dUAAA1i9EtuZNCEoc2eX1P4+hWdj7e/7CfhAsg2zGZazmsn8OcvtBz5IjjVeUby+UOgo0OrAKEEIIIeRZLO5RAujq1cr3Nr7d2dERFTXBwTBfO50Nwp6XhYpve5f0TwAoEIWKm7aMu+8lEj59uP12CCGaECZuPpuykNH6E4tBbK3ruk9PAACooZ3eKGAmziLKAaYhGx4iU5Go6YxoojeLB+uG1XKNeAeSkJQ7OZdTKHWy428M9AQDjS1DjgFw76JUCCGEEBoJN2m/mc3m5pYmURTr6usEcaiERBSEM5v5ksO9Sxzd/idKtezeZ9lFLxKf6BEHRAjoIkjmOnb1a/JVf2D8w2xXCjVlwu6XqcUw4sPanUTtz9zzHLd4A+FkA3RdArGzlT/0N9pe63i1hBiW+k6QOgjkIpgAIIQQQuOHKLpFBlBTc/Pw4UMAcOPG9aNHD7e0NFssA3eMabgs5H/a1TnHDu3ursMw3MxHmBmPEE5521ERhiVegUzKA/LvbeKm3kdkvYcSq76lRdvuPH8iMhWT/h3Z3O8SzqboJ7W5EABRXy9s//md5xujTvSPlToE5CLYBQghhBAaP0SBukMO0NHZ3t7WZjKbOzo6qqurii4U6vUtlFK1WiOT9SmHT80dwq5fCTXlQPr2ze9BAAjhpj3ELniejFYpfbkXmZhFtH7QWEk7W4EA5QWwGJi4ueSOK3UShiOBcdBYLtZXdV0K6f5/N7HxJuMXzISkDjjUQQrMzXPMjXNSR4FGAc4DgBBCCHkQQXSLBMBb6z1xYnxiQmJgQJC+Vd/U1Hjjxo0rVy6r1V4REZE9m1FK4exHllNb+u5N7F5y8bPY+39PRnXgLGFlTOgkEpoIDWXQ1gAA0HqLjZ9DfCKH3nlIci8SnkbLc6mxo89JbV4Rg56JnUWUblQVlLlVwl49JnUUaBTgGACEbkPT6c/efXrDq+tf+Mt//bN0qKneEULInUjf+O+iUCiCg0Nmz57zo2eeffg7j4SGhFFK09Km9Nmo9abl9Fab7jEEKLGWzu/pNMN46di5TxOFE0pnEsJEZXIPvUL8IoEQKgr0249G7di+0bKH/mjby8jumyPeuEivHHOjbxiA285RgEYdJgAI2bv02aZPjJmvvLLh3d+tW9KW+6vPLksdEUIIDZcbVvdmWTYtbcr69f/++GPrlEpFz3Iq8uLFXaL+Zp+tu7rK9N4rZ5LuJeGTnRce8Yvj1v6NDU8FAP7SceDNo3bkkEls2mLCOG5rUZ4Xir8Gc+done7OUaVW6hCQi2ACgJCdy8cv+K15dIpOBiDTZT46K/bChUtSx4QQQsPkJs3/1rbWhoZ6k8nUs0ShUERGRrGsTeX+jkZadhh4i13/+G4EgBCZkp31PWCHqiJ6Zxi/ePa+F5ngiaKZp/qqUTuuTM1OyiFa/z4Le75DBISrZ8W60lE73R2jSp3UISAXwZmAEUIIoXFE6gzAZDJt3vxp6aVSawn+xMTkhdmLQkPDHGxaX8ZXFfTc7bcNvGcCYNmM+4lLStMwYVO4Od8Tjr1F2xuIf/yoHTd6JhOSIuq7KpwSAEq6r44C8Dw9+Q6sfMtdhgKzimFshMYDfAKAkJ242ZOaNr9/usECYKk79v6JikmTBp0f8sLrG979+pbNgqLN6/+4v8b5gSKEkLsRBGHnzu2Xyi55e+t0Oh+WZUtLi9/b+Pa3Z/PtN6WiWPivrpc9rf/uV13FgNQ6Zv4LLguemfSg7KndTPSsUTwmYTg25d6eL6nNv9bnHnzpcdrmNn8xOEwAPAU+AUDIXuLDjz31zy2/+sURHtiQWUteXhUndUQIITRc0o4B6OzsvFVXo1AoHnpolYzjWlv15eXlJaUXd+3amZSY4uXVW2GTGlv44kP2+/e9D85OWgSyOy3KOQKEAGGHsd0Ij5q4iKj+RA3tfRb2JAO8QCuPkimrR/28twHHAHgOTAAQ6k83adX6N1fd8WEMlV9/vGfHpU6eYyMzljy/KkltuZb7/ldbL3XynDp1+fLnZofBrf2/+lPT1JXC8e01sY8+Frv744pJGZb8/Itt4D0x4/kfZoUCX3186we7rl8zAnDeWevWPpbkBUWb1+/2WhF1bceZTtBOWLd+Qv67h861gffEec//MDMUQF/61f++f6mWBy4o8Zmf3D9JNSpvC0JoDJB2DDDHcQzDmEym48fyFi66b+rUaZMmTRa2CoWF5xoa6vskAFeOULPRUdf/nmPJmfgFrgnbuRTebGCsUF0INg86aM+FExAu7mXSHgJmlKY4uAMUqwB5DEwAELLF6y8f37zr4qWbna08AABwipCw0Ltzsu+O0430d3PD8dxt/PTXXs1UW/QFF+plYCz4ZOvh8JV/fSpSZrm29c+7vp64/j4AgOsX65b/x28mBKiavt4N5y4Lf3hxQwCUvvObXTtLs55K4kKT5j2bEaaTgaV064btx7OTFoYCQF1N56Pr33zYdOyNt959g//hSxuegW//8tKRPZcz12n3/+/HHQ+8uCHTG/QFm3/1+YW/rpvkjDcLIYTsqFSqObPn7dq9s/xyefnlcm9vnVqtbm5u0mi8goNDe7cTBbFo52CtfwqMXyTRhbgkaqdj4mbx1YX2S7tTNdrWDB2NoHWDi8UuQB4DEwCEejQde3/TJ3WhK1cufzQ6TG1t71s6qqu+/Wbr+78Imvcf66YHjORwAdGh3vvOv/8NZCelTkqPk0Fp/gWhFrb88EDXBlPrAIIAIPTenLiA7vRiatb8ABkA+EV6w/EbdZAUpK868cb2azVtAg8AEFELEAoAvhNmh3MAnFoFEJeargKAyMQgocIADVVXa42t7/721XetRwzyq4FJoQMEiRBCoystbYpKpS4sPFd+uby1Vd/W1hoUFJx970LbAqCiuVW8dXWwozCEBMXDqMzJ5QZIdAYh79j3zurpBmTUU/11ggkAciFMABDqUv3l5s0w75UXpvSpgibziorLWvfClNPvf/y/Xwa98qDDv0YmvbH3i5q6VlCGqgEg7v5Xf3fz0rmLh//5/l/41F9vCAWAjPUbnkqy2fUWALBq24cL9h/K0m2fXPP/zrr/yNDJLn/5kze7a+oN/jwibNofNswfUbqCEEKjghASH58QExPL87zRaBAEQaPRyuV96niS9gYQTAMfAwgA0fgT2WhO/Sslr0AgBCjtavPb9P8BAGpooc3XScR0h8VQEXIGrAKEkNW14+e81nxnygA1kHWZ38n0z//W0YQAcRmJpuN7TzdYAAAsree3HWiNyZikA7BUlV4yBCVmLHzqqczYm5VlrROmJsKFPOuWfIPjo/XHyZQAHCeDjoIj1w3D2CEgKdL/5uWvL+sBAFovHyuqG9Z5EEJo9HAcp1QqfXx8/f0DFAoF6VvmkjZdBd4EfQoA9UEJw6h9XBat08nUwLAD1GilYDbS1lsSj96wMrZKHQFyEXwCgJCVQqet/+ClVz8YZJOwaY6GRykz1602fLL/v146YuABOHXqohXPzfYDgM7Wi5vf2XXNCMCpU5feP9tbKXtsRePHe6z1hfwTU9cNWl60W9yax+L+8P5b6z9Xz140IeRCx9B7hC95/tGtb7z/3nojcErfzFX3Zw71wAAhNG4Q4uqWJM/zdfW3NBqtt3bYQ0hbrlFrAjDQLW9CiHYcJQCsfJBK/5RSatCDKAAr8W1ZYsIEwFMQN5wzHCGEEEK3x2jkqejSM+r1LW+8+ff4uIRlyx48fPigIAhLliwdZHtKqXDg//hj/4BBAuXk8hV/YJLvc0rELkc7GsyvLaSW7l5PtF/B0xmrZIt+CTKlJOH1YG6cU3y4QtoY0Kgw/LICAC5VXOu/KjE2Ep8AIIQQQuMKAUJdOxswpbSzs6Oi8nJJycXLV8oEXrh6Ndl2A47jwsLCGYbpjpAS0dj3QUXXxF89XxMAQnlXXYHziTyA2Nvw75n6mHT9SwxNVOSlHwHADzYwA40nmAAghBBC44jLW5FKpSo+Lr70UunmLZ9Zl7zz7pu2G3hrvX/6058pFL0VZqg4cIpinQlYFKmxWfoG8WixGEAQHK+yjgM2doDo2gc3Dg06MhuNJ5gAIIQQQuOH6xvNCoViyZIcrbfuypXLra16Sqla3Wf6Xi8vzVDHsI+aAKWtzaMeqmQsHSCKBEifvMfmoqkwwGho1yJGvdQhIBfBBAAhhBAaPwghLm5KEkKCgoIfenCl0Wj8cvs2nucffeTxIffpfWkXrnWNKFJjm3PilULNt9YHGwCkq89P36tmQHCHKkBkPL3naFCYACA0BBwoj9DtIQOXPUHjkkKhyFn6wDA2JMDI+rf87TaBjkZq7iTy8TAVgFhVCBQGKQQkAsO6w+cFqwB5DEwAEHLAttGPCQBCdw6TAZeR8J0mhGi12uFsx2i8eYYBQewtjd93GDAVqVh/hW29DgEJTozYNSgVbtrM+2Lt9N93E8Iy7jALGMF5ADwGJgAI9WFt7tv+a7scITQc1ua+9VNj2/THNMAFCDMW3mTvKODkIPADPgMgQJuu05YaMvYTAMobqb4WHFX/7EGUGmCkn5uVNF6ROgTkIpgAINTFruk/UCZguzFCyKp/y966hBBCKbVbi2mAUzFjIgHQhTCsXITO3oKY/UcC82Z68xzE3S1FfKPq5llq7hzi/r7KDxjpm2RMY4XUISCXeMZmAAAgAElEQVQXkf6nDSF3YNvit4XPARAakZ4Wf08rn9gYKCVAo2hMvLVEF0YZuc3XDrahVBTP72Tn/RiI9LfG74RQfmToUdkKL+mfAIgCab4qcQzIVTABQMi+0U8pra1rrK1ramjSNzW3KpTy2luNUseI0JgREuxnMlr8fL39fb1DgvyCA/1IP/gcwKkIcYeKMoNS6IhKTdvt+8TYjQsWmmvYi9uYSatcH+CoEUy0tsx+od11E0JUPkTqJwCkrQbEASYrQOMOJgDI09m2+0VRBIATZy6YTBaVSjFxQvhd01P9fXVSx4jQGNPYrK9vbKlvaC69XH31Wm3G1CSGYaxNf8bmNifmAE5CGEIFN8oARFG8efOGl5fG19fXuoRwCiZujlhX2WdO3P5VgSgV9v8fE78QFGP197B4o5A29L+t3icDIHIFo/WX/EEHwf4/nkTq500IScq2248oim3tnZ9t26/xUi+af9e8mVMT46Kx9Y/QbfD31SXFRc+bOXXx/JleatUXOw+1tXWIomj9oDnsX4dGEeNOmVVra+vBg7mbt3x27nxB71JCmJT77Lv+OPpxEFqbhW83Oz9M56CCePMC7ej3DJnYXDkFotJR30hXx9YP04AjgD0IPgFAns629X/oeMGDS+/WeQ85aSVCaLhmTE2eGBPxTV7+3bOmaLzUDMP0tP7xCYCTSH0ruVdd3a0PP/pHc3MzANy8ecP2m06CEhmFXDSbu/osgYPpsayEC18xqYuJLtr18d8h2qmnF7+ivMV2GQDpk/kQAKUPeIdLEWAfpAkTAA+CCQDyXHb9/r/adwxb/wg5g69Oe++8jJ17j6y8v6uiS08agB2BnEGqJwCU0oaG+sKi81VXr6q9vCZOnPjVVzt4nvfz858YG3f33ff0qQkr92LTl4unvrC99U/7VATqSgpoXaVY+BU77xlJLuqOXP9WqLncd1HXO9A7MTAA8fJh1H5SxNcHgzVAPQkmAMjTWVv/J7+9OCl5Irb+EXISXx9tcmJM/rnSjKlJ1kJA+ATAeaSaCqCzs/PL7VuvXr1qze6Kiy/wPJ+UlHLvvdnBQSEVlVcMRkN4WERvnImL4Mw2EIQ+jX7SpyoQBQBB4I9/QMInMbFjqSQoNbVa9r8KvGXgAqBdK5i42ZRTSv5hIC03pA4BuY7bPCZEyLVs7/3fqm8ymS3TpyRJHRRC41nG1GSTyVLX0Ny/5K7UoY03hEhTDLS5uamyspLjuAfuX77++0+HhoYCQFBgUPHFi3945eUPPth48OABi6W3PwwTGMdFTQGw7RRDbEoBkZ6hwdTQYfnsOdBfk+Cqbhc9/Dexodqusw+xed29HTBxWZInw6SumOivSxsDciVMAJBHszY+am41qpRKqWNBaPxTqZR19c2iKNoOBUbOwLBSNCgJAMCUyVNTUycBUD+/AADIO3Lo4KFvDAaDt7fO7jtOVX4kagYwrE3HfzrQfLmUN/Ff/Ya21rjiQu4YvXFOKMntP8i5T2cnAABgQycS3xgXh9cfe/WU1CEgl8IuQMjTUUobm/Wx0dIPwEJo3AsK8K24eh1v/LsAyzACuLqmu1aj9fX1u1JxpXHLZw319e0d7QCgUCiiIqPj4uLDwiKCgoJlMlnP9oSVkfgspuBLUV/Xs2yQ4wtXz8DB/2OX/pbIVM6+ljtBja3CsXdFfb3DlUBtawABe9fjwModbelSTPVJqUNALoUJAPJcPb2QG5taM6elSh0OQuNfoL9P/rnino8ejgRwHkmeAKhU6ri4+Pz8U83NTQAQEBA4bdqMyWmTNRotx3GMo5luSWgaExYnttbZ1/+h3V2BbPrNUN4iFH5NhA72ob+5UamjfujJt4RLeZSKQ27JaH2YhPkuCWpQlLLV+ATAs2ACgDyR7d1HURQVCjnW+0fIBfz9dEqF3K4MqPVLTANGl3UYgIufssjl8sSEpPr6uvDwiJTkSZGRkRznoJnR2dmpVqu74mRk7D3/T6j4lpqNAKS3+0/3v3aJARUFS9FByv6cvfdnRBM0+BMDCVgMfMFm4chHVBTBLo0B6Cpq1POaEGZSDih9pAu3O5L6EjC2Sh0FcilMAJBHs7Y8auv6zdKCEHKO2rom2xHAUocznjEsEXhXv8MJCYkxMbEqleMuOu3t7YWF52pqbs6bd3dQULB1IQlK5DLXWI5+NPyzCBdywWxgs39OfN1ocgBqMYhnPxcOv93V+u9hk6TQnv8QIBp/Nm4eMNK3xHAAgAeS/scOIYQQQqNOkmEAHMc5vOsPAGXll/bv33vrVq0oisHBIYGBQV2PfQjLzHiULc4Vmm72v6FPwf4hAABQ3syXHBJrymUPvUwi73LWxYwQPfo3/tQWajIMvEXfGcBCEiE83TWxDQ4HAHggTACQ58K7jwhJpefTh2MAnEeaQkD9WCyWhob6Y8eOnC34FgA0Gk1sbFxiYlKfScG0oezUFWLe230nze1ie9fcZikVm69bPn+OXfAMk7qMKL1dcC0OUVGAlmrhmz8JxYcdDGOwZVsElLDsXQ8ThdZ1gQ4EBwB4JEwAEHIL6ze8+u6rG6SOAiFXwNzbNQgBwsAwRqI6UW1t7blz354vPK/XtygUioSEpGnTpsfHJYiiWFV1NTp6Qtd2DEsmL2PKDgnXLth1mh+c2Kmn+/7MXjvPpK9kImdI0J2GN9ELO4X8TULNpRHsRYFLv49Ez3FiYMOGAwA8EyYAyNNhWwQhSeBHzwU4lrGI0mQAHR0dJ04eLyj4trVVLwgCAMjliowZmXFx8c3NTfv2762srPjOmkcmTOjKAYh3OLv45+L7T1BxJD8YFKjJKBTuFivzubTFZPZ6og5w1iXZn5rSWxeFA38WrhWBsRMoHeh+f/8uTGxAGJf9AnAKF4U6KO7iV1KHgCSACQDyaNgEQUhC+AF0NpZjLBYJEgBRFE+eOnHo0DcAEBgYOH1aRmHR+Rs3rpeUFl+9Wnns+BGz2SyXy8+d+7YnAQBCmIgZ8iU/M+97jfIm+yMO9EzAOlMwpVRfZz76MTm/k5v3FIm7h3iHEqc1r6nFAG21wvl/iqe/EA3tfcoWOdzeLmS5kpm9HtT+TgpvZChlS3dLHQSSACYACCGE0PhECDAMEUd0T300MAyTmJB448b18PDwyWlTAgODQkPDN/7j7ZMnj1NKWZaNiYmdOnVaasok+4Anr2RrSoXCXVQQulvOBIaYH6xnZ6DtLZY9/8MGfkHi5jIT7iKR6UTpM1qlQimlYGql1fm04rhYflhoqhluYH2xSQvY5IWjEtKdY26eJ83VUkeBJIAJAELDU/rlT97tfPSVtZkyh6svvP7HmhUvLAwd/CBNef/z19b7fnO//R89hBByDpYjolmCJy2hoWErHlrl5eUlCML58wWHDh+0tqHVavWihUuSklO0Gq2D8d8KLTv3B/RWuXCzZKAj9+9RA7YNcUqFukqov0rO7WD8Ipi4OUza/cQnBhj29i9GFMWmy7T4a/HSIbGllhpaQezX4Wd4cTI6f/aeH4PK7/aDGVVsyU6pQ0DSwAQAoeFoOry3JnGSYs+JpsysO/jF7Zf1s9+MZlgIITQ4jmUsIEEvIJZlNRpNa6v+y+3/KisrFUVRo9FMmpS2ZHGOXC4fZEfiF8M+8J/ix0/Rztbenj8UgFCgBADocG66U0o79UKnXrh+EQ69w4bEMQlzmOgZ4BMHCg2wcsJywLBA2J7EgFJKqAhUBCpS3gyCBfhO2nSVVp0SLx2kdVdFQexTxsf2AUXfc1tnNOtt/VufYRBCvHy5xz9yo7kLKOUuYgLgoTABQGgYbpz+WpX58jqvT36XdyHrwe779x0VX27+S36nTKWIXDCh68FA0eb1Z/xWGC4frjN1+k55fhVsfr+0ts2knnX/rx+Mk93a/6sP4IcvLAwt2rz+jN+jlqtf3zR1gvfKpx+X8uoQQuOYRL2ArKqqrl66VOLlpY6LS5wxPXPChAkMwwy5FxMyWf5vf+a/+i+hoat3CiFAb6u/jZVQe1mouQzkQ0atBe8QRhcKGn+i8iEKLyrzBkKAABVFRjRQYxs1tNP2OmitFVtqaKe+dzrlftMSO77Nb81VCPSZ2BiAeAewi37O+MXc5jU4AVN9GjoapI4CSQMTAISGZDy963LigiUygCWzjmzO75iU4QUAULr/L3WTXv59pg6gIe8f/wGRK6ybX27yf+npV1RQ8P6rL++657WXnlZD5ce/OXh8Qdzdtke93KR6af0rKujM37Rh9wVprgwh5AGk6gUEAMnJqffeuzAiIjIqMlqpVA5/RxI9k120ge7+b1F/q/tm+wib/3bjhgkAgNjZRjrb+NryrrUECGF7NhSBioJou33/Q9of0VHsvRt2vyScjMtaT+LvHdklOBn2//FkQyfiCHm61tN72iaviAMACM2aBnuPWG9JXSq4Gps+WQcAAAFT43rv6sQlZaoAAEKivEMmRqoBALwCVEKn3eyQ3ZupowID6mpcdzkIIQ/DsZL9rec4bsH87IT4xBG1/gEACMMkZMuWPE9kjnakDscB2B3B8WJqu5YCFQUQBSoIVBREUbRmBcPPNahtMLQn6+g+RHfrX7box0z6I46vRSoCz13aJ3UQSDL4BAChIVzYdfbaTeH5Dfm9iwrueS59kN/jwxxqdgcj0hBCaPgIMCwRhTFXdJWQpKXyh3WWPa+IdRWjcLxhzy92m/ofnADR+nNZ65npj4GbzXjNXjmI/X88GSYACA2qNW/HlaRfvbokymbJf717Wp+elZg+4fW9pxsysgIAGs5droRISQNFCKEByWSMSRCkjuI2EBIzV7bst/zu3ws3S20Wj94Z6Mhu+TvQO0y57wsA1suHXfg8SVrsbq1/AOBOvCl1CEhK2AUIocFUHLjIZ2VG2S7yzlyiLdxWCpC08LlJV//w4t83/O7dT7jIqdIFiRBCg2MYwjBu1wYdJhI+nVv7FhsycWS72TzwIN0dc/o09amDZwKDv0fd3XocPUsh9i9YjS/72DtM2nL36vkDAABM1Snmxjmpo0BSIjgRI/JAlFJKqSiKgiCIovjep1/9+Pv/Jm1I6ze8+u6rG6SNASEX+Nt7Xzz+b4tYlmVZlmEY67+EEAcl4dGoEgRqNo3FhwBdqGAWj7/Dn9lK2+rAYdNloLKcQ3E8sYDdkUdyWMLJuMR7mHt/SnwnDGNzCSg+/y5TkSd1FMiJDL+sAIBLFdf6r0qMjcQuQAghhJBHYFkiYT3QO0dYOTtrPUROp0feECq+HWwusBGiw8kchp1dMGote/e/Myk5RBN0mwE5Gam9wFQekToKJDFMABBCCCGPwMmYMf0QADgFO2EWjbqLyX+PP/SuaOzoXdX/Jn1Pk737Beneyj556L8jcbzBIM8KrKu48GTuwVcgIP42Ls5lZCffdfwIBXkSTAAQQgghj8CyhJAx3/YjDAOZ35dFZgqnP6GVp4XWBhigAk+fXv5d8wgPXT50kNv8Dva1LmIYEhDNTV7Mpj8MXoEjuRpXI02VbOnXUkeBpIcJAEJuAQcAIIRcgJMxFrM4jA3dGiEMhE1l70+C6tPkwi6+aC/wZkfbDae9P5DhdvxnvP2YKcvZ1KUkOBmIu9dW4U5vBJGXOgokPUwA/j97dx4XVb3/D/w1G6swgoKAAinYUOCCClcp11yztGsLZmpfM/2m9ksLyzSzrrbe4l7tm7Z4jXK7YmpKoonmggUGBqigoIABCgICMuzM9vtj2DdBgcMwr+fXx/3Ocuac1wwMfd7nsxwyapx3SCQgfgE7n1QqVqu0ht4JoCeSmmHAGInL36S+c1WnN2mT/9CpNS1dnxeo7v9o04W+mt9cZiIbPE08eqnIyhFiQ2hQFedILx0QOgR1CYbw+0rUkdgEIRIEv3pC6R6dADVEUlM4DJL5f6PLvKiN269Nv6hTZukqSnW1Tf3aVryuflu+iR4CXdWS/brqiqHxAUWm5mK5o+iBYdIRc9D7wS64xn9zZL99AVW50CmoS2ABQEREnYpNf2FJpWKNWme4ywE1TSQR9fWWOA0R30nT3ryoy4jVpf+pvZ2mU6laaKA3+RHUWxSo7m2xRGzbT+Q6QuIyTOQ8BHJXiA3pgu7irEvSuGChU1BXwQKAjJe+FaLT6Rz79BI6C5GxcLC31el0NTUAiwFByEzEFeWGvBxQc0RikU1/Sc8H4DFFW1EsybuuSwnXXDuty03TqdQ1CwG1uIe6W+gAiKRSkb2bpL+vaOA4Ue+BMOkhMjFr12sRdwqtRvbLWmi74w+d7gkLADJ2IpGorLwir6Cwl41c6CxE3VxefmF5RSUb/YITi0VSqVit7j4DgeoRiSA1E0vNYNkbLj6Sca+jNFebfQWZl7U513TKbJQV69QVOo0aOh10ahGgE4kBEURiSKRimSnMeojlfdDLXdxXgT6DRD3sDa/FX5/0/HZx1iWhU1AXwgKAjJr++qO9bOS5eXdYABB1tJy8Alu5lagOoRMZL5lJ9y0AGhCJYdlHPKAPBowTA9BU6CrKRJWFuooSaLTQlOu0GpHEBCIppBKY9YCJHDIzkdRU6NztpzRfdvbfQoegroUFABmjmsE/+tu9bKxzb9/xcHcVOhdRN5d7u8DWxkp/u+4oIFYCgjAxkVRWGt+YEImpyMIUFj1rfue6/S+fya+foKJY6BTUtXT1BWuJOo6+2aHT6RzsbUvLyoSOQ9T9lZSWOdjZ1nz12PQXlkQqEov5+Xdz4r8iJZf2CZ2CuhwWAGTsRCJRHztbUxPZ+bgrQmch6s6iYhLMTU169+rJ8T9dh4mpIa1jQ22mrjQ5tk7oENQVsQAgo6ZvhYjF4r8Nezgh6XpBYZHQiYi6p/wCZWJy2rDBD+q/cWKxmDVAVyASQSpjS6DbkkZ+JcpLEToFdUX82pORajANUSQSPf7YyJNnowvusAYgamf5BcqTv52fPHaEvvVf86VjV0BXIJOJORCoWxL/FSn77f+ETkFdFAsAMnY1TRCrHhZjRg75+djZaI4FImo/UbGXDx//7VFfLwtzs7rn/tnu7zpMTSXdfyassSm+bXpoOXTGsdATtZ2o6lrZREZJp9PpdDqtVqu/odFotFptdFxieUWlhbm5fW8bu149e9lyeVCitsnLL8zJK8i9faektNTczMTba6BIJJJIJGKxWCKR1Ay9YxnQdWi1uu55aTDjpNOa/nee+K9IoXOQYMrWpAJISs1o/JRigDOXASWqXYJQp9NJJBIAPkM9cm4X5Ny+k5p243zcZRMTk+zcfKFjEhkMB3vb8orKXj2tbXpaKQY42/XuWdPi13/F2APQBYnFIqlMrFbxhHF3IP3t/9j6p5axACCjVrMWIQCxWKzT6fRnJR3se9n3ttFVq9mePWZELWuwvmeDk/2N594InZdqyWRirUan1fKvnGETZ17k0H+6KxYAZOwaNEH0ZUBNO0Z/u0EZQEQtqNu4rykAGsz6ZQ9A12RiKikvUwudgu5DudLk4Ksc+k93xQKAqLaloqujphJocOKflQBRc+q26Rtc6Jfn/g2CSAQTU0llBScDGCqTw2+K7twQOgUZABYARGgwFqjBuf8mG/0sA4jqatygb9wP0OBB6pokEk4GMFTSs5skV48LnYIMAwsAoioNGiU1M4P1d9niJ2ql5voB2PQ3FDKZWKfVaTT8o2dIJJd+kp3dJHQKMhgsAIjqaVwG1EwJEC4UkUFqshIgg2BiKqko13BCsKGQXD1hErpK6BRkSFgAEDWBjRWi+8fvkUEzNWMNYBjEmRdMDv4/aDl7m9qABQDRXbARQ0TGydRMUl6m5vjHrkxUkGa69yWoK4QOQgZGLHQAIiIi6qJMzXiisAsrLTDd8z8oLRA6BxkeFgBERETUNJEIpmYSoVNQUyqKTfe+JCpIEzoHGSQWAERERNQssVjEGqDLKckz2/6MOPOC0DnIULEAICIiopaIxSIzcynnQ3URooI0s+3PiHKvCh2EDBgLACIiIroLkQisAboCUe5Vs+3PcOQP3ScWAERERNQqZuZSsZhFgGDEaX+Y7XgWJXlCByGDxwKAiIiIWsvUTCKWsAYQgDjltGnwiygvEjoIdQcsAIiIiKgNTE0lEilrgE4lubDX9MdFUFcKHYS6Ca7vS0RERG1jYiJRi7WqSq3QQYyARi07/Yn0j++EzkHdCgsAIiIiajOpVCwWiyorNLxUcMcRKTNN9r0ivhUvdBDqblgAEBER0b3QLw9aWaHRaFgEtD9JUpjJkVUoKxQ6CHVDLACIiIjo3pmYStRqDgdqVxz2Qx2MBQARACD/wo4dERHppWrA2kXhP+8JX1uhIxERGQgOB2pHooI0k5/+H4f9UIdiAUAEZJ9a/69Eh9kzA72cLFCSHv/Llk+35r2xaFofoYMRERkIDgdqF5KkMJOfA1BZInQQ6uZYABCVRx2KsX7mlcXelgAASxfvp9epdy//Z+CBRpuae03csGCIvN5j8ZsDjsXV3JNa+81+eoF3F+g+yD7+7j/zZwX6ewsdhIiMh4mpRKPRqSrZFdBmooI02fENkuSTQgcho8ACgOivuKR+fotLjgZ+fQDD1geMdwQsfOZs9Wm8ZUlsUNC7QZJPFnhZ1HvcetZbVd0Fqpu/rP/XwRNuL0207rT8RERdiEQikphLVSqtWsVZAa2jrpT+8a3s9y+5zD91GhYARM0pjArasVM1eIbsYgh8/REVrBo8Q3aX18j6DvOzT0hKw0TXxD1Bp87oJxUofFYuHuMI3I7dv2nPX7fUkNo4zl40Z2yf/Kj/7g86r1RD0ksxbPlir4TAoAifBevG2ALlUd9u3mk184vn3QGkHvxyY9nEL553Tv310OawLKUa5k6KxUuf8DJHbFDgASufB1NiwuG5fpVf3r7dmyOVaqnF0FH2qk76oIiIGpLJxFKpuLJSo+WIoBaJk0+aHN8gKkgTOggZFxYARA8MVYRGRFuuCAiYVv1QafTu5XuyzBXDpuFiiMpzGqKC4TkNF0MwekPD0//1qG7GROTYjHUFrB0nzl4wu48ZkH80MOjApTHLBiUe2Jn14GsBG1yhunkhHkDiqa1JjqsDFw1AeXpsMmA7doxj8Mk/s8ZMclQlRKSgTBofD3cvJJ+Jht9iD9Wl4I0nJXPfCfC1VqeHBm34Nvzz5WMA3Iq9MXXpotl9LRG7e12s9aL3FlVtAHZDEJFgRCKYckRQ8zjmhwTEAoDIzHfmsF/+tf1b6cwF3k4ylGfFhm7aVzLrrYBpfQCMn4YG/9uY8kD1hAGpmY3v3KcmWgNl+dGHfjmRUqpUA4BDTg5gr3BThxw87DjFc6jbEG8ZYO78YFnUnn3hM3y8FN5eMgBDFZ57YuKy0Ts9KXXo6FmZEdGJ8JLGx5q7r3RF0o4b8Jrpaw1A6jLiAYeTN+JVsACsfUY/0tcSQHx8lnm9DfI78WMkImoCRwQ1gWN+SGgsAIiAPuPXrbLdsePQazurlwFdtagty4DWzgGocTvixIGC/u9+MNVFVnhm039OAIDt2KWvDk1LjI6N3BQU6rzg5cUevm9+oEhNuRB1bP/mNNtl7z/tJRs+1ut0cGSiRVqO95Q5fq7x78Ym+uAv+ag5LkBza8JZWJne19snIupg+hFBapVWrTbuMkBdIb3wozTyK5EyS+goZNRYABABAGyHzFs+ZF777U9mLgEkMhmQHXUmHfACkJN0ST1gkNdEV68B6i83xt6ADWLRz9tjzAAPZ9X7h6LT4OUO71FuQTtO7McDyzwgVw0ZsP/Et2bWM1bZA1AM7Yc9f0Yp3X2t1enn/7rlovCSIbXOQRVejmX76mzAIUBE1GWIRJCZiGUysUptlL0B5UXSmJ2y6CCU3BY6ChELAKKOIfebOjfuwLqAi1KXYRO9EAdAVZEaeXjj96VqQGr/wOIl7qqCU2d2HN5SoAEkDiMmrnQHAHgM95OlxA0drgAg8/RTnE4oG+xjDQCyQU+syDm0+cPArWqYOymWLx1Tf0FSyLxnLk/ZvfkfgVulFp5DbXsJ8s6JiFoggkwmlsnEapVWZSRlQGmB7M/t0ujvUF4kdBSiKiIdJ+YQERGRENRqrVql7a4tEVHZHenvX0jj9qKyVOgsZFzK1qQCSErNaPyUYoAzewCIiIhIMFKpWCoVa7U6jVrXnaYHSKViiVQk/vZZ3E4ROgtRE1gAEBERkZDEYpHYRCQzEWs0Oo1aqzHYSwdIJCKJVCyRiACg5DbyrgudiKhpLACIiIioS5BIRBKJBIC+Q0CrNYxKQCwW6U/513s0MwG67tOnQd0MCwAiIiLqWiRSkUQqAaDR6LQanUbT5eYJiESQSMRiiajqfH9jWQmdnYmo1VgAEBERURclkYgkEpEMYuig0QpcDNy90V9X1uXOyER0T1gAEBERUZcnalgM6HQ6nRZa/Y2OKQnEYpFIDLFIJBKLJGIRWtHsr8UeAOrCWAAQERGRQRFBIhGhfntcp4NOq9PqiwEd9DWBToeq/2uqQhCJaneob92LxBCLRfoWv6hNzf0Gygq5/g91ZSwAiIiIyOCJRBBJROK2naXvMDfihE5A1BKx0AGIujpeLI+oTfiVIUJGjNAJiFrCHgCiJlSq1CqVWq3WqNQasUikUmuETkRkMGRSiVank0klUqlEJpWamPA/NGR8rkcKnYCoJfy7TNRQUXGZVqsVi8UmJjJLCzOpVCJ0IiIDoy+e1WpNWXlFRaXKqoe50ImIOpFOi4xYoUMQtYQFAFEtjUZbcKfY3NzEqoel0FmIDJhUKqmpnEtKy2/nK23kPSQSDjol45CdCHWF0CGIWsICgKiKRqMtLCrt2dNSKuEpf6J2Y2lhZmoiK1SWyK0tWQOQUUjl+B/q6vi3mKhKwZ1iaytztv6J2p1UKrG2sigoLBY6CFGn4Pgf6vJYABBBP+7f3NyErX+iDiKVSszNTIqKy4QOQtTxuAQQdXksAIhQWanWarWWFmZCByHqziwtzLRarVJCXIUAACAASURBVEqlFjoIUUe6cwN3bggdguguWAAQQaVWi8X8LhB1OLFYXKniorrUrfH0PxkCNnqIoFZruNYnUSeQSiVqNXsAqFvjBAAyBCwAiKBSa2QsAIg6nkwq4WX1qJvjEkBkCFgAkLHT6XRikYg9AESdQCqVSMQinU4ndBCijlGuRPYVoUMQ3R0LADJ2IpGIpySJOk2lSiMSiYROQdQxrp8D61syBCwAiIiIiNrDdY7/IcPAAoCIiIioPXACABkIFgBERERE940TAMhwsAAgIiIium+cAECGgwUAERER0X3jBAAyHCwAiIiIiO4bJwCQ4WABQERERHR/OAGADIpU6ABEXVz8D2/tTulhVv1VsfLyf2WWwlzgUEDOqc+O2r35opfQOYiICMC105wAQAaEBQDRXSmeW1fd0i6L++HjXXHvvjxUJnQoIiLqOlJ+FzoBURuwACBqC3MnF6uCggLAJu3UD3vPZpYBkClmrfD3MkdZ0oEvg+PLAJgrZr3i72WFnMj/bDueqQJkTqPnvPhowQ8bkkav91cAUMX9553jbivfHG+vP5u/S/rK66PNMs/+8MMp/fbjX3xxtJMMOac++6FgpFvK0fPmT658VZH6w5chKTA3t1U86gTYCf1pEBGRXvJZoRMQtQELAKI2UOUnJRS5TLIH4PToi2+OlwFA3A/rj6d5zZAdP5Az/s11I8yBosxMAKq4kOO2c9a97AqoMjMLZDLXkW57z8X7K7ygSjifa6MuSMgZb2+PzHPnzEe+aoWk4K+Thr657mUrIOfUv78+4LTO3w1AblLmjFc/mmWForP/Pm714rvrXWVQJQVvOIcHhf44iIgIwO0U3LkhdAiiNmABQHRXSXvXrz+gv2nlOumVOQoAKEr4effx+Hy1TFZWVOw2HFAoXHIO7D2FRxWeLk5OMgBOblYhBw7YPT7cc4Crkz0Ar5FD9p6Lh5ci4Xz5owunJW07lzl+Bs4n2D260gopcQkuQ2dZAQDsR4y0/XdCGtzMAZsh4xVWAIriLxR5PukqAwCZYoSn2W9CfiZERFTt6mmhExC1DQsAoruqMwegmur8gQNFj765bqgVEP/DW38CkCleWL0iPzM94dy2XSkuL745w9V+/OurR2amJyT9vPEH1aTXXx5qpRjhueu3+LLy80VD/O09reyOns8cgQS7EdNamFIgFX7GMRERteAaCwAyMFwGlOhemZlbASiL+zMFAFCWn1NubuuqGD3ruRHqpNQcID8nH+ZObiPGvzjJ9eqFNABwGzki8/S2c+Ujh1pBNnSkU8KBAwlOI4fKALgN9UyPu1AEAChKSshXeLrWO5yV1xCr8+eSVACgSjqfUC7AWyYiogY0KqRGCB2CqG3YA0B0L2QjZkyL27Z+vQpWQxUuKAdUBUlHdx1PKwMAcy//V+1RlHRu9zdx+SoAMqe/L9T3IbiO8Cz6LWfS/1oBgNfIAXt3YVJV74Ji1is5P3y5/oh+EvDLL7o1OKbV6BdnBW/bsK7M3NxW8ehQu9TOftNERNRIagQ0KqFDELWNSMdla8noZefe6WPXU+gUREaBXzfqbkLWIGqn0CGI6ilbkwogKTWj8VOKAc4cAkRERER0HzgDmAwQCwAiIiKie8IFQMkwsQAgIiIiuic8/U+GiQUAERER0T3hAqBkmFgAEBEREbVdRTEXACUDxQKAiIiIqO24ACgZLBYAZOx0Op1MKhE6BZGxkEklXH6augmO/yGDxQKAjJ1IJNLqdGq1RuggRN2fWq3R6nQikUjoIET3TafDlTChQxDdIxYARJBJJSoWAEQdT6XWsMONuokbcSjKEToE0T1iAUAEqVTCHgCiTqBWa6RSqdApiNrDlWNCJyC6dywAiGAik2q0WqFTEHV/Wq1WJmMPAHULl1kAkAFjAUAEmUwqEYtLSsuFDkLUnRWXlEskYhMZewDI8N25gdspQocguncsAIgAwKqHeVl5JQcCEXUQtVpTXlHZw9Jc6CBE7YEXACYDxwKAqIqNvIeyuJQ1AFG7U6s1yuIym549hA5C1E44AYAMHAsAoioSiVhuZXlHWcKxQETtqLik/I6yRG5tIRHzvzjULfACwGT4OBaTqJZEIu5ta11UXHZHWSIRi6VSiUwqkXLVQqI2Uqs1KrVGrdZotFqpRNzb1lroRETt5+ppXgCYDB0LAKKGrHqYV1aqVWpNZaWqpLRcLBLxKgFErSeTSrQ6nUwqkUqlZqYyGWf9Ujdz8aDQCYjuF/8uEzXBxERqYiIFTAHoeOFSorbgV4a6s4piXD0pdAii+8URmUR3waYMUZvwK0Pd2eWj0KiFDkF0v1gAEBEREbXOxRChExC1AxYARERERK1QfBupvwsdgqgdsAAgIiIiaoXLv3D8D3UPLACIiIiIWuESx/9QN8ECgIiIiOhuim/jrz+EDkHUPlgAEBEREd3NxUPQ6YQOQdQ+WAAQERER3Q3H/1A3wgKAiIiIqEV3biIjVugQRO2GBQARERFRi2L2Cp2AqD2xACAiIiJqEa//Rd0LCwAiIiKi5t26jNspQocgak8sAIiIiIiaF/Oj0AmI2hkLACIiIqJmaNS4cFDoEETtjAUAERERUTOunkRJntAhiNoZCwAiIiKiZnD9H+qOWAAQERERNaUkD1dPCh2CqP2xACAiIiJqyoWD0KiFDkHU/lgAEBERETWF6/9QN8UCgIiIiKiR26m4dVnoEEQdggUAERERUSOc/kvdFwsAIiIiovq0apz/r9AhiDoKCwAiIiKi+pJOorRA6BBEHYUFABEREVF9UTuETkDUgVgAEBEREdVx5yaSw4UOQdSBWAAQERER1RGzFzqd0CGIOhALACIiIqJqOh3X/6FujwUAERERUbXkcNy5KXQIoo7FAoCIiIioGqf/khFgAUBEREQEACgtQNJJoUMQdTgWAEREREQAgOhd0KqFDkHU4aRCByAyTBmxSP0NeWlQ3kJhJgqzUFkidCaijmdiCbkj5E6wdkAvV7iNRr+hQmciaidaNcf/kJFgAUDUFvGHceU4rp3mFSLJSFWWIDcZuclVd49/hh52eHA8HhwHrycEzkZ0n5JOojBL6BBEnYEFAFEr6LSID8WJz5F3XegoRF1McS5i9iJmL3p9hklvwnM6RCKhMxHdE57+J6PBAoDobq6E4fhnyEkSOgdR15Z3HXuWou9gTF4Ft9FCpyFqo9xkXv2XjAcnARM1T6tByBrsepmtf6LWunkRQS/g8LvQaoSOQtQWkd/x6r9kPFgAEDWjogg/zEPUTqFzEBmgcz9g+4soVwqdg6h1yu4gdr/QIYg6DwsAoqYUZOCrGUj5TegcRAYrORzf/B35aULnIGqF2P1QlQkdgqjzsAAgaqQgHd/Nxu0UoXMQGbjcawiag6JsoXMQtUinQ/QuoUMQdSoWAET1qcqwfQEKMoTOQdQtFGTg+7moLBU6B1HzksNrV7YlMg4sAIjqC/sUudeEDkHUjWQn4dQmoUMQNS/iP0InIOpsLACI6kiNQOR3Qocg6nZ++xopZ4UOQdSU2ylc/ZOMEAsAompaNQ6uEjoEUXek0yHkHWjVQucgauTMFq7+SUaIBQBRtbgDXLGEqKPk/YW4A0KHIKpPeQsXfhI6BJEAWAAQAfrT/6f/T+gQRN3amS/ZCUBdy7nv+TtJxokFABHA0/9EnYCdANSlqMq5+icZLRYARACAa2eETkBkBK6fEzoBUbXoXSgrFDoEkTBYABABOh2unhI6BJERSD7LCZfUJWjV+O0boUMQCYYFABFwIxYVxUKHMHqzTuKDSxh13/tZno4PTrZLImp/Rdm4ESt0CCIg4QiUt4QOQSQYqdABiLqAy8eETkDt58gymCmFDkHNu3wMzsOEDkFGL2Kb0AmIhMQCgAjIShA6AbWfaz8LnYBaxK8bCe76OWSwJ4qMGgsAIqA4V+gE1LyeT8L/PTjbA0BZBmLX4MgZAPD5EpNnwBxAIaLOwXcKYlxwAFh4CQ6X8aE/RgVj+sO4GIuHxkEGqDIQ5o/IG0K/H6NXzv4ZElr4ZqETEAmMcwCIgCIWAF1WP7wQCAcgajWCV+O2Nfy+xCig53t4fAYQg0PLcOhnPDSlmZfLMbAfTi7DoZ1QO2PMR52cnprAepuElRmP5HChQxAJjD0ARDwl2ZW9DkczXP8EIbsA4JIz3luKh1+C41jIChH2FKIB/AybhzGmmWHlV+bj7A3gZwx+Ev37dXJ6agLrbRLWqY1cioqIPQBEgNRU6ATUooLvqm/lQA308AQA5CKy+uGwlGZeWYgsjvnpYvh1IwHlXUficaFDEAmPBQARYGUndAJqkc1L1bfsIQWK9bNI7WrXDJ3sJlAyajt+3UhAp7/k6X8iDgEiAgD0sMPtVKFDEADA5kkMqr6tzsWVfyPrSfRbiNG5uGMNvxcgK8Tl73DFGYMWYsJBqLcBo+DNZSUNRw8WACSQohxc+EnoEERdAgsAIsDKXugEpCeHX53VOcoi8aE/dgXA/z1M2Qz9KkARaxAJ4B84YofJMzBzGFCIqGPwbW4eMHUx/LqRUM5+Ba1a6BBEXYJIx74wovDNCPtU6BB0HwZth/84RLjgiNBJ6K4mr8KYZUKHIONTXoRPh0NVLnQOos5QtiYVQFJqRuOnFAOcOQeACAAwcJzQCaitnkHAecx5G4OexKAlmDwSqgRECB2KWqPZNVuJOlL4Zrb+iWpwCBAR4PAwrB2gvCV0Dmq9y8jIxcCleBgAUJaMI4twR+hQdFc9+8LOXegQZHyKcxGxTegQRF0ICwAiQCSC4jFE7xI6B7XeZeydJnQGajv2tpEgwrdAXSF0CKIuhEOAiAC2S4g6B79o1PmKcxG1U+gQRF0LCwAiAIDHRPRRCB2CqFuzV8BjotAhyPjw9D9RIywAiAAAYgkeWyl0CKJubeJKiCVChyAjw9P/RE1hAUBU7eEpcPUROgRRN+UyHA9z/R/qdCf/zdP/RI2xACCqYyI7AYg6xqS3hE5Axic/Hef/K3QIoq6IBQBRHf1HYdRLQocg6nZGvYT+o4QOQcbn1CZoNUKHIOqKWAAQ1ff4OriPEToEUTfiNhqPrxM6BBmf/HRcOCB0CKIuigUAUX0iMZ7/Cr36C52DqFvo9QDmfA0R/1tDnY6n/4maxz/KRI2YWmFeECxshc5BZOAsbDD/B5haCZ2DjA9P/xO1iAUAUVN6D0DAWTw0WegcRAbrockI+I2daSSM4//k6X+iFrAAIGqGqRXmbMXoJULnIDJAo1/BnK0890/CuHUZl0KEDkHUpbEAIGqeSIQpq7FoP/oOFjoKkYFwGYFF+zFlDUQioaOQsfr1X0InIOrqpEIHIOryXH3wys9IPI5jH+F2qtBpiLqq3gMwaRU8pwmdg4xbRgyuhAkdgqirYwFA1AoiER6ajIcmI/4wrp7G1VMozhU6E1HX0MMOA8dBMR5eTwgdhQg4sl7oBEQGgAUAUVt4PVHVyrkRh5SzyEuD8hYKM1GYhcoSocMRdTwTS8gdIXeCtQN6uWLAo3D2FjoTUbVLIciIEToEkQFgAUB0T/oNRb+hQocgIqJq6koc+1joEESGgZOAiYiIyPBF/Ad3bgodgsgwsAAgIiIiA1eShzNfCh2CyGCwACAiIiID92sgKoqFDkFkMFgAEBERkSHLuYbz/xU6BJEhYQFAREREhuzoemg1QocgMiQsAIiIiMhgXTuDa2eEDkFkYFgAEBERkcE6yit/EbUZCwAiIiIyTJdCkHNN6BBEhocFABERERkgXvmL6F6xACAiIiIDxCt/Ed0rFgBERERkaHjlL6L7wAKAiIiIDM3xz3jlL6J7xgKAiIiIDMrNi4gJFjoEkQFjAUBERESGQ6tByBpe+YvofrAAICIiIsNx/r+4eVHoEESGjQUAERERGYjSfJz4XOgQRAaPBQAREREZiKMfojRf6BBEBo8FABERERmCmxcR+6PQIYi6AxYARERE1OXp5/4SUXuQCh2AiDrF5S3Y/Um9R3p/iRUzBMtD4S8jYyleGIas09i/BbfOAW4Y+B5eHCd0MqIu6dz3nPtL1F5YABAZjc5s8e9ygXc6Hu6koxkwVQx+OAb/regvBwrxwwSEHsR0Z6FjEXUxpfn4NVDoEETdBwsAIiLhyIbh7WHVd+To742MXIAFAFF9Rz/kdX+J2hHnABAZuUKErsb7Llg7HBu3oUD/YAzWvoyLx/D5eGwMAYCMEHzih7Uu+OR9XAzB2i1Vry5KwNfzsNYFa8djf0z1a11wBdjtgrUuuFznUPunIjSj9u71bfj8x7tkyK3e+PKWqiS5IVj7Ma7uxAd+2BVT763scsGxGPwwD2td8P48RFQfqywZu96o2v/nW6r3D1zchveHY60LPngDF3MAAOUIf796y/dxvRBFx7D2Y6iqXxLzPj6pMwcxdB72JzTzOTSOWrNzP/xwGmVN/SwuxmKgW+t/eERGITWCc3+J2hd7AIiMxu1XsfbV2ruTz2OMPUJfxfVn8c7HkAEXt2DzNqxdCACIRfgULDwKGzOoIvHNNjx3FIPlUGXgG39gLgAgA9/Mx6CDeMUZqkLsnY/9H+HpYfggvekhQIOexYFzteNbYn6EXzCA5jM0Zx+iAxEQAfNGz0TuxP/uwItAUQw2LULPg3jYDGolBr2NF/4FAOFvICQSL46CKhJ7k7HqT1gBRcm4kgvYI+tnRLjjnXTIgIJIZFSg/0g4rMGV1zHYDChE1M8oPofrz6I/gAxcqYC/ZzOfg2fDqDHvI9weAemwArJC8E0sBtYPH74GeA++8rb/aIm6L60GIe8IHYKou2EPAJHR6P0lPkiv/TfGHkhAbAVmzoAMADD4GfTYUn3O3g7Tn4WNGQDEhqDf6xgsBwCZM6ZXt86vh0H9NqY4A4BMjskLEXumpQAPToZ0G64CAFSRuDQWPvIWMzRnMmaMa6L1D2DgXDgCAKyGYcLDiI6tuj3YvmqDh8ahoKZbIRfF5QBg5Q5fz6rH1BkoBwDYjMJge0AOvycRGwsARbG48zYefxgxCQCQcQ54Fs4tfw41UQsR9R0efwlWAADHGQ1b/0WnEeGJhZyWTVTfue9xO0XoEETdDXsAiIxZBcqtYVZz1x52ubitHwzTDz2qHy7PhZV17Yt62AE3AKCsAmamtY/b9QNCkAvYNXc4Z/g9jOgYPDgMl45h0LOQtZyh+f1YNfdMv9rbPd2r2vplyTiwBRmxKE6BvhACIBuF/1Vivz9uAw7Pwn8ubADHZzFjJ74Zj2I7DFyIWVNgDgyaggPHoBqFSyEY9DoGWePkOcATF3+E75ctfQ71olagHDAzqxPVG3XGQyE2BJM/arqqITJahZmc+0vUEdgDQGTMTGGmrDrhDQA5yLVDb/uGW5nZoUhZe7e4+gy6uSnKK2ofz70BDKtt/aubOqDPs7h2DKpCRFyuPuneugzlLZcE1TJu1MmZARs7AAjxB55FwCl8kI7lX9Zu4DwFrx7C+4cwpgKbt1U9OHguVp7C+9vR/zR+OA0AMm8M/BmXMhCTi2HOsBqJ3j/iajIu9YO3/d0/hyqmMAOKC+tEja33fIEdBpqBiOo6vI5zf4k6AgsAImPmCW9THAqpmuR6cR+Klzaxdqf3DNz4Ny4WAoAqA6HVbeX+kyH9BMf057ELEbYN3mOrnjJ7GJcimzigzBv99yFkH8qfrV7qprkMbugXhpgMACiKwZHvWvWGru1EFqpeEhYGb28AkNoBgAxAIU7urNqyKBIx1UWFjXVVC/76aVzXt9HN0MMa6oqq26OW4uQaqJ+FIwA5/MYi5B/oMaXq7H4Ln0MtOfyWIGwXigAAWSG4Vv/5maub7dYgMk7XzuBKmNAhiLonFgBExm36l+gfiQ9dsHY4TppiWVOzb2Wj8L8LcWQa1rogcBvGvF79hDP+dzuur8FaF6x9CmbvVc98BR4PRO4arHVBeIMz92YYtRSx/4Df5LtlkOPp7Yj1x9rh+OYcJixp1dsZNRdh87DWBYH/xphgDDYDgMe/hHoL1rrg/X9gYPUge6kdrnyC912w1gXbIjH/JQDoaY1jr2KtC9YOR1gF/KdUbfzgSJSfgW91s/6hcbhzBr4j7/451DV4NSbkINAFa/0QZo1R3nWei2nqsyIyYpWl+Hmt0CGIui2RTqcTOgMRGZTcEHyTe7eFepqnisQ/TuO91VWzftvRLhc4n8eYRsOHiMjghKxB1M5WbEdETShbkwogKTWj8VOKAc7sASCi1sjA/pCqsSv6IS4PjbzbS5oX/SO8Z7R/65+Iuo1rZ9j6J+pQXAWIiO7KGo43sHk8ilMANwx8GzOaGuLSKhmIyMUL9/xyIuruKktxIEDoEETdHIcAERERUZfBwT9E941DgIiIiMhAcPAPUadgAUBERERdQFkhB/8QdQ4WAERERNQFhLyDIi6GS9QZWAAQERGR0K6E4VKI0CGIjAULACIiIhJUWSFC1ggdgsiIsAAgIiIiQXHwD1HnYgFAREREwrkUwsE/RJ2MBQAREREJpCgHIe8IHYLI6LAAICIiIoGErEFZodAhiIwOCwAiIiISwqUQXAkTOgSRMWIBQERERJ1OeYuDf4iEwgKAiIiIOpdOi/2vc/APkVCkQgcgoq6oNC08aE9MXI4GkPRy8Zi7YKqXdWcd+1LwovOeWxd41XkofnNA5IC3Fk3rg6xft647oqx5Qmrfb+7/+D/SB0DO0U/3F85dMrtvvZ0Vhn+3MsW3/t5wlzeoTNwTdOpMeqkaMHfqN2Pm1Inu8rqvjQ0K3BJf577XlHr7vxS86Psb9Q7WYAMiOrUJKb8LHYLIeLEAIKJGkg+/uzN/4twFy9zlgPp29N71nwYvWOvvbS50MACAw+PzNjxmr79dGBv87tZfnNdOdQGA0l9D/3x68XBZ7bYZR8ML0LfRLlp6gxl7vjiRN33eF95yGaDKjvr2q1DzVXMeqf/eh/5PwLJBzeQb5L81sOZO/plNQbFD3dvnnRN1DzficGqT0CGIjBqHABFRA/knDiU5z3xuWtVpb2lvnzkrfPKDj2UIHawJcu/RY5GRkK2/Z9ErJ+ZEdu2zqtizEWWSRi9q8Q1mJyZAMctbrq8iZH18l73fsPXfBjejjhZ5zvI2u9fXE3U75UoEL4VOK3QOIqPGHgAiqk91PT6zn1/9NusA7/6qHYlZTzk7Zh9/9/uKqYr84MhcrwUBc83Dg/bFxGdq1FILz5kzV/g5AfGbAxIUs3F03w2lWuIwaurqZzwsACDzzLeH9iSVqqU2U59xijspWbpqkiNQmvbLxm8TrpdD6uL55uKpA9rc1Nao1EDVOX/bJ6drgk8mTnveAwCQsT+0fMYUx+CUtrxBmVRWlpNRBsd26O4ojwpNsJ6wwOX+90TUbRxag4IbrdiOiO6XYoBzc0+xACCi+vLz8+xtG/7NsLHoVZB1C3AEkJP0q2Lmhg/c5TKoki195r6yrI8Zyv7c+P7ZWD9/bwC4EaF87pNPnWVlFzZ/cPbMaI9pfZD03wP7ZaM/CRwiV2Xs/2LvLQwGAGX4xm/zxwYErLFFYWzwxwcTP9G33eOPLQo4Vj+B9YAmsqpvR5+NtnJfaVt138J7tF/o8TNKj7HWQOKfcW5+n9hcCG7TG7T1neW1fdP7X53wch87ytPX3UmGJhSe3//uzr9uqSW9FJ6L501qum5RRv2S5jZrsW1TzxEZpdgfedFfoq6ABQARtZGV59ynqkbPyNyH++ofNHdW2Mbcygb6AHB8bIyzDID5EB/3E9E5QJ/EM+ctnn5viByAzPnpmW5n9gPA7eikPJ+pj9gCgNx7uCI0PgkeiiZmzcZvDoisuXPryI5FR6puO3j5LFs6xrHqnvJWtvOMKWbrT2aMfcryRGju2LlPIedCG9+epdfzS7ZMvx4bHXNiz97vC6QPPj3rTT+nBhupbYas/PRpOQqT9u39eMefW+pNPKgOHRqjmjCHk3+JquRcRchaoUMQEVgAEFEjtra9cpIz9Cf7axSU5tnYOuhvm0tqzneXpoUH7buYlFNRpgZgPavqYYlFdXO4+v+rVbC0rllmx8pSXz+oAOXZvYvO1hym39BWBKyeBKxODw36+KalQ/2z7xY+vorQs7972Z6wGrahD5DT9jcIyKz7+z7W3/cxID9qY+ChPa71FhfyXhDgXXVTrpg5zPPt5HgM90Z9yvCQOPsnP7BvxRsiMgIaFfYshapM6BxEBBYARNSIrL+X0+mI6BJfH8uax1Jjr8u8nnBsuGnOmT0xmLAg0EcuQ87RTw81v1OpDCVKJaCvAYpKCmGpLw96TXj+k+kNz6+3jtRl+tSxHxwKTh6+oN4qO+6zJoe//dX1sW9MbXL0TlveIGA72Mf1bEJRm8Oln0xQjnrCt+kERMbn2EfIuSp0CCKqwlWAiKgB24lzBytD9x9N1l+jR307evfGaFv/KY3nEkkhBaRSGVCYGHGm8bn2Wh5jR5Tu33+hEIAqY/+hFP1pwN4+Cuvos1FKNQCoMqNir7cxqvPT020jDoU3uJiQ3O+pFYtmzmi8+mdr3mDa4Xe3HE/SRwIKk0//mtbPx63uy/NPfBt8Iq1QBQCFSaExSQr3huN8VH8eOGs6cUKzs6+IjMvlXxCxTegQRFSLPQBE1EifSSsXhAftC1qSqVFD0kvhuWzVJEUT81xtp80d9tlXXy/aCYdRPp72uS3sUvH8rKe/PfR2wAm11OaxZxQOJwEA1mNWLDj+7b82bS2C1MzG95mnfNuYVOY9+rHQ/QcSxyzwqBdM4dH8a1p+g65Tl4/65dsvvrxeoAFg7vTA3AB/73on8m3HPuOxMyjotarXDlu9YLis6vpfWBro7w0URl5IHeG3otMunUbUlRXn4sBKoUMQUT0inU4ndAYiMjLZx9/+HstXTWpiyA0RdSc6Lb5/gRf9JepkZWtSW96AQ4CIqDNkRRw+mlw1bCbqSBIUHmz9E3V/Z79m65+ol5r/awAAF01JREFUC+IQICLqDL09nG9VDZuBtcJn5VMcH0/U3d2Iw6+BQocgoiZwCBARERG1t3IlNk/lRX+JBMEhQERERNTpflzO1j9Rl8UCgIiIiNpV+BYk/Sp0CCJqFgsAIiIiaj9//YHj/xQ6BBG1hAUAERERtZM7N/HfJdBphc5BRC3hKkBEUOVf2LMjIiK9VA2JtZPzrNlTH+lr2WijnKhDvxyIzs1TQ2r/wIJFT/vaVj2TFbH780NZSjWsFT7LF4xxqbpoVOaZbw/tSSpVSy08pz+xbIyzDED28Xf/efFW7U6tZ721aFqf1qVUJp/YHx6SWFCmhrVi8LJ5kwaYN38gqG/H/vJtaPL1Ag2k1n6zn17gbVtvb6rEb98/6/xaU0cvTjv+1fcbT6fkq2S2zh4vv7b070MafRodJTf0tS1Y8950h9qH8g7/44mU5yKXP4QLQaPePFXzeA/nQUtXLv37Q5b6bVZVLvrPLKd6O8s/u2p28rywBQ0v01u92w1YuvEJu3bJXRj+3cpo988DxshrHso+/u73WLpqkmPNjWZeGxsUuAVTtjYdE0D85oAEv0B/73YJKqy7fRRk8DRq7F6EkttC5yCiu2jnAqC4pOxmVm5uXkFRcWlZWQUAc3NTayvL3rY9nfvaW5ibcc/tsmdqR6WJBz8+pJk6e85sV7kMUGVf2Pn99rjH5y8bVK/VmxV26Bfp+NUfuMtlKIwNfjcoXBEwRg6oEvd/fNZ25QdzXGTq9NCgTXvsP5nnIUN5/I4DJ/rO/GKxs0yVsf+LQ0H2Ly/2MAMA+8Hr76UBpI7afzzJa2bgAicZ1OmhQZ8fTPzieQ80d6DsU1tOSv1fe1VhLYXywuZPD55we2linQvTpoaeii6XNrUSZ/KeJVuu+S/f86arFYBb5z5d/vbGNZ+s6LwaoEXTV0cuf6jqdvqxFUu+d/1p2TATAEjY9lPME1W39f4KOxwOj3mdESvjaLj0QauEozfHzO7b5hd7LwjYeg/HvBS86Lxn82UDkRCOfYjMeKFDENHdtdsQIJ1Ol5Sc/svJc3HxV29m5SqLSlRqtUqtVhaV3MjMiYu/euRE5LXUDO75PvdM7S05+BD833hakX9i/arARQEb15/Ek2/MHBB26Peyets5Tl+07il3uQwA5N4eisysVAAojw3/S/H4VBcZAKnL9FED4mKiVIAq4US83azpzjIAMuenJ9tFhyeo7iun1HfBkmU+TjIAkLqMeMAiPSMLzR+oz6R1AVMV1lIAsB7i416QlFZnZ9nHg5Jsh9o0cZiisL1febzw1hOuVvr7DiNXfTYl/ovfsu4rfMdwmTJ/3B/hV6rueTqkbw/LrX228s/gnwodmntt+0r8M87Nd8UUx7jwxM45IFFXdOEgIrYJHYKIWqV9egAqKiojoi/l3C5oYRuNRhNzMSkrO2/UCC+ZrLXH5Z6pY126UDp5uldZ+Pp96iffCfC1Vt9OzpDJnKZNt9gYW/iIn7zpV2Xn3LKSywEgNzXTeoB9zRP2A+zzMzIB5GbY2ta2Pu1tHTJzM4AB7RU7Jz/Pxr03gMzWHCgnL8e0V+3p/5yjO5M9Z8+U7wlttN/KhOjEv09eY1r3MZdh0yu3xNyaMt3hysbJZz3fQ/Dnf/RYGLjRL33P57t2XMjKh8XfZq38dKG7KRC/af6Jh5YjeEtwBmw9Jv/7I/8HewBAxZXgVWvC/iiB56Sl/iabEsZtXzEEwJ1zn3284XRWPhz916xe8UjPNn4KlZWVspoz/l4vPVfxxbGrT8x9EACQdXhv/sIXxn6efPfd3Dq54qPc2ePSN2y7lA/Hp95cuWqcHQDkX9z+/pZtiaWwdFu4Zvl8n+bilUeFZw2d/pSsr+XQfRGx8GjFWJ34zQEJitk4se+GxeQFi7B/C2ZueMweKInft3tzpFIttRg62xM7s2pG/uRFBwfsu6FUSxxGTV39jEfhr1vXHVECNxYFHHN4fN4Gv/wdX/wSnqOB1HrozKmL/ZxlzRxr3WOmqQf3b4zMLVNL+o+eueKp/hYAssM3fhWdUASpld3Y2TNne8iB/N+DgnfGl6qlFkOf8V/mY1t/P3OmpuyO8F62wkffjVl4ZlNQ6pQVCzxKmth52fWjO34JSSpVW9nNncmxP91XbgoOrhI6BBG1Vjs0PYtLyk6ePV9WXtGajbOyb4ed/mPC6BHmZqZ33Zh7po6WlSPx8jErjE++7TXG1xqAtLd7fwDwcLfYkYWmC4CS2CNJqqEzBwBAYV6R9YDaYfT2vewrUpUACpX2HrWNnT72DkWJhfrbZbk/f/tVbFIpzGx8n3mq4dD8Vsk8GnbDc8JMGQBl8weqVnrp1FGV+0rX6rvRJ07Yj//EVXqiiT0X5mW7DWw4MEhu65wemw04APht2+ml/w5e7GgC3Mp6YN7q0I96Apk/Ldx6YnrVwP3QsMLt27atQEnMZwFbTk/Y+IQd8s99sDJx0lfbNrqgKDpo2fsYNg4Arn717h7blQdCXU2R+dNrW44/tGaSLYCUD+bP/6BBhOlNZC1KCduT+OjLb1bf7zHc/+8/bTt9Z8O4nkDy8dBBC7f1PtKaAgBAyh8x8zaEhlri1rEVCw/Hj1vgheTtS7bmrww842OJysxz0aVAMwWAKiGiyHNBXwDO08aUBMWWe3u3ZnTfjZDY0as/8HeUIat6scTCiODNaQ+s/mSSi6wwaseOrbDzq944QvncJ586y8oubP7g7JnRHtMeW7TVvnYIUPyOHbdGv7zVTw5V5u/RyhaOVRjx3cYcr3Wfzu+Nwqig3cGJSxZ45B/debHX3OVb3aUqZfKZFCUgT/rv7l+spgcG9rdQZez/18ETCv34sdr9oK/bztCoQp8xcgDKC2eKPP7HA4URwY12Xh6751CE7ROfBLrLVRn7v9h7C4Nb9RMhw1JehN0vQ1XWik2JqEu43yFAlZWq8MhYfXt3gKvTw4r+Esld9llcUnY2Mk6j0bR+z4094Ozo4/3wuEeGjX90+FCvB2v3fK5Vez4TEdPKNnrNnsNbl7mD9kydTyZtujwuvXQ46Kb74qdqmskaVZODe1Tqpsf8qOD5zKKvAgO+CPAq3Be852abg2X9GhpiNW5xTSuzuQPplcUH7cn3mzfVperuhaBjEv9nPGQtvKQlf1vx5khH/Vl3h4dGPqRvEzsNHJxyLbtqi4l/f9QRACyHjRv2R8ptAHkRx+KfeGG6CwBY+Ty3cIh+wysnDnvMnudqCgBOE2fJwi+WAADc1m7fHhlW++/wa261xw/9eNTk+aMmzx81eeGybSXzNy3wqu4C+Csj94En/t5jz29/AUVhe2P+PuXB1r8t2wmP+1gCgMOwSc7pabeAC2e3ub2wUP+gidPIR5yae2lh5AVM8NVXivJRQxAeVdjcpvU4+i/wdaz3Y8iPiFT6zpzkIgMg9505uH+djR/Tz+02H+LjrkzNabgvmVSiLFCqAMicHvFr/MOtOVZ+RGSp3xTf3gAg9x3tmBSbDEgspGplUQkAmbX7RG9nIPHMedupM/tbAJA5TxyNqPjChpk9vLzzk/W1RlZ0UqmXp0vTO/8rOt5+6kx3edUQtX6t+mzI4Pz4GnJThA5BRG1wvz0AidfSiopLATg52Pl4PwzA1EQWe+lqy68qKCxKvn5T4e7Smj03NmbUUMc+vWvuWvWwiIuvOmLBnaKUv24+6HaXPReXtPlExZ3CouTrNxTuri1s03F7pg7i6Gp2JhNjvdx7h/4ZpXSvGgLk3l+edgPu45p4Qfbxz3cqp73hXz3GRt7LqkSZD1R1AtQMtpFbF+TfBqrOzdcMGeozacOHVa+U2frO8IkKSsxB39ohRFlVQzsA9Fva1MIvpZeCPz5pvXjtcAv9fetmDlQl8+iWY3kTnl9W/cuVdPCsasoCX/PmPg95rz4p5zL0J/trFOZnuAyseoMWPWrG3ORf3PP53iNXsq6VqAD4V39apjVbmNQ2RF2da0JZ9qruMKlU/fH6E3/UbPO315r+vtdTPQm4KDpo2baetg26T3oM//uQN4J/93jwgHz+F3ZAq5cisbGwqrldHb+yj9yq2RfUyDgaXpBQsHnRzppHLFo3FVhi0bCdroba0qHmkNa2cmQ13rjJyk3x1Ey/HYcDVlVYOLnPmjfV17bBH/aal6uhrvj1i8Da6zN5uQPysfPGpwbtWLJH7egxzP/pMQprtQpZ378d+H31Vg6PVzTK7P6Yz/Gt0TkTH6s4EymZ+JozkNPUzqGq+yp7206alUGdidf8IjJA91UAVFaqklLS9bdFIlTfELX0mmpXrv3l3r+vRCJpbs9Xm5kj69inV93Wf2OXk667PdDaPUskYo2m4XLF9nY2bg/0U6vUiclpxSVl5mampWXl+va9e/9+rdxzfxcnu149LS2bbmqVlJTl5t25np6pv9vynqkDuQ+T7zieNW/S0mf2b/owcKta4jBi/HL3kqgI+D3faCBHWfzmr5Ic5i6os3Sm3QAnZUR6+bQ++o1zUnNshzoBsHPOSUpVoep0aU7+LSf3ppbcacjxsUVbH2v+6ezjn+8smfbGS941v1ZOLRyoJDbowAn7KRseqzl7HX/ifEXC+a8X7al+4J+BEY/P2/BYTQVi4unjsSrszyU+w2sHpaXHhJqM3tCo4Ra/Y9O5ERu2fuRUNfS/xfeVllEI6BfcLMmr7iswkT26OXTxsHob5jbx4qZY+bywImzJttN/2zCu3sicB/2fK5738fGFG7aYNP/i1jHJLiwC7lIDJP4Z5zZ96/MedR45+HZ48uzn3dt+QCmkJbeKqotJZX7rehIAAOb9py1eMg1Q3fxlfeBh+YdPKZo9hMXUt5Y83WDtV9shCwKGLIC6MHr/u0HhG5bby9BvUaC/b72NGvY7uEzwlH0Rk+6BOPshG6yb23miDCVKJaCfgpKTfwv3MOaNujBe84vIMN3XEKC0G7e02qrW882s3FO//Rl5Pv6up//1Kioqb+XkN/ds+s3s5kbFONj3qrl9LTUjPDL296iL9fZcqWr9nh379B49ckjdYUt9He3GPzLcpW+fAQ/0nTjG57HRI6x6VJ1sLW915oEDnH2HPdzf1cm+t02T//q7OvkOe3jgAOfW7Jk6kv20yaYHgo7nuT294dOArYErNjxjl7TjsHLC1EZNqMyjW07j6QWL6y0PauY7wS315Ol0FQB1emhk0tBhvjJANnzaiPxfwjJUAFQZ+4/k+ozxlAGqxIOf7YvPUgGAKj8qJFri6WHf8DjNKYvf/NVfPm+8VG/l/mYOBCDr1907MW7DPC+L2q29lgUGbK36N2+WvfWstwLqtP4BwGryoreyd/3zcFqR/v6tc5++eczrtUebmbwpMwVw62xwWEvBe/lN8Tq8KzQdAIqi9267oH/4oYlPJG4/kKk/t1x05eLVtn0DTIbNey5r0+GGf25sR674YuW7k5sdsdNaQ0YvTNm1LboEACozz/2e2eRWsZE3FN4e9R7y8FCkxN/TOoi2fqOsow4dT1cBKIw6dPF6y5tby61v/pWqAlAeHxGl/6WSWdlal2uaHxJm6zfKNOLIhUL9b2D2hag0ABlR4cmFKgBSCxtLmVqjgsfYEbm/hGaoAEBdmHwhvvG0AgDWXn7m17/fk+zgo/+Va3LnHmNHlB4NTSzU/36G3biXD4a6LF7zi8hg3VcPwM2s2tN1Vj0s7HrbAOhjZ3srJ2/gAGcTExmAhMTUXjbyXrby4pKyrOxcna725Tcyc/o6Nn0VnhtZjUa5VutRfU49L78w5mJS0y9v9Z7NTE2cHOwmjfX948+EgsIiAP2cattDJiYyS0vzktLaUT2t3LNjn15NbtOAg32vmsVAW9gzdaw+Y5bNzYkNP7gxKb9UZSZ3dX9ypr+LdaPNLp09kFmB779eVP3A0P8JWDYIcH9q9ejdn68N1F8IbOWCqhHYiudnTfz20GsB+utzzVzmYQZA5jF+xs3QTWuP5akhNbPxmzen9cvGZ0VExhUp4/4ZeKDqgaqLiDV5ICD+wBGlEseWBxyr2tyrhUtN1WU3/aPlJl/tWvRVYppKZus8bOlHn0x3a+IiAF4LV49c+faorzHQb5H/OFxrYZe2I9d+nrZq+cIPSuA5aem8cacSAAAPLlk3/6tNs6an5MPC0++5tctb+1FUcRm/dMSSbWFPfDq5XidAL7eHGm556+SK+Wcnba93fbG7cZ+/6YVP3wkY+06piY3HvJVLRyLn6Kc7IkbU6TAp+/NMcr+JCxq80GNo39ATseVeba9B5H7+yzJ3f/x2oFpqMfQZz6Fxzf4ZBADX0Qs8dn/2dqDF6KdXu2Zsef9sRjkgtR6zaE4LP2a5n/+yskPr155QqmHu9MDcBUMAa7kq9OO1h/LUkFo5zl7yRG+g9/Nzpv53/2sBSjUkvRSei5u+mILt2Any4H0Wy6unozS1cyiemTkx6PDbAaGwcpw9c7CDvla8FLzoezQ5yI0MBq/5RWQIkuoPqFFUn3oW6eo2ydvo52O/6cfG6E+ljxk1FEBScnpc/NXHJ/pZ9bDQ6XQ3snKdq5vUt/PvnPrtT6226og2cqvJ4/921z03UDMBICs7LzwytsltWr/nHpbmUyeM1I+9URaV5OUX9rKVW1vVNneupqTX7dNo5Z6nThgpt+5R81T6zWylsuShBx9oMEO64E5R2Ok/7rpnou4k5rP54ZP1y4B2mpJzH+7t8Y5hXTTrwuaAxG5yAWDqlkLfQ2SQ0CGIqGlla1JrbtfUADWt//vtAaiorGx5A5FI5NSnV15BoW1PuUiE3rY93fs7X62eNlDSTBP/bnu++xyD4tJmZ+JWVNbrHre1kZeVV+p7FaytLOs2/fUa1CGtzCytv4CMRq1JSEpNTbs56GH3B5wda2ZJSKW1g/6bK3iIOs2aDf936mx0u+82Mmz1T1+pRi4c7GgCpB/bfvpv85dj1OT57X6guzhz6n5evevbjwY80MGL2CQeDyrznOutv9hzVLxi2OKOPR7RvYraydY/kaFQDHBOSs2o2/q/3wJALBJr0PTgv5qpwL9HXczKzuvraPfo34boB73UFABt6nzwemiAp6Le1Y0c+/Tyf2oigMxbuWfPXaj7VE0nQ1OZRXXnFmTn5HkPamm1wNy8O3Xv6lrac+2n0eRb0+p00OkAXU0NU3ezFjITdY6P3v1/HbPjEk/n79/135RQojKxdFvy+cphJogM294xxzJkTv0d9hx6bWepGpDaK5a9NvxeV2sl6kjJZxG6TugQRNQGDVr/91sAmJmZqIrVTT6lb+HqdMjKzgNwKydP/7ilRe3KKi1c/crM1LSk+bP4DSiLGq4eaG7W7AogDTJXVKp+O3fBz3eQhXkT1+5RFpXkF9Sb/mZu3nzmOnuumRutJ/n/7d1dS8JQGAfwU9O6SO0F22pOA5EQ6osIfoggqIu+QB+mqwi67rYbu/CmSKMCKYSsLKR8A90cuo11sZynvSUYLOH/u5zz4X+37fCc5wSYrXQyndqgl/wJIYo6SuJRGWDKLWxmD46yfqf4/yKpzF4q43cKAC/NCjndJ5rzox8ApsVEU4DCIYetgYaZ2R+NOuaoTXpIqL3fxrQYcf3JritKtr+HXO51yDxQFMcjn3Rdt28y9shMV7acBZaIcdvppOXtnxAiy6PbPCoDAAD4r9cixzukL/qdAwAmNdEHwBhTa7zaWuK86wBENmqdFV15qeXyhVy+YC7Jt9od48pbzTo7nB4VaiHYMnfF3vnFpTECaJRb16+KpY+6dTChR2a68rstkqPPRnucygAAAD7TVHKyS5q/zKcFgKkwUQtQnGdv7h9V1WFg/3Cl33XDbjAY4Ndcvx8SAndXKtNt8VJPNpqCzL22/YFCv0CbGIaJxzj7dYPAs0Uq8/JSeJ2LCjy7TB362elK17cPdVtx78wxng0MK5efqqqmra64HgQmSnK90X6ufp/0OT8X9KgMAADgs7ND8lrwOwQA/I0v4RcOgEHjocgAAAAASUVORK5CYII=
iVBORw0KGgoAAAANSUhEUgAABAAAAAJzCAIAAAAeGfaBAAAAAXNSR0IArs4c6QAAIABJREFUeJzs3Xd8XNWZN/Dn3DJVGvUu2Wq2XGTJvWNjm85ieggtG5JsEkLKbtjdlxCSTUiyabCb7BKyCUkgWbKk0CEUg42xwQbbuBtbVrF6723avee8f1xblqWRNDOSfCXN7/sHn9GdOzOPRuac85zKhBAEAAAAM97h5+m5r5PgZscBAJPL/WDF6DdIFysSAAAAMNXim+jqb5kdBACYDwkAAABAxFj7WdrwJbODAACTIQEAAACIJFc8QKv/3uwgAMBMitkBAASG1SkAMH6MMbNDmJKu/S511dPJt8yOAwDMgREAMJMYmdmhAcBMgEImMCbRbY9T7jqz4wCAi6GkombIFSQAcFGhAgaAKSLSiyPFSnc+QSkFZscBAJPLaP0PyQGQAMCki+gqFgCmiUgsqaxR9PdPU/xss+MAgMkyuN0/+DGLoJIOLiL8uwKAmWHmryJor6Lf3ELdTWbHAQATBucAwMUWWf1nADDTzfwyLX42/f3TZI0yOw4AuHiwCxBMjMmrIGd41QsAk2DCu+0HCqKZOSCQUkB3PkF/+DRpXrNDAYCLAVOAYLwm5J8Q/h0CwMUxIS34mZkGnHyLnvkCcc3sOABgvIwpQMM3/yGigtwsTAGCcQl7ZBz78QGAWSak/JmZBdf8y+mmR8wOAgAuBiQAEI4wKj809wFgagq7dJqBBdrim+iKB8wOAgAmHdYAQMhCqvAmtnacaXUtAEycCZmWE8ZcfyHEjJoRtOFL1FlL+542Ow4AmERIACAEk930R/seAMI2ZgESUjPdeLcgXxLSzdPAtQ9TexWV7TY7DgCYLEgAIFhBts6H3zZQKc6c2hEAZqKB4mv4g2CKr5kzFCArdPuv6PFrqe2M2aEAwKTAGgAISjCt/+HTYRljkiSxcyYzQACA8RoorIyCa/BTQU73nznDmNYo+tRT5Ig3Ow4AmBRIAGBsY1ZpozT9Jzk0AIBJEXYaMHNygIQcuuu3JGOmAMAMhAQAxhBGbYf+fgCYGQKWZhGUA8xaRtf/yOwgAGDiIQGAEY3Z1xXwBnT8A8BMYgwFDLkYXvE4LS39BG34ktlBAMAEQwIAYQpYtw2vJgEAZoCAhdsMaeKP6fJ/pYXXmB0EAEwkNNcgsDE7t4ZfRMc/AMxgAYu4MIrK6YdJdMvPKHW+2XEAwIRBAgABjFJpjTKujQQAAGawkYq40Wf7zJAcQLXR3U9RTJrZcQDAxEACAEOFUZMJITD5BwBmPEmSRikGR3rVDMkBYtLo7qdItZkdBwBMADTa4AKh1mFG1xda/wAQIYwcYKTycKRXzZAcIHU+3fIzYijwAaY9/G8MQRm9tsPkHwCIEAPFXag5wAyx8Bq6/F/NDgIAxgsJAJwXUtWF1j8ARKbRc4CRzJzcYMOXaOknzA4CAMYFCQCcFdLg9eArSAAAIKIMLvRGLx6Df2qauf5HNGuZ2UEAQPiQAMAYQqreAAAiTSQWkrJCdz5BsRlmxwEAYUICADT69j6jXxFCYAQAACIKY2x4STjknjA2C5pmnIl0xxMkK2bHAQDhQAIAIRizzgMAiBAoDym9kK592OwgACAcSAAgzJ6qSKztAAAGCa+QnFGF58q7aOVdZgcBACFDAgCBReKsVgCAcYjQYvPahym90OwgACA0SAAiXZD1Ewa7AQCGC69snFFFqKzQHU+QM9HsOAAgBEgAIIDgx7VnVDUGABCc4IvBiCgkYzPo9l9iQTDANIIEAMY2UlUXERUbAEAgKBgvkL2Krvym2UEAQLCQAES0YI6yj4h1bAAAoQuyeAympJ0J1n6Wim8wOwgACAoSAAjBDKyxAAAmAopHIqIbfkxJeWYHAQBjQwIQuYKprsYc40adBwARKGAZGOpEoBlYfqp2uuM3ZIs2Ow4AGAOW7MAFIrTSmnyCBBdc43qvr7emu66ur76pv6Wpv7nd0+HRPJyEKqkO1Z5kS7wu96q8uBxGOF8ZYHoI5kD0CDo0PSmPbv0vevqzJLjZoQDAiJAAwIjG7M1CJhCkbl9PRVdlSXvpyfZTld3VXd4eTpwEMUbEGJ3rSSTG5sbm2xUbWv8AU1/ANv3gixHU6B+iYAtt+hrt+E+z4wCAESEBgPNC6v5H6z8YuuAn20rert55rPVEu7dDCC4xiTEmkyxIMEYOxenVvbrQGJOsknVd2qoUZ7LZUQNAUAaa+BgEGGrT16juKJVsNzsOAAgMawAiFJrvF4Egsa3qnZ8devzd2vfavR2MSGYyIyZIaEJLcST/Xc7V2a5ZEmNExIWY5cq6JHOtIiEtB4gUM7YoZhLd+l9YEAwwZSEBgMBGX/KLcYBglLSXvVD+crunQ5IYI0bEBJHGdYfiuGf+XV9f+uX63sZjbSf83M+I+XTf1txr4m1xZkcNAGMLslSM6BLSFk03/QfJqtlxAEAA6GsEmBRuzf129TvNfS0yk4QgQYIRi7ZEFSUU3pB/bWNf038cfKyhv0FhiiDShL4wYcGKlCVmRw0AMHGyltCW+2nbj8yOAwCGQgIAZ415og26/4MnhKjtqT/Sevzs/GDiMZaYxUlFmzIvyYhKfa3yrberd/b4emSmEJEQPNYac1/x51R0lQFMH8MXAIy5JCCylgEYLvkilb9H5e+ZHQcAXAAJQCQas+GOlv04CRIVnZWt7jZGpAktLyZ3a+7VS5OLO7xdvz7++yMtx/y6nzHJuJMYu2LWplmuTLOjBoCJN2ajf4ZnBUyiW39OP99M7i6zQwGA85AAQJiQJIxC53pJR6kudIlJN+T+3XW5V8XZ4o62fvzE8aca+xqJiBgjIkakC7EyZdkVs7dg60+AaWeGt90nSlQS3fBjeuaLZscBAOdhETBQSGMCaPcHQxd6Q39jtBp176LP3lN4V4IjobSz4tfHnmzobTRWA5+9j1GcLe7K7C1JjkSTIwaAcQi+hIzQInThNbT2s2YHAQDnIQGA0aAyC4+f++2K/cvFX9gy61IiKu0o/82x3zf0NTLGzn1fggtula035123OGmRyeECQIhQNobsygcppcDsIADgLCQAEA7UbaNTJfX2gltXpS1TJLmlv/XJ438s7SqXmPG/m+CCcyHSnCmfnHvzldlbZEk2O14ACBMKw2DJKn3iMbI4zI4DAAhrACCAUeozVHVBssrW/LhcRuTTfY989N8n208xJmlcZ4wcqnNubP7S5KLCxAXZriyZofUPMBOMsh4ASwXOSimg675Hz91vdhwAgAQg8gTfiB9zVivygZGc2/1TvF75dkn3mayYnGzX7FzXrFlR6ZnRafG2OFVSzw0IAMC0NOZen8G3+yMoQ1hyK51+l469bHYcAJEOCQCE3I5Huz9YgjZnrL8qc73F7xPeXqF5GBF53EwnsjpJtZOE/wEBpr1Qm+8R1NwPaOsPqPYQddSYHQdAREP7AyB8wtsr3B3k9zB7DFmjmWKlQf36TOiO3iatYq+3+oBorRCebkGMWRwsOpkl5khJc5T0QikxjyxRpv4SAAAXkT2GPvEY/fpGEtzsUAAiFxIACBY6/s8TQvQ2+8ve1euOib5W0v3M6iR7rJyQI89aJiXOYaqNiIgYU+xK/GxdtYukfN5awZtL9Z5m6m2hxpOSxa7FpElpi5QFVynpRYRjgAGmuUjv2g9e1hLa9DXa8Z9mxwEQuRhadZFm+F98yJXhU/+NByP9aLPZJj/qKUT4PdqpN3wH/sQ7a4nrNPDtMUaSzFSblDzXsvJuOWs5G2jTC05cE36PcHfqzSX+Yy9rVfuJc8YkkiRmjVYWXGld/0WmYn8MgOnB4/EYD4wW/0C7P+CPgx8E/DHglRlOcHrqLip/z+w4AGYm94MVRFRSEWCuXUFuFhKASDR6AjD88ej5gBDCbrdflMCnBt3n/eB33r1PEQnGpHMdfoIEETFiREKQ4ERMmX+Zdf29UkwGDa/XNZ9We9C7+3HedFoYp4LpmpQ6x37dD6W42QHuB4Apxu12D27rj9TiH9ysH+nxSFdmvt4W+vlmcneZHQfADDRmAiB/5zvfMSMwMMf4873h76CqkTJ3Rbg7vNsf8X30F8YYY5IQXLK55LQFyuyVSt56OW2B5Eph1igmycLbw5vL9IYTcmK25Eod+kaSLMVmqvMuY3YX76gibx9JEu9r16r3ywlZzJXOsEEQwNSmaVowff/BJwCRmANYnBSdRCe3mR0HwAykXfI1Imrr6B7+VGJcDNYAwIgwNDSU3+394Cnfsb8xSSbGBNeluEzL8tuV3PWSM5FklQQXmle4u3h7pVa2S68+wOuPeXf8zHbd96TYrOHvx6zRlmV3SNHJ3j2/4+1VTJJ5e7V3z++slyfLiXlm/IYAMMGwKmAMS26l469RyXaz4wCIOOhoBAiC0H0fv+4/9vL51n9inv3q76hFN0qutLPrd5nEVLvkSlWyV9su/Yrtmu8oi67Tm0vcr31X+N2B31aSlbmbLZd8UXKlGmsJ9PrjvkPPku6/yL8fAIA5rv8h2WPNDgIg4iABABgb72r0f/wG+TzEGAkh2ZzWNZ+R0xexkTbyV+xyynzblvvVVXfrFXu1yg9HfGtJVfI2WNZ8hjQvY0wIoR17WW8tDTYwPto+ekIIXdfHOZjDOdc0LZwXCqHr+ugRjkLXdV3Xw3vthBMkPJpH4yF8DxrXPJrXWB0CACNypdI13zI7CICIgylAEJSRdgqKCFzXz7zP648RCSLGJElZcK2Su2aM1bqMMUuUbe0XGJP8x19V8y4hSQ58oyQrC66RT72lVX7AJEVoXt/7T9hu+OlAdqFp+ocffiiE8Pq8q1audDqdnV1dH3647+VXXmluab7zjju2XnedLJ1N5r1eb2NT0/Hjxz/8cF95eXlvX5/T4Vi0aNH69esWFRbGxMQEnJDQ0Nh4/Nhxh9Nhs9nmz5tnt9tb29qOHT22+/33T5486XZ7UpKTli5dunbNmoKCuVarNeAvIoTo6+urqq4+fPjIh/v2tba1cV23qBbGWGJSYowrJiY2xuVy9ff1dXZ1bbr00tWrVknSBcG0t3eUlpZ+dOjQ/gMH+np6mcRiXK6FCxcuX768YO7cuLhYWb7gO9xZ816Pr5cR+YV22axLo0c4UcHt97xZtd0uW3v8fcn2pA1Za2t76g40Herx99plm122eTRvr9bfr7tVSYmxxGRFpefG5iTa4wdOa+5wd35/3yNZUemfLbzbZXWN9ncnIqJ+v/vhD34cbY362uIvRuGchxltyCQfzPkJByYCAVx0SAAiXWQ15cOjeX2n3xFcZ0YL3pmgzN3EgmzVSbJ17T9o1Qdo1J5gJivWDffpNQeICyYp/vL3rR3VLCHXeNbr9Tzy6KOnSkocTsf2bW81NTX/4pe/fOWVV9xut81mc7vd0rnWf01t7d9ee+3NN7epqpqWlpqekc45r6yseur3v3/2uecuvfTSL937xbzc3OEBVFZW3nvffRaLZePGjd/65oNHjh578qmnjh07FhUVbVHVjs72Uyc/fnfXrj/+8f9uvvnGf/jc55xO5/A3qa2t/d2TT769fXtiYuLaNWuvv+46h8PR1Ny0d+8H2956y+/3r1ixIjt7ts/r82sa13UjoTr7HWva/gMHnnnmT3v37s3IyFixYsXChQsVRamqqjpy5Mjvnnxy5cqVd3zyk+vXrxu86PxA46Gd9e9JjGVGpW/IWDvy90vPlb7U5esmEtdkX3lJ1prqnro/n37Bq3t1oa9NXbkkpdgpnE39LaWd5ac7Sv1cy3Vlb827Zm36SlVSiahP62/sa6zrrb8kY+3y1CWj/8254G9V7TjednJe/Jxefx8SABgOecJQ1/+QfraJfH1mxwEQKZAAQPgiJHngPQ288eOzO/NwLsXNllPmhfB6JiuzV415l5yUL8XN1lvPMEkiXdfO7LGcSwAkSYqKitJ1PT4uzuFwPPWHP7z66quJiYmyonS0tyuybLQj+t3up//4x/379l937bXr1q9LTkqWJEmQaGhoeP755//67LOvvvpqe3v7L3/x2PCjG1zRLokxIXhUVFTJ6dJHHn105YoV1193XWpqqizLzS3N7+zc+eab29raWv/nV7+OjnZ9+u8/NaQzvru7+9+++/DevXsXLJj/jQceWLJ48cANW7ZsycrKevL3T/X09Hzq7rtTkpM1XVcVZSBv4Zy/vX37f/znz2pqqtesWfule79YtGiRxWIxJgI1t7T84Q9/+N3vnqyurv6u499Wrzr/ZdpUm8JkRuSQHTILPMBCRKqkOC3OXn8fF9wu2xkxu2KzKzaP5pEleUly8RWzNxORLvTG3qbny1/ZXbe3vKviTyXPpjtT5sTlE1G3t9vLfRrXtlXtWJpSLI26TVN9b+P22l2qrHh0T5+/f8w/PUxTaMRPJFcqXfVNevlBs+MAiBRIAOC8CGnQh0qvOyJ8/caEHME1OWMRswTo/x4vSZFi0vTWM0REkqxXH6AlnyDZYkwmMnrcY1wxu3a9+8ILLzz4jW+sWbNaUZTq6pq42LPr5/w+n67rX/vaV9etXaso5//Xjo2Juffee7t7el9++eXdu3e/9PIrt33i1iEf7nA4iDFJko8cOXLo0KF/vv/+jRsusVqtRhtdCLFyxQpJkl988UWZ6IUXX9x06aW5uTkDLxdCPPnkU7vfe88VHX3zzTcPbv0TUXRU1K233Hz69Ok3t7354DcfevoPv3dcmDwcO3b8sV/8ora2dvbs7H/55/sL5s4dyA1kWU5LTf3sZz5TVl7x7rs7H/zmQ3975eWBoyfSHSm60GQmR6mOgUlQwzFiDsUuiDNGdtVqfKWMMcZIZtK5QQiSmZwenXb17MtLO8pre+pa3K0Hmo/kxubITG73dOhcl0na33zwZGvJwqT5I32WzvW3q3c29DYwIq/mQwIAA5AwjGHlXVSyHROBAC4OLAIGGANvrRg8f0dKyJ6sT7K5jJlCjEm8p4X7zu8d5PF6VFWpqa35+j//83f+7du33nJzZkZGakrKyhXL58zJN+6x2+133nHH+nXrBrf+DfFxcZesXx8dHa0oynPPv+DzDd1lSOO6MbWmurpq/bp1mzdvstvtA61wxlhsbOzdd96ZmJhIRE1NjYcOHxqcLrZ3dLz48suqouTm5ixbunTI4AARJSQkLC4utlis+/Z9+OG+/YOf8ng8f3322fLyCk3zX7ZlS0FBgTSsKR8XF3fVlVdaLNaqqqr/e+ZPAx/tF5rMFEaSn/RRkleJSTbJQoIkkjzcb4wJKEwWgjTBY9Xzc/oZsSR7QrQlmog4iW5vl6ZrRNTh6TJab4L4H079yaf5Rvqsmp66Q81HjOXCXt3bpyEBAAja9T+kyeheAYBhkAAAjIF3NwxMVWeCkz1+kj6IyYqxGSgxJvwe6m8feEpRLUJQZ2fXFVdcuXHDhoAvt1gsOdnZwxvfhszMjLi4WImxjva2fvfQVmmUw2n0UMbHxW/etMkS6HC33Lzc/Pw8znWPx1tXVz94i56KijO9vb2MsYSERCNJGEKW5cSkRJvNJsvyG2++Ofip0tLSAx99RESyrNxww/VSoC5SWZbz8nJTU1NVVf3rs8/29Z2dKKxKFiIiElbJymjEvlXGGGckSZJOPMEaS0QWyWJMGVKYNGQxty64IEGMJGJRapQiKUTU5mk39gKSSCrrqtjfdDDgB/l1/56GD2v76o2OXi/3dXm7uAhzHySAiGNMBAKAyYcEAEaDSUFExHX/wBJewZhwt4/1ijAJT/f5xqjuF+fWwzHGFFkhIRhjd915x/AO8mA4HU6r1UqMCSLNP3Q7S7vdZvy5M7Oy0tLSAr6DRVWLCot0nQvO+/r7BicAra2txj8VRZEDhscYs6gWRVEYk5qaGgdeK4Q4XVpaX19PRHl5eVlZAU5MM8TGxCYlJkmS1NjYWFdfb1yMUuyChCCyymrAzGGAwlRBQgjhVBzGdH/j2FWZyT5xwbdR39vQ6e0iIofqXBg/X5ZkQaKut16WJKtsk5jEBX+zartxzxCN/c276vZYJNWu2AWRzrUeX6+OBCAiofAM08q7qGCL2UEAzHxIACAEkVmlMdUx6CdJtJTSZHwPQoi+9gsvnG9hy7LEhXC5XNmzw5yA1O/u93q9RIIxJitDRwk8Ho/xIDU11RUz4jaXKWkpxr8BXeeDN/iPj49jjBn/QAIukBVCuD0eze9njGw228BMaE3TyssrfD4f57yoaFHAkQeDw2GPio4ylgV3tHcYFy2SKoQQJGSm0MgjAESkSrJxp0VSB3XzMyKSBq0e7vR0ba95t7m/xcf912ZfsTBpHhH5NX91b22UGrUhY220JZoJKu+qPNh8ZPjeuK+Wv17f27AuffXChPlCcJ3zPn9/SKcHwPQVmcXjpMBEIIDJh0XAAGOQopPPNy0lWW8qEbqXKUM30hkn4e/nHTUDIwBMVpntfENckmQSIioq2mYP+XO7u3tOnjr56yd+U1dXT8RkSVKHLRLo7+83thsiIsFHbMf0dndbLRZBJMsyG9TQz8zItNls/f19PT09PT09McNSCE3TW1tbPR6Ppmnz580fvP9PbW0tI5Jl+cMPPvz61//Zp/mdTqfdZrPabFzX3R5Pf39/f38fI/bxxyeIhKZpXt/ZKfiMMUFCJvnjjpInjj7pVJ0a9/dqbllSHZLVS5pP96pMcVmiKrurGUlEfGCmkNFcEyQ0rulC9+q+M11Vz5T89VjLCYti/XzhPVdnX2bsAerWPB3eTpclenHSIi70N6t3uHX3hw37lyYVx9piBn7H6u6aN2t2pDiTNmas+7DxgCBBJDyah4upcpwZwPSAHYEAJh8SAIAxSIm54lyzkUkSb6/hzSVyetHoXc6h0huO874OJitERIKTapNssQPPMkaCaMixWQG53e729o7qmpqqqqqGxoaamtqyslLGWFx8vMvl6urqEkS6PmxSirEnDgmu6zofscHKhTBmzlgtFlk+nwCkp6dddtllTz/9v2fOnDnx8Yn09LQhE4FaW1sOHT7s17S42Lirrrzy/Bty3tLayiRJEEmyXF1bbbfZ+939VlXVuZAliRhxnXPO/ZqWl5dPQjBJSog/vwyDERmBt3jau/w9EpMtkoV0f5vm5kIXxN2C9fl7dcEZC3AYg6ZrT5743xdKX+7wdrZ723OiZ98577aVqctnuzIHhik6vV1+3W+VrVGWqK2517xT+57O9cMtx0+2l6xJX2nc49W8vzvxtBCiKGHR3Lj80s4K44yDPn+fT/c7RxzYAIBAVt5FR16gqv1B3AoA4UACADAGOa2QqQ7SvEb3vOht0UrflRLzJ3AzUME13+HnBv0sWFQSs0UNuiDOzrAZeZqBrutHjhzd9ta2vR980Nvbt7i4KC8vb+t11+Xm5rhcrvr6+v/3wDe6ujolWeIjN/GJxChJhiRJxmY4uq4NngLEGLvvS/eePl3y0UcfPf/CCwUFBdmzZw886/P5XnrllT179kRFRd1///2zZ88aeIpz7vN5icjn837lvvuuuOJyxiRZlhiTBh0TJoQQXAiu60IIVVWHZBdc8IXx879Q/Bmn4hiSlA3Myvju3h8daT02/DdiTJrtyqrsrurydjGiBQnztuZdbbtweKfN064L3S7bnKojIzr92uwrXqh41at7/3Zm29LkYqtiFST2Nx081vZxjDXm8lmXWhVrsj3BSE7aPR1e3TvyNwoAI7jpUfrF1TgaDGCSIAGAADCZdTDJlSYn5Wn1J4wuYcE1f8kOOXuVMmslTdCu3rztjFb+3tmThokE50p6IUnn+425MS1n1L/LkSNHvvPw90pLS5csWfJP//iPxUVFMTExA23lM2cqNU0TQqiKqlosQ18c3F88NjbO5/ParDZVtQxphScmJDz0zW/+z69+vX/fvu9//we33nprfl4eY6y9o+Oll156c9ubKcnJd9199403XD94K3RJkpxOp5FUeH2+4SeUXWCEFQLGV8OIDd9kfeCKxKQLR2yE8TpZkjdmbijorX+x4lVjD585cXkbMtYam/8YKrtriMiqWG2yTWLS1dmXf9B4oKm/+UT7yffrPtg8e2OXp2tHzbs+7luftjo/Lo+IYm1xxud3+rrdmieY7xZmKmz/H6aEbEwEApg8SAAAxsBUuzLnUq3hxMAF0dXge//XUuoCyRo9/vcXfrf3gydJ1+hcAkCM5Jy1F9wj+NnxhxEa6v397n954IHamtrcnNyHHnxw/vx5Q9ocksSEEJwLRZHVYS1pp9MpOCfGuCA+cjIgy7IxfchqGZoAENG8goIv33ffD3t6Dh85UlNTwyRJCCFJUlZm1v1fv3/1qpXp6elDPlpRlNmzZu3bt58xqbq6OpivazD93NfCBQ8wv2eQgb04NTJGP85lC4JUSdqad82ZrqoPGvf3+HqePf1imiNlfkKBcb8QoqqnWmKSU3E4FDsRJTmTrpl9+e9OPs0Ee+LEH5alLD7Ucuzj9pJYa+ytc65XJJmInIpDIkaM+rQ+DxIAgPAsv50++hPVHTU7DoAZCAkAhCzixgeYJGcull0pvLv57Fx5xrTao96/fct27cPMOuKeOUER3H/ydV61b1D3vy4l5EhJ+YPvMkYAhBAjffl79n5QeabSYrGsXbc2Oyc7QF84MSN7YIGGLYyudyGEqiiKPGKx0N3ToygKkxiTpeEfUVdf/+1/+3ZMTOyLLzyfkpysaZrf77darVardaQ3lGU5f84cSWKMSe/v2fPVr3xFVUMolLy6jxFjxDQx2kFgROQTOmPEBPNqHmP7IElIRMLYu8ipOr665Aul75R3eDvr+xqePvWXB1Z8PdriJCKNa819zRKTbIrNIluISGZScfKijJr0hr7GPq3vTyXPtXjaevx9Xy76hzi70fFPTotTlhQuuNvv6dPco4YG0x76+CeLJNPWf6dfXU+jzVoEgHBgG1CAsUmJeXLOOhq07w2TFa3sfc8b3+OtZRT2Po+633/qTf8HfxCe3rNXhGCC3TFIAAAgAElEQVSMWdd8hsnnZ+kIIiH4uSWsgRu6H398QpZlxpjdbpcD7cTv9Xo1XZdlWdd1n2/oQbb9bjcxJjhXVVW1jLhkta+v12is+32+wecAGBt6/uDff1hWVn791usy0tNVVbXb7S6Xa5TWvzEFqGhRUUZ6BmPSiRPHjx4bu6tvcArUo/VLxBhjHt03Sl4qSHChkSCJsU5frzEgoBMXgvxcs8s2IoqyRH1/7UNJ9kRG7FjbiT98/IzRc+/RPB3eTsaYXbENzAtKi0pZlbJMlmSVKW9Wbz/QdGh2VObqtBUDn2iVrTLJROTn/n4/JjEDhCujiFZ/2uwgAGYgJAAAY2MWhzL/SskZf8EUHFnRyvd4djyqle+i0Kd5CE+X7/Bfvbt/xbsbBjrlheByeqGSs+bCW4WmacQYjTgAQMaSUyFEX1+fpg1NSIQQre1tHrdbCMEkiQ3LEIyzdZnE3B631zviolUhiJ9r9w/p8mxra9+9e7eqqpzzkJZG5OflrVu3TpZlSZKeeeZPPT09o9zc0dFRVlY28KPKJF1wcc4oL2SCOAki5uM+44xeXehGmP3n/nYZ0em3zb3JoTpkJm2r3r6taofGtQ5vl5t7GDGH6pDPjdJYZevK1KUJ1jhjJYEsyVtmXeoaNB/MIisO1U4kdME7PJ3BfxsAMNSW+ykm3ewgAGYaJAAAwWByWqG66lNCu7DvnOt6zSHP2z/1vP0Tvbkk2KEAzeMv3+V55SHfe7/i3Y3nBxaEkOwuZeltg08AOPvxRhqg64P33hlsyZIluuCMsf379jc3twx5tqq6+plnnuns6iIize8fPn1fGDkGMZ/Xx/URR9u7urokWRFCKMrQrXhkWSainu7uZ5997q233j55qqSuvr62tq6mtq69vaO9vb2vvz9gGz06Ouruu+8qXLiQc7Fz584nn/p9V1eAQ3aFEFVVVQ8+9FBZecXAxQ5PlzEny8d9go28PxLnvf5+iSQuuCSM75Lzc+cdePTzydua9JXr09fITJZIeq7s5T31H7Z7OvyanxFzKo7Bhw3nxeYWJi7QhU6C0p1pS5KL5EEHiqmSJfbs3DDR0Nc0UmAAMDZrFF2FpcAAEwxrAACCwmRFLb6Rt5b5Dj7PlHOTZBgjIXhfh//4a/7Sd5XslWrxjXLKAmaNCvgmwt2lNxz1HfyLVnOYuJ+JIf3oQsnfoOZeMNfIYJwE7PP5hvfuG1auWF68qOj4iRMVFeWPPPro9773cHxcHBH5/drHJz9+6Fvf3rx5c1dXV1lZeXtHe31dXV5e3uCX97vdxuCG2+PxDpsgdDY4Ifx+P+ecSBAbOhUpPj5u3dq177zzzv4DBz46eNBiURljjDFJko25STExMQsXLLjh+uuXLV9mvXAbotycnB/++79/5nOfq6mpeeI3T5SWlf3TP35tVlaWcu7Asq6url27dz/2i8e7u7se/u53z4et9xt/Bo/uGSk1Mpr7Pu4lErIkdfi7iMjPNZ3rTBBn3M/9A3c6VccN+ddWdFeWdVR0+3perng9PyZXF7rEmFW2skH7CFlky9bsq9+s2iFL8oL4goyotMGfqEhyvC2hsruaEbV62gkAxmPRVtr/f1Sxx+w4AGYOJAAAwWKSatt0P+9t08/sFZyfbbsPNOG9fdqp7dqp7RSdpGQUSbFZLCqRMUkQYyR4T5PeUsYbT/C+DkaMMYnYoPakECS4krfOuv6Lw48X4EL09PQ57Paz2wEFYrVav/e9h7/9b98pLy/fvmP7wUOH1q1b53A4SktLm1ua/+X++6+4/HK71fpk4+97e/u+9k9fv/zyy2/7xK2pKSnGyz1ut2qxWK1Wr8c70hQgznl3T4/D4VBk2efzc10fvNhAkqTvfe/hn/zkp+/s3Ol2u40dfiRJ4lwzDgBua2srKyt78cUXly1b9o0HHigsXDgwhsAYy86e/dILz//3Y7/Ytm3buzt37tixfeGCwrz8PKvV2tnZeWD/fmJs48YNX/j8F5ISEwc+VHBKsMfLTLZKVj7CN0NEPu5XmJrkSNKF5pSNr1E4VadVthA7PwXIkOZMvW3OTb889luZSd2+niOtx+JtcUTM2AJosFkxWVfN2lLSWbo+fbVVHrrUIdmRmGBLkCTm131YJAowXlt/QI9dSVrg7gkACBWLuB1dItvwP/fgKwOPR3ow+L8DD+z2oQ2jmY13N3jefUwv3y00X8BWnRCCCX52uS6TGA06vYtJAVqCQgjBlZzVtsv+RYrNGv6GPp/v9dff8Pq8Ho/32muuSUiIH36P8TY1NTVvb99+4sSJxqYmq8WamJg4f/78a665OiU5mYi8Pt+uXbvLy8utVsv8efOLi4sG/nZnKivfeWenyxUtSfK6tWtTUpKHv7+u62+9vb27p1twnp2dvWzp0oEeekNlVdWzzz67/8CBrKxZs7Ky4hPinU4n1/Xent7GpsbSsvIjR4709/dzzhcvLv7B97+fm5Mz5CP8fn9JyekP9+0rLy9va2vr6emxO+wJ8QkFBXNXr1qdn59vtV4wdFDZVc2IceIyk9OiUlUpcI+Gn/uru+tUSdGF7lQcSc7EXl9fh6dTE5rMJJcaPbB7j4ELXtZZoUqqzGSLrOqCa1yLt8VFW4YO7PT6+to87enOVFUeunK6ua+lX3Nz4gpTsqIzkADMMEaWO/BnNR4M/u/oD4avogl4BS6w4z9px3+aHQTA9OB+sIKISipqhj9VkJuFBCDiIAGYCIK3V/kO/dV/+AXiOgXacieE9xKcJEWdt8W2/l7mShvhHmE0DrgQ0lhNBE3Tunt62lpbrTZbXGyc0+kYem4u50aHfcCPGHgQ8M0558ZhwMPvOXrs+E9/+lMhxD33fHrZ0mVRUc6B9IBz7vf7m1taXnvt9cd/+Utd0xRV/cYDD9x6y83DVyMQkabpHo+np7ent7fXbrPHxLgcDoexxgBgikACYALNR49dSa3lZscBMA2MmQBgChBAqJgUN9t6yX1yRrH3nZ/xnhYmyeEdCSwEl2wuy+pPqwuvZfbYET/v/HG2Y3+KoijxcXHGAoCAAra5AzZQRnrt8Htq6+oe+MY3mpub/+d/frl08eIhHyFJktVqzcrMvOfTf19XW/vMn/+sc37mTIVvhKN/FUWOinJGRQ2dCgUAEU2x0NYf0O8+aXYcADMBdgECCB1jzOJQ513huPO3auE1pFrJmOcjRMCjegdfOrdhpSAiJTnPfuNPLcvvGKX1P/VpmvbEE7+pqKgoLi5eUlwcMMEwWCyWW265hQQxRn6/huFHAAhN7lpatNXsIABmAowAAIRPcqXZrviGvug6/4nXRdNJ3t0svL10djXquW5yRuzsCV7GogCFRSfJiblKwRXqnA2kOsz8BSZCZ1dXxZkKTdMWzp8/5kSd5OQkq83KOU9MTByyhGAA51wIIUnnDxvmQhiPBq4MSR4YY8b0pIF3GD7HiXPOGBt8fcgHGbnZkDcZ/kEDj42j0AZ+Zc7F4KGRwaEOvO3A48Hz6AJOxxp4ByPs81/FsB8H3nlIeMMnjBlfwkDARiYacMRn4KONAZwLJgoSsXOzxUb6cwT8vQAmxlUP0ukd5O0N4lYAGBESAIBxYYpNyVqupC3SW8t5U4nedIp31YueZtHfIfxuEpwYY7LKbC6KSpSikqX4WXJGsZwyn+wxw7f7nI48brfH7SFjU9Sx9LvdnOuuaFdeXu7wbEEI0dLSUllV5fF4Y1yu3Nzc6Oiojo6OktJSwQVjLCkxIScnx+3xnD592uPxGi3U1NSUrMzM4ydOpKSkZKSnu93u0tKyvLxcp/PsJCKfz3fy1Kmurm673TavoCA6Oppz3tbWVl5xxufzuVzRebm50dHRnZ1dtXW1+Xl5dru9o6OjprZ2/rx59Q0NjU1NXOdMYrExMTk5OVaLRdO06uqa+oYGQSJndnZ6elpPT0/J6VL93EENyclJc/LzjU+vqalpa29fXFzMGKutq+vp6Zk7Z05NTW1Tc5PRfE9KTMzKyrJYLMY3UFdXX9/QMCsrMzU1taur60xlpaqqCxcsICKPx3OqpMTlchnrpz0ez+EjR/PzchMTE31e37ETxxcuWGC324UQZ86cae/oKFq0yHJux9Xm5uYzlVVen9cVHZ2XmxcdHVXf0FBXX+/3+YmIGM0rKJBlufR0aXJyUmZmJmPsyNGjqqrm5uY2NTa2tLT6dY0ECRLLly7t6+urb2gwvqv29va29vb4+PiS06cZMUWRNU2XJGnVyhUEMOFi0mnL/fTad4O4FQBGhAQAYCIoVjl1gZwyT9Wu5J4e4e0ld5fw9QomM91Hqp3ZYiS7iyxOZnHSsB1jpjWn02l3OGRZLi8vH971PsRHBw/6fP6CefOKFhUNv7O1tXX7jnecTmdyYuKp0yUNTY3r165ta2vbv//Agnnz/Jp27PjxS7mIdkV/dPBQZka6K9pl9Kl7vd6PDh5y2O033XhDb1/fwcOHkxITBxKA3e+9397RPnvWrDNnKktOn779ttta29re2bnTbnckJyWWlZc3NTVv3HBJe0f7ocNH0lJT7XZ7W2vb4cNH8nJzT5eW1tfXz5o1y+fznT5d6nF7iouLysrLP/roYGZmhtvj2fb225s3XUpC7Plg76IFC212O7uwW73iTOWpkpLioiIiqqysqq2tzc3JKSsv6+zsSktN6evtO1VyesXyZfPnzZMkiXNeWVV14ODBzs6ClJSUyqqq9/fsjY2NNRKA2tq6PXv32h2OzIwMi8Xicbv37N1bV193zVVX+bzeD/bty8nOttvtHo9n9/t7Ojs7EuLjc3JyiKizs/P1N95MTEyMiYk5eOjwmTOVV191ZWVl5clTp+YXFDAmCUEkRHtb+/t79+bl5iQlJfl8/t3vvZ+QEJ+aknLq9Onamtp58wokSSYhBBctLS3v7totSdLCBQva2ttPnjy5YvlyEqKrq6uqujo7e3ZMzDSe1QZT3epP05EXqO6o2XEATGNIAAAmDpNIdUiqg6JTjMUAgogZc94DT7WYCVwuV35+/kcffXTk6NHa2tpZs2aNdGdff/9vf/Nbm8120403BtxptLSsLCoq6tKNGxwOR/7cOW+88WZtXZ2qKIqsrFm9ymK1vvTyK6dKSpYvX6aqanFxcXJSkjFHpbe3l3Pe3NJy9Nix/Lx8Xddp0CSZ8oqK3JzsokWLCubMaWhs8vv9lWcqo5xRmzdtslotbW1tb23f3tzcrKqqzs+9kJGu64xI07RZmZkb1q/Xdf3dXbvq6uoXLFhw+MjRuXPnLllczBg7fuJjq8Xq8XgEF2vWrLZarcNWWovB66fPbaVFebm5xcVFfr9/9+732traB82iEa6oqDOVVT6fr6e7Z+AlmqZVVldnZmZV19TU19dnZ2cLIs55TW1deXlFZmaGrnPjaIn6hgbO+aysWSWnS2fPns0Y2/nurpjYmMu2bFZVdcH8eXV19cakqbjYuNWrVxufKklSW1u7JEldXd19fX0tLa3GFyGIdJ07o6PWrlkzcKfOudfn3fPBB/PnzSNBmqZFRUWtXrWqpaWlubV1yeLFiYOOawCYYJJMW/+dfnU98RGPLQeA0SEBAJgcxoaARDO46W+QZfnzn/vciePHjx479tgvHv/qV7+Slpo6ZHqPX9Ma6hv++7HHmpqb7777rr+79pqA2w11dHTExsY6nU5Jkhx2hzPK2d3dnRAfr+laaWmZpuvtHe0rly9njPl8vh073pFkWZKkRYULZ2VlCSGKFhVWVdckJCQMPi5NkqRrrrry9Te3VVXVZGSkFy0q1HW9pbUlPj7earXIshwTExMd7ers6kpMTCRBNLDXLSNiTFGUypoa6f33+93u9rb2lSuW+/2+zo6OxIR4Yw1DcdEiIjpz5owQ4sWXXpZkiYhWr16dfS4Rkpjk8Xj++uxzjLH2jo6YGBcREYnTZaVt7e1+zd/Z0blq1cqBnEEIkZKSXFNb29jY6PZ40tJS+/r6iKi9vb2trXXjJZc47fYTJ09mZWUZs/AXLVhwurQ0JsZlfKGappWcPr1g/rw5+fmvvvZ6e3t7TExMZVXVmlWrLBZLS0tLX39/fHycpmmyojQ1Nz/73PNc8Ojo6E0bNzJGNpvNYrG0d3SUlZXNmj3b5/WSELIktbe1//W554Qgq0W9futWRpSRlu7z+fbs2ZuYlEhknPosCc6NFQJYAACTK6OIlt9O+542Ow6A6QoJAACMV2pqyiM//cnPfv5fH+7b982HvnX5ZZcVFi6MioqSmKTpWltb28GDhw58dMDj8X7rWw9de/XVI60VlmWZc92YR8S5bkwlH+j8ttlsy5cuXbhwYUtrqyRJBXPnxsbGEGPx8fFGuzk/L19RKg8eOuQZdJixruuqqt6w9bqWltaa2prnX3r5tptvtlqtfk0buEHT/IqiyJJEJCRZPrs++OwRbdxmsVosloozlbNnZc3Ozva43bIsGyuAjXa51WojxoQQRUWLbFYrESUM2oaVk1AUZeGCBYzRqZLTHo+HiEiQzWpTLerpsrIlRUWzZ80atK5XREVF5+bk7jtwwGG3x8fF9/T2CSEaGhu7u3vKKip8Pl9TU3NLa6tVVTnnixYVHj5y9MDBg0bS0tnZ2drSKstyaWlZX19fbW1dTEyMzWr1+nxCiPrGxqrKqobGxk0bN5CgqKioZcuWCi4sFtVisQghVIuanJJ8+vTp5taWlcuXnzxVQsQ45w6HY9mSpcRIliTGmBDkckUvXLjw5Vdezcw8f8yZYAxbO8FFsuXrdORFrAYGCA8SAACYAFlZWd966KEP9+07cuTIrl2739m5k/OzzXdFURPi4zddeumqVavm5OeP0jeckpxy8tSp+vr65OTk6uqa/v7+hPh4XdetNuu6tWtcLpeqqkZbU5akxKTEtNRUIYQsy55zpzIVzJ1bWVXl8/oGZtRwzre/886cvPxFhYVOh+PYiRNc8OSk5GMnjjc1NcXFxVVWVvX09MbHxdntdq/P197WZrfZ6hubZEkyGvqJiQmrVq6022zHTpxobmpKSUlJS02trqlJSUnxer073323sLDQarESo7TU1CinU1w4BUhwIUnSvHkFjLGW1raamhojtqyszOKiIqvFWlZenpOTk5qaws7NPpIlOTcn56VXXy0qXGizWjnXfT5fXV19XFwcI+aKiWnr6KiprsnPzyMii6rOnTPn7R3bdc4ZYw2NjbIsOewOXdfTUlPr6urm5OcvWrSo4syZgoK5uTk5qqLUNzRwITjnNps1Mz2DMRLGzj+MKbKSkpx8+nSpqiixsXGapgsSXHBVUTIy0s/vZURC13liQsLKFct3v78nNyf77DZERIwC7oULMNGcibTxy7TtR2bHATAtIQEAgIkRGxtz+WVbLt24we129/X1eb0+YqTIss1mczqdNpttzE1CCwrmtra1vrV9h81m7e93Ly4qzsjIqK2ttVmsNqttYEMbWZKIsZ3vvsskiQnKysoqLlpks1oZY0lJSfPnzTt0+LAkne2TVhRlyeLFu997r6S01OPxLJw/PyEhwel0NjU1vfbGGw6Hw+12Ly4uTkxMlGV5Tn7+zl27rVZrT0/PZZs3KYqiKKqqKpIkFRQUNLW0HPjo4Na/u3bFiuXv7Nr14ksve3zepMSkrMzM1rY2q8X66t9eYxLTdZ6Tk33phg1GAKqqDJx3Jiuy1WJhjCmqIkmSJEnFRUVtba0lp0sSExNUVSUiVVGFEKmpKdHRUakpKZrOHXZ7b29vb1/vmlWr0tPThRA2q7W5pXn27FlWm5UYy8rKnDNnzrFjxwXnTU3NBQUFxUVFkiQ1NTXt2v1ee0f7qpUrurq6/vba6xaLpae3N3v27MyMjJ6eno7Ozr889xyR4ILWr1ljs9lUVY2Pi3NGOTPTM+x2m6IqsiRZrbb+/v5nX3hBCMG5uHzzJlVVVVVhjC1burS2tk6WZSM3kBhTLSoOtIWLZO1naf/T1FFrdhwA0w/DWTwRJeB23cMfj/Qg4I92u/2ixA4AMFW4zw06DT9Ie/i52gFP2h6+DGb0c7ghsGMv05+/bHYQAFOO+8EKIiqpqBn+VEFuFk4CBgAAgGlr0VZKKTA7CIDpBwkABICOKACACYHidNJd9ZDZEQBMP0gAAAAAYNqas5HmbDQ7CIBpBgkAAAAATGdXPUTSGHsMAMBgSAAAAABgOkspoOW3mx0EwHSCBABCgMmsAAABoXg02ZavkzXK7CAApg0kADAaVGkAAGFA4XmxGeeCAUBwkAAAAADA9Lf2sxSXaXYQANMDEgAAAACY/hQrXfGA2UEATA9IAOA8jFkDAEwSFLAXw6KtNGuZ2UEATANIACB8qM8AIGKhAJyicC4YQBCQAEQ61GEAABcZCt5JNGsZzb/C7CAApjokABCOwbWXEMLUWAAALqrBhd6Qpjxa9lPC5n8iSTE7CIApDQkABGWUWg0JAABEFBR6U13aQiq+0ewgAKY0JAAwXpxzs0MAALh4UOhNA5d+BYMAAKNAAgCBBT+QjboQACKKrutB3okZQaZJyMYgAMAokABElvHXRsPfAQkAAESU4YXeZBStMF4YBAAYGRIAGMPo1RJjTAihadpFjAgAwDRGcTdmwXgRI4IRYBAAYGRIAOACwddbg+9EAgAAEWJwcRdegQkXDwYBAEaABACCNfpGQMgBAGDG0zRtlC2A0MqfchKyafknzQ4CYCpCAgDjZdR5mqZhMQAAzGCc82Dm/8DUsukfSbWZHQTAlIMEAEKuzALeL4Twer3YHhsAZiTO+UhF3IQUoTBZopNpxZ1mBwEw5SABiDhhTFod6SVDriMHAIAZSQjh8/mGXByzYMQKganiknsxCAAwBBIAGGqUqmj0Co8xxjn3eDyYCwQAM4au64OLtSA7RIJ8Ci4GDAIADIMEAMIx+oJgj8fj8/kwFAAA05rR8T/6wCYa99MDBgEALoQEAEYzZt025IaBHzVNc7vdSAMAYDoymv5ut3tgf7ORyrqRIDGYWqKTac1nzA4CYApBAgAUUmUW/PC3EMLv9/f393s8Hr/fr+s65xz5AABMTUIIzrnf7/d4PP39/X6/f3h5Nf55/0gMTLPhSxgEABiAAzIgTMYZwIMfjHRd1/WBXrQhFergH0fPDZA5AEAwgj+jd6RO/VEejH4dpjSbi1bcSXt+a3YcAFMCRgAi0ST1UQVTfY4yjM7OGenNAwojTgCYAUIqE4Y/G0brf5wFY9g3wIRZ/0UcDAxgwP8JMIbhPfrBPBj9fQb36A/5MeCV0cOboF8UAGag4UXE6N0QY77PeFIFlFcmc6VQ8Y106K9mxwFgPowAwFkTWzMFrAhH734LeAU9/QAQklGKjoBXRn+Mwmem2Xgf4W8KgAQARjJ6XRh2Z9jwOT9DPnSk5v5Iw/2YGgQws43///1gkoGLUOLBlJCYS/MuNzsIAPNhClCEGmWuTthvFeTUoDGnAA2uNcMOEvUuQIQLch7ORVsMEFKQMIk23Ecnt5kdBIDJMAIA5wVTFQVZBQasMkOaAjT4Ojr4AWAkoQ4FDLkS8NmwC7pgbgaTZS2hnNVmBwFgMowAwIiGdNsH3BJ79J7+US6OsvzXMHrfP6pSAAhGGOMAo0/mGb3Rj/k/08Pmr9NvP2F2EABmwggAXCDsfqwgq8yAQwEBu+vQ5Q8AYRi96Bh+faTByeDXBKP7f/rJWU1ZS8wOAsBMGAGIXMEsAxil8z7ULv8gd/8cqe8f1ScAhC2YhntIOwKFutFZ8FHBRbLhPvrj58wOAsA0GAGAEAQ/5B327p9DOvAmLnYAiCxjjgMMuTL64zEb9yivppl5l1NirtlBAJgGCUBEC7VXbKTrIU37CVj1hroIGBkCQIQLo3AI+NQopVPY3fzBlKIovkzGGG28z+wgAEyDKUAwtjEnAgU/7WfIFKCwFwEHfAkAwBBBttGDbOWH+himtOIb6a2fUHeT2XEAmAAjABBAkDvfhfc4yO5/dPkDQPCCLDHGHASY8BY/Sq2pS1Jo/b1mBwFgDowARLogTwQb5bYgxwSGrwAOr/sftSkAhCS8QYDwWv9BFlAox6aKFbfTWz8mv9vsOAAuNowAQGDBj4+PfttEdf+P41cBgAgyUYMAYczqGTOjgClHtdOSm80OAsAEGAGAEXv3Rx8cGL2Df0jX/vCe/iHvPPoeoKhHAWA8guyzCHgl7P7+4EcewEyr76H9f6TgVp0BzBgYAYAQjF75TVLfPypLAAhJMGXI+McBwpv8A1NO8hzK32B2EAAXG0YAgEIaBBizdz/svn90/wPApJqocYBgWv/o/p9OVt5Npe+aHQTARYURABjD+OvFsHf9n4jwASByTcg4wAS2/mGKKthMMelmBwFwUSEBgLPG2TcWzISf4W8yekM/4HSgMQX9GwPAtDGBpcEoN4xZdgW8YfibjPJbhPJLw8UiKbTqU2YHAXBRYQoQnBfklqAj3TzmhJ+RVvoOqRSDj2GkwMbzcgCYecJYrRtMyz6k0gZF05S24g565+fYDxQiB0YAICjBV5Dj7/tHBz8AhGo8QwEBr49+JfhSEaYHeyz2A4WIghEAuECQB34NvhiwRz9gH/9ILzcE2fGP+hUAwjZJQwFjvjkKrmlg5V2072mzgwC4SDACAEOFUYcF04UWXsd/6OEDAFBIRUrwQwFo/c9kqQsoa4nZQQBcJBgBgABGHwcYpS8/yOO9gu/4R8UJAJNhQno6xnwrFGLTzNrP0p+/bHYQABcDRgAgsIk94TL4jv+wggUAGEPwQwEjPRXS9WCehSln4TXYDxQiBBIACNN42vqjv+1IJihwAJixwitAJjwrgOlKUmjZbWYHAXAxYAoQjGik2T7B3DDS5J8hz45yz5ivAgAITzCFyTi79lFeTVfLbqOd/01cMzsOgMmFEQAYwzjruWA679HZDwCTJ9QSJpgRgzHfIaxIYQqISaeF15gdBMCkQwIAY5uQ+uTI9cUAACAASURBVDKklv0o4/jhDfEDwAwwqSVDMPcHmT+E8jvB1LPyLrMjAJh0mAIEQQnmkOAxpwyFt/F/8FDvAkBIQkoPJvYNYerKXkVxWdRRY3YcAJMIIwAQrODrvyB73dCFDwAXUxhlTkilEwqxGYIxWnKL2UEATC4kABCCMMbTw3j/8Q/lA0AEmtgCZLKLO5jSltxC+IPCjIYpQBCyYKYDDb7ZeDAhE35QxQLApAqjkEG5NAPFZVH2KjrzgdlxAEwWjABAOMbZuz9pcQEAhOzijBLANLP0VrMjAJhESAAgfGFXfpjbAwBmmZDyBwXXzLfwWrI4zA4CYLIgAYDxmpCKEPP+AWACTV6RgnIpUlgctPBas4MAmCxYAwATY2Ln+gd8Z4BwNL/97Z8cbTQeJxV99/9dlmZ2RDAdoSCKREtvpUN/NTsIgEmBBAAmWDCnAUDEaH79x0+/0GI8dt34r5+7OtnsiABChKZ/5MpeRakLqPFjs+MAmHiYAgSTAnN4AGD6QgkGZBwIgKXAMEMhAYBJh6oUAKY+lFQQQPENJGOuBMxA+GcNF9WQmhUzhWDSJV/28COXmR0ETEVo6MPYnAk0dzOd3GZ2HAATDCMAYCZs/gMAkwqFDIzX0k+YHQHAxMMIAExRqJ5nhAv+jGzsv6rWVbbnz387cby+360REdmTkwqXL71pQ2GiOvRWf/uRP/3vnj3V/RqRYnNkLVn7+VvS9v/4f59vNp7P/NKjty0hIjr+i/vfPGxcK7zyiXsKiahh+xPffq2biIhcN/3rP6zt2fX0SweP1+sakWKLK7z28s+vzRr2gQAQkeZuJmcC9bWZHQfAREICAABTRP27jz//dLl38CV3c8v+197cv+PgXV/91MaU89f7jz33racqu8/9qHn6z+x9+xtVmYv9oX6oVvHaE88f7z7/s6fj8HN/+aH79m9vSR/H7wIAM4WsUPENtOe3ZscBMJEwBQgApoK+Q08Obf2f52l5+r/+fMh97sfuXT8b1Po/r772cEeon9t/+HiAd6p5bee+kHMJAJihFt9sdgQAEwwjAAAwBdTt/vPxc63/uLwvffXvlrgU8ncdevb/Hj/QT0TkqX3yxbIlt+cT0fG/HTxz7nX2gku+cc/KNJWou+xPT7y0vT6Mz3ZtufcTn8yPIX/Nc//1lzfOvkPD/lO0ctHE/HIAML2lF1JiHrWWmx0HwITBCAAAmK9k16lzE2ytG+6+YYlLISJSY5bcftWG6LNPuI8fLyEiKtt/XD97yZb3+c+vTDNm67vyP/kPK7JC/+is62/+ZH4MEZGadfPmzIHrjc3N4/qVAGAmKdpqdgQAEwkJAACYrqux+VybnpIKZw9+Kuf8j56Winai7voGz7kr+TmFg+915S+MC/WjHQsL4s//hDFRAAgICQDMLEgAAMB03n7PiM+lznKd/8FP5Pa6z/8sX3iv4gh57x7FEeorACACJeZR6gKzgwCYMEgAAMB0VodtxOcaqwct0lWJVGVQI1+/8F6tHyt3AWCSYBAAZhAkAABgupis2dZzj1uOVw1+qqZk4EdbUm48UXxW1kC2UHbm+OB7u8tOhLwLEABAcBZcaXYEABMGCQAAmC93RX7C2YfeXf/74qFujYjI31Xy4hvbe84+YS8sLCAiyl9ReG7mj6f817/e12D0+neX/emJ/TUmxA4AkQGzgGAGwZI3ALg4up//yaPPB7ie+aVHb1uScclthWWPGzuBdpQ//t2fD73LlnnPDfnGw8LNxVkHDhptfXfJ7m8/sHuyQwcAIGMWUOPHZgcBMAEwAgAAU4FzyT13fLrQGvhJW9JdX71tif3cjymb/vnTmfbht6VnLg55FyAAgKBhFhDMFEgAAGCKiF93z5cfuXfFilkO+7mxSXty0orrr3/kO5/amHLBrY5Ftz36zcs2zHIYNyo2x8Jrrn/k/k25AwuEbVZs7wMAEwyzgGCmYEIIs2MAAJgQp5785t/2GDuKzlrxyNc2xJgdEADMNLsep20/MjsIgDG4H6wgopKKACvjCnKzMAIAANNR+9s//9m3nnxrX1Xz+X0//fXv//rtPefOE0gtnIfWPwBMvIVXE2NmBwEwXlgEDADTTd2+t6v1Njr6xPGjgW+wZd+2IfliRwUAkSAhhzIXU80hs+MAGBeMAADANNPV3Ocfpe/ClnTXV28uDPlIYACA4MzHUmCY9rAGAACmIX9XxfF9b+8qK2nu7z477Ud2JccXLF9604bCRLT+AWDytJ2hn11KaD7BFDbmGgBMAQKAaUiNyV1y+eeXXG52HAAQeTALCKY/TAECAAAACMWCq8yOAGBckAAAAAAAhGL+FWZHADAuSAAAAAAAQpGYR4l5ZgcBED4kAAAAAAAhWoC9gGAaQwIAAAAAEKI5l5odAUD4kAAAAAAAhGjWMrJFmx0EQJiQAAAAAACESFZpziazgwAIExIAAAAAgNAtwF5AMF0hAQAAAAAI3ZxNxJjZQQCEAwkAAAAAQOhs0ZS52OwgAMKBBAAAAAAgLPOxGShMS0gAAAAAAMKC0wBgekICAAAAABAWHAkM0xMSAAAAAIBwzcWJYDD9IAEAAAAACBeOBIZpCAkAAAAAQLhy1+JIYJh2kAAAAAAAhAtHAsM0hAQAAAAAYBzmbDQ7AoDQIAEAAAAAGIfcNWZHABAaxewAAKYNIYTb4/P6/FznXAjBhTA7JAATMSImMYlJksysFtVuszDGzA4KwAyxmRSbSZ21ZscBECwkAABjEEJ4vX631+fzaf+fvfuOj+I8Ewf+vDOzfVer3lBBQh0ECJBMFQaLYmSDDRzEuIX4cM5xznZ+OHEudnLJObk4uXMuTuJu4o4NDsSAwWBkiugII5BAEhJISBQJ9VXZOjPv749VWa1WDaSdlfb5Jh9bmp2ZfUZWeZ+Z531eqWNByINQACpSEQQQwGrlW9tMcjmnUsgVCjkmAsjrxMyC/C+kDgKhwcISIIT6Y7Xxjc1thlYjjv4RGpDVyhtajU3NrVYb/rwgLxM7U+oIEBoCfAKAkGs8L7S2mXAcg9BQ2XihqblNLuN0WhXHsVKHg5BbjJ8FhAEqSh0HQoOCTwAQcsHGC02GNhz9I3TbrDa+ydBm4wWpA0HILfwiICRJ6iAQGixMABByZjRZGptaRRGn+CJ0R0SRNja1msxWqQNByC2wFxAaPTABQKgHm01obTNJHQVCY0dLq9GGD9OQN4jBBACNGpgAINRNFGmToU3qKBAaa5oM7fhIDY194zOA4LAKjQ74nYpQN0NrO8Xm/ggNN0qpobVd6igQGmEqX5wGgEYLTAAQ6mC18tjrE6ERgj9fyCvgNAA0SmACgFCHljaj1CEgNJa14o8YGvNwGgAaJTABQAgAwGSyCgL2b0ZoBPGCaDJhRyA0puE0ADRK4LcpQgAAJrNF6hAQGvvwBw2NcTgNAI0SmAAgBKJIcbkihNzAxgvYDgiNcTgNAI0GmAAgBBaLTeoQEPIWFiv+uKExDacBoNEAEwCEgBfw9j9CbsLj0zY0tuE0ADQa4PcoQoDTfxFyG/xxQ2OcyhcCY6UOAqEBYAKAEAgijkgQchP8cUNjX0Sa1BEgNABMABACAUuAEHIXEZ8AoDEvEhMA5OkwAUDejlJKsSsJQu4i4s8bGvOipkkdAUIDwAQAeTtCiNQhIIQQGkNCkkCmlDoIhPqDCQBCCCGE0PAhDIQmSx0EQv3BBAAhhBBCaFhFYhUQ8miYACCEEEIIDSucB4w8Gyd1AAghhBBCd4pSoCIV7X0dKNjbO1AKHf/rOfncPvmLEAIECAAQIPbPCCEMEHLHs8PCJt7Z8QiNLEwAEEIIITSqUBBESimlIoiUUnHIzdzs+/c8zPkUhADDkK6UgGXsucLgBMSAJhDa64cWFkLuggkAQgghhEYBQaCiQAXBTb1kKQVBoI6JASHAsgzDEpYdKBUgDIRPhLLDIx4lQrcFEwCEEEIIeSg3D/r7RynwvAg8DCoZiJyGCQDyWJgAIIQQQsizCDzleVEUPWDU3wfHZIBhCMcxLNczE8BGQMiDYQKAEEIIIY8gCFTgRUHw3HG/S6JIrVYBrMCyhOWYjmcCYSlSx4VQn7ANKELDrGjbppe2lfbaXPrpK5s+7b15LLuy7f82/Xb3lQH36+Mr1p+6E1teemVLbsMdRIcQ8hj2AbTJyFstwqgb/TsSBGq1CCYjb7OKojoQfCOkjggh1/AJAEJoRLTm5+eDXFl4sWDJhMnD/ZsmKP3+F1JBqR3m0yKE3MleRSPwHlHfP7x4XuR5II9vZ/M3cxd3koZyqSNCqAd8AoAQGgnVuScN8UseWB5T982h6uE/PafWadWy4T8vQshNeJtoNvG8bQyO/rtQTSA/9xnzo1/wc58BpU7qcBDqhk8AEJKA6caxrTvLygwCAOsbE78qe06Mtud2lg1Nnff40gk6sJcPHYHsJZFFuQcqTPHLn3iY2/3SdlizPjh/+8UygwCsKj4r6/G0YAAAvrUi/9i+MzXXO04+8fG16UEAAA2573x5NuHuhe1nthe28awqfm7mmjTI25F7oMLU8emsCJU9PkPxtm2nCmsFHljfmIkPr0oP6/Wromjbps1loet+nu2yytVWejbfHLUmRZegjNq540JpVliC46u38jY7RO6wYOaggyzd/dJ2sL973YktrxVGPJFl3b2jvMYCnEKftmLZilj1MP83QwgNCwo2XuRtotRxuJHaz5b5nC3jCe7sx7K8D3BxAOQJMAFAyO34C1s/LoMly15MDeb42rKjx05XGGNS1dBwbNPm65Erlr0YG8y1V57Ynft2jvr5rDD7QcV7c81pM36YHearBCgHgLqd38pXrlyzLgDqC3M27cs9Hr96thaAa7x2U5e5ck5MgI7jrx/YvO/DnIiuk9SfPJ6fveTFbH9z0b7Xdh587QwbeU/Wi6v0baU5r+/MPRC7LjsEwFz66d/P8HOznk2L0PK1xfty3t6memHtJFXPi0hZ9cRv+7zC5ryjNb5zVyUAQOykNOWeA/nNCWm+HS+25W16v4CfkbXx7mgtX1u44+DOmwBR3QcPKkgn7WXb8iau/cEjoRrT9Zx9m3YcS/7JooReeyGEJEQp8DaR571p6O9IqeNn/4jPeII7/wV34k3SMgKPRhEaNCwBQsjtDIYmkIdGBas4kCmDU7IeXJuqBrAU5JSY0zJXJASrOJDpozOXxHKFFyo6D/JNW/BEVkKYVqfqSNtVmUsWpYSoZZw6LG1KssJQUWXfHp25Yk5KiE7FgUwZMS1Z21xV2dT11vF3PZ4aLANOl5KerrfysXc9nBIs4xR+KenpelNFeTMAVB89Uxyeti49wo8DmTJ48ooZ8RUlhW1DucBbBcdrgzI7Rvxhi+cHXT9Z0PW37trJkuvBkx/Piraff9raGclOhw8iSGeWoGVr0yP1ChnnGzM3NsJSV4HzgxHyJDZ7wY/Xjv67cAp++iPmfztoy3wOZKpBHIDQiMAnAAi5XUDa4vjyzX/fUpMWm5YQHR8erOIAoPFaLTRX7HnpjOOuoabOj8KiwnqeRRsY0P1xkAbOGhoAAgD4pqLjO09WVhusbRYAAPAX+M79AsO7jmFVLGj9fR0/5UEAsFQ3mKDi1G9eOeX4XpEWgMHOuLUUHCozp2Z1TfyVpUxM23fkeHnmqlgAsNQ1WLVREQ7FsBPiow7lOxw/iCB78fcN6g5WrwNTvf2LgRCSmiBQm1UYw4X+t4OT83OfESavlu39FXv5gNTRIG+ECQBCw4zjAPheW9sMraCK6RiSqlNWPfqfDZWFpeWFh3K235Iv/MHqzAAAgIh7Hng4We5wGKsc4rvbiva8urMtNXvBD2P0HED9yV2bht58Qpk679n5jvkGO4R+O20FuRVghpyXCntuP5S3ODYdJ8Eh5D0oBatF8OTFvKRFfcKta95jLh+Q73+ZNFVKHQ7yLpgAIDTMYuKDYF9lKSQ41qCbKqqvK4IWOtyTlgVET5sVPW0WXNv78duHSjNXRUcGQ35tsy59wp28e7PBBP7RC1Mj/AAAoNpiHeIJFGEBKnOVAbQJtzdYrzhcUhMzY2N2bI9fLkL59jcv5t5Kzw5RhAWo2qqut0JY5/mvlFX1mAOAEBoDbDYvm+l7u8S4hebxc7mTb8mOvwH8UH9jI3SbcA4AQsNMljJzsb5q8zt7C261mniwmRuuFe59fXdd6MxpHSnBjdxN2/IqDEYbgM1QWXDTqtSoARST58YrC49vOlHZZOZt5tbqor1/3nbBNNDbOfHVq6Dx+umqVhtvrC7cub3QVcFMv8LmTo6vLXh7R3G12WLjjU1VxzZ9lHttkAfzF3ILhbT0KX5anc7x//ops1Kt+UdLbQBhM+Mjags+zLFfZu3ZLWeKhxoiQsiDCQK19/eUOpDRg5Pzc58xb9gnxC2UOhTkLfAJAELDLjjzsQd8c3K/+WjrVgEAQOnvn7p81YqUzlr2kInpmtxt7xQ0CwAsGxo744msCACAcZlPP5q3fd/B1w4LPIAyOHRhVvRQ54jJUrJ+aMj5dMvWEwJoYyYvm2naOtTlh5WTHn+K3bEj/+0/H+cBOL1/2vzM0F57uWwD2ppfUqaPfTrWxVkTZsQq3y/Ia0uYrU1/Yr18646Dr57paAO6nNu1dYgxIoQ8EKVgtQriaF7KV0LUL7qjImjvr0jLTanDQWMcoTgxB3m9W3WuGssghEZGSJDvIPZCo4woUqsFJ/sOA2K4If/nj5mb56UOBI1ipl+UA8ClchfP7xNjI7EECCGEEEJ3iudFixlH/8OD6sdZHt3KZ3wfCJE6FjRmYQKAEEIIodtnsQg2K1b8DytWZsv6lWXNJlDh4zI0IjABQAghhNDtEEVqNvFY9D9CxAl3m3+wS4y+S+pA0BiECQBCCCGEhoy3YdnPiKP6cZaHPuHnPI3lQGh4YQKAEEIIoaGxWgQbNvp0D4a1zd9oXf5nYLBzIxo2mAAghBBCaAgsFkHAsh/3Eibeb1n9FsjVUgeCxghMABBCCCE0WBYzdvqXhhi30LLuU1D6SB0IGgswAUAIIYTQwCgFs4kXRRz9S0YMn2J+5HPqEy51IGjUwwQAIYQQQgOgFCxmHqf8So4GJ1ke20r9x0sdCBrdMAFACCGEUH/s7T5x9O8hqE+4+V+/FqNnSh0IGsVwRjlCw6xo26bNZT22KINDFy5ZMHvcaJu8Vbr7pe2w7ufZKcN83obcd748m/rAc7MCBn9M0bZNm8tCBxtMW2Xuztxv2mKffXJOUI/t1WePnjxQ2NgsALBsaMpdD2cn+3W8xjeVntpztKysVuABOH3QwuVZmaPuPxlCI0AUqcUsSB0F6olTWFa/o/jsEeZmgdShoFEJEwCERkD8vN+uSrB/aDM3XM/P/fTjL5vWr8sOkTqwUSs+e80LPKsceEfjtRP7Pj3cCBoWFD1f4Uu3vHmkOmXG2ieXhOrl/K2y7duPv75D/sKKCTKAuhPbXj8jT1+ybGOUv45rq8g7+OnHu2DD2swhJCkIjUGUAo7+PZRCa1nzvvLDlaSpUupQ0OiDJUAIjSyZMiBmVtbicFNxca3UsYxiMqVOp1XLBt5RzVvks9eteWKGyvkVLmHZUw89lz0lUq+WAacKSV4zN8hcXFYBAABBacs2/vuD2QnBOiUHnG/MrDnp+raC0uYRuRiERgl73b/UUaC+qf0s3/sA1H6D2BWhHvAJAEJuIOcUwPMCAABfW3DoZG5hXY0FgGVDU+c9sXSCfaxqunFs686yMoMAwPrGxK/KnhOjtd/SztlytK5ZAGBV8XPnrJwVzRX+83c52id+siim4/xXtv3foWszu4tqbIU7f3PI94f/nhnpeFp70cuSZD8OAKDuxJbXCiMem9v6zb4bNcqkZ5+aE8RXH9928JsKEw+sb8zEx1NdXkvpp68cKXZ4xNHF1lD8Tc7F/CqDWQBOoU9bsWxFbEcJTWv5wQ93lNdY7Ntn+vU8G2QviSzKPVBh4lltWvaS5eOqd245ld8oAKtNy16yKsW3K9pnn5wTZK8gSshaZs7bWmgwC6AMjl2zbkFC59OBmLuzYwDqbrgIXaftVdKjYDuSCqVO1+MFgedBp+2VRSDkTXDWr+ejftGWNX9XfPYoWNqkjgWNJpgAIDTS+NainD0V8uRZYQAA5toKPnrFD7JC9WowFG/9+6GtURGPpyiAv7D14zJYsuzF1GCOry07eux0hTEmVW0rynn7JCx/7KG0EJa/VXng2+KytOhpyfHxu8+crYKYKAAAKC3JtwAUltTNspe8WwqL6nyT0yMBoGr/q5trIrOXvZgczLVXfrMt59WPDM/+YGZHZXxjyeaj45aveSBer1JC8+nNe/bw8U88dVeMRqguzvl0nwHAv9flJDz8c+ehv535Vg2fMvPpFUF+Smgqynl9a07M88sncwBV+1/bWhOZff8THTEczG0HrcOBxXtP+q69/8W18vpDX76+c1eZXpWWveo/w9mao7ve3pkbn7B8cq9fVG35x07MzXz6J6Ha9ht7tuRs/TbqpewJQ/zv0nDiRJ0yISum9yt8a8Wh3BP8uMeSFa4ORMgrWMwCjv5HBTF8imXVW4rPvw8iPq5Bg4UJAEIjoOzIS68c6f6U1aYtv3+VfbCunbRiaed2fXJa1PHNZdchZQIYDE0gT44KVnEAXHBK1oP22a7NBhMoI2JC1DIAWUhC9jr74Ds+LebUzsJKiIoGgKLCmsAZ8X5nKk/fmpMdAtBWcLpCm5EVBmApOFEFqXc/nhoMAKCPzl4zueJvF3OrZnYEA0HLH1s6zX7v/MaZAzf1y36cGaMFAAhLXb6s6oOPCodw0bqUBSs6P/ZLiY/ZeaS4CibHWs46x5BU8bcCxz9TgXMXZEfpACDs7snJJ483zbh/SZQOACLvnpx88nhxFUyOdX4vc9SMx9Mj7CdcmK7PO1lTBxOCnPfqT92JnG/aQ9fdE91z45bXDrcBAGiClq1bkIC/IJG3sloE7Pc/iojjZ1uz/yD/6qdARaljQaMD/n1DaATEzHghu2PQyil1qh4/Z60Vecf25dc1G6xt9pl18QIAQEDa4vjyzX/fUpMWm5YQHR8ebD8qKC0t+eSR199pSE+LT4mKjgix18ErJqeFbt1dWpodncBfyCvTZ/z4Lm1D2TeF1dkhYa1lldeDYx8OAIDGa7UQmRLR/eba6Hh9QdmNZojyBQDwD4jsrJyxNTa3aYIjHe7MJ8QEwVASAGirPP7t2dNVbc3tVvv4PpkHgMZqVzEUOxwXFNA105YFAD+9r+OnvKtbWoHh3ZNzdRoVGJrrAAafANSd+Mfrh2HxhuyUntOKg9LvfyFVALA2V+Rt+Whr3dpHV0QN+qQIjRU2qyjgWr+jjZD6oM3ULMt5WepA0OiACQBCI4BT6bQ6l69U5+zaVKialb3k4XAVAJTt3rq94xV1yqpH/7OhsrC0vPBQzvZb8oU/WJ0ZAKBMePgn0XVVJcVF5ftOHq/RTHzaXsCTkJS2+0hhOcSYy8uCo1dqFbq00K3fllVnqSryDaGp8a7ffgRV7/44J18fv3JNVqQGAMq3/+2Mu0MYnKbCnW8fFmatX+Wiww+n1mkBAHSpS5dXffBRXumKKNf1TgiNVQJPeR7vIo9KfMZ65lYxW/gPqQNBowAmAAi5VZPBBFEzshOCAQCg2dwOoO9+VRYQPW1W9LRZcG3vx28fKs3smGirCIqaEhQ1JXPp9R1/3fdN6cyHEwBgQmrCka3FxTFtdRFpC3QdKcHxs0Wqitqg2Wn2m+j+kcGQX3UdUjvr49sqywxs2Djf3oHJgn1922uvtUHXQ4DSiiHdVW9tNkDMPZkp9lanbdZWAL8+Yxj6F26YmEp3v767LXnNA0tCev7243kbxzl2GRpExyGExhpKwWrFpp+DxYu8VbS2WFuNvNHIm9ptRl60WQSrRbDwVBSpwBGWYzgZK5czMhnDqTmVmtNoOJVWptPKNSMRknXJr5XXTpHmayNxcjSWYAKAkFv56VVQWHK2ITpVb7p+KOeb2s4E4EbuppOqhVkTI/RqMFQW3LQqw9UAcC3nn7n6actSQ/2U0FRVfq1dHtn5VyNhaiy39dQeS9CyVfbb/RNSE45s3XfRHDMjteMnWzF5VtTOzcc/jNKt6ZiAW1ATPHGty7KWkMmZ4dt2bs0NWzUjQgP1xTl7StmhXJnOVw/5+efrYif6tt/4ZltBTUcC4BiDP9d+45ttJc2KHpOAhxVvajPxAG3tAghCW1ur0qEKy1S697XtjTErV62KdWoHxJfu+2x7Q8TieyYnhwSowFhdmrutkE1dE93HuyA0NmHTzwEZrIZrrdfLWsorWipvtd9qsraYBbNN4AXKC1SglPKUF0SRUkqBMkAIIQzDsIRlCGEJxxKOI2xGyPR/n/zDEYlPrraueE3xyVoQbCNyfjRWYAKAkFuFZS1bY9m3/d1PtgMbOHXe8vhDHSVAIRPTNbnb3inoWKQ2dsYTWREAEJqepN1x7LVvTTwAp9DHL8laNq7zXOPiU5VlJ8JjO4f7kJA6Dgqr4lPju+9eRy3a+OixrTv3/G63vQ3o7I1LkvtoGe2bsW4Z7Mj98M3POtqALmFf29l7t77agIZlr5tt3nLqtf89A6w2fdWM5K2dJUBRi55dk/vp7l2/221vA7ogM2ff2Tv9QvalfPvfjnROMCjb9LcyAEhe+cTDCQDQkHfoRhtA8fbPXnI4IHD+A8/NCkjIfmBtXu7u7bu2twsAwOn905bfvyIWuwAhL2Kzitj2x4kgCmbBYuSNlS1VBQ0XzjScr2iusAg20rUHAej9RXPcSACEHvvIOFmsfvzIxSyOm2pb8HOcDID6Ryj+uCOvd6sO13tCyH1CglwUoSFpCQK1WrD4pwOltNXWWtZSXtpYVmK4VNZ0pc7UKFCR9N7VZQLQzz4EknzjX5zx03BN2PDH7UDx2aNMxbERfQvkDZAk2gAAIABJREFUyUy/KAeAS+UuisESYyPxCQBCCCHk9Sjg6L9Lg7lh37UDJ2vO1Bhrmi0GgXZ8Zchg7vcPhFLIHDcnVB0yrCG7YFn+J9V790F73Ui/ERqlMAFACCGEvJoFR/8AFKjBYviyYs+Wy9usgrXHmL5riE+B2jMBh8M6dgBwOqQ7L3A4RsOpl0YuYggzotcCAKAJsiz/k+Lzx3FlAOQSJgAIIYSQ97LZRFzzyybYcq4f2l6xs6Klkoq0xxh/EDf4Ke1OARjSUVzdu8KaIeT/TX1ar/AZ7vBdE2Pm8DOf5E685Z63Q6PLyOegCCGEEPJIlAJv8/Y7xO02418uvPXmxffKDVedR/+dd/0d5/SC8+sd/9TI1XPC7wpQ+QM45wyUAlBIC5o6N2zWSF2GK7b5G2nghEHsiLwOJgAIIYSQl8LSfyNvevPCe19f3d9mNXbU6lDnYh7nDxxQAI5h/VT6Bydkvzjtp/WmhgZTY49DSEc5kIyV3Ru9SMa4d4kRhrUu+o1b3xGNElgChBBCCHkjQaBeXvxDKf20dMs31w50d0SkDlX9neN40vlSR7UPASBAKSg5RYxu/F2h0yb5p5Q0l76S/6cWa2uPWQKd5yKETAuaMjVgknuvDwBAjJktpNzPFu1y/1sjT4YJAEIIIeSNbF6/6O+XFV9tu7JTEAXHebwdNf+u7vfb7+XbJfknPDB+WWrAxBpT7ebSLwrqL/CUd9zT8TECx8jujV7kq5CmAa5t4QvslYNgaZPk3ZFnwgQAIYQQ8jo2m7cv+1XZev3Tsi9s9hVzO8frhHR85vwogHbuRcBfGfBEysNZ4QtZhtl+9at3L7xvEx2W3XU4VdcXeKJ/wuzQu4jrrGLEUZ9w2+wfyQ7+UZJ3R54JEwCEEELIu+DcXzNv/uLKP5tNnatAdg3VHZKi7tE6BQCQs7LxPtFzw2YtibonUBlQ2Vr18aUth28cFfvosyl25gx6pX5j2jMsYUfsagbGp/+AK9xG6q9IGAPyKJgAIIQQQt4F5/5eba06XnOaumzw2Tnw72juSYAAidJFZo9fPCskI0wTCgCHbh7bWrattPkydfUYpbtlEAFCyIOx94WpQ0fwYgaDk1uzfqn4/PsSh4E8BiYACCGEkBfBub8AkFt9tMVi6PNlhy8PQ5h/iXtg7YSVOrmOIYxZsGwu+2LblR0W3kKB2mcDdz8rcFgRzF5HlOyfmBVxt1TFP47E2EwhYRFbul/qQJBHwAQAISDExYotCKGRQKQfCHk7nPvLi/yXFV/bh+8ungF0btHIVNOD0x6KX53oG29vGXSzvfrvJZ/m3jgqUAF6Nft37hpEQM7KF0bMD1GHjOz1DJptwQtsWQ7+wUOYACAEAMAwjCB4dTksQm7DslJWQiNBcFm04l2OVB8z28ykd6ufznyAIcxE/6T7x9+bETJDJ9cCgCAKebVnPiz9vKzpitNXkDj8i1JwPOvUwNSscXczHnD7344GxArxWfgQAGECgBBgAoCQOzGMpwyGvJPN5u23/wHgvaIPOz7qnQsRkDHyR5MeWh691D70tzcE+rpq/3vFH7Za21zOGgDHsp/OfylY5U8mP911Eg/Bz/kxPgRAmAAgBAAg41ibjR/EjgihO8XhEwDpCALto2ONFzHy7S3WduJY/NNZuK/mVMn+iesTH0nySyCdxWrNlpZdFbs/Kd3a0ebfVdVQV8NQai9yoyDn5M9M/mGwOsht1zVIYliqGDOPKc+VOhAkMUwAEAKFXGY0WaSOAiGvoJDLpA7Be3l560+7goYigfI92vxTAALBmsDVEx5cFLHAR67r2rm6vfqj0s/3Vx3s7hfUX98gIACUAkPI9KCps0PvGvmruR22WU8pMAHwepgAIARyOf4gIOQm+OMmFVHE5j8AAOfqC628zan+f2rg5J9MeTpUHcwx3d+fJt78p/NvFNQX0q5GP7T7Hn/XssFOCIBe4fNw4hrHRMKjiNF3idF3MZWnpA4ESQl/ESMEACCTcVgFhNBIw9G/hGxWvP0PANBqbXUs49EptMuiFj2SsE4tUzruVmuse/nMH4qaLnUM8zv3d6wdchr9UwqEgIyVr096OEmf4IZruW22WU8pMAHwbvi7GCEAAIUcEwCERhzW/0hlVN/+p5S2t7erVKo7byElUEGg3Y2QIrURjyc/NDt0poKVO+52xVDxt8J3ihovOfb174ym58Cf9uj+yTLMiphl90YtJp7d71aMmSeGpTLVhVIHgiTDSB0AQh5Bo1ayDP44IDSCWIZRqxRSR+GlRnX1/969e97b9FbZ5bI7P5WFt5h4EwBQApMCU36V8fO7w+c5jf6bzE1/LnjjQmOR48aOCQO98wEASju7fxIyJ3zmuoTVLOPxM90J4ef8WOogkJRwxINQB61WJXUICI1l+CMmIUEYrbf/AUAul9XW1p44fvTOT2UTeavIMwxzV8j0l6b/NNYn2ulWvcHa8ssz/13UUCKKPVKmjpE/dVjrl3bc/iedM4kn+MY8nvCIXq6/8zjdQJiwADSBUkeBJIMJAEIdlAoZx+JPBEIjQsaxSgXW/0iD50fx7X8A8PXzB4Dqmpt3fiqLYOZFa3b04henPx+kch7+1pnq/ufcn4vrS7o30V5df1xlUhQgyT/x+bRnxvtE3nmQbsJyfOJiqYNAksHhDkLd9D4az67bRGhUIgR8fNRSR+G9BH4U3P6vqak2mUwuX9JoNBzHtbe3m83mO3wXkYorxmf/28R/1cqc1+cy8qatl7/Mq8l38cXq6+8CAQAgDEkPTftZ2rPxPhPuMDw3E5LvlzoEJBlMABDqxnGsr49nrdqI0Bjgq9fi+l9SoRQ8f/pv7pHDb771tyNHDrt8NcA/wN8/gFJaUlJ8h28UqgmdGz5byTnPRaFAc64f+mf5Ll7kiX1k7zC1F3rnAAQoAEtYH7nPipjsX6RtjNaNnnv/ncSoDOo/XuookDQwAUCoB7mc89HhrUqEho1ep5bLsOOcZEZF/U9gQIAoiidPHa+vr+v9qo+P3sfHBwAqqypGKIAT1afevPCevTsQ7V3nQ523qDhVakDK2vgHf3vXS09P2qBXjI66f2eECIlLpQ4CSQN/KSPkTKWUcyzbZGjrahWHELoNDEN89VoZh/f+pSSMhgQgJmZCTEzs5ctl3+zfu+6hR51elclkHCcDAKPRdY3QHapqu/520ftW3jrgnizDJvjFzQhKmxowOUwTEqD0d1w4bDTiJ97HnXhL6iiQBEb3Ny5CI0QmYwP8dc2Gdp4XpI4FoVGJ41g/vZZhcFaNlKgIo+I+hlKpjItLqKgor6i4cvVqxfjxMY6vMgwTHhZWUlLU0tLc0mLQanWiKHLc8AxgbCL/ZflXN9qqu7YQQggBAoRhGBYYlmGDlP5xvnHpIdNnhszQcBqGjJ3qCRqcQoNTSG3RIPZFYwomAAi5xjJMgJ/OZLa2G82CMApuoSHkIViW0aiVKqV8EPuikTUq6n/sY+6pU9POn8uvuVWdf+5sePg4ubzH909y8sQDB7+tr68/eiwXAARBuHv+PTqd7s7fuqTp0tHqE1q5Rstp1Jxaxal8FDqdTOen0I9Th4dqgsK1Yf5yfzk7Zr+f+Yn3yTAB8D6YACDUH5VSrlLKLRabyWy12myj4l4aQpIgBORymUohV2C7T4/haTcvRFFsb293OXDXaXWzZs/evv0fJSXFGRl3jQuPcHzV3z8AAIxG47FjRymlPj76iSmThyUB0Mt9npnybxpWrZaplaxCySq1Mo2cVchGeW3P4Akp98kO/lHqKJC7ecv3N0J3QqGQ2cc0NhtvtfE8LwqCIAiiiAkB8mIMISzLsCzDcaxcxslwpq+H6Vqh1nOczT+zZ89XD6xYNXnyFKeXCCFpU6fv/2Zfa2vLmTOnxy2PqKurLSsrnT17rr1GSC6X+/joExISExISo6PGKxTDs6p0lC4yqq8GPlSkpgYQrMApQeFDGK7vhqCjGNVHUH0EMVyXOhDkVvj7GqEhkOEoByE0SogetvpvZeXVAwe+tVgs27ZvvXKlbObM2WFh4Y47sCy7evXajz5+/+zZ7whhzp07SylNS5uuUqkIIS/87EWVauQWk6ZgNlBDNW2spHUltOYSra8Q25rAZgIqAmFBpmS0vqALY4KiIWACCYgl2mDwCSVK3RjICsSomWzhP6SOArkVDmUQQgihMUgQPav+R6VSq9Vqg6HZx0d/Nv+7qmtVM6ZnTJs23XFYHxERGR8XX3Kp5OTJ4yEhoTOmpzscPiKjf2oz05vnaOUpsbqI1ldRQzW1WnsN6UXgbYKpFequCVdOE4aAXA36UDZwPDNuIkTPZEJTYDRPEhDGZ2AC4G0wAUAIIYTGIE97AhAUFDR79pwvv9yuUqmSkpJPnTqxd9/uy1fKHnhgpd6no4++SqVKTpl048aNOXPnZaTPlMvlDNNHyx1KqcgTYz3leaCUyDiq9CWcCoaynDttuiLmvCJUXaDGVtqVL/V/AgKUUrC0w60rfG05lBwi3HtMeBI76zEmbgEwo3ICjBieJnUIyN0IdjpHCCGExhhKwWzipY7CGc/zn33+aVnZpfnzFwQHBX+9d09zc5NOq1u8ZGly0kS1Wg0ANpvN3vvfxfGClbZU08YK8WoeXD8r1ldRUzO15zkMIQoN6xMIQQkkdCITlkJ9gok2hCi00H/XTipSUxNtrIC6ErHmMm24StuawGQQTQawmYGSQRX4UAAANjSWnbEOYmczflEDvKmnoaLqtXQwNkkdBxo2pl+UA8Cl8mu9X0qMjcQEACGEEBqDBJ5arZ64jElbW/sHH77X0mLIylpy8sTxuvpaURRZlklISLr/vhV6va/rw0SeXj8jFHwlXj9PGyop30duQwEIAAUiUzC6AAiMYcJTmKQsEpQM7KBKHihvBmMjbamlLdWk4bJ4o4BWXxJa6gd5dYTlSFAMEz+PTVtJ/GJG0fQA+T9+yJbulzoKNGwwAUAIIYS8jtUqCLyH/n0vuVT82WefUEoJIQsXZvnqff/55T9iY+NXrfwXjUbj4oC2GjHnj7biQ9Rm6Ri10IGG1vZLJ4QwDLByJmoil/kjEjVzaIGKAhVshDeKN/Lo+V1C2UnRYhz4KAqEZYlfmHzJ8xC/eGjvKB3u9PuynJeljgING0wAEEIIIa9jNvEe++fdarV+vfervLzTQUHB69f/q4/Op7W11Waz2pv9O6LmFlpxjD/0N7G2nAChvcf9g8kEOnYgXOwMduZjMG4aUfsNPWpK2+vplUNi0bdiTSltqaV04DnW7OSl3JwnISCODO75g4RIbZHyvfukjgINmwETAPbXv/61FIEhhBBCaERQCrzNs1oAOWJZ1s/X79KlEoOhWS6XR0ZGqVQqlUrttBttqhSOvMEf+AttawCAjmL83sP9AatsOncQm27SsiO04QpR64hv5BDrcwiRa0jIRJKwgImayugCwNgIJsMAB9WWi9e+YxQqEpzg6bMC1AGysx+DzSx1HGh48POeBYCGppbeLwX66TEBQAghhMYaKlLBw1oAOdFoNAGBgfn538llsvj4RLm8Vw/Nthr+nz8TS3KpKAAQsDf3uYPRvx3lrVBfIZYcJuZ6Mi6NcEPu3UlYOdGPY6JnkIQFLEfozWIqCn1HQWlbo1hxkhjrmOgMYD24RxAh7JVDxHBD6jjQ8MAEACGEEPIugkg9rQeoE0JIYGAQy7Ez0jMCAwJ7vCYKcKvI+vH3xVvl4FBm0z3Idln2Q3vv1+tNuz7iLfR6IdQVk9Bkova/rQtgiVJPYucySXOJ4TptbwBRcA6s61PBRm8WQct1JnIqyF1NcvAMzM1zTHWh1FGg4TFgAuDpRWkIIYQQGpJBVKd7hLvnL3TeREXxWp6w52Wxqd71YLrnEJ8Qhmj1oAsDlY4oNMAoKd9OrO3U2EJba6mpBQSxa3/HlIhSypccoS232HueZ2Ln3HZ9DgmexK76EynYIZz4QGyq6fla99tSURQK91GRypb9ChQ+t/deI436T5A6BOQ+mAAghBBCY4rosfN/B0KbrvJ7XhZrr3aN2knPgXs3hmHHz2Cn3E9CJxGlHjiZSFhCWAICCDZqs1KbCQyVcP28WHZAqKlw8UUhRKgugz0vk2W/IBPuvu2YiULPTnuIGT9T2PfffHke9PHFpwIvXNhHzI3sqr8Qufa2327kUN8IqUNA7oNdgBBCCKExxUNaAJlMpsamBn+/AKVSSQaxQC9tr+U/eUKouQL2icx9HUIYNiSWW/A0icsChh04DkrprQIx/wuh5IhobAbeBt19QgEAWP9Q2do3IThxaJfX+31MTcK+3/EX9oNg62c3Ln0Nl/UzkDtPepYcabiifHuR1FGg4YFdgBBCCCHvYvOMFkBXr1a8t+ltY3t7VNR4F9N8nRjrhb0vC+XfdW/pnQBQIAoVN205d+9LZNz0wdbtEEK0oUzcAjZlEaMLIDaT2FLbcZ+eAABQUxu9kc9MmEWUfSxDNjhEpiJR0xnRQm8W9VeG1XyN+ASR0JQ7ea8RodTLjr/R1xMMNLoMOAfAs5tSIYQQQmgoPGT8ZrVam5obRVGsrasVxIESElEQzmzhiw93b3F1+58o1bJ7nmUXv0h8o4ccECGgjyAZ69k1r8lX/54JCHd8UaguFfa8TG2mIZ/W6U3UAczdz3FLNhJO1kfpEojGFv7QX2lbjeuXJcSw1G+81EEgN8EEACGEEBo7RNEjMoDq6puHDx8CgBs3rh89eri5uclm67swpv6ykPdpR3GOE9pZrsMw3MyHmRkPE05521ERhiWaICblfvkPNnNT7yWy7lOJld/Rwu13nj8RmYpJ+55s7vcJ59D0kzpcCIBoqBN2/OzO841hJwbESh0CchMsAUIIIYTGDlGgnpADtBvb2lpbLVZre3t7VVVl4YUCg6GZUqpWa2WyHu3wqbVd2P1LoboMSM/a/C4EgBBu2oPswufJcLXSl2vIhEyi84eGCmpsAQKUF8BmYuLmkjvu1EkYjgTFQUOZWFfZcSmk8/+dxIabjH8IEzqxz6kOUmBunmNunJM6CjQMcB0AhBBCyIsIokckAD46nwkT4hMTEoMCgw0thsbGhhs3bly5clmt1kRERHbtRimFsx/ZTm3teTRx+pCLn8Xe9zsyrBNnCStjwiaRsESoL4XWegCAllts/BziGznwwQOSa8i4VFqWQ83tPd7U4SNiMjCxs4jSg7qCMreK2avHpI4CDQOcA4DQbWg8/dm7T218dcMLf/6vf5QMtNQ7Qgh5EukH/x0UCkVISOjs2XN+/PSzD33v4bDQcEppauqUHju13LSd3uZQHkOAEnvr/K6iGUajZ+c+RRQj0DqTECYqg3vwFeIfCYRQUaDffTRs5/aLlj34B8cqI6f/OOKNi/TKMQ/6DwbgsWsUoGGHCQBCzi59tvkTc8Yrr2x897frl7bm/PKzy1JHhBBCg+WB3b1Zlk1NnbJhw7899uh6pVLRtZ2KvHhxt2i42WPvjlKZ7nvlTNI9ZNzkkQuP+Mdx6/7KjpsIAPyl48Bbh+3MoZPY1CWEcT3WojwvFH0NVuNwvd2do0qd1CEgN8EEACEnl49f8F/7yBS9DECmz3hkVuyFC5ekjgkhhAbJQ4b/La0t9fV1Foula4tCoYiMjGJZh8797Q209DDwNqf6+E4EgBCZkp31A2AH6iJ6Zxj/ePbeF5mQCaKVp4bKYTuvTM1Oyia6gB4bu/4LERCunhVrS4bt7e4YVeqlDgG5Ca4EjBBCCI0hUmcAFotly5ZPSy6V2FvwJyYmL8paHBYW7mLXulK+Mr/rbr9j4F0LAMtm3Efc0pqGCZ/CzfmBcOwt2lZPAuKH7bzRM5nQFNHQ0eGUAFDSeXUUgOfpyXdg1VueMhWYVQxiJzQW4BMAhJzEzZ7UuOX90/U2AFvtsfdPlE+a1O/6kBde3/ju17ccNhRu2fCH/dUjHyhCCHkaQRB27dpxqfSSj49er/dlWbakpOi9TW9/dzbPeVcqigX/7Piwa/Tf+VFHMyC1nlnwgtuCZyY9IHtyDxM9axjPSRiOTbmn61Pq8E/7cw++5Dht9Zi/GBwmAN4CnwAg5CzxoUef/MfWX/78CA9s6KylL6+OkzoihBAaLGnnABiNxlu11QqF4sEHV8s4rqXFUFZWVlxycffuXUmJKRpNd4dNam7miw45H9/zPjg7aTHI7rQp5xAQAoQdxH5DPGviYqL6IzW19djYlQzwAq04SqasGfb3vQ04B8B7YAKAUG/6Sas3vLn6jk9jqvj64707Lxl5jo1MX/r86iS17VrO+19tu2TkOfXEFSuemx0Ot/b/8o+NU1cJx3dUxz7yaOyej8snpdvy8i62gs+E9Od/lBkGfNXxbR/svn7NDMD5ZK5f92iSBgq3bNijWRl1becZI+jGr98wPu/dQ+dawWfCvOd/lBEGYCj56n/fv1TDAxec+PQz901SDcuXBSE0Ckg7B5jjOIZhLBbL8WO5ixbfO3XqtEmTJgvbhIKCc/X1dT0SgCtHqNXsqvS/61xyJn6he8IeWQofNihWqCoAhwcdtOvCCQgX9zGpDwIzTEsc3AGKXYC8BiYACDniDZePb9l98dJNYwsPAACcIjQ8bH521vw4/VB/N9cfz9nOT3/t1Qy1zZB/oU4G5vxPth0et+ovT0bKbNe2/Wn31xM23AsAcP1i7Yr/+PX4QFXj13vg3GXh9y9uDISSd369e1dJ5pNJXFjSvGfTw/UysJVs27jjeFbSojAAqK02PrLhzYcsx9546903+B+9tPFp+O7PLx3ZezljvW7//37cfv+LGzN8wJC/5ZefX/jL+kkj8cVCCCEnKpVqzux5u/fsKrtcVna5zMdHr1arm5oatVpNSEhY936iIBbu6m/0T4HxjyT6ULdEPeKYuFl8VYHz1s5UjbY2QXsD6DzgYrEEyGtgAoBQl8Zj72/+pDZs1aoVj0SHq+3jfVt7VeV33257/+fB8/5j/fTAoZwuMDrM55vz738LWUkTJ6XFyaAk74JQA1t/dKBjh6m1AMEAEHZPdlxgZ3oxNXNBoAwA/CN94PiNWkgKNlSeeGPHtepWgQcAiKgBCAMAv/Gzx3EAnFoFEDcxTQUAkYnBQrkJ6iuv1phb3v3Nq+/azxjsXw2TwvoIEiGEhldq6hSVSl1QcK7scllLi6G1tSU4OCTrnkWODUBFa4t462p/Z2EICY6HYVmTywOQ6HRC3nGuzuoqAzIbqOE6wQQAuREmAAh1qPpyyxaY98oLU3p0QZNpouIy178w5fT7H//vl8GvPODyr5HFYO7+pLq2BZRhagCIu+/V3968dO7i4X+8/2d+4q82hgFA+oaNTyY5HHoLAFi148MF5x/Kku2fXAv43vr/SNfLLn/5zJudPfX6fx4RPu33GxcMKV1BCKFhQQiJj0+IiYnled5sNgmCoNXq5PIefTxJWz0Ilr7PAQSAaAOIbDiX/pWSJggIAUo7xvwO9T8AQE3NtOk6iZjushkqQiMBuwAhZHft+DnN2u9N6aMHsj7jexkBed+5WhAgLj3Rcnzf6XobAICt5fz2Ay0x6ZP0ALbKkkum4MT0RU8+mRF7s6K0ZfzURLiQa9+Tr3d9tt44mRKA42TQnn/kumkQBwQmRQbcvPz1ZQMAQMvlY4W1g3ofhBAaPhzHKZVKX1+/gIBAhUJBera5pI1XgbdAjwZAPVDCMGpft0U74mRqYNg+erRSsJppyy2JZ2/YmVukjgC5CT4BQMhOodfVffDSqx/0s0v4NFfTo5QZ69eYPtn/Xy8dMfEAnHri4pXPzfYHAGPLxS3v7L5mBuDUE5fdN9tHKXt0ZcPHe+39hQISJ67vt71op7i1j8b9/v23Nnyunr14fOiF9oGPGLf0+Ue2vfH+exvMwCn9MlbflzHQAwOE0JhBiLtHkjzP19bd0mp1PrpBTyFtvkbtCUBft7wJIboxlACw8n46/VNKqckAogCsxLdliQUTAG9BPHDNcIQQQgjdHrOZp6Jb39FgaH7jzb/FxyUsX/7A4cMHBUFYunRZP/tTSoUD/8cf+zv0Eygnl6/8PZN874hE7Ha0vd762iJq66x6or0ans5YLVv8C5ApJQmvC3PjnOLDldLGgIaF6RflAHCp/FrvlxJjI/EJAEIIITSmECDUvasBU0qNxvbyisvFxRcvXykVeOHq1WTHHTiOCw8fxzBMZ4SUiOaeDyo6Fv7q+pwAEMq76wpGnsgDiN0D/66lj0nHP4mpkYq89DMA+P4mZqCxBBMAhBBCaAxx+yhSqVTFx8WXXCrZsvUz+5Z33n3TcQcfnc9PfvJThaK7wwwV+05R7CsBiyI1N0k/IB4uNhMIguuX7POAze0guvfBjUv9zsxGYwkmAAghhNDY4f5Bs0KhWLo0W+ejv3LlckuLgVKqVvdYvlej0Q50DueoCVDa0jTsoUrG1g6iSID0yHscLpoKfcyGdi9iNkgdAnITTAAQQgihsYMQ4uahJCEkODjkwQdWmc3mL3ds53n+kYcfG/CY7g+dwrW/IorU3Doy8Uqh+jv7gw0A0lHz0/OqGRA8oQsQGUtfc9QvTAAQQgghNAwUCkX2svsHsSMBRtZ75O+0C7Q3UKuRyMfCUgBiZQFQ6KcRkAgM2/er7oNdgLwGrgOAEEIIjR0SDiMJITqdTqfTDbgfo/WhnXOCade/HCcFi1SsuwIt10cuWvehVLjpsO6Lvei/5y6EZTxhFTCC6wB4DUwAEEIIobGDMNKPIwfmEwWcHLrG/b2fBBCgjddpc7UUwQ0zypupoQb6WAbMjii1wEg/JCMNV6QOAbmJ9N9tCCGEEBouzKhIAPShDCuHjn6fnRudAuet9OY594c2/G6epVZjjyvtTeUPjPRV2UxDudQhIDfBBAChAeBieQgNCf7ISMsTKskHRPThlJE7fO5icEypKJ7f1d9iYaOEUHZk4FnZCo30TwBEgTT8plqxAAAgAElEQVRdlTgG5C7Sp5sIeSCrjbfZeJ4XbLzAEGLj++jfjBDqRcaxIqUyjuU4VsZxcjn+oXE3Qjyho0y/FHqiUtM25xVxneYFC03V7MXtzKTV7g9w2AgWWlPqvNHpugkhKl8i9RMA0loNIv6x8xb4exkhZ61tJlEUGYaRy2UatZLjWKkjQmiUsSfPPC+YzBaL1abTqqSOyLsQhlDBgzIAURRv3ryh0Wj9/PzsWwinYOLmiLUVPdbE7V0kT6mw//+Y+EWg0Ls96uEh3iig9b1vq/fIAIhcwegCgEj8BIBg/Y83kfp5E0KeRBDE+oYWhiF6H41Oq1Ip5Tj6R+g2cByrUsp1WpXeR8MwpL6xRRBGfSHHKMJ4UhlQS0vLwYM5W7Z+du58fvdWQpiUe53rflzlLEJLk/DdlpEPc2RQQbx5gbY3OG8nDldOgaj01C/S3bH1wtTjDGAvgk8AEOogCKKh1ejrq+FYHPQjNGw0aqVCLjO0tOt9NCyLd53cQepbyd1qa299+NHfm5qaAODmzRuUUtKZnJDgREYhF63WjpolcLE8lp1w4Stm4hKij3Z//HeIGg304leUtzluc57xQACUvuAzTooAeyCNmAB4EUwAEOrQ1NyGo3+ERgLHsT46dZOhLdDfR+pYvIJUTwAopfX1dQWF5yuvXlVrNBMmTPjqq508z/v7B0yIjZs//27iuACwXMOmrRBPfeF46592fUI6PiJAaG2FWPAVO+9pSS7qjlz/Tqi+3HNTx1ege2FgAKLxZdT+UsTXA4M9QL0JJgAIgb3uX6WS4+gfoRFiLwpqbTPhfAA3kGopAKPR+OWObVevXrV3gioqusDzfFJSyj33ZIUEh5ZXXDGZTePCI7rjTFwMZ7aDIPQY9JMeDUEpAAgCf/wDMm4SEztfkuu6PdTSYtv/KvC2vrt/drzAxM2mnFLysi3SfEPqEJD7eMxjQoSkY7Xyoihq1EqpA0FoLNOolaIo2my81IGMfYRI0wy0qamxoqKC47j771ux4V+fCgsLA4DgoOCiixd//8rLH3yw6eDBAzZbdz0MExTHRU2BHm1AiUMrINI1NZia2m2fPQeGaxJc1e2ih/8q1lc5Ffu4WPOAAhOXSaSetkFqi4hhTKy7jAYHEwCEwMbzjOQNmBHyAgzDWG3YZ9AdGFaKASUBAJgyeerEiZMAqL9/IADkHjl08NC3JpPJx0fvtEYEVfmTqBnAsA6F/7RXj8zOF3gL/9WvacvoWBuY3jgnFOf0nuTco9gJAADYsAnEL8bN4fXGXj0ldQjIrbAECCHgeUEul0kdBUJjH8exVqsNQCF1IGMfyzACuDvX0ml1fn7+V8qvNGz9rL6urq29DQAUCkVUZHRcXHx4eERwcIhM1v3LlrAyEp/J5H8pGmq7tvVzfuHqGTj4f+yy3xCZRxeSUXOLcOxd0VDn8kWgjj2AgL3rMWDlrvZ0K6bqpNQhILfCBAAhsPEC1v8g5AYyjm03mqWOwitI8gRApVLHxcXn5Z1qamoEgMDAoGnTZkxOnazV6jiOc/mglYSlMuFxYkutc/8f2lkK5FA3Q3mbUPA1EdrZB//qQa2OeqEn3xIu5dJBrGHM6HyZhAVuCapflLJV+ATAu2ACgLwdpZQhBPv9I+QGHMeyDHHsBYlGiH0agJvXA5bL5YkJSXV1tePGRaQkT4qMjOQ4F8MMo9GoVqs74mRk7N3/Tyj/jlrNAKS7/Kfzn06JARUFW+FByv6MveenRBvc/xMDCdhMfP4W4chHVBTBKY0B6Ghq1PUxIcykbFD6ShduZyR1xWBukToK5FaYACBvRwix8ViUjJCbWG0Cjv7dg2GJwLt7PeCEhMSYmFiVynWJTltbW0HBuerqm/PmzQ8ODrFvJMGJXMZa29GPBv8uwoUcsJrYrJ8RPw9aHIDaTOLZz4XDb3eM/rs4fL/Trn8RINoANm4eMNKPxHACgBeS/tsOIYQQQsNOkmkAHMe5vOsPAKVll/bv33frVo0oiiEhoUFBwR2pIGGZGY+wRTlC483eN/QpOD8EAADKW/niQ2J1mezBl0nkXSN1MUNEj/6VP7WVWkx979FzBbDQRBiX5p7Y+ocTALwQJgAIIYTQGCRNI6BebDZbfX3dsWNHzuZ/BwBarTY2Ni4xManHomC6MHbqSjH37Z6L5nZwvGvusJWKTddtnz/HLnyambicKCVbY46KAjRXCd/+USg67GIagyPHJqCEZe96iCh07gu0LzgBwCthAoAQQgiNQYQAYWAQM1FHUE1Nzblz350vOG8wNCsUioSEpGnTpsfHJYiiWFl5NTp6fMd+DEsmL2dKDwnXLjgVzfdPNBroN39ir51n0lYxkTMkKKfhLfTCLiFvs1B9aQhHUeDS7iXRc0YwsEHDCQDeCRMAhBBCaGziWMYmSpMBtLe3nzh5PD//u5YWgyAIACCXK9JnZMTFxTc1NX6zf19FRfn31j48fnxHDkB8xrFLfia+/zgVhzJvgQK1mIWCPWJFHpe6hMzeQNSBI3VJzm9N6a2LwoE/CdcKwWwESvu639+7hIkNDOeyXgDOI/rhche/kjoEJAFMABBCCKGxieUYm02CBEAUxZOnThw69C0ABAUFTZ+WXlB4/saN68UlRVevVhw7fsRqtcrl8nPnvutKAIAQJmKGfOlPrd+8RnmL8xn7eiZgXymYUmqotR79mJzfxc17ksTdTXzCyIgNr6nNBK01wvl/iKe/EE1tPdoWudzfKWS5kpm9AdQBIxTe0FDKluyROggkAUwAEEIIobGJEGAYIg7pnvpwYBgmMSHxxo3r48aNm5w6JSgoOCxs3Ka/v33y5HFKKcuyMTGxU6dOm5gyyTngyavY6hKhYDcVhM6RM4EB1gfrOhhoW7Nt7/+wQV+QuLnM+LtIZBpR+g5Xq1BKKVhaaFUeLT8ulh0WGqsHG1hPbNJCNnnRsIR055ib50lTldRRIAlgAoDQ4JR8+cy7xkdeWZfhesngC6//oXrlC4vC+j9JY+7//KXl3l/f5/xHDyGERgbLEdHq7gQAAMLCwlc+uFqj0QiCcP58/qHDB+1jaLVavXjR0qTkFJ1W56IhrELHzv0hvVUm3Czu68y9K2rAcSBOqVBbAXVXybmdjH8EEzeHSb2P+MYAcweLvYii2HiZFn0tXjokNtdQUwuIvQp+Bhcnow9g7/53UPnffjDDii3eJXUISBqYACA0GI2H91UnTlLsPdGYkXkHv7j9M3/66+EMCyGE+sexjA0kqAJiWVar1ba0GL7c8c/S0hJRFLVa7aRJqUuXZMvl8n4OJP4x7P3/KX78JDW2dFf+UABCgRIAoIO56U4pNRoEo0G4fhEOvcOGxjEJc5joGeAbBwotsHLCcsCwQNiuxIBSSqgIVAQqUt4Kgg14I228SitPiZcO0tqroiD2aOPj+ICi53vbVzTrHv3bn2EQQjR+3GMfedDaBZRyFzEB8FKYACA0CDdOf63KeHm95pPf5l7IfKDz/n17+Zdb/pxnlKkUkQvHdzwYKNyy4Yz/StPlw7UWo9+U51fDlvdLalot6ln3/eqBONmt/b/8AH70wqKwwi0bzvg/Yrv69U2LEXxWPfXY/BAprw8hNGZJVAVkV1l59dKlYo1GHReXOGN6xvjx4xmGGfAoJnSy/F/+xH/1X0J9R3UKIUBvq97GTqi5LFRfBvIho9aBTyijDwNtAFH5EoWGynyAECBARZERTdTcSk1ttK0WWmrE5mpqNHQvp9xrWWLXt/ntuQqBHgsbAxCfQHbxzxj/mNu8hhHAVJ2G9nqpo0DSwAQAoQGZT+++nLhwqQxg6awjW/LaJ6VrAABK9v+5dtLLv8vQA9Tn/v0/IHKlfffLjQEvPfWKCvLff/Xl3Xe/9tJTaqj4+NcHjy+Mm+941suNqpc2vKICY97mjXsuzF+PZUEIoREhVRUQACQnT7znnkUREZFRkdFKpXLwB5LomezijXTPf4uGW50324c4/HeaN0wAAERjKzG28jVlHa8SIITt2lEEKgqi4/69T+l8Rlexd+/Y+SHhZFzmBhJ/z9AuYYRh/Y83GzgRR8jbtZze2zp5ZRwAQFjmNNh3xH5L6lL+1di0yXoAAAicGtd9VycuKUMFABAa5RM6IVINAKAJVAlGp9UhO3dTRwUF1lZXu+96EELehWMl+1vPcdzCBVkJ8YlDGv0DABCGSciSLX2eyFwdSF3OA3A6g+vN1PFVClQUQBSoIFBREEXRnhUMPtegjsHQrqyj8xSdo3/Z4n9n0h52fS1SEXju0jdSB4Ekg08AEBrAhd1nr90Unt+Y170p/+7n0vr5PT7IqWZ3MCMNIYQGjwDDElGQ5iHAHSAkaZn8Ib1t7ytibfkwnG/Q64vdpt4nJ0B0AVzmBmb6o9B7xrOk2CsHsf7Hm2ECgFC/WnJ3Xkn65atLoxy2/Ne7pw1pmYlp41/fd7o+PTMQoP7c5QqIlDRQhBDqk0zGWARB6ihuAyExc2XLf8Pv+Z1ws8Rh8/C9Ax3aLX8Xuqcp9/wAgNX4soueJ0lLPG30DwDciTelDgFJCUuAEOpP+YGLfGZGlOMmn4yluoLtJQBJi56bdPX3L/5t42/f/YSLnCpdkAgh1D+GIQzjcWPQQSLjpnPr3mJDJwztMIcHHqSzMKfHUJ+6eCbQ/9eos6zH1bMU4vwBq/VjH32HSV3hWZU/AADAVJ5ibpyTOgokJULpqHsmiNAwu1XXHBLkK3UUCHkF/HGTiiBQq2U0PgToQAWrePwd/sw22loLLocufbXlHIjrhQWczjyU0xJOxiXezdzzE+I3fhC7S0Dx+feZ8lypo0AjyPSLcgC4VH6t90uJsZFYAoQQQgh5BZYlEvYDvXOElbOzNkDkdHrkDaH8u/7WAhsiOpjMYdDZBaPWsfP/jUnJJtrg2wxohJGaC0zFEamjQBLDBAAhhBDyCpyMGdUPAYBTsONn0ai7mLz3+EPviub27pd636TvGrJ3fkA693JOHnofSFzv0M+zAvtL3Lhk7oFXIDD+Ni7ObWQn33X9CAV5E0wAEEIIIa/AsoSQUT/2IwwDGf8qi8wQTn9CK04LLfXQRweeHlX+HesID9w+tJ/b/C6OtW9iGBIYzU1ewqY9BJqgoVyNu5HGCrbka6mjQNLDBAAhhBDyFpyMsVnFQezo0QhhIHwqe18SVJ0mF3bzhfuAt7rabzDj/b4MtvCf8fFnpqxgJy4jIclAPL23Cnd6E4i81FEg6WECgBBCCHkLjmN4mzjaHwLYEU4JsZls1F1cxiO2Q6+Jl09RXuhvfV6AzucfQ1roq+/dZXLZ5HuZeT8iujBgRsOAqq2WK9wudRDII4yG71eEEEIIDZOx8RCgC+EUEJoqW/s2vVkgntsmVhXQlmpqMdLuoX73KJ72HMu7eEJAO1r2086MofcbEoWK0YeR8dO4GesgMMEDe/z3RXb0L2AzSx0F8giYACCEEEJehOMYgaejtx3Q/2/vzuOiuu42gD+zsSmMgKwKRsWAARc00EjqEuMajVo1xSTqW2Lxrdo32mBqYszSmMU0odU0ahtrSNWkYtQoERc0LpiAAQUXVFBABZQdnGFnBub9Y9iZQVDgMjPPt37SWe4988zI4Pnde865uokkon6+EtcR4vt3au9e1mQmajIu1Bbc0ahUbXTQdX4EzRYFanpbLBHb9RcNeFLiPkrkNgLyARAb0gXdxdlXpBfDhU5BPQULADJ1Go1GJjWkX+JEBk0mlWg0GpHhHDQ1SjIzcVWlIS8HpI9ILLIdKOnzGLym1laVSgpvadKia26e1uTf0ajUDQsBtdlC0y00AERSqchxsGSgv2jIBFHfITDrLTKz6NRrEXeL2hrZ0XWoNca/dHooLADI1IlEolqNRq2ukbIMIOpianVNLXv/PYBYLJJKxWq18QwEakYkgtRCLLVAr75w95NM+BPK82tzr+Petdq8mxplLipKNeoqTY0aGg00ahGgEYkBEURiSKRimTkseovlTrD3EPfzhNMwUW9Hw+vxNyc9v0OcfUXoFNSDsAAggkwqUbEAIOp6KnUNT7j1EDIz4y0AWhCJ0ctJPMgJgyaIAdRUaaoqRNUKTVUZampRU6mprRFJzCCSQiqBRW+YySGzEEnNhc7decqLZGf/LnQI6llYABBBKpWo1TwxStTl1OoaqZT/7vQUZmaS6mrT+9UnMRdZmcOqT8MhfcM+tt8OZj9uQFWp0CmoZ+npC9YSdQMzmbSm1jSOhBEJqra2VibjGYCeQiIVicVG3/s1deLbsZIre4VOQT0OCwAiyGRSiVhcVs7F0Yi6UGlZpUQiNpPxDEAPYmbOesyoqavNjr0jdAjqiVgAEAGAdW/LispqDgQi6iJqdU1lVXXvXpZCB6FmRCJIZewJGC1p7FZRYZrQKagn4teeqI6tvLeytJw1AFGnU6trlKUVtn16Cx2EdJDJxBwIZJTEt2NlP/1D6BTUQ7EAIKojkYjl1r3uK8s4FoioE5WWVd5XlsltrCRi/ovTQ5mbS4x/JqypKS0wP7gSGk5vI904FpOokUQi7mtnU1JacV9ZJhGLpVKJTCrh8qBEHaVW16jUNWp1TU1trVQi7mtnI3QiapMI5uYS47w0mGnS1JpHrERZgdA5qOdiAUDUknVvy+pqtUpdU12tKiuvFItEKo4LImo3mVRSq9HIpBKpVGphLpNx1q8hEItFUplYreIBY2Mg/ekf4tuxQqegHo2/l4l0MDOTmplJAXMAGl64lKgj+JUxUDKZuLZGU1urEToIPRLxvcsc+k8PxBGZRA/ArgxRh/ArY7i4KqjBq1SaHfgjh/7TA7EAICIiImhXBWUNYNDMDr0uup8ldAoyACwAiIiIqI5EIuKVAQyU9OwmyY3jQqcgw8AvORERETWSycQSCcdxGRjJle9lZzcJnYIMBgsAIiIiasbMXMKrgxkQyY0TZpFrhE5BhoQFABEREbVkbsEawDCI710yO/B/qFULHYQMCQsAIiIi0sHcQsIlnXo4UfEd8z2vQF0ldBAyMCwAiIiISDdzC14vqAcrLzbf/TuUFwudgwwPCwAiIiLSTSSCuQUXBu2RqkrN97wiKr4jdA4ySCwAiIiISC+xWMQaoMcpK7TYMV9875LQOchQsQAgIiKitojFIgtLKecD9BCi4jsWO+aL8m8IHYQMGAsAIiIiegCRCKwBegJR/g2LHfM58oceEQsAIiIiahcLSynXBhWQ+M4vFjtfQFmh0EHI4LEAICIiovYyt5CIeZ1gIYjTTpuH/w8qS4QOQsaABQARERF1gLm5RCJlDdCtJJf2mH8XDHW10EHISHB9XyIiIuoYMzOJWlyrqq4VOogJqFHLTm+Q/vKV0DnIqLAAICIiog6TSsVisai6qkajETqK8RIp75nt/YM4J0noIGRsWAAQERHRw9AuD1pdVVNTwyKg80lSoswOr0GFQuggZIRYABAREdHDMzOXqNUcDtSpOOyHuhgLACIAQNGlnTtjYjLK1YCNu2fgopn+dkJHIiIyEBwO1IlExXfMvv8/DvuhLsUCgAjIPfX+35KdF8wO9XG1QllG0tEtn2wrfC14upPQwYiIDASHA3UKSUqU2Q8hqC4TOggZORYARJVxBxNs5v9hqW8vAEAvd99576i/XfnX0P2tNrX0mbQ+aIS82WNJm0OOXWy4J7UJWDAvyLcHnD7IPf72X4vmhgb6Ch2EiEyHmbmkpkajquapgA4TFd+RHV8vST0pdBAyCSwAiG5fTOkfsLTsSOg/92PU+yHPuABWfi9t82u9ZVliWNjbYZINQT5WzR63mfvnutMFqrtH3//bgRODX5lk0235iYh6EIlEJLGUqlS1ahVnBbSPulr6y5eyn7/gMv/UbVgAEOmjiAvbuUs1fJbscgT8AxEXrho+S/aAfWT9RgU4Xk25g0kDkneHnTqjnVTg6bd66TgXoCBx36bdt3PUkNq6LAh+abxTUdx/94WdV6ohsfcctXKpz9XQsBi/oHfG2QGVcV9u3mU9+/MXPQCkH/hiY8Wkz190S//x4OaobKUalq6eS5fP9LFEYljofmu/x9MSouH9/pqAwr3fbo5VqqVWI8c4qrrpgyIiakkmE0ul4urqmlqOCGqTOPWk2fH1ouI7Qgch08ICgOixkZ6RMfG9VoWETK9/qDz+25W7sy09R03H5QiV93TEhcN7Oi5HYOz6lof/m1HdTYjJsx0/ALBxmbQgaIGTBVB0JDRs/5VxK4Yl79+V/firIesHQHX3UhKA5FPbUlzeDA0ehMqMxFTAbvw4l/CTF7LHTXZRXY1JQ4U0KQkePkg9E4+ApV6qK+EbT0oWvhXib6POiAxb/2X0ZyvHAchJzJq2PHhBv15I/PadRJvgd4PrNgBPQxCRYEQimHNEkH4c80MCYgFAZOE/e9TRv+34Ujo7yNdVhsrsxMhNe8vm/jlkuhOAZ6ajxX9bU+6vnzAgtbD1Xzhnkg1QURR/8OiJtHKlGgCc8/IAR8/B6ogDh1ymeo8cPMJXBli6PV4Rt3tv9Cw/H09fHxmAkZ7euxMu5qJvRkr6yLFz78XEJ8NHmpRo6bF6AFJ2ZsFntr8NAKn7k485n8xKUsEKsPEb+3S/XgCSkrItm21Q1I0fIxGRDhwRpAPH/JDQWAAQAU7PvLPGbufOg6/uql8GdE1wR5YBbZwD0KAg5sT+4oFvfzDNXaY4s+nfJwDAbvzyP468kxyfGLspLNIt6PdLvfxf/8AzPe1S3LF9m+/YrXhvno9s9Hif0+GxyVZ38nynvhQwIOntxGQ/3JaPeckd0LcmnJW1+SO9fSKiLqYdEaRW1arVpl0GqKukl76Txm4VKbOFjkImjQUAEQDAbsSilSMWdV57MksJIJHJgNy4MxmAD4C8lCvqQcN8Jg3wGaT+YmNiFmyRiP6+XuMGebmp3jsYfwc+HvAdMzhs54l9eGyFF+SqEYP2nfjSwmbWGkcAniP7Y/eFOKWHv4064/ztHHdPHxnSm7yop49Lxd4mG3AIEBH1GCIRZGZimUysUpvk2YDKEmnCLll8GMoKhI5CxAKAqGvIA6YtvLj/nZDLUvdRk3xwEYCqKj320Mavy9WA1PGxpcs8VMWnzuw8tKW4BpA4PzlptQcAwGt0gCzt4sjRngBk3gGep69WDPezAQDZsJmr8g5u/jB0mxqWrp4rl49rviApZL6zV6Z9u/kvodukVt4j7ewFeedERG0QQSYTy2RitapWZSJlQHmx7MIOafxXqCwROgpRHZGGE3OIiIhICGp1rVpVa6w9EVHFfenPn0sv7kF1udBZyLRUrE0HkJKe2fopz0FuPANAREREgpFKxVKpuLZWU6PWGNP0AKlULJGKxF++gII0obMQ6cACgIiIiIQkFovEZiKZmbimRlOjrq0x2EsHSCQiiVQskYgAoKwAhbeETkSkGwsAIiIi6hEkEpFEIgGgPSFQW2sYlYBYLNIe8m/26L2r0BjPOQ0yMiwAiIiIqGeRSEUSqQRATY2mtkZTU9Pj5gmIRJBIxGKJqO54f2vZV7s7E1G7sQAgegBOlCd6OCKRno4RUbtJJCKJRCSDGBrU1ApcDDy4099U9rXuyET0UFgAEOnQtNPPAoDo0bEYoEclalkMaDQaTS1qtTe65ve0WCwSiSEWiURikUQsQod+inkGgHowFgBEzWj/GWn636aPE1F7aLv72m9N064/ywDqHCJIJCI0749rNNDUamq1xYCm4dc46v6n61d448+jCNrevUgMsVik7fE/0k9rhYLr/1BPxgKAqE6Lrr++SqDpxkSk1bqvpH1EJBJpNJoWz7IMoK4gEkEkEYk7dpS+y2RdFDoBUVtYABChRY+/KZ4HIOqQhh5/Qy9f1IS+koDI2GQmCJ2AqC0sAIhadvo1Gk1OXmFOXlFBkaKoWGluYZaTWyh0RiKD4exkV1WpsrO1sbe1cXa0c3KwE7XC8wBk5G7FCp2AqC0sAMjUNe3319bWAog9n1RVpbK0NB/8WL9fjfa2t5ULnZHIwBQWK/IL7+cXFCenZtzOzPEb6SUWi7Vdf7FY3LAZawAyTppaZCYKHYKoLSwAyKQ1HfZTW1tbUlp+KOpnn6GDxwd4CR2NyIDZ28rtbeVeHgMAnL94/bsfTj838Ve9e1uJxeLa2lptDcCxQGS0cpOhrhI6BFFbWACQqWva+z8dkzjnufFym95ChyIyHk+OHDp4YP8fo+PHjxnRu5eVWCxuKLzZ+yfjlM7xP9TTiduxDZFxajHu/1DUz5PG+bH3T9TpbOXWz471O/LjL7X1Wky1JzIqHP9DPR4LADJ12i7IuQtXfYYOZu+fqIvY9rEe6jkw/mJy096/0KGIugaXAKIejwUAmaimByBz84uqqlWjR3DcP1EX8hs5tKpKlVdQ3HrJXaGjEXWe+1m4nyV0CKIHYAFAJk3b+cjOLbS0sBA6C5Hxs7S0yMsvbjoKSOhERJ2Nh//JELAAIFOn0WgKixWOffsIHYTI+Dn2tS0sVvLAPxkzTgAgQ8ACgEyXtgsiEokKi5R97VkAEHU5B/s+hfeVDV89lgFkhLgEEBkCFgBkipp2O2pra83NzXi1L6JuYG8ntzA3a5gDoH2QZQAZj0olcq8LHYLowVgAkEnTdjty8gqFDkJkKnLyiprOABY6DlGnunUO/KkmQ8ACgIiIiKgz3OL4HzIMLADIdPHoI5FQmo7/EToLUefhBAAyECwAiIioW7HTT8aJEwDIcLAAIFNniH2R4JBQoSMQPSpD/OoRtYUTAMhwsAAgk8YuCJGA+AUko8IJAGQ4WAAQERERPTJOACDDwQKAiIiI6NFwAgAZFBYARERERI/m5mlOACADwgKAiIiI6NGk/Sx0AqIOYAFARERE9GhSzwqdgKgDpEIHIOrpypMPfRyWkqOWDBw7e9WcgVYAKpJ3fn40Oq9G6u79+tJpgywBIDvm288OZithNXJ+4Ao/u/Zc7m4AACAASURBVHbveO/Mlwd3p5TDuv/CVwOftmtXU0J/JERE1ERBGu5nCR2CqAN4BoCobanhO1Ny1ABqbp2NjLgDACkHjkbn1QBQZ1zdfCwTAJTRYfuylWpAXX5x99GfVe3dURFzdFdKuRpQl2R9vfeCqt1NERFRT3HjtNAJiDqGBQBR+0lanzOT6dqu1YPt3fHhmiIiIiHdZAFABoYFAFHbPAIXeTpLAUgGjp02qx8AeM6ZNs5RAkDq7r10qhsA2IwLmudiIwWkViMXTPOXtXdHecC0hZ5WUkBq3f9380fL2t0UERH1CDUqpMcIHYKoY0S8ECOZII1Go9Foamtra2pqamtr//3Nof/7/QtCh+qA4JDQbaEhQqcgehj/+Pd3i1+YIpFIJBKJWCzW/lckEolEIqGjET2Um2fwn0VChyBqpmJtOoCU9MzWT3kOcuMZACIiIqJHcP2Y0AmIOowFABEREdHD4gxgMkAsAIiIiIgeChcAJcPEAoCIiIjoofDwPxkmFgBk0gx03iFnAJNxMNAvIFEjLgBKhokFAJk6dkGIBMGvHhm8qlIuAEoGigUAERF1K3b9yUikx6BGJXQIoofBAoBMl7YXotFoXJzshc5CZCqcHe00Gk1DDcBigAwYx/+QwWIBQKZOJBJVVFYVFiuEDkJk/AqLFJVV1ez0kzHQaHA9SugQRA+JBQCZNO31R+1t5fmF94XOQmT88gqL7eTWoiaETkT0sLIuoiRP6BBED4kFAJmipj0PkUhkb2uTX8ACgKjL5RcU29laa283/Q6yEiDDwwsAkyFjAUCmS9vt0Gg0zo525RUVQschMn5l5RXODnYNXz12/cmAXWMBQAaMBQCZOpFI5ORgZ24mO3/xutBZiIxZXMJVS3OzvvZ9OP6HDN79LBSkCR2C6OGxACCTpu2FiMXiX4164mrKrWJFidCJiIxTUbEyOfXOqOGPa79xYrGYNQAZMF4AmAwcCwAyUS2mIYpEoueeferk2fji+6wBiDpZUbHy5E/np4x/Utv7b/jS8VQAGSpOACADxwKATF1DF8S6t9W4p0b8cOxsPMcCEXWeuMRrh47/9Gt/HytLi6bH/tnvJ0PFCwCT4ZMKHYBIME0XIRGLxRqNpncvq3kzx8dfTD56MtbK0tKxr62DfR97O7nQSYkMTGGRIq+wOL/gfll5uaWF2eypT4tEIolE0qIAYBlABunGaV4AmAwdCwAydQ1dEI1GI5FIAPiN9MorKM4ruJ9+J+v8xWtmZma5+UVCxyQyGM6OdpVV1fZ9bGz7WHsOcnPo26dhso32K8auPxm2yweETkD0qFgAkElrWIsQgPYkgPbwpLOjvWNfW029hu2b3iai1lqs79nQ9Re10vQsHJHBqCrFjZNChyB6VCwAyNS16IJoy4CGfoz2dosygIja0LRz31AAtJj1yzMAZKiuHUGNWugQRI+KBQBRY09F00RDJdDiwD8rASJ9mvbpW1zol8f+yUhcjhA6AVEnYAFAhBZjgVoc+9fZ6WcZQNRU6w596/MALR4kMjylBUj/WegQRJ2ABQBRnRadkoaZwdq77PETtZO+8wDs+pPBu3aU43/IOLAAIGqmdRnQMCVAuFBEBklnJUBkwK5w/A8ZCRYARDqws0L06Pg9IqNSWoDbvwgdgqhzsAAgegB2YoiICJcPgmNByViIhQ5ARERE1ONx/A8ZERYARERERG26fxeZiUKHIOo0LACIiIiI2pSwR+gERJ2JBQARERFRm3j9LzIuLACIiIiI9Mu5hoI0oUMQdSYWAERERET6JXwndAKiTsYCgIiIiEiPGjUuHRA6BFEnYwFAREREpMeNkygrFDoEUSdjAUBERESkB9f/IWPEAoCIiIhIl7JC3DgpdAiizscCgIiIiEiXSwdQoxY6BFHnYwFAREREpAvX/yEjxQKAiIiIqJWCdORcEzoEUZdgAUBERETUCqf/kvFiAUBERETUXK0a5/8rdAiirsICgIiIiKi5lJMoLxY6BFFXYQFARERE1FzcTqETEHUhFgBERERETdy/i9RooUMQdSEWAERERERNJOyBRiN0CKIuxAKAiIiIqJ5Gw/V/yOixACAiIiKqlxqN+3eFDkHUtVgAEBEREdXj9F8yASwAiIiIiAAA5cVIOSl0CKIuxwKAiIiICAAQ/w1q1UKHIOpyUqEDEBmmzESk/4TCO1DmQHEPimxUlwmdiajrmfWC3AVyV9g4w34ABo9F/5FCZyLqJLVqjv8hE8ECgKgjkg7h+nHcPM0rRJKJqi5DfiryU+vuHv8UvR3w+DN4fAJ8ZgqcjegRpZyEIlvoEETdgQUAUTtoapEUiROfofCW0FGIepjSfCTsQcIe2H+Kya/DewZEIqEzET0UHv4nk8ECgOhBrkfh+KfISxE6B1HPVngLu5ej33BMWYPBY4VOQ9RB+am8+i+ZDk4CJtKvtgYRa/HN79n7J2qvu5cR9jIOvY3aGqGjEHVE7Fe8+i+ZDhYARHpUleA/ixC3S+gcRAbo3H+w439QqRQ6B1H7VNxH4j6hQxB1HxYARLoUZ2LrLKT9JHQOIoOVGo1//QZFd4TOQdQOifugqhA6BFH3YQFA1EpxBr5agII0oXMQGbj8mwh7CSW5QucgapNGg/hvhA5B1K1YABA1p6rAjiAUZwqdg8goFGfi64WoLhc6B5F+qdGNK9sSmQYWAETNRX2C/JtChyAyIrkpOLVJ6BBE+sX8W+gERN2NBQBRE+kxiP1K6BBERuenfyLtrNAhiHQpSOPqn2SCWAAQ1atV48AaoUMQGSONBhFvoVYtdA6iVs5s4eqfZIJYABDVu7ifK5YQdZXC27i4X+gQRM0pc3Dpe6FDEAmABQARoD38f/ofQocgMmpnvuBJAOpZzn3Nn0kyTSwAiAAe/ifqBjwJQD2KqpKrf5LJYgFABAC4eUboBEQm4NY5oRMQ1Yv/BhUKoUMQCYMFABGg0eDGKaFDEJmA1LOccEk9Qq0aP/1L6BBEgmEBQARkJaKqVOgQJm/uSXxwBWMeuZ2VGfjgZKckos5XkousRKFDEAFXD0OZI3QIIsFIhQ5A1ANcOyZ0Auo8h1fAQil0CNLv2jG4jRI6BJm8mO1CJyASEgsAIiD7qtAJqPPc/EHoBNQmft1IcLfOIZNnosiksQAgAkrzhU5A+vV5HoHvws0RACoykbgWh88AgN8XmDILlgAUiDsH/6lIcMd+YMkVOF/Dh4EYE44ZT+ByIoZOgAxQZSIqELFZQr8fk1fJ8zMktOjNQicgEhjnABABJSwAeqz+eDkUzkDcmwh/EwU2CPgCY4A+7+K5WUACDq7AwR8wdKqe3eUY0h8nV+DgLqjdMO6jbk5POrDeJmHdS0JqtNAhiATGMwBEPCTZk/0JLha4tQER3wDAFTe8uxxPvAKX8ZApEDUH8QB+gO0TGKdnWPn1xTibBfyA4c9jYP9uTk86sN4mYZ3ayKWoiHgGgAiQmgudgNpU/FX9rTyogd7eAIB8xNY/HJWmZ08Fsjnmp4fh140EVHgLyceFDkEkPBYARIC1g9AJqE22r9TfcoQUKNXOInVoXDN0ymCBklHH8etGAjr9BQ//E3EIEBEAoLcDCtKFDkEAANvnMaz+tjof1/+O7OfRfwnG5uO+DQJehkyBa1/huhuGLcHEA1BvB8bAl8tKGo7eLABIICV5uPS90CGIegQWAESAtaPQCUhLjoAmq3NUxOLDQHwTgsB3MXUztKsAxaxFLIC/4LADpszC7FGAAnHH4K9vHjD1MPy6kVDObkWtWugQRD2CSMNzYUTRmxH1idAh6BEM24HACYhxx2Ghk9ADTVmDcSuEDkGmp7IEn4yGqlLoHETdoWJtOoCU9MzWT3kOcuMcACIAwJAJQiegjpqPkPN46Q0Mex7DlmHKU1BdRYzQoag99K7ZStSVojez90/UgEOAiADnJ2DjDGWO0Dmo/a4hMx9DluMJAEBFKg4H477QoeiB+vSDg4fQIcj0lOYjZrvQIYh6EBYARIBIBM9nEf+N0Dmo/a5hz3ShM1DH8WwbCSJ6C9RVQocg6kE4BIgIYL+EqHvwi0bdrzQfcbuEDkHUs7AAIAIAeE2Ck6fQIYiMmqMnvCYJHYJMDw//E7XCAoAIACCW4NnVQocgMmqTVkMsEToEmRge/ifShQUAUb0npmKAn9AhiIyU+2g8wfV/qNud/DsP/xO1xgKAqIlJPAlA1DUm/1noBGR6ijJw/r9ChyDqiVgAEDUxcAzGvCJ0CCKjM+YVDBwjdAgyPac2obZG6BBEPRELAKLmnnsHHuOEDkFkRAaPxXPvCB2CTE9RBi7tFzoEUQ/FAoCoOZEYL26F/UChcxAZBfvH8NI/IeK/NdTtePifSD/+UiZqxdwai8JgZSd0DiIDZ2WLxf+BubXQOcj08PA/UZtYABDp0ncQQs5i6BShcxAZrKFTEPITT6aRMI7/lYf/idrAAoBID3NrvLQNY5cJnYPIAI39A17axmP/JIyca7gSIXQIoh6NBQCRfiIRpr6J4H3oN1zoKEQGwv1JBO/D1LUQiYSOQqbqx78JnYCop5MKHYCoxxvghz/8gOTjOPYRCtKFTkPUU/UdhMlr4D1d6Bxk2jITcD1K6BBEPR0LAKJ2EIkwdAqGTkHSIdw4jRunUJovdCainqG3A4ZMgOcz8JkpdBQi4PD7QicgMgAsAIg6wmdmXS8n6yLSzqLwDpQ5UNyDIhvVZUKHI+p6Zr0gd4HcFTbOsB+AQb+Gm6/QmYjqXYlAZoLQIYgMAAsAoofSfyT6jxQ6BBER1VNX49jHQocgMgycBExERESGL+bfuH9X6BBEhoEFABERERm4skKc+ULoEEQGgwUAERERGbgfQ1FVKnQIIoPBAoCIiIgMWd5NnP+v0CGIDAkLACIiIjJkR95HbY3QIYgMCQsAIiIiMlg3z+DmGaFDEBkYFgBERERksI7wyl9EHcYCgIiIiAzTlQjk3RQ6BJHhYQFAREREBohX/iJ6WCwAiIiIyADxyl9ED4sFABERERkaXvmL6BGwACAiIiJDc/xTXvmL6KGxACAiIiKDcvcyEsKFDkFkwFgAEBERkeGorUHEWl75i+hRsAAgIiIiw3H+v7h7WegQRIaNBQAREREZiPIinPhM6BBEBo8FABERERmIIx+ivEjoEEQGjwUAERERGYK7l5H4ndAhiIwBCwAiIiLq8bRzf4moM0iFDkBE3eLaFny7odkjfb/AqlmC5aHo3yNzOV4ehezT2LcFOeeAwRjyLv5ngtDJiHqkc19z7i9RZ2EBQGQyurPH/407fDPwRDe9mgFTJeA/xxC4DQPlgAL/mYjIA5jhJnQsoh6mvAg/hgodgsh4sAAgIhKObBTeGFV/R46BvsjMB1gAEDV35ENe95eoE3EOAJGJUyDyTbznjnWjsXE7irUPJmDd73H5GD57BhsjACAzAhsCsM4dG97D5Qis21K3d8lV/HMR1rlj3TPYl1C/rzuuA9+6Y507rjV5qX3TEJnZePfWdnz23QMy5NdvfG1LXZL8CKz7GDd24YMAfJPQ7K18445jCfjPIqxzx3uLEFP/WhWp+Oa1uvY/21LfPnB5O94bjXXu+OA1XM4DAFQi+r36Ld/DLQVKjmHdx1DV75LwHjY0mYMYuQj7rur5HFpHbWg8AP85jQpdfxeXEzFkcPv/8ohMQnoM5/4SdS6eASAyGQV/xLo/Nt6dch7jHBH5R9x6AW99DBlweQs2b8e6JQCARERPxZIjsLWAKhb/2o7fHsFwOVSZ+FcgsBAAkIl/LcawA/iDG1QK7FmMfR9h3ih8kKF7CNCwF7D/XOP4loTvEBAOQH8GffYiPhQhMbBs9UzsLvzvTvwPUJKATcHocwBPWECtxLA38PLfACD6NUTE4n/GQBWLPalYcwHWQEkqrucDjsj+ATEeeCsDMqA4FplVGPgUnNfi+p8w3AJQIO4HlJ7DrRcwEEAmrlch0FvP5+DdMmrCe4h2REgGrIHsCPwrEUOah49eC7wLf3nH/2qJjFdtDSLeEjoEkbHhGQAik9H3C3yQ0fhnnCNwFYlVmD0LMgDA8PnovaX+mL0DZrwAWwsASIxA/z9huBwAZG6YUd87vxUF9RuY6gYAMjmmLEHimbYCPD4F0u24AQBQxeLKePjJ28ygzxTMmqCj9w9gyEK4AACsR2HiE4hPrLs93LFug6ETUNxwWiEfpZUAYO0Bf++6x9SZqAQA2I7BcEdAjoDnkZgIACWJuP8GnnsCCVcBIPMc8ALc2v4cGqIqEPcVnnsF1gAAl1kte/8lpxHjjSWclk3U3LmvUZAmdAgiY8MzAESmrAqVNrBouOsIh3wUaAfD9Efv+ocr82Ft07hTbwcgCwAqqmBh3vi4Q38gAvmAg76Xc0PAE4hPwOOjcOUYhr0AWdsZ9Ldjre+Z/o23+3jU9fUrUrF/CzITUZoGbSEEQDYG/6vEvkAUAM4vIHAhbAGXFzBrF/71DEodMGQJ5k6FJTBsKvYfg2oMrkRg2J8wzAYnzwHeuPwd/L9o63NoFrUKlYCFRZOovmgyHgqJEZjyke6qhshkKe5x7i9RV+AZACJTZg4LZd0BbwDIQ74D+jq23MrCASXKxrul9UfQLc1RWdX4eH4WMKqx96/W9YJ+L+DmMagUiLlWf9C9fRkq2y4J6mVmNcmZCVsHAIgIBF5AyCl8kIGVXzRu4DYVfzyI9w5iXBU2b697cPhCrD6F93Zg4Gn85zQAyHwx5AdcyURCPka5wfop9P0ON1JxpT98HR/8OdQxhwVQqmgSNbHZ88UOGGIBImrq0Duc+0vUFVgAEJkyb/ia42BE3STXy3tRulzH2p2+s5D1d1xWAIAqE5H1feWBUyDdgGPa49gKRG2H7/i6pyyewJVYHS8o88XAvYjYi8oX6pe60ZdhMPpHISETAEoScPirdr2hm7uQjbpdoqLg6wsAUgcAkAFQ4OSuui1LYpFQX1TY2tT14G+dxi1tH90CvW2grqq7PWY5Tq6F+gW4AJAjYDwi/oLeU+uO7rfxOTSSI2AZor5BCQAgOwI3mz8/+029pzWITNPNM7geJXQIIuPEAoDItM34AgNj8aE71o3GSXOs0DX7VjYG/7sEh6djnTtCt2Pcn+qfcMP/7sCttVjnjnVzYPFu/cxX4LlQ5K/FOndEtzhyb4Exy5H4FwRMeVAGOebtQGIg1o3Gv85h4rJ2vZ0xCxG1COvcEfp3jAvHcAsAeO4LqLdgnTve+wuG1A+ylzrg+ga854517tgei8WvAEAfGxz7I9a5Y91oRFUhcGrdxo8/hcoz8K/v1g+dgPtn4P/Ugz+Hpoa/iYl5CHXHugBE2WCMb5PnEnR9VkQmrLocP6wTOgSR0RJpNBqhMxCRQcmPwL/yH7RQj36qWPzlNN59s27Wbyf6xh1u5zGu1fAhIjI4EWsRt6sd2xGRDhVr0wGkpGe2fspzkBvPABBRe2RiX0Td2BXtEJehTz1oF/3iv4PvrM7v/ROR0bh5hr1/oi7FVYCI6IFs4JKFzc+gNA0YjCFvYJauIS7tkomYfLz80LsTkbGrLsf+EKFDEBk5DgEiIiKiHoODf4geGYcAERERkYHg4B+ibsECgIiIiHqACgUH/xB1DxYARERE1ANEvIUSLoZL1B1YABAREZHQrkfhSoTQIYhMBQsAIiIiElSFAhFrhQ5BZEJYABAREZGgOPiHqHuxACAiIiLhXIng4B+ibsYCgIiIiARSkoeIt4QOQWRyWAAQERGRQCLWokIhdAgik8MCgIiIiIRwJQLXo4QOQWSKWAAQERFRt1PmcPAPkVBYABAREVH30tRi3584+IdIKFKhAxBRT1R+Jzpsd8LFvBpAYu/utTBomo9Nd732lfDg897bgnyaPJS0OSR20J+Dpzsh+8dt7xxWNjwhdey/8HeBTzsByDvyyT7FwmUL+jVrTBH91eo0/+at4QFvUJm8O+zUmYxyNWDp2n/W7GmTPORN900MC92S1OS+z9Rm7V8JD/46q9mLtdiAiE5tQtrPQocgMl0sAIioldRDb+8qmrQwaIWHHFAXxO95/5PwoHWBvpZCBwMAOD+3aP2zjtrbisTwt7cddVs3zR0Ayn+MvDBv6WhZ47aZR6KL0a9VE229wczdn58onLHoc1+5DFDlxn25NdJyzUtPN3/vI38XsmKYnnzDAreFNtwpOrMpLHGkR+e8cyLjkHURpzYJHYLIpHEIEBG1UHTiYIrb7N9OrzvsLe3r99Iqv6LwY5lCB9NB7jt2PDKv5mrvWdnnJZzIbXxWlXg2pkLSaqc232Bu8lV4zvWVa6sImZP/ivda9v474G7ckRLvub4WD7s/kdGpVCJ8OTS1QucgMmk8A0BEzaluJd3rH9C8zzrId6BqZ3L2HDeX3ONvf101zbMoPDbfJyhkoWV02N6EpHs1aqmV9+zZqwJcgaTNIVc9F+DI3iylWuI8Ztqb872sAODemS8P7k4pV0ttp813vXhSsnzNZBeg/M7RjV9evVUJqbv360unDepwV7tGpQbqjvnbPT+jJvxk8vQXvQAAmfsiK2dNdQlP68gblEllFXmZFXDphNMdlXGRV20mBrk/ektERuPgWhRntWM7InpUnoPc9D3FAoCImisqKnS0a/k7w9bKvjg7B3ABkJfyo+fs9R94yGVQpfbyW/iHFU4WqLiw8b2ziQGBvgCQFaP87YZP3GQVlzZ/cPbMWK/pTkj57/59srEbQkfIVZn7Pt+Tg+EAoIze+GXR+JCQtXZQJIZ/fCB5g7bvnnQsOORY8wQ2g3RkVRfEn4239lhtV3ffyndsQOTxM0qv8TZA8oWLgwM22F4K79AbtPOf67Nj03tbT/h4jB/j7e/hKoMOivP73t51O0ctsff0Xrposu66RRl39M7guUvtdD1HZJISv+NFf4l6AhYARNRB1t4L59SNnpF5jPbXPmjp5mmXkJMLOAFweXacmwyA5Qg/jxPxeYBT8pnzVvPeHSEHIHObN3vwmX0AUBCfUug37Wk7AJD7jvaMTEqBl6eOWbNJm0NiG+7kHN4ZfLjutrOP34rl41zq7ilzct1mTbV4/2Tm+Dm9TkTmj184B3mXOvj2evm8uGzLjFuJ8Qkndu/5ulj6+Ly5rwe4tthIbTti9Sfz5FCk7N3z8c4LW5pNPKgPHZmgmvgSJ/8S1cm7gYh1QocgIrAAIKJW7Ozs81IztQf7GxSXF9raOWtvW0oajneX34kO23s5Ja+qQg3AZm7dwxKr+u5w/f+rVehl07DMjnUvbf2gApRn9wSfbXiZ/iPbEbB+ErA6IzLs47u9nJsffbfy8/eMPPuzj90J61HrnYC8jr9BQGYz0P/Zgf7PAkVxG0MP7h7QbHEh36AQ37qbcs/Zo7zfSE3CaF80p4yOuOj4/AeO7XhDRCagRoXdy6GqEDoHEYEFABG1Ihvo43o6Jr7M369Xw2PpibdkPjNdWm6ad2Z3AiYGhfrJZcg78slB/Y1KZShTKgFtDVBSpkAvbXlgP/HFDTNaHl9vH6n7jGnjPzgYnjo6qNkqOx5zp0S/sfXW+Nem6Ry905E3CNgN9xtw9mpJh8NlnLyqHDPTX3cCItNz7CPk3RA6BBHV4SpARNSC3aSFw5WR+46kaq/Roy6I/3ZjvF3g1NZziaSQAlKpDFAkx5xpfay9kdf4J8v37bukAKDK3HcwTXsYsK+fp0382TilGgBU9+ISb3Uwqtu8GXYxB6NbXExIHjBnVfDsWa1X/2zPG7xz6O0tx1O0kQBF6ukf7/T3G9x096ITX4afuKNQAYAiJTIhxdOj5Tgf1YX9Z80nTdQ7+4rItFw7ipjtQocgokY8A0BErThNXh0UHbY3bNm9GjUk9p7eK9ZM9tQxz9Vu+sJRn279Z/AuOI/x83bMb6NJzxfnzvvy4BshJ9RS22fnezqfBADYjFsVdPzLv23aVgKpha3//Dn+HUwq8x37bOS+/cnjgryaBfP00r9P229wwLSVY45++fkXt4prAFi6PrYwJNC32YF8u/HzvXaFhb1at++oN4NGy+qu/4XloYG+gCL2UvqTAau67dJpRD1ZaT72rxY6BBE1I9JoNEJnICITk3v8ja+xcs1kHUNuiMiYaGrx9cu86C9RN6tYm972BhwCRETdITvm0JHUumEzcYdT4OnF3j+R8Tv7T/b+iXogDgEiou7Q18stp27YDGw8/VbP4fh4ImOXdRE/hgodgoh04BAgIiIi6myVSmyexov+EgmCQ4CIiIio2323kr1/oh6LBQARERF1qugtSPlR6BBEpBcLACIiIuo8t3/B8b8KHYKI2sICgIiIiDrJ/bv47zJoaoXOQURt4SpARFAVXdq9MyYmo1wNiY2r29wF057u16vVRnlxB4/uj88vVEPq+FhQ8Dx/u7pnsmO+/exgtlING0+/lUHj3OsuGnXvzJcHd6eUq6VW3jNmrhjnJgOQe/ztv17OaWzUZu6fg6c7tS+lMvXEvuiI5OIKNWw8h69YNHmQpf4Xgrog8eiXkam3imsgtQlYMC/I165Za6rkL9876/aqrlcvvXN869cbT6cVqWR2bl6/f3X5b0a0+jS6Sn7kq1uw9t0Zzo0PFR76y8y038auHIpLYWNeP9XweG+3YctXL//N0F7abdZUB/97rmuzxorOrlmQuigqqOVleuubXY/lG2c6dEpuRfRXq+M9PgsZJ294KPf4219j+ZrJLg039OybGBa6BVO36Y4JIGlzyNWA0EDfTgkqrAd9FGTwatT4NhhlBULnIKIH6OQCoLSs4m52fn5hcUlpeUVFFQBLS3Mb61597fq49XO0srRgy53SMnWi8uQDHx+smbbgpQUD5DJAlXtp19c7Lj63eMWwZr3e7KiDR6XPvPmBh1wGRWL422HRniHj5IAqed/HZ+1Wf/CSu0ydERm2abfjhkVeMlQm7dx/ot/sz5e6yVSZ+z4/GOb4Bw1jqQAAFNhJREFU+6VeFgDgOPz9h+kAqeP2HU/xmR0a5CqDOiMy7LMDyZ+/6AV9L5R7astJaeCrf/S0kUJ5afMnB04MfmVSkwvTpkeeiq+U6lqJM3X3si03A1fufn2ANYCcc5+sfGPj2g2ruq8GaNOMN2NXDq27nXFs1bKvB3y/YpQZAFzd/n3CzLrbWrejDkXDa1F3xMo8Ei193PrqkbvjFvTr8M6+QSHbHuI1r4QHn/fWXzYQCeHYh7iXJHQIInqwThsCpNFoUlIzjp48dzHpxt3sfGVJmUqtVqnVypKyrHt5F5NuHD4RezM9ky0/YsvU2VLDDyLwtXmeRSfeXxMaHLLx/ZN4/rXZg6IO/lzRbDuXGcHvzPGQywBA7uvleS87HQAqE6Nvez43zV0GQOo+Y8ygiwlxKkB19USSw9wZbjIAMrd5Uxzio6+qHimn1D9o2Qo/VxkASN2ffMwqIzMb+l/IafI7IdM8baQAYDPCz6M45U6TxnKPh6XYjbTV8TIlUXu2er3855kDrLX3nZ9a8+nUpM9/yn6k8F3DferiCb9EX6+75+2csSMqv/HZ6gvh3yuc9e3buZIvXBzsv2qqy8Xo5O55QaKe6NIBxGwXOgQRtUvnnAGoqqqOib+SV1DcxjY1NTUJl1OycwvHPOkjk7X3ddkyda0rl8qnzPCpiH5/r/r5t0L8bdQFqZkymev0GVYbExVPB8h175Wbl2MtlwNAfvo9m0GODU84DnIsyrwHID/Tzq6x9+lo53wvPxMY1Fmx84oKbT36ArjXnhfKK8wzt288/J93ZFeq94LZ8t2Rrdqtvhqf/Jspa82bPuY+akb1loScqTOcr2+cctb7XYR/9kvvJaEbAzJ2f/bNzkvZRbD61dzVnyzxMAeSNi0+MXQlwreEZ8LOa8rfPwp8vDcAVF0PX7M26pcyeE9eHmi26eqEHatGALh/7tOP15/OLoJL4No3Vz3dp4OfQnV1tazhiL/PK7+t+vzYjZkLHwcAZB/aU7Tk5fGfpT64mZyTqz7KXzAhY/32K0VwmfP66jUTHACg6PKO97ZsTy5Hr8FL1q5c7KcvXmVcdPbIGXNk/XqN3BuTCK92jNVJ2hxy1XMBTuzNspoSFIx9WzB7/bOOQFnS3m83xyrVUquRC7yxK7th5E9hfHjI3iylWuI8Ztqb870UP25757ASyAoOOeb83KL1AUU7Pz8anVcDqc3I2dOWBrjJ9LzWO8+apx/YtzE2v0ItGTh29qo5A60A5EZv3Bp/tQRSa4fxC2Yv8JIDRT+Hhe9KKldLrUbOD1zhZ9e8nZempX0b47tilZ/2NKbizKaw9KmrgrzKdDRecevIzqMRKeVqa4eFszn2x3jlp+HAGqFDEFF7dULXs7Ss4uTZ8xWVVe3ZODu3IOr0LxPHPmlpYf7AjdkydbXsPImPn4UiKbXAZ5y/DQBpX4+BAODlYbUzG7oLgLLEwymqkbMHAYCisMRmUOMwekd7x6p0JQCF0tGrsbPj5OhckqzQ3q7I/+HLrYkp5bCw9Z8/p+XQ/Ha5dyQqy3vibBkApf4Xqld+5dQRlcfqAfV340+ccHxmwwDpCR0tKwpzBw9pOTBIbueWkZgLOAP4afvp5X8PX+piBuRkP7bozciP+gD3vl+y7cSMuoH7kVGKHdu3r0JZwqchW05P3DjTAUXnPlidPHnr9o3uKIkPW/EeRk0AgBtb395tt3p/5ABz3Pv+1S3Hh66dbAcg7YPFiz9oEWGGjqwlaVG7k3/9+9fr7/ceHfib77efvr9+Qh8g9XjksCXb+x5uTwEAIO2XhEXrIyN7IefYqiWHkiYE+SB1x7JtRatDz/j1QvW9c/HlgJ4CQHU1psQ7qB8At+njysISK3192zO6LysiceybHwS6yJBdv1iiIiZ8853H3tww2V2miNu5cxscAuo3jlH+dsMnbrKKS5s/OHtmrNf0Z4O3OTYOAUrauTNn7O+3BcihuvdzvLKN11LEfLUxz+edTxb3hSIu7Nvw5GVBXkVHdl22X7hym4dUpUw9k6YE5Cn//fao9YzQ0IFWqsx9fztwwlM7fqyxHfQbvCsyTuE3Tg5AeelMidfvvKCICW/VeGXi7oMxdjM3hHrIVZn7Pt+Tg+Ht+hshw1JZgm9/D1VFOzYloh7hUYcAVVeromMTtf3dQQNcn/AcKJE8oM3SsoqzsRdramra33Jrj7m5+Pk+MeHpUc/8evRIn8cbWz7XrpbPxCS0s4/e0HJ0+zJ3UcvU/WRS3eVx+ZVDYXc9ls5p6CbXqHQO7lGpdY/5UcF7fvDW0JDPQ3wUe8N33+1wsOwfIyOsJyxt6GXqeyGtiqSw3UUBi6a51929FHZMEjjfS9bGLm351arXn3LRHnV3HvrUUG2f2HXI8LSbuXVbTPrNr10AoNeoCaN+SSsAUBhzLGnmyzPcAcDa77dLRmg3vH7ikNeCRQPMAcB10lxZ9OUyAMDgdTt2xEY1/jn06uDG14/8eMyUxWOmLB4zZcmK7WWLNwX51J8CuJ2Z/9jM3/Te/dNtoCRqT8Jvpj7e/rdlN/E5v14A4DxqslvGnRzg0tntg19eon3QzPWpp1317aqIvYSJ/tpKUT5mBKLjFPo2bcYlMMjfpdlfQ1FMrNJ/9mR3GQC5/+zhA5ts/Kx2brflCD8PZXpey7ZkUomyWKkCIHN9OqD1X27DaxXFxJYHTPXvCwBy/7EuKYmpgMRKqlaWlAGQ2XhM8nUDks+ct5s2e6AVAJnbpLGIS1K0zOzl41uUqq01suNTyn283XU3fjs+yXHabA953RC1/u36bMjgfPcq8tOEDkFEHfCoZwCSb94pKS0H4Ors4Of7BABzM1nilRtt71WsKEm9ddfTw709Lbc2bsxIF6e+DXete1tdTKp7xeL7JWm37z4++AEtl5Z1+EDFfUVJ6q0sT48BbWzTdS1TF3EZYHHmHsb7ePSNvBCn9KgbAuQxUH4nCx4TdOyQe/yzXcrprwXWj7GR21uXKYuAupMADYNt5DbFRQVA3bH5hiFDTpPXf1i3p8zOf5ZfXFhyHvo1DiHKrhvaAaD/cl0Lv5RfCf/4pM3SdaOttPdt9LxQnXtHthwrnPjiivofrpQDZ1VTg/wt9X0ecnuntHOZ2oP9DRRFme5D6t6gVe+GMTdFl3d/tufw9eybZSoAgfWflnnDFmaNHdEBbg2hetnXnzCpVv3yp5m/NGzzq1d1f9+bqZ8EXBIftmJ7H7sWp096j/7NiNfCf/Z6fL988ecOQLuXIrG1sm64XR+/2klurXeHBplHoouvFm8O3tXwiFX7pgJLrFr209VQ93JueEkbOzmyW2+ss3LznDM7YOehkDVVVq4ecxdN87dr8Yu9YXc11FU/fh7aeH0mHw9APn7RM+lhO5ftVrt4jQqcN87TRq1C9tdvhH5dv5Xzc1WtMns863d8W3zepGerzsRKJr3qBuTpahyqpns52nXTrAzqTrzmF5EBeqQCoLpalZKWob0tEqH+hqitfepdv3nbY2A/iUSir+UbeubIujjZN+39t3Yt5dbgx9rbskQirqlpuVyxo4Pt4Mf6q1Xq5NQ7pWUVlhbm5RWV2v69x8D+7Wx5oLurg32fXr10d7XKyiryC+/fyrinvdt2y9SFPEbJdx7PXjR5+fx9mz4M3aaWOD/5zEqPsrgYBLzYaiBHRdLmrSnOC4OaLJ3pMMhVGZNROd1Ju3Feep7dSFcADm55Kekq1B0uzSvKcfXQteROSy7PBm97Vv/Tucc/21U2/bVXfBt+rFzbeKGyxLD9Jxynrn+24eh10onzVVfP/zN4d/0Dfw2NeW7R+mcbKhAzbz+vNVEXlvmNbhyUlpEQaTZ2fauOW9LOTeeeXL/tI9e6of9tvq87mQpAu+BmWWH9uQIz2a83Ry4d1WzDfB0762Lt9/KqqGXbT/9q/YRmI3MeD/xt6aKPjy9Zv8VM/87tY5arKAEeUAMkX7g4eMa2F72aPHLgjejUBS96dPwFpZCW5ZTUF5PKovadSQAAWA6cvnTZdEB19+j7oYfkH87x1PsSVtP+vGxei7Vf7UYEhYwIgloRv+/tsOj1Kx1l6B8cGujfbKOW5x3cJ3rLPk/I8MJFxxHrbfQ1nixDmVIJaKeg5BXl4CHGvFEPxmt+ERmmRxoCdCcrp7a2rvd8Nzv/1E8XYs8nPfDwv1ZVVXVOXpG+ZzPu5uobFePsaN9w+2Z6ZnRs4s9xl5u1XK1qf8suTn3HPjWi6bClfi4Ozzw92r2f06DH+k0a5/fs2Cete9cdbK1sd+Yhg9z8Rz0xcICrY19bnX8GDnD1H/XEkEFu7WmZupLj9Cnm+8OOFw6et/6TkG2hq9bPd0jZeUg5cVqrLtS9I1tOY17Q0mbLg1r4TxycfvJ0hgqAOiMyNmXkKH8ZIBs9/cmio1GZKgCqzH2H8/3GecsAVfKBT/cmZasAQFUUFxEv8fZybPk6+lQkbd562++1V5qt3K/nhQBk//jtLkxYv8jHqnFrnxWhIdvq/iya62gz988hTXr/AGA9JfjPud/89dCdEu39nHOfvH7M59Vf65m8KTMHkHM2PKqt4PYBU30OfROZAQAl8Xu2X9I+PHTSzOQd++9pjy2XXL98o2PfALNRi36bvelQy183dk+t+nz121P0jthprxFjl6R9sz2+DACq7537+Z7OrRJjszx9vZo95OXlmZb0UOsg2gWMsYk7eDxDBUARd/DyrbY3t5Hb3L2drgJQmRQTp/2hklnb2VTW6B8SZhcwxjzm8CWF9icw91LcHQCZcdGpChUAqZVtL5m6RgWv8U/mH43MVAGAWpF6Kan1tAIANj4Blre+3p3q7Kf9kdPZuNf4J8uPRCYrtD+fUVkP88FQj8VrfhEZrEc6A3A3u/FwnXVvK4e+tgCcHOxy8gqHDHIzM5MBuJqcbm8rt7eTl5ZVZOfmazSNu2fdy+vnovsqPFnZrUa51utdf0y9sEiRcDlF9+7tbtnC3MzV2WHyeP9fLlwtVpQA6O/a2B8yM5P16mVZVt44qqedLbs42evcpgVnR/uGxUDbaJm6ltO4FQvzEqMPbEwpKldZyAd4PD870N2m1WZXzu6/V4Wv/xlc/8DI34WsGAZ4zHlz7LefrQvVXghsdVDdCGzPF+dO+vLgqyHa63PNXuFlAUDm9cysu5Gb1h0rVENqYRuw6KX2LxufHRN7sUR58a+h++seqLuImM4XApL2H1YqcWxlyLG6zX3auNRUUw4zPlpptvWb4K3Jd1QyO7dRyz/aMGOwjosA+Cx586nVb4z5J4YEBAdOwM02mrR7at1nd9asXPJBGbwnL1804dRVAMDjy95ZvHXT3BlpRbDyDvjtupXt/SjquD+z/Mll26NmfjKl2UkA+8FDW26Zc3LV4rOTdzS7vtiDeCze9PInb4WMf6vczNZr0erlTyHvyCc7Y55scsKk4sKZ1P6Tglrs6DWyX+SJxEqfjtcg8oDAFfe+/fiNULXUauR875EX9f4aBIABY4O8vv30jVCrsfPeHJC55b2zmZWA1GZc8Ett/DXLAwJXVBx8f90JpRqWro8tDBoB2MhVkR+vO1iohtTaZcGymX2Bvi++NO2/+14NUaohsff0Xqr7Ygp24yfKw/darayfjqKrcXjOnz0p7NAbIZGwdlkwe7iztla8Eh78NXQOciODwWt+ERmClOYDajzrDz2LNE275B30w7GftGNjtIfSx40ZCSAlNeNi0o3nJgVY97bSaDRZ2flu9V3qgqL7p366UFtb94q2cuspz/zqgS230DABIDu3MDo2Uec27W+5dy/LaROf0o69UZaUFRYp7O3kNtaN3Z0baRlNz2m0s+VpE5+S2/RueCrjbq5SWTb08cdazJAuvl8SdfqXB7ZMZEwSPl0cPUW7DGi3KTv34Z7ebxnWRbMubQ5JNpILAJNRinwXsWFChyAi3SrWpjfcbqgBGnr/j3oGoKq6uu0NRCKRq5N9YbHCro9cJEJfuz4eA91u1E8bKNPTxX9Qyw+eY1BarncmblV1s9Pjdrbyispq7VkFG+teTbv+Wi3qkHZmljZfQKZGXXM1JT39zt1hT3g85ubSMEtCKm0c9K+v4CHqNmvX/+PU2fhObzY26s3vt6qeWjLcxQzIOLbj9K8Wr8SYKYs7/YUe4MypR9n7my8/GvRYFy9ik3w8rMJ7oa/2Ys9xSZ6jlnbt6xE9rLhd7P0TGQrPQW4p6ZlNe/+PWgCIReIa6B781zAV+Oe4y9m5hf1cHH79qxHaQS8NBUCHTj74DB3k7dns6kYuTvaBcyYBuJeTf/bcpaZPNZxk0JVZ1HRuQW5eoe+wtlYLzC+83/Supq2WGz8NnW+tVqOBRgNoGmqYppu1kZmoe3z09v91TcNl3m5fvx246WqZyqzX4GWfrR5lhtioHV3zWobMdaDz7oOv7ipXA1JHzxWvjn7Y1VqJulLqWUS+I3QIIuqAFr3/Ry0ALCzMVKVqnU9pe7gaDbJzCwHk5BVqH+9l1biyShtXv7IwNy/TfxS/BWVJy9UDLS30rgDSInNVteqnc5cC/IdZWeq4do+ypKyouNn0N0tL/ZmbtNwwN1pLIpV4ew3y8hjQ9JA/AJW6MUkbLRMZuF6Pz1zx75lCp+j5bDymL/WYLnQKorYU3sJ//xc1uv/pJyJD8UirAFn31jE1UEskbjZQp2GpzaaLhLYeb9NAbqP3qdZKSsta7d5bz7Y6MlerVDov+aTRaFpPMm4jc9OWW1wLzL2fk4/XoBa9fwAVFY2btdEyERGR8MqLsON3qCoVOgcRPapHKgDasWpNW8Na3Fz1LoDo2LflWtG37mSf+unCqZ8uNBySLypWah/Jym65dnjTpUJb6N8qc0lpedTpX7RLADXm1mjiEq7l5rdcmLCNzE1bvtsqkk55BcXtaZmIiEhgNWrsWoLCB6xPS0QG4ZGGALm5OiZeSVGrdSzYX3+kX++EXZlM6uqst35w7+90+drNpsPiy8ortIOCGubaVlWrmnagG0gkErd+Tq0f1+rv6pjQJLNtH2sXp779XR1tm1z0U1lSdv5Scn6rxtvO3M/VUVrf8s30THVNjYOd3guBlZZV5BcU386su9KnuZmsjZaJiIgEdvANZFwQOgQRdY7/B0ONSKMPJ/IoAAAAAElFTkSuQmCC
iVBORw0KGgoAAAANSUhEUgAABAAAAAJzCAIAAAAeGfaBAAAAAXNSR0IArs4c6QAAIABJREFUeJzsnXd8HMXZx5/ZvaZeXOSGK264gyEUGzCYAIaXjqkJpBBK6AlJSN7EQPICCUloCS2QCk5iegjVgCk22Ni44N4tuUiWJavryu7OvH9sm213e9JJupOeb/hsxqfZu3nutzM388wzM4QxBgiSbcSboeUAbd4PzQegZT9rPgDNe+nelZBoBgZAQL0yBgJRbyCMMUJ8XEH7HwNG/Nxl5PSZ3/VexoAQUC96GgiAJc2Zb9pIgDEjzRgjfDrdUtls6aJvAAjTDNBMNPTyuqompqtj11rR53U0FbTb4nHVFVT/wQA6YlE35dcUVNMuCtp0dHwDanZOzU48Y12cv7M6MuhYTUEdUceM6Yh0CPHpfckzEBwAIDkDlWjlUrbtLbr1bWiqcv6dEO4fyX4DCAAjWm61JXK0j659LP2qvQMQe+/WJ92YX+2Hqf+fxCJH263eo/3qcG/q9indY4uHjka6gzpafnX6go7en+KzbB37rhwWJc2iW5pKR7Mm+n7/DNjSoW9MfTKBcaMjXzpqCpo2WtKdLVXX2d4zOqYF6tg7dEQ8SDkAELqrJAjSaYSgMGqOeOZDwVs3BG9YIZ62AAZOAmK2oYwRStWU6tHhrsBfGQChTG/RgLh4R8B65VtztdeotYYA/BX0K+hXfYBtpjWfk+b0VvO7WUu0W00r1Je53wwtrV+ZfuWsVssP3raYV8s3AEwbIxm2qFaDeeVsd9riZbv5q+Nui5ftnjrqtndUR9LXdARXHVVdNCuSqGl6THkdkyqop911tFmtzxvY54KcVqvPpPkNJFXQTHsoaLXdPtS12UKSqskryOmo+XE5Ne0KgquOwNmu2sKlu19Hkt06AurY+3VEMgXOACA5DaObXlM++iXU7+BeA7MF8ZoPNb0aAIQYabMHmcSrYfFw6P5j2+ue5bW5rVN5O5wu+OTeGtU7xdnCe6octrt7qhy2WNJmgTpmS2Zsd9HRkkYd/eiYZqmSfQPp5neZ2XBR0LTarqbDIq1fwqW7zZaU2R22eKlpUVDrrvlQswd1tLzcEzp2o+29WkdfLWqW6oh4gDMASO+GCEddGLzhC/GcR1nhYOC9jEAoBQY2DwczvRpqmgEwoJSCzX/MeY7B7F2Bw8Oh+4/N/Jyfw7g6vTtGk+vq4TC8NYTzWqX01hjeKXD3VDlsd/dUOWyx2O4yAwCe8wA2Wyz2utvu8BY7fOFeOnKeKtTRn47EbT5Hzw+mQcxii6uanO3uPlSb1cbMBlgt8rLa7nf0UNBFzWQ6qsUlSRS06WhRUM3vpqOrmpwt7mraFASj12hV08X2rtDRwxfuPhfXczoS1DEjOrJc0hHJEDgDgPQW5Cj94il52cMk1ggOLwJxa0csPlTGBEHwFzuu3U2yfw2AtvTUzTvl4jN2rjlL3xfedbakyOKIUkUdferYiVKlcW/S/Cl8qKnWcvB+R23tYMds6SLbbfcmUdBNzS6viahj2t9bB9YAdJeOmbgrZ3REkmKbAdi6a+/40Ufwr+AAAOldtNZIL17F9q509oTUvX/s7ZejzwS8h8Nz1wI/uxwAAXOvGH7fGEdaLzwBRs2ximOHCi6t5dfSpufJb9nStYWf0dbSatENz5BpFxDgbbd+D9bfXc4W0z8Nej+et91RnozYgjpa8lgVdFXTVUFXNR0Kql9EZqwghFEvKzyvZg/Ml5qGEzKpvVbbLQqmLFtqRTr25KOO3aQjBEK0dDgUD6KhAggWsnAehPKACIIisUSMKAkix4REi9BaQ6ji8l2l6kMTAMuOaoA6ZhRGgcqMKqAooMigyCzeBoqc4U/pOfgBwNZde9UEPwYgOABAehtKQn79errxZWMRE+d1A+0X0eHh0NIMiL49kJt3R8UR6egSwumBzbeR0s9hvCXzl5/LlDx23NVbw9vibi9fhI7Z4t/Hw3+dbjq62uVlO+rooqM+QnOxKCWd9X/zL/tQ0N5zclik9dWc30DX2pIUT1scalpXqljG1T7URB07bUtS7LawUL7SfwwrHw0lFUwIcXncrwSAtB8WWmtJy0FBjvpaYZUufVnHzCLHWbydxdshEeuhEmQMYwBg9P5VjDEADgCQ3gn9/DHp/QUEKGNMcPNwAEnmqwCXNi4dv4jDm9J39o83+zG6iUl/HAHPAchOHTm/o82W5GM56/gk/W+4W/Lj/vG+dXTurNWHdaShQjrqRNpvNIgB/bOM6b9UzRwwACK2HhQPbSWJVt/zAI4WtQ/q2CMoEms5zGKtPfTxGQDPAUD6LnTPx/KL10DssNqCcK4VrVFR+/lq5Ilz/3jLeWEubbHafvn2Z/N0t5fO7mX00YMEfsaZe1O3T+keW1zusjjhvXRM8Ztq+dXpCzp6f4rPsnXsu3JYlDSLbmkqHc2a6Pv9M2BLh74x3D++O3RMi3S+ARYIK0fMZIMnMSFkD/jz0e/nP5IAI437AnVbBUXKQPcLdexS5DhrOczi7T1djo6AAwCkb9NUlfjXFVC7wWi5BIcHQhA8fRUu8wAd8xlrTo20ohvVd+O9U1xay9Ij3ho3L2Pn1wDw6eRrAHrIU9W7dUxukcNq105OcgU9fJC2UqW0KN3ZD7DFzadS0M3vmGwVh6ft6SuSti0u+VHHrtCRlQyVx38dIoV2rz8hRGoXW2sh0SpIMUhEBSXKgEEgnwYiEMqnwXxaOJgFw84vmlBZ3L820F6Xyt/vke7DOnY/LNbCmg5BrvWWcQCA9HVY1efS388FKgFYfMZ8pKNg3XPd3q4RAfePd4lS7ZgtmbHdaYs17aaj3TuFOqZZqmTfQLr5XWY2XBTM0pjjNPP7WAMAljkBwxYG/P7xpHQQGXcKDJ0MJYNI2RAoGUxKBvkudM7AGmugqZo2VENjNdm/kW7+hDVWe+fu8mdYHjKNjjwBxIDuvmcAQOLNgdYaoaWWJFpS6siChUrhQFY8mIaLbYUW67YH63dkch6gg/l9tah9+RwAJsVZY01uLRFWBwC2BQAq6jIAHAAgvR+6+i+JN27TPP16mwUOXwW3W7P9KhAhg/HWbr5wa3vHve4epdpJH3DX3JVq542kV42k3qlutKUv66hZZ/M7+taR077rbemc7Z4+VBuuvlWnml1jC4w4hkw5m0ycQwZP7JoGMtthB7bQjR+ydW/BnjXdqqMYkI48nfUfQwTB8PoTKSrWbQ201nTgmaTFQ+T+Y1mwwFKI1kOh6rVAJXdvutecgN/6qMVGAvSi+thDMKpA40GWiPZ0QfyCAwAEAQCQ37xDWfWc7TQABiAYPlTbGMDR/nJjAO1ukv1rAPAcgGS/qdrdfV3HTpQqjXuT5k/hQ/W1c6L6RvqorGO2dJHttnuTKGhTc9gU4fx7yJEn+v6MXg5dv5i+/TCrWmf/QxfoyCIl0sSzobC/8QpRJLF+R6BhD1jncPyt5TBrolw2Uu53JIhB88MS0dD+VSTRofWmnXwac7o+9gCMtdSztqaeLoYvUg4A8CRgpE8QOPs3ZPiJlAED85RHAoQyS6/RTIP1CoQyqrWA6pymGVXpcmqjeYihcbohnya2c3N1iCXI0HF2rJqH68npac0i5jjlkemnVHInVlpa82T7IBm26xYxSxrAfiau/cRK5kjz7bvNFrCm7bY7zukkFh2ZVUfz6tCRsx11tFltVdBVTRcfqoeapkmaFUnU5BR0O0vVqaDT76hHGtgV5K5gf3o5BZlur+N7APNWzl4P2y0KeqnppSCXhv4jhWv/JN75Lvb+eYQpZwTuelP49lNCxegu1ZEGwomJ86Cgv/mHWGtoz1KxYQ/ovmo/OrrWxEDDntCeT0m81SxQKC8x7FgQQ9ZTctXP5uqgn/oIfaA+9iSEFPWHwrKeLkZmwBkApM/QXhd/5mRo2gfaCgDTwyEYae0cAHfvjt7Ls3g4COl7+8d3xhb/Ph7+67R7T/mXLXZ52e7p+3ezva/oiPvHd9qWpHjakvwcADL1HOHKx0goz3eB+hwsEVWevY5tWmJ9NUM6EkGaeDbrN8r8d7QhuH8lKHIGz3OgQkAadizLKzFqA4k2hKpWdLCn25frY7fDgLHGgxBr6+mCpABnABBEJ79/8MJnNM8cM3z//DyA1q6pswR27w4wYMz0GZvtmuHVIHY/B3h7OIxN8jlXjwnnqeJ6mU5PlcPLyHtuHJ4q07vj6gu32sJMKyz+Yy6/1V/OLFaDYZZpi9tV9Zebljs8pu7eU+Bt4T1VXrZbrQbUkRn+OVc1LX5Hqy3goiAH4bInVdDVIi+r7X5H3SKb1S7fgF1B07Gop10UdB0AcrbbFbTpCEkVdFHT9BmT2d8VrnkGe//JIaE88Ya/Cad+tyt0lIcfx8pHGn8QW2tCe5ervX//OnLPIXGtlQKVQ/uWC611RoFYXpk0YAI3A2C5gs2gdOsjy+X6mGUQIELJQAiEerognQUHAEgfQhgxSxg5S21gjD6Q2kOitshp5h7pqI7+wWj7+JaUOfpwYMargNHTtexrRiztuIHZ9jGzZTfaR6OtNFpS2+yq0Z/T+usEkkRtmrbwV67116xghi0MrFYTF6vBMMv2e8x7d/Qr18h722J+A+bvDfcNaDq6rAFwtd2IqGF9TUfwqSPYDHIqaNMRLHektMihppaHmWMwNx1tOzuZvRC/CjJOQT4OxN6jcsJ9A8SupkuPzWY1P+JyfzIJIeffI154n34WOZIMIojiJfeSi++x6Aid1ZH2G02HztD/ACTeHKxem66ObvWRj6XRWlRCWfDAahJvNYqllI2Ui4a41NbO10ef7WqW1EevFjV7IIJQNgiE3O5C53bpESRdAqfezYAZKwEo1VpkQghlXI/Q8Og4ojyB+Ywd53zGWifQxX/sHd3ojINXX3bGjqeONgbibot3BDnX7oPe27b9TnC2O23xst3qqXKJg/ew3RGrynmqgPtlTWcNgNUz11d0dPze+4i7dVjt5nFMHnOsvoHXig6uZ+C+osNptTkC5H2NHgqaaQ8Frbbb/I6O+OmkatpncrhVHEljx8k5dwunfM/tEUI8EedcJ5x3t0tN7JiOwYg05hQQRe1mWQrt/5JRmpaOHmsAwO4vV9OMBvetJIoEeh9YGTSJCWoBwOH7z1x9JNldH5PqmC2IQVLc30e+7AUHAEjfgoyYFThyrrkrvO77B91/DJyHQ50H4CI7jX6n4bEwohtt3h2rz1jPb847gzXtAjNbdj5tnu3i5q2x2mLzVGlpo6X28FQ5bLHa7ubdcdriZbt1ztppi5ftNk+V0xbeU8XNA3C/xE5bOE9Vn9SR++23WwQeahJ9VsdlJsehIFistihozGzYFAQPq11ijq0WMQ81weZ3dNriYrttKOe0xWMmh7fdvDptcdoOU88WTr/F7flBUiB+/WY4+n8yoqNcMUkIF2i5GQ1Vf0nkaFo62tfFGr1qyzNpqZWCHA/sX214GJgQkMvGgFl84p7ObH30alG7rT6yNOpjFhEpJLkcCIQDAKTPEZh7r9pyMWMNAHVGOprzAI74aT/x1nb/sd3byrfazq4j10t28YV7+4y18vuIHQew94/9xY57R417+cItPX7HzLXddoe32OELB3dbXCJWbT1j1NGuo7NHzvVcwTSIWWxxVZOz3d0XbrPamNkA0q0xx1YdweZD9RzE2Wx3+P7d1wCAly12NUccI1z1B7cPRnwhXv0wDJ3UWR0DYWXodONmsbGKRBvS0xHApSaCXhNttRLMWilGD4uNlUbhaPkIEALeawDSqo8ec1POFrVn6yNJpz5mDQQIFJX3dCk6Dg4AkD4HqZgiTDhH9XaAHt1IqWeMIzDbXCcAIZTRZLHjYPcf81c3b42tiObVPdrYZ+w4cfEZp4oa11dBmDPayWyxzwOAwxdu+01KYbvmqUojahw8olSTxqra5wH6so5Oq22+f80Ah4IekcfuvvBkazlcZnLsFnnp6JjJSRFzDC4KMjcr3HU0FHRV02sNgMeKDu1aMkj8zt9JEFf9dhwSygvc8FdWMrgzOiqDp+prrxlQJVC/3VvHDqwB4MfqLs9k8PAupshaEYWAXD7Kew1A0vpob4s85qZyuj5mEyRcADm7ZB8HAEhfRJx8CdV9xkz31vBjAJosdlybM6WUJo0dt0Y32j2OOb9/PDh84Z1aA+DiqUrqL+fS7lGqqdcAgL+1HL1cR85qPAegB84BEC+6nxTmsBMxSyBlQ8T5v+qwjkwI0GEzjH62WL+TUNlbx06dA+AyVgQAORZs2GMUkZaNZER09/0nr4/QB+pjlkGK+/V0EToIDgCQvoh45OmECMbaLH0eANQxgNpDopyHgxo+1KSx42lHG1t7inqrp2GJHTfbepe4eaunylfsuKu3xkfsOBhp8/cj3TUAxM0Wp6fKsN3mPeV6scnXAHh76VBH/TfeMg9gVdBVTacP1fwpTx5zzIz83OjLt4L2HoauYMqYY+6qFii1mslmsVKsAbAoCJ62mLYPmkimnOXSQvlG2PFR4OFZ5ODmzrxJ74BMPROOmNQxHWnxUAiENDnlRLBxd3o6At+/J9Ydxpj9mXSNmwciNuwERVaLyIQAze/HwFoHsT5mJSQQtpzrnDvgAADpk4RLyNBjAAil/DwAqPMAhneHct4davMZ680SH9lp93OAt4dDa7Vzc/94u+fYmjYNAGKxxe1qNvLaHXaPqbv3FHhbvNYAuHvpwEVHm+19RUc8B4Abj1lsce1scLbbFXRfA+Bpi5EmZ9/l9kl+IbVbxUU3k+Zq8R/XkrZDnXmrXgAhRDz7zo7pSPuPNm4Qm/YxRtPSsQPnAJjPsJGmlF8JwAr7m89t5+sjy+X6mP2E83u6BB0BBwBIHyUw4Vy1/aJ6jLXhq9D3BmUELGMAc2UwFzvOwLFi1Rnp6ObhAM7DYZ/e5Lw1Sb07fqONwSUCPnkEOZ4D0Ft1BJ86gs0gp4Lucbp8TyWZRV6rINxXdHjEHDtmclIryDgF+TgQe4/KCfcNpLcGgDH3WamRxwpTznb7JF+QloPi377BIkXKN/9OEm3i36+BRHuH3613QKaeCUMnQfo6svIRxg1i28H0dPS1BsDtHABHrSStdUYRlcLB/F/BZlC69dFnu5ol9TH79/+xQiIFPnJlHTgAQPoo4oRzQY/toZTzcDBjVGCPdDROB/MXO875jMEStekVN2/FGQevvuyMHU8dbQwOW+wtuD12HM8B6K06On7vfcTdOqx28zgmjznmx8muXnO9Z+C+osNptTkC5H2NHgqaaQ8Fe+IcAOGoM9weGH8k2sW/XU2kduWbz9NRJylXPE1qt4r/uqHjb9grIISIx5yXro40vz+EC7UbFFmINappnzr6WwPgcQ4AWNoZMXbYOBMAAiEWKrKNqM10J+sjngOQWUIR0E9vyCFwAID0UUj/saT/WEKAAtdGW88BMKODdG8NA5uHQ5sxcMRbW33GRtSmLboxR/ePd3h3nLZ42W6ds3aJg/ew3eapwnMA8BwAfzHHYPM7Om3psXMAyOQz3R4YX4j/up7U71KueJr1HwMAdNRJygW/EXYvE1//cYffs3dAjpqTro60fJSehYmtB420Tx2dz7ClJgJwvWfuubXVSv1K2g4Z9U4pHGCLqTPTma2PeA5A5yBAcnEvIBwAIH0XYdhx6hoAyhjY5gGMmE79hyJZpCPhPDo2z7HN52qPHXdGbd4o/rgxsED/755G8QefCiedDn68Nfb9458Q79kjnuCM7HxCvHePeLyX59hpi8V2z6hxm+fmhDcCv1whAvebZLPXI2LV7i12+MLBYkuyNQC2nrHTlq7UUbdat91lTsOvjsnWAAB0Qkdnj5zr8YBpELPY4qomZ7u7L9xmtTGzAaRn9h139aF6DuJstjt8/+5rAMDLFiAEKsaSirFuH5Ya8bW7hN2fKRf8ho46yXiRTrtYOfF7wtqXxM+f7djb9hKGHgUlFWnpyAr7m/LHmtLS0aVW2moi6DUx5RoAAAAmxJrMIoaL3dYApFUfPeamnC1qz9ZHkk59zEpIKNLTRUgbHAAgfRdSONBoy6gR/c95jo2YH36WkzLOf6y3pMy2ygrs/mP+6uatsRSMrS2V7y2V7y2VHzmXbomRuS+IF5yePFLTLb4TwM1nrH+gV9Q443qfLlGq9jgc2zwAOHzhtt+kFLZrnqo0osbBI0o1aayqfR6A2W3JiI687e5R4z7XAOA5AF46OmZyUsQcg4uCzM0Kdx0NBV3V9FoD4LqiY/wct09KjbjsKWHdK8rsm+i0i21/omf8mE44Q3jvAWHzOx17814AIUSY8vX0dAxGDPlFJeZDx8yfA2DG+ksxo6CKEHJbA6DVx+Adn+U98Fne/er13cgt94qDzEz6N+AxN5VWfZz/z7wFjwcIEa97J//X/wwyFvrBZ5HrLvVfH0M//Cxy261W2y8L3bss7/rLXOtj6K5ledfPB6/6qDLr8byHFob4RM+SgyFAgZ4uAIL0GEJhBd9boowJhFDKBEFLM/2qrgYWdL8OuPW0iGDtr2g/MUxt14z4Ire0XiACjJrFYwxI01L23zMU+VPx+IeFtVPpHn1GVcuvpU3PkzX+G4woVUtfSv0o9/6iex/a8O4QMw3c92CxC4jNccN/D9a+I2eL6QkDfcacy+Msj2vZ0rXFV/4O6qgHDQEzfVoOu3zpmEFbXHTko4YsClrVTKagq5oOBcGyH2LnrCCEUS8rko2FwPL0JleTmU9xEnuttlsUTFo2oq5VTbfJ2vKe8P5DdNI59LQfuGZQLnuKPHexuOj77LrX2JApHfiIXgAZdTQs+0caOgaM4A3C5Biko6O/muWR3+0qKHHDAU4CQTMNwMBaHwHYrkdizy4CBmT0/OAlN4au+0PisZuVpozXR/XbY8qfzmpnjBASNLwn/uojAJAh80KzHk0s05//b8wX87Q9nV3qoCGYa33MHOI1/wlPdt3Fv15+/rzEunTeCwcACJJLFA4E70hHypgAhFImmC0d3+q5xI6nHW3sc//4dxfC9AfIdIBKgDH3i2ddSfqXEACIbaPvX0JXVREYTi55SZw8jgCA3MS23KO89BftnYe+GPjfuSQIIFXR98+ly6u0sg17MfBz/fVVdyrvfMAYI2UXk0vuF4+oIAAQ3UYXX6Ks2suAkZnPiXPmkqISAGAtK+mrX2c7CBz/RmDecPZFE5kxhTQulB7/Ppz1RuDYWdp7bq7izAK3vqMjSpVP2+PmbVHjHhHk3nHz1t/dFGsAukpH0KPGbbabozLeS+dpi30ewO96Bt52PAfAW81ks1gp1gBYFPSOnwbGoGiAV7PkBdm3Rvz3jWzYdOWSx5Jkk6/8c+DpcwMvfEu+7jVWOizdT+kNFA9IS0cIGsEbjEjxtHS0PsNmn5jvWzvi4N3i5vXYG5BjZr0TQy6+f74+6naxXYsSfxoR/tGFgbNmKP9aQ467N3TWGUIeALTQbc8l/lIZ+vHDQssTsSefB2Dk1GciZ4WUX18rj7snbGTb+lziL4voSY/n/U8/5SdXSAQYlwb1Ey9ZmD+pPnHPzaA984RcujAys5y+fXP8IxC//WBw/GACwA4vl56+U2nk5gEAQAqJsx4kS+9mQFjpreHxhSwKAIR886W88fWJn10vE2Bwdfj+G8mqi3U/GBEuXRg+tpy+dXP88GXh82aLxUWgvv9TP5Cdug+/OnTZ1eLAIgIA0e3SC9fKAx6PnD+Jrbw7tmiFMH9h+Nhy+vq18aU1xh10ZyWb3M9lYNFcSaucryYlBwcAGAKE9F2Ewgqjn8SYEQuhrvo1d3jQTwHTflL06CB7dCOAY74YzBhHMKMbfewfr8L03gm8yWIApTcyBlBYAjUP0kfKpHumKjUlwqwFBAgbsUCYXMJenCrfUya9uhAi43Q3SgkZFaHPlsr3zFZqSoRZv9c/qkQYGaHPlsoLpspbYuSE34sjGCGEXPJHsf92+kSpvGC2vAPI2S8IpYwAYWURtuVu6Rel8i9m09ixwpzb9R7PcDK2ii6cLT/+fRjzvHjiTNj8bfnnZdIzf4ZRs/gfLve4Ed12rvPsiFJ1RKwSLt46+RoA9506zPEDMXuinI54DoBjDYDVFnBRkMPSX0mmoEf8dNfGHOu9dj7toqBXfdTz+1sD4GkLEEKKB7p9hifkcGVg4XcgGKEnXS9UriBVq1yzCZUrhNot9OSbob1B/Mc3IdqU1qf0DkjxwPR0DOaZciqxtHS0PsOmr4GfJXavleCslQSACVLULGIw4rYGgLMCTFug4SF6CEjRWCDzg2edQaqfiN19YuyfK2DcjaFzKhNbt5HhZwRKAWBwYOpkqPog0WBkOym6cDmMvzF07iB9WEE4f7s5A2B8SeqVXLowPLOc/ueaxEc7hEvvCw2vlx4+Mfrja6SWScH5l/H1EQBY1Qql6Guh8wYBsMD8eeTQW0oLADD2xnIanBy4cBAwJlw4V4QN8qtaB93ssi/ZAetWK0vujt51Uvv9D9HA8YEzBrkoW7WRfv5o7K6T2u+6RmoZG5gzny29Jb6yhhx7V+i8x8PHDmIrF/C9fwBgS2+Jvb7aHmcUXZ34wy1yQ6rnzIaQe93p3jADwIA1S+3NifYWqT1BJQAICIGh+f3KQkU9XTQkqyGFFfpKX7f9413nZ831Ump0kCWK2u53hGQeR+A8jt4Rq/r+8cYLa2+ia9V0FduynZ1aofdyImTwcNhYRTberWzQvc4Qo2vOZTUEYD3bsJ6dPVwAoqgfuOMmVkMYVJGXfs1GPkdOmMX2nCMeAfTTc9lBwtgG8uJf2N0PCHOGy6/uhcVXK9ov3Aa2b5s4bKze4znIFl9NdwIwICfOJA0fyC++ygCg5lFl+5XC0UahnZ5jzmo8B8Bn1DieA+BQ0zGTk1pBxiloRv93+zkA6c4ACB8/rvbmxX/fCACQVyr96Et7pnir+NcrzfIerhRXPa/M/n5aH9Qb0GcA/OpoZk1bR99rAHydA2CN+OfmrLzqo9O3AgCJ3OGEAAAgAElEQVTHnizk1dMVzzMA+OoX9PTPxOEXwpPv02NuEucOkr+8QRxST1/8B/naH7RsDOCrBXTuZ+LwC0Hr9brO5nEjAQAonR8eXUiX/iKx7CADFhw+AvIgdMdn2k21Y631EQDWSOtGhI/5WWBLa2BMq/LsY3DeZQCENfxWrpwXGvMdQt4KjB/Ldv1KZhACgLL54TGF9FO9yz5+rDj7tuD5RWpZWPnJcMChbNkI4YQbgvP+l2jH8o4FALroTqn8r6HZR7Odj8YXrXA+DmzpLfEhC8PHjtBMlirlF9Lv/ecmuT0A2N9et7R2w6cH129t3tuYaG2RouoAICyEnp/9k2P64QAASQYpGmi03VrEv0CYLfpfvar/A3NtgEd8JxUEwRZJqfYaU8SRu7iq+KjNcyAC0PgkAMCRDwhnXUlKS4had2NLAQjb8x26/CXhmJcCs4C1bGcfX6WsrCIEAOKkjeshgdGyN0HNXr3ML0PsOYhMIaQEIE5aDVuehNYHoPQcAk+xmc8G5syFSInWsB5apfd4mmCDFuROAhGQm8wo1ZpaBpqP09cagFQRq76ib7sybj4TOrpEjXO2d58tLvHxSS1yWO06n5NcQXA5pSFT8dMp85vpVAra1nardSbJKg5P25NexSDLL3N1T3vBZlys6PE8pPILoXarW4tGAIBOPJMNGKfdNe60dD6kl0DyS+x9YoBkOsZbSUTtLRBFjIhKTE13sGal/Uxax7SBPDPuX2pPvgZAc0SoL5fcJQwEVr0dyMkARoycYfvz8u7LQqNvFIuOFhpWx1cDO079Axelw32FjDFSFNLT2lsYIwEAAJIACJGyIbovBqD2rfbf/cqw3TIHAgAAdNEj9CcPB6+Jw86nEtuY9u4A8vI1wctmBE8qF8urlX+/pUc3qe8/WHXzBObME/MqpScXSLsmhX9+n7uz/Yz5gYGt8r9vTqzaEbx9WVAbBowQVEOKxhKPIaE2SBhTBNCivHVnwq1upYZSH5myi9ybszDY1Vp96Uf33fbFH1+q/GR9w+69bYf6hYsZZe1yfHr5mOnlR/Z0AZGsJ1yirgEw5gHUXYD008H0np81fprq/WlmtvJ6i+nlM7bGwTtix90nqk0v45lXksg2thaAgHDWjULgffr8VPmeUvmdpWpICgFg71yi/HqQtOAMuhPIuS+I5r6TXNS1URIogUFH6D6qKyECEFvPWBNAmBUattwIhQCNbzK4NnDGxdD4Z+VPZdIvSqX1VWDGPJj+bybHIDKQGJ6qQQMtn4jnABBr2sV2zgvOvKPh8RwAZ/y0YbVTTbDNAzht6YlzABSJtKfnY6QjT6Bzblf/gzGzLCHg5idTAGCT5hk5WcXEtD6ld8Dam9LTUTJOUGYkEDLTKXX0eIYtNRH4sQT33HrMAyhi2GxJ5HjKNQDqY0tGzg99b54QXS2/swZWfEKj/YTjrhIAyNR7hYFxVvUqIaB8tJqWnRwcVUjXPUkZkC8+odF+wvFXE8aEqfep2VhLAmCQcFYFIWMD48ZycyD8LBkDADj8avw/G8mkW8PfvBAA5APVMHBG+GtjGQA5/sHguRV8fdS/0i/iS5dDbKO8aJHFli+fVw4PFufNgMr3pd36pzS8Fnt9I5l8a/iaCwgDJiUAEqyhhsy6QCj2ED6WAABo2QHjfyZq3qdBgRvuDZTVyC+/xcrmhW+Y7zHqrpGfWiBt2aB8ao8RSgPFZVVClpOrA4CtTXuv//yRXa3VACAQMrtiyg3jziVAojRRHi66e8oVIslV05DuhI+3pgyMnUCprV+lrQTQoza9460BmMs8srXfY4+m8Ow6ApTOgnMWi8ePhbV300rCGIDayDTuZaUXCTNnqh0ZNu058fIboQQI2UAPxQDC5jpUS9y8+VHkyCdIBSMwHC65nRRtY58vJeSndC8IM98QBjFChsOl3yKB9XRJFYFmJgNAM6thZNAd4sjhwPd4jF/HT5ayolnipRcRAjDoNnHsONMK2zx1MtvxHAA8B6BvnAPQcsjtk5BM0HwoLR0FKWrIScVwWjq6rmOx1ETQa6KtVoKzVqojkLBRREGOu60BMOsjGX173v2f5d3/WeR73xGinySevVlpBCCLpHcWs8E3RR74LHLF8bDtycSbNQAAu59SDgCJrZHeqQFCGFskvfM+G3xT5MHPIld+DbY9Ff9vDfnqIWlXq3DqK3kPPiPCYe4bcFkDQJfdHH9jI5l0a/iK09k/fyPvBOGiv+X/elne2WMJmczXR0MAsuwH0V/eLDeYMhAAYKvljdsh2EqXP8VvAsSW3hL7z0Yy+dbwVafTV55XopNCP12WNwfoYQ/d//OktL8w8N1l+ddMYrUtACDM/31wDChv3ZlY/n/xt1bDmG+H5ni5hldIz10f/49LjJBfmNLxe3uIXA0B+uvO99Y37AKAY/qN+964cz6oXvPcjrclqgDA1aPnTikb5eM9EETrvhF9908Xz7FLvLW5tyalQAR75DFx9gbS3D+eTG8MTNfSrHU9e/8quuwDNYycvv8kOfdb4u0NIhxkW7azQgBgpK2W9f+JeMcDRN0FaOW3qf7+vM8YzFI10T0x4bpGbcee966ilYQxBi99X7nkfuGmRqLuAvT2VayRMHhFWTIvcMaC4H0LQNpG91RBqXUGQLV9z3fl914MzHkucN9zIFXRzUvZ1IEAjj5iCtuN3Uu9fP8u8dbuUeOOGQCnjuY8gNcagM7pyNvuHjXucw0AngPgpWPOngPAmmvJkI7sBKo9TIokVDo6K1IUAKDPO79Y/d60dGQJc92t2v9OpWMXngNAA2GzoErcbQ2AVh+lh0+UwL0msi8WxL9Y4LB/tlAWptv+QY1WZcUv4l/8wvpdVSvP/E87ANHfjgGQl65sf4kRQtiiK6KqRb87KaH6xZbeHFuq2Z545mJ766rXx8Rv1RPrLLbrLwIQIgwZRA6vkFZp9THx25O0369Pb4l+quWKP7DIas6i6FIAAFh6i5aAFdIjZ0nWTFH9JmZm6xqU3BsAOGO/coB2OX7ZJ79c37D7ylGnzR95ykuVn/5j1+K4IgHAiIKKv8360YSS4T1dRiQ3aPzfYrXvKOg9SN1joaW1UQEQc9UpIfwKAWe/EzS/pq9o49zdPz7lOQCucfPJosaBS9sjrVNF0Hah7b1cRz5qCM8B6LZzAITLHyHHzu9YqyXsWir+4xqvv8p3fs6K0ttiqJdBl/5D+ddP/OsoD5pMjzwFAACI0LAndGiTfx391SyP/G5XuWKKUjpMLXOgZoPYVGXWQehUfRQu/GvkayD/+luJhiyrj6U/jPz0Qvj84virNWmusMoiaGMNxNp6uhQWxKf3AcDWXXudfxo/+ohcnQFoSLQMyet33dh508uP/OGqpz+r3SgzBQAqImWPHff98SVH9HQBkdyBANN7/6q/XND6tcCs5wAIVt+/4eEgpseRmbOlxkxt8mjjHN0/3rSFOGzhPFVucfPWqzVymk97rwFgXBRH8jUAeA5ACh3xHABXNcGxosNui6ftFgW91zMAY6zyyw4PAOjoWeymd0i7SyQEKx/Vx3v/AMD2bkxLR6F+jz4AYKxoEBza5F9H6zNs3Z+K849YnknXdSx6LJxSWKEVkYHQdsjF99/R+sheuzb6GugtUjbVx8bfxn70W10jH/Ux+2DAIB7t6VKkTU4OAPLE8A8mXTqueNgPVz39ycGv1BfzA+GfTr3yawP64ponpMMwBsbpv6o/WzsPmOnnAds8NFykkOH/tsQOeXhTPHYacd91hPfo8JGXDu9OR33APndQcb3LX37OU+UdN6JfmbkTaEdtyXj+Pq8j53e02eIdBQTmHd06m5F2fuBWirspaNPR8Q04ZnXS/obphnfJxQ8S0sFuDRswNvfm7rsFxhj96t20dBQSLRBrhkgxAGGBMA2XkHhT9z2T3FWOlEAgpD1YiVZBjpkjik7WR9c9uHKlPmY/iZi6BD+3yMkBQHm4qCxcuKRm3dqGXfOGHT+6aMhJAybOKD+yNFTY00VDcg5CgQncvjFGzI/ZTul7gBreVq9zAHr1/vHMsMUeO05crAbDLGK1yBlvjecAdKuO4FNHsBnktQbAbjXjsiezqI+fA0Caa0n1JujQMgDSXC0uvI4c3Oz8Ex09S7n8ae5o275H5RportXSvnUk9XvY0KnqDUrBwGC8ya+OftcA+DoHgBZWGEUU2+r4v9oNSrc++mxXs6Q+Jj8hJ/tgWRb845PcGQAk2picIHkl6gonwuipQng2KWWVG6nyJSldKwwYyybOI8VDerqgSC5h2+9f4FcDAzHPBwA9CsjtHAA+Gt7dZwyWqE1/0Y0OP7HFZ6xm6RFvjZu3uPNrAPh08jUAPeSp6t06JrfIYbWr3zG5gngOgP1KNy8ROjQAEDa9Tep3KSffYv+DkhCXPc32fE7HzunA2/YO2KYlWtc+HR2Fhkpl6FT1BqX0iGDDTlDPh+9AzUr7mTReEWnJULWkAERoP6TG5HC+f6yP2Uq83UemrCP7BwCM7lut7PiI7v0S5BgpGSqMOkkYOkPoPwbyysjgSYwQqNlAt72vbPyvsukt8ahzxKPOJUUVPV1sJDcgBNSYH9XbYZzzZfT1KdfGUQAjRkj3ARszmHqLxgDUPUMJ5zM2ojbdY8ddwwCccfCcx1HL4vDWMOYzdhy8PVWp9493eHectnjZbvp13G3xst3mqcJzAPAcAH8xx2DzOzpt6YlzANT0hrfh9JvdnplUSDEI5dM5t9tfj7eIy56GRE46IzMF3fhRB3QUm/YrchwCYQCAQFguGR5o3ONXR8czbKmJwI8JuefWMQ8gl46AgDp1Q5gik/YGh++/y+qjV4vabfWRpVEfsw0mJ0CRfGTMOrJ7AEBlecVz8rInWbwFAhGSV8JaapTtH5BIsTh9fmDG5eKk88RJ54Ecp4e2012fyKv+Ln3woLLpzeCcu4SRJ6jvwRg7fPgwVZTyfv0opbt27kwkElOmTlX/2tzUtG///taW1vz8vIEDKwYMHMAHZTY1NkqSlF9QkJeXV1NTU33ggKLQQYMHDRs2zBa7KUnSgf37GxobZUkOhoKhUCggioyx8vLy/gO0I98ppfv37284fDgWi+flRY4YPry0tFQrJLBdLTUAbEh+vzwxbLxtXJEOROtlqowsrDgQrY/JCabOUTIaEoJD8vsVBCIAcCjWtKu1enrZmLAYdH6Law7vGBApGZaf3snzfQTKwPDoG75/Lfrf2D+e6XFAWsyJi2/DOUMK3h4RjxWxXLFSRht30gfcNXel2kHFV8RqMu9UN9riJ39v1VGzzuZ39K0jp33X29I52z19qDZcfatONdO1pWoNXf+2MOXsdFstllcK7Q2Bv17h+AMFACjol+4b9hroundY5WqA9HVkirD3SzrqJPUPcr8xgaZ9jMmZeSZdYvMcT4sgKP3GGIULHN5N1E93WQOQVn1U30Glt9THLIM11/V0ETpINg8AmLL5bemTx0COkbzSwLHXkkGTgBBWu1WpXC5/8RdWvyt04aNARAiEhcGThcGTSemwxFs/owfWJd68O3zl30nZcACQZfnpJ5/aW1X5qwceWLN69W8e/HUkEnn9v28QQqqqqp575k/rv/qqpaUlGotNmzbtB3f9cPSYMUYJXnzxxTVfrv7GNd8UBOGZp55eu2aNrMgTJx513fe+d8qcU0VRVLNJkvTKyy+/9uprQ4YMzsvL37Z1a2NT04QJE9rb288+++yLLrlYHS0sfu+9v//1b4IgVFRU1NXVDawY+J3vfnf8hAkAIFN6yxePM8Yemnn95NKRRgH2tdf96MtnGhIt/zz5Zw9tWLSuYee44mEjCiq+atjVJLXNGTT9+xPOLwkWLKvd8LtNL/7phDud+5+2SNEbPn/kxgnnXTvm690lXC5B9J9x0/dP9J1/rO2UGQXE7wWke8G10wA434YlvrNX7h/vOg+QbOcNL08Vb7nmqUojahzwHIDO6egRpwumQcRdQVc1Ldr7XMvRF88B0Gal3v0dm/R1Iohun+oJGz+X7v6MtNU7yinQoy+juvOrr8Goovz3Nx3WMXDgq8SQaRAuAGAghuTSIwINuz10zPw5AHLpSGb47xQ50LjblgdMs5LWR3tb5DE3ldP1MZtg8TZI5N7+PyrZOwCglSsSb/0M5BgpGxGa9yth5InaH46cEzjxelr5hfTpY/LqfwaOudq4RZx0XnjghMS/r2ONexOv3xm+9kUAIgjC5k2bvly16sV/L/rwg/ePPvroWDxGCNm/b9+jv3/4siuuWHDfvYIgLFu69IFf/d8dt93+0O9+O278ePUN9+/b9/7ixZFIRAyIt9x2W//+/bZu2fqTH//4tltueeTxx06fO1edYfjfn/5s2bKlj//xjzNmzACA5ubm799wY2Nj41PPPJ2fnw8A0fbowhde+N1DDz3+xB9PPuWUYDDIGPvlvfdefun8h37/u7lnnBEUxG1N+yhQmVpOk6aMbmveeyjWFBaCTVLb9ub9N40/74pRp0lU+dP2N3+57vlNjZXPz777YKyhqq32bzsX/9+MbwvWqYmntv6nsu3g3rZaQNww9v8xdvLhff+MiwgydwcibnsBOc4R0xrn3rt/PL/yIQNrAFw8VUn95RmxxVf+Xq4jl8eqIJ4D4DKL5bTLYrtFQT/x0Ac2wpcvQ5r7gbKigcqlf0i7sevtsM8WwoGtHdeRysK+1cqY2Wpuud84ofWQILWlEQfvX3frGJ6Fi+V+Y4heRLF+B6GKXliH7x/rY9bAgLEWr3OJc4BsPTKQKfKXz6uxjMG5PzV7/xpEGPG18GV/Yg2VtvuEAeMCx30LgND9a+i+NeqLgUAAALZt3fr4E088+NBvHnnsMQDILyj4wV0/PO5rxwmCAAAnzZp12ZVXbN+27e033zLeraCgEAAOHTr0m9/+dtr0aUOHDTtt7unfve67iUTi/fcWq3k2b9782quvHn300dOna2e3FhcXn3n2WSuWLzfe6vPPP3/skUdOnTPn9Llzg8Gg6ni+/sYb4/H4X//853g8DgAiEdT/LOborwSFQL4YBoCAEACAoCDOHjilKJi3om6zwuj+9rqEIr97YOXHB9fxt7fJsed2vKPGCGVKmV6G6eFgDLhIR2Cad4dSD5+xM7pR8/FoXg2mnrGXPNo4R/ePN23BcwByWUc8B8BVzWSzWCnWAFgUBE9beNvpu79jUsy1dUL8w6SY8sZDndQxUL2BRFu0zIIgDTuWicGuPgcAxEhi2LFECGgFkuOBxirO/e3w/WN9zB5irSAneroQHSdLBwCscT/dvxYASMlQcczJ7pmC+YFZLiuohFEnkvwyAFC2va+9IgqKolx+5RUVFebi4LKysiFDh/I3jho5ijFWX2/Oq4ZCIQCYe8ZcPttJs2cDwIEDBxRFAYB9e/cBQEVFBb8qYMjQoYSQ7du3q1MEi999NxaLnW59n4EDB44dN27PnsrqAwfUvr76H58nIAgiEQkQgZC8QBgAQoI2aXMo1hhTpOMHHCUSoTp6OCCIh2KNz2x7k+o9kbgi/X3nYpkqAFAXa1RycJPabkDdnY3qfT61XWOEi/PR4y+5ficxW0zD48K1lVwPwOjzqc0YmC2v7saxRMiYxdKvRF8FxfXSwJgzta2psvZfzd8e3RYuNsnq6XGzhXH9GMbZwuXXr2BNmwYAsdjidjUbee0O0xbiSJu2AG+LZm9S261Wo46WX3QXNXkFbbaAi4Iclv5KMgVdLfKymvHjHMMKh9Uu34BdQdU4Pu2ioGtng7PdrqBNR0iqoE3Nw3vpoh+6fR6SBsoLd0FbfWd1BCru+BAURX2JBSPS0GMZEF86WmqiZV8491oJalpMDJsJgTBo7RgLVa8DpphPrLNFtVnhsz6yXK6P2YkisWZHGF5OkaUhQKylmrUeAgBhyFQQQ17ZSKTE5cX8csgvh/bD9MA61deu9qqPHDs2ySfKsrx58ybGmDohoBIIBgBg8BDL1qID+g8AAErVNgIKCgrUZQB8nuamJsaYOn5ob2/funWrmvhy1apQKCQIgiTJsVhUFIS21ta2tjZ1BkBS5K3N+/RNaQAADrTXS1RW/6V2/dUJgbWHdzy8+eVRRYPunX4NAFS11U4rG92QaPn44LqNjbunlI0GgPWNu5/e9sblo+Y8u/2tw4nWuCLlB8KA2NCiesB2npfA+Yy56H9GCKHqVYsOAkIcvVWvPWRye/94ZtjC+YzxHICc0xF86gg2g5wKusfp8j2VZBZ5rYJwX9HhEXPsmMlJrSDjFOTWGnb7OQC8LV++QkuHCOf81O1TkdTQ1x9gq15xqYnp6yg27oWqFcrIE9RsNFIsDTk6WL2GgJJax2RrAFzOAQASkIZOZ5Fio1iB+p2kvd6ltna+PvpsV7OkPmb//j+M0oYa0PuBOUq2DgAS7UBlry5+CoigPn+s+YD2AiEAEBDtC62aGhuXLFmyaeMmSUpQhTY3NxNC1BAdFXXkwL9i9AFEUfvqZhw9Y+iwoevXb2hubi4uLgYARVE++fgTQsipc04FgGg0GotFAWDdmrVVlVWiKFDKqKIAwLQZ04859tiy8nL1rSQmL6vdsKulWiSCwhSF0YZ4S0zRJphEIgLA/V8tfHjTy21y9NKRp35j9NyBkVIAqG6vP2PIMYPz+v1246Int77xxPG3KYz+fedikYjXjZv37Pa32uRouxLDAYATZlv7q+8CZPb+ef8x01o3sPYyBd07YraSnDfIGQfvL7rRLUrVFtnZmajNjObPwBqAVBGr3WaLV/7erWNyixxWu87nJFcwh/cd76JzACxP1wd/oEUDhJOvy2Dj1kegS56li/8AmdNR3LeGFg5kA45UX6EFAxLDTwjuWyUocV81y+czGYzEhsyESLFRhYT2hkD9NmNWU+/ee6T7cH3scRgwaKrN6eAflSwdABgYnfg0SLSxRDsAgCInyfWf115/+Pe/P2bmzFtuu3X48OGEkE8/+eTdd95R3fYqlFG1j2gpEgM1OkidK8jPz//7888v+Pkvbvn+zVdedWVBQcHHH3+8bdu2J55+6uhjjgEAURQFQQSAW26/bcSIEUmKlCeGv3Pk2UeVmnn2th36oGZNqxwFAInKBMgtEy94dvvbe9sOMUb7h0sAoCnRVhdvGpLf//KRp66o2/za3mU3jj+vXYl/fmjjjyZfNihSHhaDrVK0RYqq+REeQoCa3n3uXDAgZs8eCBDL/j+CbSZUj9kQiIfP2BoH7xU3b8UZB895qrQsDm8NYz5jx8HbU5U0dhzPAehFOuoxACnjbh2zH64zOcljjsGioDGzYVMQPKy29zYcFjEPNcHmd3Ta0nPnAFhth9fvYW2HyVk/sqwgQZLAGH3r98o7D0OGdWSB7R9K+eVQUK7O3bFwkTTixMC+lWKiNaWOlj6uxzkALFwS5yJ/AACkeGD/as89f5zpzNZHPAcgHVhrA+Tm0b82snQNAAkXghgEALpvDUjpbbHEWmtZWz0AkEiR9gpjAEC5fryiKL9+8EEAuP2OO0aMGKFOEUiSDAACN1Gg+umt/X+QFVkdABhB/6WlpePGjRs3flx9ff3OHTtnz5790isvn3baaepfCwsLy8pKAaCq0r5kmUdhlDkec8aNPiijDFhEDD1+3M1hMfinbW+tqNsMAPvaD1HGBoRLhub3v37cuZSxRze/8uiml2eUj71o+OywGOwfLmmTY61pfo19BErdIh2tM7lqtAlNEulILFEoZtQmY9ZIR271Fd9qO7uOXC+ZmWlLj80yR6zPrprlTxU7zvUObT4bpy2WKE/PqHHdLj6C3GaLxV6PiFVm9D4JN2tst91pi4uOtp6x0xafOprXXqajs0fO9VzBNIhZbHFVk7Od095bQT3NrbHplphjq45qcUkSBW06WhRU8ydZAwBetrirSSld/Kjy52+xnN1VsDthiaj81DX07d8DpZBpHUFJBDe9Da31en7CxLA0crbcfywTAil0tNVE0Gui6ncngjJwYmLkiVzvnxEpFtq3UqCSy7PqsgYgrfpIfNVH3bPTY/WRpFMfexLGWuuhtaGni5EZsnUAUDSIFA4EABZvkde+CHLc961M2fkxyDEAIP1Gq71/6lj/2tbWVl9XV5Cfn1+Qz73Yqj+mGmpkvyRZJnrUFwXR/Or++cLCNatX33HnnVdeddU137r25FNOiUQixl+DweCc004PBoP/ef1122SCGoakjU+AUkZtS3VlpihMoYxRxtqVOABIVDmqdMQPJ80nhNy/fuH+9rrKtloAKA0VAMApFVMnlgx/98DKlfVbrxg1JyiIADA4rzyqxBsTrb6/wz6E2U9iTD0LzIzHYExdH+yY5eT6oHxLyrgWFuz+Y/7q5q2xFcu8ukcb+4wdx3MAPGJV7fMAfVlHp9Wcgqbf0amgq5oW7X2u5cj6fcfttjv9x0nXAHis6HC1BTa+pzx+HmuqcSsHosEO75N/dx7b+EHX6UhiDcENr5H6SgAG+jJVuXxMYuTJtGRo+msAGACRi4ZIo0+Vy0bxTQOJtQQrl5FEq8sYkruCaVbS+mhvizzmpnK6PvYQjCqsoYa1NvZ0QTJGtg4AiocIFRPVtPzJI8qOj3zeyJprlE3a5pvCsJlqQpFVR775KBUUFBSXlFRXV++t2qu+sm/vvtdeeYUxxi/nbW+PAkAiYRkAxKJ290x1dfXOnTv/+ue/LP300y9WrFizenVVVZWimKtDLrjowvPOP/+t/765+L33+NfXf/XVn597TiskpTKlMrOsKVH0V2SqtMkxdUgAANeNnXflqNNW1W27feUTla0HQ0KwLFSk7hZ6zZFnSlSZWDLia/21L3BgpFSiSnU0t5erdxHq/j/G1ebboHwcpDoPQK3tvuEJdvFwgMXLaPc48v5yHetukg6fsZqH8+joaZvHke/VEd67Y9sPx+4ztlxN/zFY/aZ6Ghy+cLvnmDnSdn/hIzQAACAASURBVE+V1TvFp1P6y7k056ly2GL7PbbYrs19M+b4RexLOnJWWxV0VdPe+/ewiFdQtyWJmhZfo6tFNgWd8cq6r9GuIHcF+9PLKch0ex3fAwDXFzHs9bDdoqCXml4KGun9G+lvTqMf/rEXBBlnHjmhvP+U8uDXyf5NXa0jJKKBze+Qmo1AKeg+DhaMSBVTEyNny+WjIVyUTEf9GabBQtpvTGLkSfLgaSwQ4osith4MVn0uKAk3rz/n73emveoj9IH62BMwRWL1+1m8vWeLkVmydQ2AIIpTLlR2fARUZrEmafEvSWF/YdgxyW9ibfWJ//yAHd6tvcP4M9R+vyxLtn68KIo333LzU088edcPfvA/550Xj8fr6+ouuuSSXTt3vf3mW+MnTLjgwgsBoK21Vd29h/+UaDQGAPFYXP99hau/8Y2vvvrq0UceMfIQQvr163fRJRfffscdoiiWl5f//J4FAPDDO+6cOm3q144/IRwOrVmzpqW5+dbb7yCESFQRBSFCQrbJCoUpQSFQFMxrV+JxRSoK5kXluNrRv378uR8dXLf28I79bXWloYI8fYHvxcNnP7751ctHzTGW/A4vGFgUzGuSetWDmykIAX3bJX0NgKB137S1AdwpYBafse7hUP3HRoupviv3Q6N5a+wejpzePx6svx94DkCO6ojnALiqmWwWK8UaAIuC4GmL+yoOIObOVNFG+sav2PLnyTn/K0w7x9Fu9VHounfoK/ewes1t1x06Mim442O5vZEecTQE8/Ult0BDhXTABLn/eEGOktaDQqKdSG1EilOpnRCRBsIsGGGBPAgXygUVEMyzBrVoabF+d6BuCx9Db/WOc/5+Z7ov18fuhrG2JtbaAL1uL3XiDErJFuR44p0FyroXtX+GC8XxXw+ecicpHuySOdGm7Plcevce1lytvhA45urgWfeqA4Dq6mpZlgcPHmzbz+dQbe3nn33eHm0fP2HC9OnTCSENDQ11dXXDhg7Ly88DgNqDtZKUyC8oKCsrM+6KRqN1dXWhUMg4VeA/r7++5MMlJ59y8tRp0/IikVgs/uWXq5584on9+/bfc999l11+mbG16L69+7Zs2Xy4/nAkEpk6berIUaNMc5mibvFJuAedMqZWKkJApkpAECljxmFhElVEIgiao9q8Ua/DGgqj6juQnqxCWcrBu4vUTVfVMYBxNUYCgh47DkTre2k7Bel5zJbR+orWVyNmT8ttZwOPXQ44j47hEXHbdcTHrgu2eVtwXNO9y19+bXYbvHaosFyZuRNoR23JeH7Xe/uSjqaCdlu8o4DAvMMYY6T7DXdLfuBWirspaNPR8Q049pPpxDOWKj8Mn0GmziMTTyODJ3ZVO5jdsH0b6KYl7Kt3Yc+antKR5pXJQ45mA8aQYEj/FOs1ZTPHXYW2Q8H6HRBtcK/LbtfO1kfXPX9ypT72HCzexprrQZF85M06xKf3AcDWXXudfxo/+ojsHgAAsOYDiUXfowc3a/8WRGHwFHHCWcLACaR4MITygSos1sLqdypb3qH717CWg2pGUj4qPP8ZdQ1AV/PlqlU/vutHP/np3aedfrrR0VcU5cMPPrj15lsuv+KKH/3kx3l5ed1QEqQD1P60GAAEAsBA7fGrPg9B3/lH6/fr+4EKmgecEGOUZcxXqi4a6yCLELdBV7rtWifyM21IySDlb4yljVbvMbxWxpu6fUr32OJyF/+SFuVi/51L+Ztq+dXpPl3SzZ85Hb0/xWfZOvZdOSxKmkW3NJWO6tvpPtTMPl2Zu8vsa2qOTX0mzY+OYPplSweTcSfD0ElQMpiUDYGSwaRkkO9C5wyssQaaqmlDNTRWw76NbNOHrPlQqns69zT61pEVlEtDj4WBY8A8stNnv197C6GtPlC/nUQbLc9tZ+jiZ7hn6mMWwJQENNexeA6vyE85AMjWECAAACDFQ0IXPZ54+fu0bgdQBahC96+l+9eCECB5JRDMB6pAvIUl2ripGSIccUxo3v91T+8fAF55+ZVwODzj6KP5E8REUTx97tyCgoL8gnzRcf4Akj1wHgj7OQAC19IJ3K+ywPUvnTMA9vaRUiIIui+8F+4fr3mL8RyAHNcxuUUOq107OckVzOF9x7vhHABftjdW0y/+lVzNXqmjuYdVT+sIbYdD299je/JovzG030goGcKEYMrePwFKog1CS63YdhAS7Q5bkvv7PdI5qGOm6mPXIsdZvJ3F2yER666P7DGyegCg+vKD8+6XP3lU2fWp+QhQmbXVA7isaiX9xwRP/wnpf2S3lbCtrc11FiWRSMiyPHnyZP5gASQLsUQ9GrE9YF6J7vtnAMYZwBT4MYPzlEdrdKP67Paa/ePNqHE8ByCXdWTm+j+7Rd5rAJjN6ek35hgsCuppu4LgYbW9t+GwiHmoCVzksbst2XIOgKVvZKzItNjioWYP6ugVO95tOrKe0DHRLlSvF2s2MCHIyobT4kEsVAjBfAjns1AeISIoCZDiIMdEJQ7xFqGlltBECh2tV1Mvr3SGdeyT5wAwClRmVAFFAUUGRWbxtuTnR/Uysn0AAADC0Omh+c8oG9+Q171Iq77wyEVI4YDASTcFjr4ChG416pRTT/nwgw9WrVx15llnGi9Go9Ff3nffxKOO+vqZZya9G+lhGAP19C61RbPNAFBuDQCfNltD4kibc6ApvHQuPhuzWObr7lGqnfQBd81d7r5wP9Pjpu1JvVPdaIuf/L1VR806m9/Rt46c9l1vS+ds9/Sh2psJN9+qU82M2+K1s206799RHbWYOtQxWXmoBHU7AvU7U9oCxLLLHL+7NPVne7fpSMG9bM40TWqLVzoDOiIZgmTzGgAn9NA2um0xrdvJDu8BKQqBECkZSvofKR45Rxg0CcSe8bW/9uqrLzz//Nhx4445ZmZeXqS6unr558snTJxw40035efn+3gDpMc4eHcx0aL8reuA1cgf7hViOQ8YtDwMiAD8GgBfywDSbdc6nF9beqrdzMAj8tjz98bw7nRB2TKXX7VL/f8UPQbLVbtb88Z14Pemd+jYiVKlcW/S/JyCVut86chZZ4zKOmZLF9luuzeJgq69oq6uiahj2t9bB9ZydJeOmbgrZ3REkpLbi4DdoQqLt0C0EagMggjhIhIp7qmuv4qiKNu2bVu2dNm+vVUAUFhUNHv27KnTpuHa3+yn5idFgkCMFcCWdcCu4wH9r8Sa5tcGGK28NlsqCEmiG/WfEgB1wpOa44dkEatafi2ttdFd7XUzvJLmfjhOzw3nqUprDYCLpyqpvzwjtvjKbyl/79ORy2NV0CN2PIUP1VtBYCxjsx+EMOplRXIfKv/0JleTm8lI5jO22G5RMGXZUivSsScfdcwFHVOP3lHHlCuskGT0xgEAgmSOmruL1A1SBX1HH0IIYVrEpLkrqLb/j5pHOxNAjZ5U1wCYweDJZwBsvo2Ufg6j0WP+8nOZnLuOePuP1Y/QfnXUf9h95M4id8wW/z4evsG3e0/5ly12ednu6ft3sz31L03v0FEfoblYlJLO+r/5l30oaO85OSzS+l7Ob6BrbUmKpy0ONU0dAWzjah9qoo6dtiUpqGN264h4kHIAkKUnASNI98AYACOMMcbAWDdpO62Ti3EE8+xYs12zn9xkPUfW46RDvQtmpi3F0q/8/ClxnljpOG3UWO2qx9DztpinPNo8T262MO48I8bZwuXXr2BNmwYAsdjiduUWeoHNFpLkFFXgbeFPrPSy3Wo16mhZ1ed6CjLYDGI2iywKcljWLCZT0NUiL6sN36rlVGOH1S7fgF1B1Tg+7aKg6wCQs92uoE1HSKqgi5qGLR4ri3g13WzvQh0Z6og69rSOSNeAAwCkT2P0kFz2j3edqzV3wtG9GsTRW/XaQ8a6y4H6D0s7bhbLuDKzZXfZrcLcN8ZyNX4/LPvGeMRruq815Fp/zQpm2MLAajVxsRoMs2y/x7x3R7/yUySetpjfgPl7w30Dho6OGerkOrK+piP41BFsBjkVtOkIljtSWuRQExy7ObnpaP0GHLs5pVaQcQpyaz+I7Zl0ayzMb8Cxh4zVCnCxmh9xuT+ZHrs5cbaDYzenrtfRZ33MEh0BdeyNOiJdQw7sAoQgXYd4506SCnWcYEuDHttjRPg4E67/RBAEQRAE6VKi7Sm2NMUZAATpILh+BkEQBEGQXAQHAAiSDNdePnb9EQRBEATJXXAAgCCe2Dr6HRsM4GgBQRAEQZCsAgcACOIC9toRBEEQBOmt4AAA6etgXx9BEARBkD4FDgCQPk2S3j8ODBAEQRAE6ZXgAABBwOju89fkOREEQRAEQXIUPAcAQSynR2Xq3TJRLgRBEARBuhBFobKiyLJCKaWMqT4+QohAiCAIgYAYEEVR7IXuchwAIIgvsFuPIAiCIL2GREKKJSRKqfNPjDGFMYVSSZYBQBCEcCgYDgV7ophdBQ4AEMRChzv6OEJAEARBkOxHkuVoLOHa9XeFUhqNxeOJRF4kEgyIXVy6bgIHAAiCIAiCIEifoD0WTySkDtxIKWtrj4ZCwfxIuAvK1d3gAABBEARBEATp5VDK2qJRRfHr+HclkZCoQvPzIoKQ23P+vXBZA4IgCIIgCIIYKAptbe9s719FVpRMvVUPggMABEEQBEEQpDfTHov5D/pPCaU0Fk9k6t16BBwAIAiCIAiCIL2W9lg84w57SZbbY/HMvmd3ggMABEkNHv6FIAiCILmIJMsdW/WbkkRCUvcJzUVwAIAgCIIgCIL0Tro0VicWy9VAINwFCEEQBEEQBOmFJCTZZ/CPVLf10+Wb1m1pbCksnTT5qDnHjy/30UdWKE1IUiiYe2eE4QAAQRAEQRAE6YXEE7489LVL//3wB41aNE9b7fKDtcs/Wnv2DZed1t/PR+AAAEEQBEEQBEGyAMaYL/d/zZJnP2iUoXDWNefNG1kUbN39+vPvLT3Y+PZ/18y8dkZxqrsVhTLGCMmxYwFwDQCCIAiCIAjS25AkXyt0D+840ABQ9rU5548sCgJA4ajzL5lYBgCVe6sy+kFZBc4AIAiCIAiCIL0NWVH8ZCufdcl905VAYb7jL6LPXrJMaSjt0vUwOABAEARBEARBehu+d/AO5xXy/zz46WvbGgAi448c4/eDcm+vcBwAIAiCIAiCIL2NDhz9K9WsePb5tbvaAAqGXXbBeJ9re2mmTxnrBnAAgCAIgiAIgvQ2aLqO+brP/vD0+gMAA6bN/u65R/nZBrSDH5QF4AAAQRAEQRAE6W2kG5lTu2X3AYDItNN/dMGRXVaobAF3AUIQBEEQBEF6G4KQXi9XdYoPHFaR7gfl2haggDMACIIgCIIgSC8k3X55+ayrHprVkQ9Kd6SRDeReiREEQRAEQRAkOen2y6P7Vrz80vsr69L/oBycAsABAIIgCIIgCNLbENMbADSs+u/a5Rt3Lnp/a9ofJIrp3tLj4AAAQRAEQRAE6W0EA2kFupfNnDtmSMXg+XPHp/1BwdyLqM+9EiMIgiAIgiBIckRREEVB8b1Jf96Rc+9If/sfURQwBAhBEARBEARBsoJwKNT1H+HzuLDsAgcACIIgCIIgSC8kFAykuRIgPURRCAVxAIAgCIIgCIIgWUMk3IWTAF365l0KDgAQBEEQBEGQ3kkwGOiiKJ1QKJjmOuMsAgcACIIgCIIgSK8lLxIWxQz3eEVRyI+EM/ue3QkOABAEQRAEQZDeTEF+XgbP6xUEoSAvL1Pv1iPgAABBEARBEATpzQiEFObnBTJxYldAFAvz8wQh97b+5MEBAIIgCIIgCNLLEQRSWJAX6tx6gHAoWFiQ871/PAgMQRAEQRAE6SvkR8LBQCAai1HK0rpRFIVIOJS7q35t9BIzEARBEARBECQlwYAYLCyIJ6R4QqI09TnBgiBEQsFOTh1kGzgAQBAEQRAEQfoW4VAwHAoqCpUVRZYVSilljDEGAIQQgRBBEAIBMSCKGd9BKBvAAQDSl6AK7P4cNr4N+9dBUw1EG/qHS2jRQHnQpMTYM5QjZgLJwPIgBEEQBEFyAlEURFHoooMCspluGgCsWL35y6+2b9yyOyHJAFBeWjR54qhTTpg2fOjA7ikA0tdJtMOqhbD0GWiu4V8W2uuE9rrAwU2RdS/SwoHxY69NTL0YQvk9V1AEQRAEQZCuhaiTHV3HofrGZ/7x5p69NepBDEcMGUAZ27F7v/rXU0+cftn5pwYC6HZFupKmanhuPhyu9JOXlh7RdvmfWfFgwqFOCNrSasK4uiZc/4kgCIIgCNJ1RNtlANi6a6/zT+NHH9HlA4Cq/bUPPvZPSZaPGjfi/LNOGj1isPq6QunKNVtefXvZ4YbmkUcM+uFN8/vg5AvSTdRuhb9+w+b4Tw4rHtR+yZN0wDgcACAIgiAIknP05AAgnpB+dv9zTS1tV18895QTp6kvvvfxqlgsMWJYxbRJYyRZfuzZV7dsr5p13ORrLjuzi4qB9Gna6uGJedBUne59rHhw27dfhUgxDgAQBEEQBMktUg4AunBd83sfrWpqaZt9/BSj969Q+vYHX7zx3ud/+PNrC37z13hc+v63zi8vK176xYa9+2u7riRIH4VRWPi9DvT+AYA0V+e98WMCXRsghyAIgiAI0v101QCAMfhw6ZpQMHDRvNnGi6Ig/PS2q2797kVTJo46cLD+8edeDYdCF82bBQBLPlvbRSVB+i7r/wuVKzt8t7jz48DmdzJaIARBEARBkJ6nqwYA+w7UtrZFjxo/srAgj399QL+SKRNH3frdiyaNH7mrsnrHnv0zpowNBgIbt/paoIkgfom3wrv3d/I9Qh/9niiJDBUIQRAEQRAkK+iqbUBr6xoBYOQRFV4ZvnnpGavWbRs1fFBAFAdVlO+vPtRFJUH6KFs/hKYDqbNd9CEUPg9//7PrH0nT/sSGxbExp+IaAARBEARBcoWgGEmeoasGAAqlABAQPff3LC8r/vqpM9W0KAhdvRsp0ufY/lHqPBd9CAM+hqfde/8qeXu/UMadhQMABEEQBEF6DV0VAlRaUggAh+qbUuZkDOoON+XnpRipIEh6VG9MkUHr/d+bPFegZl0mS4UgCIIgCNLTdNUAYPjQgYJANmzZTWkK1/7uqurWtujYUUO7qCRIH6UlaVCZv94/AAhtdZksFYIgCIIgSE/TVQOASDh0zNRx9Q3Ny7/clDzn4o9XAcBxR0/sopIgfZRYc0behsRbMvI+CIIgCIIgWUJXrQEAgBHDKlau3brwlQ9GDh80pKKfV7bhwyoCgcDMaePT/oBo5aeLXlm8tTomQyAyePwZ5100e0xRZ0ttY8PffvT28B/eNWdght8X6XIixZDEef/KaXDRh3D9gpSTACyc6WcKQRAEQRCkR+mSAYAky/989cNPl6+PhEOxeOLXj//zgrNnzTlpOp8nnpAEgQQDgbNPO65DH1K75Kmn146/+efXDAkCgFS7dtFzzy75zh3YVUdUigYkGwD4HgPQgv6ZLxuCIAiCIEjPkfkBQENjy59eeGv7rn39y0vO/foJ/3jxvfZofOErH7yzZOXkCSNLigoA4EBN/fotu44YMvAnt1zRwY+p3biqevzZdwwJqv8MDpx+1d3TU92E9CEGT4KazSnyqGOAb37baxtQAJAHTMh82RAEQRAEQXqODA8A9uyteezZV1pao5PGj7zq4rm//sM/FYVefsFpO/fsX7l26yeff2XkLC7MP2HmUR3/pLxIHtRW1cJkF4+/dODTv/3t7W0NcqBw3BnXXDVnRB5Ay84l/35lya5DMRkCA46/5uaLxucB1C556LdVk+b/P3v3HR9Fnf8P/D0z23ez6b2REBIgAUJJpPfepCkKIiKinuX0Tq/onf7Ua+qd90XPCioiiKKASi8CAtKTECABEtI76W17+/0xuK6bJYRkNoTk9fwjjymfmc9nA7P5vOfTKHNbpnn08y/M9C47uemLHZlVZhJ5x05ZsnRCJBFRXdH2d1f/VOR4IXR9fcbTuS03T7ZtYuvnjZGjBCsSAAAAQBcgZABw5WrRRxt2Nmt0o+8asHThpP9+uKWhUTNtfNKkMYMnjRm8/N5pBcUVfEqxWBQdGdyhzDxG3Dvj1Or/vJgSET9m+PC4+IgQ+fXGAFP6+ndTQp569ZEQMTWlr3/364znlyeIyew94fGXHvEQkyl327++PjD8hbkhRESUeSr93qdeXR4gJlP6x6v3iJe88GaiB5lqU34qMlMkEVWlZ075wz/f9CBd+vp/bT4w9OW5kR3+VYH79ZtKqgBqruzIPWwKP2PvScKVCQAAAOD2EywAKCqtXL12q8ViffCeqWOGD9i49YereSX9+kTMm3n9BapUKo6LCRcqOyIKmPC7V4eXFaWk/HTq6wNf19H11/NNKT9lx014hO8b5JE4OnrbqTxKiPOIS7w+mFPcOzayLrWWiA8A4hc8MiyAiKgp5afs2Ln/4JOJfYZN8OHTew+fwR+TJw7qvek85oS5Q4hlNPZx2v1aR+6huetxGyfBIl4AAADQnQgWAHz0+Q6Lxbrivukjk+L3H0k5cuK8v6/nIw/MamUx4I4Ty0N6j5nbe8xcMtWmrF/9ybb4N5d663WUuemPf9xkTxUf//OUQYdzq5r1ZiKi+KH20z//CnR6HYll4haZiOQtksKdYcTDdGkvFZxp39WmyNH6AfcIXSYAAACA20ywKm1VTUNIoO/IpPg9B89s231MLBI9tXK+WqUQ6v43IfYZNqz31z/VNlGITE7xD765POFX57O2vXdY9ODvXkrwEBOlr/+ji9Vd5TI5mfQmopYxANyZGJbu/5Den00NZbd6qdUjqGH66zZi8PofAAAAuhnBFgLrFR5Ydq3m1f+s37b7mEopf/qR+a3M/S+Ayt3vfng4t9Z0fbcpd/vhrIihCR7kkTg8NuvA7jL+jKkyPSXXRCQSyUgul4mJTGWHD2e5uqNH4vDY7MM7cpuIiExN6cfS0dvnzqf0o6VrSSy7tatE0vpZq60SrAAAAAAA3ZBgLQCrHpj1wWfbi8uqvD1Vzzy6MDTIzbOnB0xZMnzHpk/+VlalNxOJZMFxM556bIQHEcmHLX9Kt379//tjnZlEsuBBC5bHE/WeuzTh3U/+8kezSBU7Z1gcVbm4pXzY0iebvtj0rz/WXZ8F6NbXJoMuKGQA/TmVtv6eLu1rS3J9n2mNE16ySVR3+rt/hiFOxLIswzDEMMSgMQOgbWw2m81GNhtZrTaL2Wqz3e4CuYIHHKAd7oinu3Mwtp786aFHufID7X6VagtvdN6iDmsY+ydDxCimBSJquc1v2H+63HC561YMQxzHshzDcagQAAjAYrFZLTaLpUvUFfCAAwioSz3d7pCVV9zyYFx0OIa1Qk/SdzLFTqCC05S5i0rOU0MF6eqsEk+LKsDo318XPcEYmkTsnf1HleMYkZhl2Tv6QwB0LRzHcBzDWRmzyWqx3M5qAh5wAGF1nae78yEAgJ6E5Sh6JEWPtB8oLihzftV/Z2JZRixm7/D4BaDrYllGIuWsFpvJZLVaO7uigAccwH1u79N9uwg2CBgAbheWZSRSVA4A3I7lGIm0s9/B4wEH6AS35em+jRAAANzZRGJWKuPu5NYLgDsJwzBSGScSddJfTzzgAJ2mk5/u26tHfEiA7orlGLEYTzFAZxNLOuOVPB5wgM7XOU/3bYdvFoA7FcMwEokbV9oGgFZIJO59MY8HHOB2cffT3RUgAAC4U0kkbHf/ggLouhiGJBI3/g3FAw5wu7j76e4KuvnHA+iuWI7pCW2UAF2Z+x5DPOAAt1e3fwYRAADckdAzGKArcNOTiAcc4Lbr3o9hd/5sAN2VSNSDpioD6MpYlhF8zhA84ABdgTue7q6j234wgG6ME6FyANBVCP484gEH6CK68cOIlYAB7jAMQ7fwdrCx+PihYwfTK4ubLEQk8vCOS0xYMDE5Qu3eQgL0HCzLMAxjswmzgOitPeAA4E7CPt1dCgIAgDsMx7W14a767OZ/fVXS6HDE3FSXeexY5rEzifcteTLJxz0FBOhxWI4sZmFu1fYH3KTTi+UyYXIFgBsQ8OnuUhAAANxhmLZVD7QXN7/2VYnu513fCG9tUd3Pu4b0rza9J1vx5AClu0oJ0JOwLGMhgVoA2vCAa0vzKyrPvHco4PnnhujOFVS7SqMIiUsIRHgA0FECPt1dCgIAgDtMm1Yn0aWu+eyX2j+Retx9yXlv7kv/5Ygh/bPvj/99ySi5e0oJ0JMIuGZQm25Vm7bmqM8zv50QTLVnCnPSm1qmkEb7xCQIVSaAHqy7rgiGAADgDtOWxYGK9p3JvPmdynfsKx41L1yYYgH0YAIu2dWWWykGLHx9AL/pkzxvYbJQeQNAC911QT7MAgRwh2lDD4HKzCxtW25Vk3WlXIgiAfRwAtYQ2tjHj0zFe9bszRMsWwBwrZvW/9ECANANVeZVtjFhbQVRsLuLA9DtdW4VIW/Xp2vOasPvXjZDl/reGyddhgGKpFl/mxXVqcUC6JYQAPDq6urcUxKANvH29r7dRbhDKX09iFz0FQaAO0z01NmPJkqjQz2Jhj75ytDbXRwAuPPccgCA6hdAlxcQHUDpv2oEaDyyu3jF7x8ZfHbXmv3ljfYZzQJ8gm5LAQGgI8QB0aGYBhQA2g9dgAC6n4D4OMW2yl8NA6jJOPufjAuxM6e//Ipm3V9/4IcI+8b1Rf8fgDuO6VpxcdkJTAMKAO2GAACgG4qYlhx/7McWEwEZsnd///xu+27wnGmYAgjgzmOqPINpQAGgI7rn+sYAbVRYUMa0AT8TsNO2fXpg+yTBLTdc7naQXNGmuF17cfOff7UUgBNp4kNYCAxAMDqtMIuFtvEBB4BOI9TT3fmy8opbHoyLDsc0oADdlmLA4pfvC1O7PilNvG8Jav8AAAA9E940QHd250btgvBLWvxWXPHxQ8cOplcWN1mISOThHZeYsGBicsQNIgMAAADo9hAAAHRr6vBR85aMmne7qH5W1QAAIABJREFUiwEAAABdBroAAQAAAAD0IAgAAAAAAAB6EAQAAAAAAAA9CAIA6EFczocFAAAA0KMgAICegq/9IwYAAACAHg4BAPQIjvV+xAAAAADQkwk8DWhVTf2WnUfTLlxtJU14iP998yfGRocJmzVAK/h17wAAAABAyADgh6Op3+w4YrXafLzVft6u1xlq0uhKyqv+/d7m8SMTlyyYxDAC5g8AAAAAADchWACQlVO8+fsffbw8HntwTnRkcCspq2sbP/p8x48n0sNC/MaNGCRUAQDA7lpV/e0uAkD3EejvdbuL8Ct4wAGE0tWe7k4jWACw64dTDMM8s2phSJBv6yn9fNTPrFrw0hvr9h0+O3b4IDQCgLu57PTfvTsF9dhvNICeAA84AHSQYIOAr+aVBvp787X/9Iyctz74uq6+iYi27Dy67qu9RKTTG1av2frT6YtEpFLK+8dGVtU01NY3ClUAAAAAAAC4KcECALPF4uPlwW+fSrt8Jaf40tUiIjp4NO3E2cymZl1+UUVmVsFPZzL4NEMG9PFSqyRisVAFAAAAAACAmxJyEDDzc2+eWZPuCgv2HzKgDxE9vGSGTm/wUMn7RIcumDUmJiqUTzN0UOzQQbEdz9RoNP/vk21E9PTKBRKJ64+TeiH76+9//PNvl3h7qm56w9QL2R+u3/H48jlDBwpQPAAAAACALkXgaUB54aEB4aEB/HZSYhy/IRaJZkxM5rfNZktJeZVKKffz8exgXoUlFUWllfxGHyGmFh3QL/rNlx9TKmQdvxUAAAAAQFfjlgBg9w+nv9v704vPLO0VHvTPt79obNL+44WVHHe9u9Hh4+lbdhwxmsxEFBkWuOqBWYH+3u3LyGajEymXhiXGEdGJlEsxUWEdH1IsEYskbWgoAAAAAAC4E7klADAYTUSMwWAiIoPBZLZYzGYLHwBcuVq0adtBmVQy+q4BVTX1WTnFH36+46XfLWPZ9tTcS8qrcvJLH31gFhF9smlPVU19gN/1uREKiis+/mL3taq64EBfe2eeuobm19/ZlDS4b3pGTmV1XWJ8zJxpIzduOZBfVB4a7P/EQ3f7+3rmFZZ/+PmOxx+c4+3l8fo7m0YmJZy7eLXsWnWAn/cjS2f2Cg8S9FcFAAAAANCp3BIAzJ85etzIQfyY4L88+4DZYpZKrw/2PXwinWHo5eeW+ft6EdHGrT8cOXE+t6C0fb13zpy7HBzoGxLkR0QB/t7pGTlTxw8jooYmzSeb9oQF+z+zamFDY/Mnm3Y7XnXlatHjy+fW1Tet3bgzt6Bs6cLJfr6en2zavffQmWX3THHK4lRq5solMz1Uik+/3LP74JnHls22N2UAAAAAANxx3FKX1emNNbUN/HZjs6ahUWM/VVXT4KFU8LV/IurfJ5KIyitr25FLQ6PmQmbeqKR4jmM5jh2VFH/8TAafV35huU5vmD9ztL+vZ0xU6KwpIxwvHD8qMSzYLyYqNCTIr39c5JCBfSJCA2J6hZZWVOv0RqdcZk0ZERMVGujvndA3qrFJw/dcAgAAAAC4Q7mlBWDrzqNHTp5/6uF5g+J7v/7Ol1qd4f9ee4JvBAjw8yourczOLYntHWaz2c6mXyGiIH+fduSSmVVQXlnz7qff2Y8wDGVmFYxMir9WXcexrERyvdlBLpM4Xui4G+B3ffiBl6eqtKK6ZS5O1wIAAAAA3NHcEgDE9g67klMUFOBDRAn9ohoaNSIxx5+aMTE5PSPn/z7aEh0Z3KzRlV2r6RsT3ic69FazMBrNJ1My504bNSo5wX7w+JmMkymZwwbFBfp5m8xmjVbPz/vZ8r0+AAAAAEDP5JYAIHlw3+TBffnthxZPczwVGRb4wm+XfLPjSH5RuUqpmDYhae60kcytz91TWFJRWdOweF6M49T+iQkxx05fLCypiIoMVirkO/efXDh7bENj864DJ4X4WAAAAAAAdzy3BABl12rSLmRPHZckkYjOXbyq1RtHJcXbz0aGBT7/m3s7cn9+9s+wYL/ggF/1HQoO8AkL9juRcunBe6auXDLjk017/vKvjwP8vIcOijt77kpHcgQAAAAA6B4Ym80myI1WPfdW/9jI3z22iIg+/mL36bTLjyydedeQfk+9+I7BYHr7708p5FK+7p6TX3LgaJpGo+OXDJs6fhg/XxCA4HRaMxFl5RW3PBUXHU5ElZWVTBvwC107bdtXv7Y3YbXccLnbQXKFW+J2AOgI/tum4/CAA3Q1Qj3dna+V+o9gXzQqpfxaVR2/PW38sKAAn4H9exPR8nun6fQGvvZvsVo/Wr/jXEaO/arsvJKDx9L4UEGokgAAAAAAwI0IFgDE9g5Lu3D1UnZh/9jI8NCA8NAA/nhSYpw9zYav95/LyAkL8X9g4eRe4UFGkzk94+oXWw9+/MVuHy+P9i0FAAAAAAAAbSfYOgCTxgwhos++2ltQXOEyQWOz9mTqJU8P5R+fvK93rxCOY+UyyYhh8asemEVEB46mCVUSAAAAAAC4EeFaAKLD7p07/psdR/6x+gtfb7Wvt9p+Ki4mfO60kUUl16xW28ikeKeZ9QfF9/bxVufmlwpVEgAAAAAAuBEhBxtNGTc0vm+vg8fSsnKKs/NK7McZliEiHy+12kMxoH90ywvvGtz38tUiAUsCAAAAAAAuCTYLEEAXhFmAAKBzYBYggO6qW84CJNgYAAAAAAAA6PoQAAAAAAAA9CAIAAAAAAAAehAEAAAAAAAAPQgCAAAAAACAHgQBAAAAAABAD4IAAAAAAACgB0EAAAAAAADQgyAAAAAAAADoQRAAAAAAAAD0IAgAAAAAAAB6EAQAAAAAAAA9CAIAAAAAAIAeBAEAAAAAAEAPggAAAAAAAKAHQQAAAAAAANCDiDohD4vFWlFVS0RBAT4ci5ADAAAAAOC2cXsAcDrt8qZth7Q6PRGplPIHFk0eOjDW3ZkCAAAAAIBL7g0A8grLP/5i98TRg6eMG0ZEew6d/ujzHS/9bll4aIBb8wUAAAAAAJfc2yHn0E/n4uN63T9/op+P2s9HvWzRlN69Qn88cd6tmQIAAAAAwI0I3AJwraru8PFz1bWN/fpEjhs5sKqmvn9sL8cEsdFh2XklJrP5yIkLV3KK/H09J40Z6uejFrYYAAAAAADgkpABQF1902v//Tw2OjwqImjngZPFZZWB/t75ReWOaXILygL9vdd9ufdSduHE0YPzCstfe2v9319YqVYpbikvnd749tqtuQVl/C7DMFERQcsXTwsJ9K1raH79nU333j1+6MDY1AvZW3ce/f3j9zrGGDYbbdl5JLeg7JlVC+UyiUCfHgAAAADgDiBkF6Az6VdUCvlTK+fNnTZy2aIpx89kjBk+MDOrYPP3P+oNRq1Ov+GbA1m5xaOTEs6mZz18/4y500Y+tXKeRCJOPZ/dvhynjh/25suPvfnyY/94YaW3p8cHn21vaNI4pamqaTiZkul45FpV7em0yx34oAAAAAAAdyohWwCMRrOHSsFP9OnlqSKiIH+flUtmbtp28PiZDKvNKhaJHl8+x9/fi4g81UoiEnGcUiHTaPXty1EmlXh7qvjt2VNHrF6zpaikMizE3ynZyZTMEcPi+UYAm42Onb7Y0Kjx8/Hs8CcGAAAAALjDCBkADIrvvX3fiT0Hz0RFBn/9/eE+0WEeKnl8XK/HHpidnV/CcVxMr5CIsACVUh4dGbxp28EFM8dcySkuv1YzeEBMx3MXizgislgsTsdDgnz5GGDO1BFEVFVTfz4zt090mNVq7XimAAAAAAB3FiEDgIjQgCULJm3adpBf82vJrNFvvvvV1fxSp2R9Y8LvmTNu7Re7//PB1wzDPHjP1NAgvw5mbbZYTqVeYlk2pMWt5DLp+JGJu344xTcCHDt9ITjAJyTYLyunuIOZAgAAAADccYQMAHR6o1wmmTttpM1mI6JN2w5JxKK//u6ByLBAe5q8wvIvvz301XeHRyXF84N3RSLOYDBJpeJ25Lh934nt+07w2wq5bMV90wL8vOoamp2S9YuNOJV66WRK5l1D+p27mLP83qlXUPsHAAAAgB5JsACgpq7x3+9tbmrWRoYHMUQms7m4tPIPTy52rP0TUXRk8N3TR769dhvHsSKOsxHtOVixfd/JPzy52N6bv+2mjh82eexQfiyBSilnGNfJJGLxpDFDvt7+Y1lFdUiQX3RkCAIAAAAAAOiZBAsANnxzICTI9/HlKyRiERFV1za+8I+1Lif39PVWE9GqB2bzo3INRtO7n3z71XeHfrN87q1m6jgIuHX9YiOC/L0zswqefXQRx7l3+TMAAAAAgC5LsKrwlZyiUckJfO3/lkgl4jHDB168lC9USVwScdy9d094fPlcpxYJAAAAAIAeRbAWAIvFKhE79uO3ERE/GMBJy0NymdRkNgtVkhvx9/X098XUnwAAAADQowk5CLgzyWWSPz99v8tT3p6qN156lN8eOjB26MDYlmnmTB3BzwoKAAAAANCjoDc8AAAAAEAPIlgLgLeXR9qFbPsYgIYmDREVFFc0NmmdUtbUNRJRXmFZTW0Df+RsehY/MhgAAAAAADouLjr8RqcYl9302yG/qGLtxl1VNfXtuDbQ3/vRZbMjQgMEKQmAnU5rJqKsPBezvvJPRWVlJdMG/JoVTtv8hv2nyw2Xux0kV9ypPfcAujH+26bj8IADdDVCPd1dimBfNFERQf98caVQdwMAAAAAAHfAGAAAAAAAgB4EAQAAAAAAQA+CAAAAAAAAoAdBAAAAAAAA0IMgAAAAAAAA6EEQAAAAAAAA9CCYbxgAAABut2sHXttIq56bEszvXtz8UuWEv0268QJBFzev2lillhMRkdxn8n0LZkTK2pxZ5Z515xNXTBGf3bqNJjya5HOrhc34cvVG+cLX57leZanoxN7GhOkJ6trjGw7TrIWjbvn21zVc2ZvuMX1c6I1TXDvw0n8ztXK+LqdIWLhwxQDP1u6oy1j31o8Z1OvRv86Oa2ehoJtAAAAAAAC3n6k26/11wS+sSFC0LX3Q1HuvRwi6M/9ec2bkM2Nbrfy64Je08NH2FDT1iH7IZH1qBoUnuDpfk1Vc0ZsS1D6jli1sx+3ttKXFGQHUWgBARH0nv7WCL0X+hjcOZw2Y10rNvvrESe2sp94a3JFCQTeBAAAAAAC6gJgxT0SkbbwY9egApf2YtnDv6nU5NUSKkIFPPDo22OWFOo2OOCJNxpbN6zK0JPeZ+9CScYEZ772RqfZuzCwzmLzjn39mQrDuyob3f0hv4hRxMbFERFR+cO22gFVP0uaXUpS+lcXFOovvmAUvTgohXf5Xa3adreMUIeFBdZqRf1rsWGduOJnjO3XxZN13q4/WJoz1ISK6dnT1ZxeKdZwiZOgUnzNbrhhMhe9mTJ2WcCwt6E+LB1Pt8XWbtxVaiBSJ9y1e1lez540fKuL0Welakyj4gecWDpZrMrZsWpdhEIsUifctuS9GRkTVJz7/z/5Grejd57Imv7Uo4Nd3ULr4JZgMOhMRkfbKzv98VdBAXPjUu58dKdrzxt6KOHNWesDcqbVb+RvmTn5rlvSrNbvO1tEvv6u/ZyoCGrPMcQ/GZe0qCtaVFjSQ/9xpnsf35dSYFZN/8/CMQIH/teH2QgAAAAAAXQEXPGl6+Fub9wQ8POP6keLtWxom/+mpZDk1HP30vRODXhz5y1v+6mPf/zODI7OlkXwWrFioOLdpu/e8t17xIV3q6i0Z45YRVRqif7tqmZzytqzdmzNhUsaxxokr3hqspMajr31gcMy4Qhfwwp9mKyh/wxtnsibNk+/7oWbsircGK0l35t9/zf91Ia9sy41ZPJaIxiYcO1M0dnoEFX+1tiTpuaeelROZzCRO9mhaWzFz1YzAyj3HiIhM5/YeDLj7rRUhRFfW/f1A1l9HEtWKBj/1+jzSnv189bmGwSOLj5TGvfzKWE/SaHXXOzL5jXzwed3abQGrnhxApnObfn0Hh9f8Ocf++fYZIkujXjlu2d1xptTV+5RPvPKUH2mOr9l7buQYokY+LyKK+vmGRd+tvf4BG4++tu5o4jM+VGeIfW7VCjmVH8yq8Ih/66+z6dzmVWf93//rdHHh3pcO5cy4P8Z9//DQ+RAAAAAAQBcRMOOJ5PfWHSgfwe821Jh9xsmJiDx7h+iOlpNDAOA35u4XHQYJlJ/TVJz87p8ZREQ6eUw1+VBAcLSciEjuTVod1dRR9AglEZE6Kt77imOuQXG9FERESj8yaIm09pTyXgkBvwoATOfOZ5Rqyt8+T0TmJkPxFVrRt6FG7M8XksQuqlXVtRrfiBAiIoqJDzhRXEtE/gmRREQKmVTXaCBKWDz2wMY1m8gnbMassdFtuEOcfVxBzJgXVzh0RLpWW1OZs+btfCIy62XjHPJy9Ktfhf5MscPvioii46KIiEQU1DtcTEQyjvT6G/6LwZ0JAQAAAAB0GfKEJ2eVvLamiiYSkaevKLNYR8Fyasgtk0eOaOU6Px9l0NjpL461V40znBL4etOJMg0FKqkxP7OORt74Vr+k1BVkVFLQL2dqj6R7PvPXxRHXd6+sW3O0oW+Ur+lCno6Cr7cAiMQic4NDhdnPR1lTVEYDQohyMit9RvpQnnOGZs+EKU8OJrp24KUtV/62rC9/VExk0uuJZC3vcEM+Pr4B8St+GQ5Ruaf1D9iYnynzn3zj+0F3hQAAAAAAupLI6asmrl1LRBQ+d5Hn6jfe3Xx9DEBro3zFg6dP/vK7P/9dayJp+NjpT451ThAxbYz6/XXPfc8p4mJibzy9EBFFTJvsu2bdc99zipDwIMeUOUdPeA91qC73HRdwZk/h2LnLfFa/8e424hQhQ594NDlhat9t76x+bvCIyT8XbFL65udeud6DP440zgGAqWDrO3vPNhGRIumBMfbDfiNHKN748LmzQ154wukOrfwWhj4wdut7f/+gxkyKkPhVK/q2+gGvjwHwbBEsQbfH2Gy2210GAHfRac1ElJVX3PJUXHQ4EVVWVjJtQEQtt/kN+0+XGy53O0iuQNwO0OXw3zYdhwe8azCbSCQmIrqy7u3i6c9McT34GHoGoZ7uLgVfNAAAAAC/MJWmrdmSWlxnMZEi8b7FqP1D94MAAAAAAOAX4tDkJ59Jvt2lAHAj9nYXAAAAAAAAOo97WwAam7Vbdhw9n5mj1RmISKWUD+ofvWjOOJVS3oarAQAAAABAYO4NANZv3nfhUl6v8CCJWEREeoPx+NlMs8X6yNKZbs0XAAAAAABccmMAYLFYL1zK6xMd9scnF9sP/mP1F+cuXrXZbMLOiwIAAAAAAG3hxgCAZdkxwwcMHRjreHDutJHnM3NR+wcAAAAAuC2wDgB0Z1gHAAA6B9YBAOiusA5Am5SUV6ddyG5j4mGJcSGBvoKXAQAAAAAAXBIyAGjW6LbsOHL8bGbbL9mx/+To5IR75o5XyKW3lJdOb3x77db4uF5zpo649ZICAAAAAPRQggUAOr3hn29/UVXTEB/XK2lwXz9v9U0vqa5rPJ166aczGflFFX/53VKxCO2eAAAAAADuJVide/+PqVU1DVPHDbtn7rg2XhJHNCopfuOWH46cPH/05MVJYwYLVRgAAAAAAHBJsADg2OkLSoVs0Zyxt3rhffMmnEzJPH42Q5AAwGyx7D+csv9IilZnGNQ/eumiyV5q1bWqum92HLmcXWgym6Migh9bNlutVr6/7nuRSPTYstkcxxLR1l1HC4oqnl65IKeg9MtvD12rqg3w816yYFL/2MiOlwoAAAAAoItghbpRY5MmJMiPn+1Epzc2NGkcz7785mev/Hu9ywtFIi4sxL+yqk6QYvx4/PyBo6kP3jP19b88IpVKNm07ZLFYNVp9r/DAV/7w0N/+9DDHslt3HeNYbtiguLzCsuraBn7F4vSM3BHD4q9V132yaffA/tGv/2XV9AlJG745UFldL0jBAAAAAAC6AsECAJuNZFIxv71mw85/rv7CfspkNldW112rrrNYrI6XVFTW8ht9YyKChZgLyGAwpV28OmJY/yED+/h4q6dPTK6uqW9obI6ODJ49ZYS/r2egv3e/2Miauka9wRgf10smlZzPzCWi/MJylmHi43pdvJznqVbNnHSXj7c6eUi/AD+vguKKjhcMAAAAAKCLcMu4W5lUXFvfVFvf5OPlQURikeiV55ezLMt3tuFdyi78v4+2PLHi7sEJMfNnjp4/c3TH89UbjfUNzQfySg4cSeWPyGWS+kaN3mja/N3hotLKZo2OiHr3CiEiT7Vy8ICYtItXRyUnHD+bGd0rRO2hvFZVV1xa+exL79nvGRMV2vGCAQAAAAB0EW4JAEYlJ6Scz167cddvH5kvl0mJKCjAhz9Vdq3Gz9uzvrF5/48pRLRz/0mOZeN6h9c1NNnTtJtMIvHyVA3sHz1tQhJ/hGUYmUyyZsPOJo3u2UcXqj2UPxxNzS0o488mJ/Y9k3bldNrlwpJrjyyZwTAU6O8dERrwyNKZMtn1aUllUkkHSwUAAAAA0HW4JQBI6Bs1Ylj/kymX/t+/1w9OiFEqZFKJePyoRKlE/K+3N0ml4uZmncVqJaKi0sr/ffKt2kNBNnrr1d/cakZ6g7GuoZnfZhlGqZQNGdDnwNHUfn0iIsICG5s0WTnFE0YPlkklYhEnk0pqahvSLmR7qlX8JSFBfpHhQd/tOR4ZFhAZFkREA/pF/3ji/Nn0rNHJCRar7VzG1cEJfeQyxAAAAAAA0E24a+r9B++dqlTIUy9kH/rpHH+kb5+IyLDAaROGfb/3BMsyD98/fWD/3hlX8td9ubexSXv39JHtyGX/jyl8SwLf2+fZRxeNHzXIaDSt+2qvRqv3UqumjBvKMLRw1piPNux86Y1PI8OC4mIi7GMPOI4dlRR/8VLeiGHxEomIiMJD/B9aPO3Lbw/tPHBSLBINGRibPLivcL8VAAAAAIDbjLHZbILcaNVzb8XH9Xr20YVOxysqaxsaNR4qRUiQLxE1NGmef+XDIQP7/Gb5XD7B2o27zpy78o8XVgb4eQlSEgA7ndZMRFl5xS1PxUWHE1FlZSXTBkTUcpvfsP90ueFyt4PkCiyZB9Dl8N82HYcHHKCrEerp7lIE+6JRKeXXqmpbHg8K8HHs3C+TSIioprbRZrMxDGOzUU1dIxHJf+5zDwAAAAAA7iPYNKCxvcOqaxsvZRe2nuzdT78losKSa+98/G3ahav/+2QbPyT3k027hSoJAAAAAADciGABwOQxQ4jos6/25hWWt5LMYrUlD+4b6O+dcSX/g/XbL17O9/f1Sh7cV6ieSAAAAAAA0ArBxgAQ0YEjqd/sOGKz2Xy91b7eaqezU8YNTUyI4bctFuu2Xcf2H0kZN2LQffMniDhOqDIAOMIYAADoHBgDANBdYQzATUwZNzS+b6+Dx9Kycoqz80qczvbtE2EPADiOHT6s/6nUSyOT4lH7BwAAAADoNEK2AAB0NWgBAIDOgRYAgO6qW7YACDYGAAAAAAAAuj4EAAAAAAAAPQgCAAAAAACAHgQBAAAAAABAD4IAAAAAAACgB0EAAAAAAADQgyAAAAAAAADoQRAAAAAAAAD0IAgAAAAAAAB6EAQAAAAAAAA9CAIAAAAAAIAeBAEAAAAAAEAPggAAAAAAAKAHQQAAAAAAANCDIAAAAAAAAOhBRG69e1Oz7tipC9l5JcWllUQUERYYGx02ZvgAlVLu1nwBAAAAAMAlNwYAJWVVb763mYhmTEyeMTGZiPIKy3cfPL3/SMqfn74/0N/bfVkDAAAAAIBL7uoCVFxa+e/3Nyf07fXPF1fOmJSs0eo1Wv2MScn/fPGRmF4hb773VWV1vZuyBgAAAACAG3FXALBx6w/RkSGPLpvN9/ZJvZCdeiGbiDxU8idW3O3v67VlxxE3ZQ0AAAAAADfilgCg7FpNXmH5/JmjXZ5lGGbutJHnMnKaNTp35A4AAAAAADfiljEA2bnFnmplRGiA/QjDMI1NmqycYiISibi4mHCJWJSVWzx0YKw7CgAAAAAAAC65JQDQ6Ywev57nx2azXb5adPlqEd8L6L+vPuHjra6pbWzn/fXGt9duzS0oczru4+Xx7GP3rN+8l4ieWbVQLpN04EMAAAAAAHRDbgkA1GplfaPG8cjsKcPHDh94PUsRZ7NRY5PWQ6Vo3/1lUsmTK+aZLRYi+mLrDw2NmpVLZkilEpZlVArFkyvm8WmE+CgAAAAAAN2KWwKAuN5hzRpdflFFVEQQfyQ40Dc40NeeIDuvRKvT9+0T0b77Mwx5qK63MEjEIo5jPdUq+/t++ykAAAAAAHDilgDAz8czMb7393uPP/vowpZnbTbb93uOJyXGeXuq3JH7mg07iejRZbN37D95PjM3LMT/dOpliUT80OKpNXWN3+89YTZb5k4bOX1iMsOQ3mDcsvPoybOZVqttVHLCojlj0XQAAAAAAN2Yu6YBfeCeKcWllWs37tLq9I7HG5u076/7vqq24YFFk92UtaOSsqrQIL9/vPBw/9iIDz/fkVNQ9vJzD86dNvLA0ZTSimqbjbbsOJp5Jf93jy165Q/Lyyqqd/1wqhNKBQAAAABwu7hrJWBPD+Uzjy78z/ubX/hHwbDE2NjoMJPZkpVTnHYhWyIR/+mp+xRymZuydhQS7DcyKV6pkA1LjLuUXThjYrK/r+eA/tH7j6Rcq6r1UMozs/JnTRkRExVKRDMm3bXn4Gmd3iCXSTuhbAAAAAAAnc9dAQARRYQG/O3PDx89eSEnvzQlPUsk4iLDAmdPHTFuxMDOqf3zIwRY9norh0wqUXsoiUipkEnEIiJqaNLo9Mb1m/et37yPT+Pj5aE3mBAAAAAAAEB35cYAgG8HmDN1hFuz6AhPD6VcJrl7+qjEhBj+CMsyHsp2zk0EAAAAAND1CRkAmC2WvYfO5heV6/XGNl4ik0miI4OnT0zmWHeNRmiF2kMZHxd15MT5yLBAby+Pa5W1VTUNo+8a0PklAQAAAAAHS8wPAAAgAElEQVToHIJVu/UG45vvfnXopzRfb7VYLCqtqI6LCY+LCVfIpbkFZfx2TkGpUiHjt0srqsVikbeXxw9H0/793maj0SxUSdqOYWjRnLEx0aFvffD1n/720YYtB6RScecXAwAAAACg0zA2m02QG32yaU9pRfUfnlgsl0l+OJr644nzf//zw0RUXFr52n83/Gb5XIvVumbDzlf+sDw0yI+I/vr6p+NHDpo8dqhWZ/jXO5tie4ctWzRFkJIA2Om0ZiLKyitueSouOpyIKisrmTYgopbb/Ib9p8sNl7sdJFe4t+ceALQD/23TcXjAAboaoZ7uLkWwL5qs3OK5U0fwq3FZHYKKsBB/Ivpg/XZ+l6/98/hkCrl04ujBew6dEaokAAAAAABwI4J1Aaqrb/JUX1/Yi6Ff3nfWN2qIaPm9U5fdM4WI6hqa7afsyfx8POvqm4QqCQAAAAAA3Ihbht7a6JcWgLKKaiIaPqz/XUP6EVH5tRqXyQAAAAAAoBMI2dewpLyKn1+/qrrBaDJn5RQT0cXL+R4qeW5+GT8B/8XL+fyEP0aTuaq6gU9TUl4lYDEAAAAAAOBGBBsEvOq5tzp4h7VvPSdISQDsMAgYADoHBgEDdFcYBNwaVN8BAAAAALq+27D8FgAAAAAA3C4IAAAAAAAAehAEAAAAAAAAPQgCAAAAAACAHgQBAAAAAABAD4IAAAAAAACgB8F8wwAAncrl6ivCLhYBAADQCgQAAADu1Zb1Fp3SIB4AAAD3QQAAAOAWTnX6G+26XDf6RmcBAAA6DgEAAICQHCv69m2XBx137RV9m81m32YYBpEAAAAIDgEAAIAwWtbynX6yLEtE/E+GYfj6vWMaq9XKH3Ss7ju2CSAMAACAjkMAAAAgAKeX/faavb2uz9f7nfCn7Lscx1mtVseowLE1wOkIAABA+yAAAADoEJdVf36bZVmO427pbvY4wWKx8MGAY5Bg7xSEMAAAANoNAQAAQPs51v4d39y3o+rvhOM4lmWtVqvVanV894+mAAAA6CAEAAAA7eTUxd8eAIhEIkFq5wzDcBzHMIzFYml5CjEAAAC0j9sDAK1On3r+6sUr+aXlVbV1TR4eipBA3/6xkcMGxfp4q92dOwCAmzj19bd31xGq9m/HsizDMGaz2Wq1Og4kQAwAAADt48YAwGq1bdt97NCxcwxLifExk8YMCfT3rq1rKiqt3HPozJadR4YP7X///IlymdR9ZQAAcAent/48lmVFopt8qVqtNpZlLFYr2Wwsy1osVpZlWfYmlXiGYcRiMR8DtBwSgBgAAABuibsCAJPZ/O4n32XnlkyfmDxtwjCdzlBSXl1UWhno5z157JD75k/46fTF7/Yczy/a9PvH7/H2VLmpGAAAgnNZ++d7/tzoEovVyjKswWiyWCwmk4Uf40sMcSxns9k4jhWLRTKpuPWqvEgkMhqNLdcMRgwAAAC3hHH6WyKUT7/cW1x67elHFjAM8/nX+zOu5EeEBsikEqvNlpNfGhbiv/L+GT7eHms27Gps0rz4zFKRqEOj5QBc0mnNRJSVV9zyVFx0OBFVVlYybWCfrtFx2z4c02mixhut7SoUuQJDd24nl7V/m80mkUha/kPbbDar1VpZXW+12eRSqdVqs1itLe/584U2qVQsl0kl4hv+E9tsNqPReKP/ooJ/WGg7/tum4/CAA3Q1Qj3dXYpbvmhOp11Oz7j6yh8eqqlrfPeTb0OD/P789P29e4XwZ6tq6r/bc/zv/7fx4SUzHl8+59X/fL5t97F75453R0kAANyHr/pbrVaXtX8i0usNaRezS8oqlUp5/9hopUJ+o/vwGwaD2WSyiEUihVwqFrt4LcL3BTIajfbVxIT+TAAA0P0JHwAYTeavt/84Y+JdLMu8+8m3Y+4auGjOWKPJvO/w2azc4rAQ/8ljh656YNag+N6fbNr94jNLF84eu3bjzgmjBvv7egpeGAAAATm+/udH/VqtVpFI1HKRL4vVWlldl3k592p+idlsYWvrgwJ8FXJZ61V2m81msdisVhMxpGJlHOdi7TB+pIHZbOYnCbVHAugIBAAAbSR8AJB5JV+j0U8Ynbht1zE/H8/5s0YT0cdf7M4tKB03YtDFy/lpF66++oeHkgf3Tc/I+X7v8adXLvjaQ3kq9dKcqSPanotOb3x77dbcgjJ+l2HI39dr8d0TBvaPFvwTpV7I/nD9jseXzxk6MFbwmwPAnaJl5x8+BnDZ9T+/sCzzSl5JeaXVys8RZCurqPLz8ZbLpCzLsAxrtdk4lrHabBaLc6cgm82m1xvNZotKKZNKxC1vLhKJTCaT4ySkiAEAAKDtXLxe6qDMrMKEflEiEXciJXPq+GEcyzZrdOcuXl25ZObcaSOfXjm/sro+K7eYiKZNSLp4OV+j1Q2Kj8nMKmhHXlPHD3vz5cfefPmx1/+yKjEhZv3X+4rLqgT/RAP6Rb/58mMD+kXzwcBv//K/vMJywXPho5rX//flmg073XFzABCKYwzQsvZvsVprahtOnLlYXHa99s/TavUmk1GhkHqoFGoPuY+XSqWUe3oovTyVcrm0ZRuC2WzR6gxms/MKADyO4/jwwz4EGQAAoI2EDwBq6xv9fDxrahsNBlNURLDzQEmGiIh/4xURGsCxbH5RRWiwb2V1XTvykkkl3p4qb0+Vj7d62oQkhVyWnetiuGcHScQib09VK8PyAKDbu9HYX7HY+Q19TW192sWshqZme72cZVm5VNIrPDgsJEClkEklYrFYxHGsRCISizmpROyhlPt6e6iUcvGvwwmTyaLVGVzW78ViccvCODYIAAAA3IjwlVq93iiViE0mMxGJxSIiUipkQwfFfvbV3lHJCRcv5wf4efWPjeRDAqVS1tDY7KlWabR6Actgtlj2H07ZfyRFqzMM6h+9dNFkL7XKarX9eCJ914FTjc1aL7Vqwawxw4f2X7txp0arl8ulGZfzly6c/N2en+69ezzf1WfNhp219U3PrFpYfq3mw893PP7gnB+Opp5NzyKif72zqXevkOWLp6/+6JukwX3TM3Iqq+sS42PmTBu5ccuB/KLy0GD/Jx66mx/VcCm78MtvD12rqg3w816yYFL/2Mi8wvIPP98xOjnh+NnMuvrGqIjgx5bNrm/UrF6zRac35hKdTc9CjyOArslez+Z7/7dMkHW1qLC4wr7LsWxYSEBs74jI8GC5TOLyngxDDMPIZWKOZbQ6m9litediMJg4jlPIpU5de/hFgi0WCz8LEDr/AABA2wkfACgUsmatTq1WElF1bQM/x//KJTMO/XQuK6e4X2zE1HHD+JFtZrOlqVmr9lA2Nms9PZQdydRqtaWez9bpDbHRYUT04/HzB46mPnjP1F7hgdt2/7Rp26HHls0+mZK5ZcfRhbPHDBkYW1RyrbK6nv9zeflqYVJi3z89dZ9E6vpvs90Diyb37RPxzfYjqx6YFRURbLZYiOjK1aLHl8+tq29au3FnbkHZ0oWT/Xw9P9m0e++hM8vumVJcVvXJpt3Dh/afNHrhpezCDd8c+N1ji/i5QTKzCp5eOd9sNn/0+Y7DJ9Lvnj7qL88+8PEXuz3VyqULJysVso78QgBAcI5d//nuNxznPFHPtaragpIKnd5gP+Ln6znqroGeapWoRWInLMvKZBKxWNSs0ekNJv6g1WYzGIxiMdeyEZLjOPvSYPbIBGEAAADclPABQJC/T35RuVql8PbyyMop6hMVSkRikWja+KRp45McU16+WmSzUXRk8J5DZ4IDfduR1/Z9J7bvO8Fvq1WKpQsnh4UEGAymtItXRwzrP2RgHyKaPjH50027q6rrT6Rcumtov4mjhzAMOS49Ftc7fPm90yQSUV1Dc+vZKeQypULGMKRSyj1Ucj79+FGJYcF+vt7qkCA/f19PPtOYXqGlFdU6vfHi5TxPtWrmpLuUClnykH5n07MKiiv8fDzFYtH8mWPCgv2IKCoiuKa2UcRxag8lx7F8j6N2/DYAwE3s/WqcOgK1DACycoo0Wp19N9DfOzEh1tf7FqY448MAk9liHxxstlhNJotYxDlV7kUikV6v50vi2AiA1gAAAGid8AFAbO+w/UdSmjW6UUnx+w6nSMTiw8fPVdc2OqZRKeVJiXE5BWUD+0crFfK0C1cnjx3ajrymjh82eexQs9mydedRjU7ft08Ew5DeaKxvaD6QV3LgSCqfTC6TVNU21Dc09+sT0fLPoodKIZG0//fg2KYf4OfNb3h5qkorqonoWlVdcWnlsy+9Z08TExXq5+PJcS7e5wFAl+XUyd5l7d9stmRdLeQ7QPLiYiLDQgJuKSOGIbFYJJNJtFo9H3fYbDa9wSiXS1pW6h2HAvMxABoBAADgpoSvgw7oF+Xtqdq+78Q9c8elZ+Z+s+PIjInJ8XG9HNNU1zZ8tnmfUiF7+uF5P52+2NisuWtI33bkxQ8CJqJFc8b998OvDx5LmzN1hEwi8fJUDewfPW3C9QYHlmFEIs7LU1Vb32SzUVv+ONps5Dh9R7sF+ntHhAY8snSmTCa1l7n8Wk3H7wwAncNxWK3j7J8t5+3JLyrjewby5HJpv9go8a0vc84yjEImNRpMpp+nALJarQaDqeUQApZlLRYL3wsIL/4BAKCNhJ8FiGGY8aMSDx9Pv5pX+ttHFvj7eu45dOZU6iWzxRIRFsBxbEZW/hdbD8pl0ucev8doMn/1/aGp44aplK4XyGwjPx/1+JGJR06er6islUrFQwb0OZeRU1RyjYgamzSn0y7zB1PPZx87faGuofl8Zu6hn8453UQqEXuoFJeziwxGU1Zu8ZWcopYZBfr7SCTisorqNoYHA/pFN2l0Z9OzbFar2Ww5m36lWaO7UWK5TBIa5FdT19jQpLn13wEAuJfTCgAtA4CikmsM+0sVPDY6omW/nTZiGHJsJLRabRaLpeUMPwzDOE4G6tRVCQAAwCXhWwAuZRdu33eid6+QD9fveGbVgj89ff+O/SdPpVz66UzG9SxF3LBBcbOnDGcYZvWaLf36RM6ZOrLj+d41tN+x0xd/OJq2dOHk8aMGGY2mdV/t1Wj1XmrVlHFDiYg/uG3XsQ3fHPDz8Zw/c7TTn0iFXDp7yvAN3xw4eup8VERwYkJMRWWtUy6hQX7TJyRt/v7HHftPPv7Q3TctVXiI/0OLp3357aGdB06KRaIhA2OTB7fW1jFr8l0fbdj5h1c/nDN15C2tjAYA7uNUt7Z3uXFMo9MbtHq9Y/+fiLDAdr+VZxiG5Vh7rx4iMpktLZsvWZZtWfVHOwAAALSOEfZF0ZWrRe98/K2/r+erf3zotf9uKCuvnjVl+NTxwxiGKSiq4POKDA8Ui0RHTp7/bs/xgf2jH7pv2k0nxwBoH53WTERZeS5Wh4iLDieiyspKpg34CpnTtvMaF642XO52kFyB0SOdymnyH6vVarFYzGazWq12bASoqWs4cfZiQdH1VQI91aop45LbN70Bz2gyNzZqLdbrQ4ElEpGHSu70bWm1WhsbG0UiEcdx7M8c/69Cp+G/bToODzhAVyPU092lCPlFk51X8s7H3/buFZyTX/b6/74sr6hZMHvMwaNpew+fGTKgj7+vF5/sVOqltItXlQrZvXePH52cIGABAADczR4POHUBkkmlTQ6d92QyicXiehHfNmIZ1urwgsZitjJ08xYAAACAmxIsAMgrLH97zdbRdyXcN2/iu59+ezm76OlH5vePjZw0ekjaxauZV/Kzc0uIIR8vj+BA3+d+c29E6K3NjAEA0PluNAEo//bdMQYwGo32iTuJqK6uSSHv0GoeVptVxLH2ccAM6+KdvtVqdSxbR7IDAICeQ7AA4POv94++a8B98yau+2rvpazCp1bO45f75Tg2KTEuKTFOqIwAAG4Lp+mAnAIAhmU91ar6xuvLichkEo1W7+Otbnd2DJFjCwDLMlabzWncMT8C2Ck+wWoAAADQOsFmAdLq9Dab7fOv951KvfTEirsT+kYJdWcAgC7F3gLgeFClkFssFnudW6831DU0dmQ2YZuNHJsUGCK2RYWe72WEd/8AAHBLBAsA5s8c8+OJ9FNpl596eN7A/tFC3RYA4LZzevdvbwFwTGO2WHx9vOwpjSZzdW2DyWxqd6YG4y/XMgzDD/B1SuPUAtCytAAAAC0J1gVoxLD+I4b1F+puAABdkGPd2mg0ymS/9PKXSsReniqpVGIwGFmWkctkVquLYbttz0hvMDruSiTilslMpvYHGAAA0GNhujEAgLZy7FVvNBqdTsVEhWdeyZNKxH6+XkEBvj5enkazRSQWtey60zqr1ao3mBy7DzEMI5W4+Lo2Go3o6A8AALcKAQAAwE04LshlX/zBYrGYTCax+JcX81KJKHFAnMlk9vf1YVmGiPR6o4jjpFLxLVXSjUazTv9LdMEwjFwmaVnRN5lMVqtVJBI5RSYICQAAoHUIAAAAbo3DSF+9YwDAsmx0ZEizRm/+ee5Oq9VmMJjEIo7j2jTgymYji9Wi0erNDsN/OZaRSV30/9HpdE7lAQAAaAvBBgEDAHRvTm/ZGYbRarWOQ4EZhpGIRRKxyJ7SZrMZjKaGJq1eb3QaNNwS3++/qVnnWPtnGUYiEYnFzi9rrFarTqdzWvEXkQAAALQFAgAAgBuyV6ntPX/sdW6+X1Bzc7NTepVSJpdJ7DVxm81mMpm1OoNOb/p5zp5fsdmuz/jZrNE3NWuNxl+tOS+TSeQyacuCNTU12Wf6dyqVU8kBAACcoAsQAMAtYH5No9EolUqO4xwTyGUSi8XqOI+nyWwxmXVanUEqFUslIpZhbTYbx7E2m81ktpjNFqPJbO84ZL8PyzIKubRl9yGLxaLRaDiOcyyJ+z86AAB0EwgAAADaxLGeba9222y2pqYmLy8vx5Qcx8nlEovVarFYHF/5W61Wnc6g0xk4jmUZxmK1sgxrsfKLeTlnJxZxcrnE5eCBxsbGllX/lo0AAAAALiEAAAC4Cb5KzXffcWoBYFm2ublZJpM5rgnAMCSViEUc16zVGwymlv1+LHytn8hKFmqBYUgiESnkMkmLrv/8yGONRiMSiZxK4lhUAACAVmAMAABAa1q+9efr/Y4/a2pqzGaz04UcxypkUqlEzHFsG+vlDMOIRJxCJlWrlC5r/2azuaamxil3hAEAAHBLEAAAALSVU+3fzmazVVVVtXzTLxZznmqF2kMhlYqcOhE5YVmG4ziFXOqhkqtUcn4ZASf2XByzdowB3POhAQCgu0EXIACAm7P3AmrZBchqtbIsazaba2trfX19W17Lzw3qobQZjCaTyWyxWBmGsVgtRIyIY202kkhELMvya/22Uo+vra01m8382F+nF/+O0wG5+TcBAAB3PAQAAAA3YV8JmN+wV/1tNhv/Pp7f0Gg0JpPJ39/fcVIgO5Zl5DKJXCaxWm1Wq5XjWKvVxjDEMCzf778VFoulqqrKaDRyHMf+GiYABQCAW4UuQAAAbeJyDADLso6VcoPBUFZWZjQaW7kPyzIiEccwDH8dw9yk9m80GsvKygwGgz07e443GgMAAADQCrQAAADcAvvrdv7FP//T8ZW/xWIpKytTq9Wenp4umwLazmq11tfX85N+cj9z2fsfVX8AAGg7BAAAADdn7/zjOBKAZVl+145PbLFYGhoaGhoavLy8vLy82lE756v+DQ0NROT01r9l/x+nYQBu+PQAANCtuDcAyC0oy8wqIKLw0IDBCTFuzQsAoHO0bARwmcZqtdbV1TU0NCiVSoVCoVQq23JzjUaj1Wo1Gg0/ttixl5FjIwAm/wEAgHZzVwBQW9/00ec78grL7Ud8vNXPrloQHOhiigwAgK7PsRGAfzHP19H5Xfvrf8cJefgwoKmpie/GI5fLpVKpWCwWiUT8T7PZbDKZ+J8Gg0Gn09mbFxxf+dsDgBtNAIrX/wAA0HZuCQDMFst7n353rapu+eJpQwfGyqTicxdzvvr+8H/e//r//WG5WqVwR6YAAO7mFAPYewE5pXEaMWzvIKTT6bRabcvlAhzT2+v0jnV9e9XfaQwAav8AANAObpkF6FTq5aLSykeWzhydnCCXSRiGGTKwz+8fW6TR6fcdOuuOHAEAOp9TTd3eRUckEtk37Nstz7Z+xPEmLkcAo8YPAADt45YA4EJmbqC/d+KvO/0HBfgMTohJz8xxR44AAJ2j5Qv+lm/rW9bgXdbmXcYAN7oQY38BAEAobukCpNUZ/Hw8Wx738vTIyi12R44AAJ3GqSMQz14vt1qtjoGB1Wq1Wq2O64U5Dhiw37DlOgOOSw04bqD2DwAAHeSWFgBPtbKkvMpqde7nWn6tRq1q0zwYN6XTG1//35c79p90Ol5RWfv8qx+mXshu9x2cFBRX/PX1T1c991Zb7gkAPYRTld2x477TjD32F/l2bTzi2O3HceYfDPwFAIAOcksAkJQY19Co2ffjr7r7p57PzswqGDooVsCMTqZkVtc22ndtNjp2+mJDo0ao+2t1ho1bfugVHvTGX1cN6Bct1G0BoBtoGQO4nLXTqTbfsorvstLv2PMHA38BAEBYbukClJgQk9A36tvdx5qbdQP7RxNRQUnF93tOhAT5TpuQJGBGVTUNJ1My50wdwe9eq6o9nXZZ0PvXV9XUz5iU7OOtFvC2ANA9uOwLZD/Id/jhpwq1Wq32JcNa7wLE9yZy7FPkWN13HPuL2j8AALSPu6YBHTwg5lJ2wf4jKfuPpPAH+8dGrlw6UywSpV7ILi2vJiJfb/Xwof05rv2tEIMH9Dlz7sqIYfF+PmoiOn42w0utslltRHQ+M/fTL/c89fC8PtFhRFRZXf+fD75ePHe8yyaIvMLyDz/fMTo54fjZzLr6xqiI4MeWzT5+NnP7vhNE9OH6HT5eHn/+7RK5TLJl59GTZzNNZktURNDyxdNCsKwBQM/GV/QdK/GOCwLYIwH7EsJOPx0vdDkYwKnej9o/AAB0nPABwNX80o837qqtbwr0906Mj1EqZNGRwSqVPDTI71J24cYtB4ICfHqFBxFRVm7x9n0nFs0Zl5QY1768BifE6HR6vhGgsrr+3MWcmZPu+n7vcSLqEx3m7+t14XIeHwDk5JdKJeKYqNAb3UqvN2RmFTy9cr7ZbP7o8x2HT6TPnDQ8Mixw7cZd98wdNyi+t0qh+PLbg5lZ+b97bJGnWrV159EPPtv+/BP3enoIM6oBAO5Q9sq9Y+2cf9lv32hZ77/RfZxaA1D1BwAAwQkcAKScz/7o8x3eXh6/fWTBgH5RjqfSM3I+WL/98eVzByfEFBRXlJRVzZ02srSi+o3/fdnYpJk0Zkg7spNIRFPHJ329/ccRw+KPnb4QEuQX2zucP6WQS5MH9z2Vdnn6BL1YLDqddjkxoben+oaVdbFYNH/mmLBgPyKKigiuqW2UyyQqpZxhSKmQeXooGxo1mVn5s6aM4KOI+TNH//v9zfmF5U6znQJAz+TUFODUAuBY9b/RQmCOGy1/OiUDAABoNyEHAV/NL127cWev8KCXf7/Mqfbf2Kz9ZNOeVQ/MHpwQQ0T7f0zZuPUHk9kcGuT3x6fu37LjaFlFTfsyjesd7uut/n7v8XMXc6aMHeLYoah/XK/GJk1Ofum1ytrq2obkxL6t3IfjOIm4tXCooUmj0xvlMgm/K5GIOZa9Vl3XvmIDQPfj1EHfaY4gtm0c5xRqecPb+vkAAKCbECwAsFisn32118/H8/kn7lUp5U5nDx5N8/NRD/u5//2ye6a89scVYpGIiMKC/QYPiNl7uJ0rBEskoukTktIuZkdFBEVHhjieCg7wiY4MSc/MTc/M9fPxDAzwae+HIyLy9FDKZRKd3sjvGo0mi9Ua6OfdkXsCQPfjsvu+Y53eaT6flrutDPwFAADoOMG6AJ04m1lZXf/sowulEnHLs1dyigbG9+a3U85nb9t1NCTI76mH5/FHBsX33rLjaLuzjokO/c3yuSFBfk7jiTmOHZUU/9nmfRzHLpg5pvUX/Del9lDGx0XtOnAyyN/bU636dvdPcpk0KjK4I/cEgG7MXmt36hrkdLb1awEAAAQnWABwKvVSeIh/fFwvl2d1eqPFbOW3hw2KvXy1MONyvv2sVCJuata2O2sRxyX0jXJ5KioyWKWU22y2GxWs7RiGFs0ZSwz930db+FmAfvPQXIwABoCbcqrNtz4GAAAAwN0ECwDyCsunjBt6o7MKuTSvsMy+26zReXt5OF6r9lDcUnZymeTPT9/f8ri3p+qNlx6178ok/7+9+46Pos7/B/6e2Z626QkphIRAaAFC711AeldBRLGgnqfe3dd+enrqqXfn7w48y4mnIiJSpUvoNQihQ4AEEhIS0nvbzZaZ3x+TbLalz6bt6/m4B05mPzOfz272k/u8P/Mpck8P125dA22n/5rfISKsy9/Nrnpm+SzT+TUf/r72bgr5owunPLpwSpOKCgBgDm19AABoW6IFAC4qxZWEZKlUYvuSt6d7VGRo7NH4nLyiAD8vIioprZDLpOUVGjdXlU5viL98q0/PMLFKYi4tIzszu2DOtFGOuDkAAAAAQIcjWgDw8PxJ67cc3H3gjO1LCrnsg9dXHjh2/psN+1594SGZVDp8UO8LV5OSUzP79+n+0/bD+YWlv39KzB2CBTxPcedvBAX6hIUEin5zAAAAAICOiKlnVxpxHT19+afth/18PJcumBQa7K+Uy9Mzc7fvPXn77v2500fPemBE6xQDnIqm0kBEiSnpti9FRYQSUW5uLtMIdpd2sV2mva6tmsQd8qFyccgG3gDQEsJfm5ZDBQdob8Sq3e1K6/2hmTh6oEwq2brnxOq1200nVUr5w/MmTR4b02rFAAAAAABwZq3a0zBmePSwQb3PXrhZVFImrKw/cmjfFq7OCQAAAAAAjdfajW+5TDp2RHQrZwoAAAAAAALRdgIGAAAAAID2DwEAAAAAAIATQQAAAAAAAOBEEAAAAAAAADgRBAAAAAAAAE4EAQAAAAAAgNB5nb4AACAASURBVBNBAAAAAAAA4EQQAAAAAAAAOBEEAAAAAAAATgQBAAAAAACAE0EAAAAAAADgRBAAAAAAAAA4EQQAAAAAAABOBAEAAAAAAIATQQAAAAAAAOBEpA69e3Fp+aETF9PSs9Mz84goNNi/W2jAA+OHeLi5ODRfAAAAAACwy4EBwPEzV7bsOu7h7vLgpOGzHhhJRLn5xfsO/3Y87sryxVOHDoxyXNYAAAAAAGCXowKA43FXftx2aMHMsdMmDC0uLb92I4WI+vftPmpY332Hzn69fg/DMEMG9HRQ7gAAAAAAYJdDAoC8gpJNO489umjK+JEDbt2+95/vdijkMuJp294Tv39qweypI2VS6fotB3p2D8FYIAAAAACA1uSQScA7fj3VLTRg/MgBRiP39Y97Jo8Z9M+/PPuPvzw7Znj02vV7eJ6fPmmop9ot9ki8I3IHAAAAAIC6iB8A8DxduZE8fHBvIsrJKyor10wYNYBhGJZlJo6OKSopz80vJqIhA6Ku3boreu4AAAAAAFAP8YcAabRVVVX64EBfIvL2ciei+9n5Xp7uRJSVU0BEnh5uRBTeNXBXbJzRyEkkzQlCNFrd6rXbklMzhR8ZhgnvGrjioWlBAT6Nv0lqevY3G/bl5BU9u2L24P6YkAAAAAAAnZ/4AYBMJiEijueJSKmQjx814L8/7Fkwc6zeYNi1P27SmBiFQkZEcpmMiHieb0leUycMmTJuMBEZDMZte058+f2u/3t+idrdtTHXVmqqftx6qFto4B9XLXLDVAQAAAAAcA7iDwGSSaVurqr0+7nCj24uKm2V7qfth7fsOl6l07uolML5u+lZHu4uUqmkJXkpFXIvtZuX2s3PRz1r6kiNtupeRm4jr80rKM4rKI6JjvT28pDLHLsfAgAAAABAO+GQhm9074gz529MHjso9lj8sbjLSxdMHtS/BxFdvHr7l32nPNxdJowaePpcwsB+kSJmKpNKiMhoNBLRjaS0jb8cyckr9Pf1Wrpgcp+eYSlpWV/9sHv4oF6/nb8ZFOgTHtZl78HfiOirdbu9Pd1ff3GpRlu1blPs3XvZMqlk5NC+i2aNUyrktlddv3k3JMjv7IWbcrns8YemFhSV7twfZzAY50wbNX3SMIahlLSszbuOpaXnGDluUHSPx5ZMdVEpdh84cyUhuUdE8IkzVzmOnzB64MJZY6USCcfxx+Iu7z34W2l5paeH24KZY0cM7pOVWyCUxN1VtWj2+BGD+zCMiJ8TAAAAADg1ybvvviv6TX29PXYfOKNQyH7Ze2rVY7OHD+qtVMiVCnl410B/P8/1Ww9KWPbStdsrH3nQzVXVvCwMBuPZizf9fT2juocSkcFoPHrqUkZW/rSJQwuLy778fufgAT2feXSm2sN1654T/ftE6PSGU2ev5eQVz39wzLSJQ6O6h0aGB1+9kfLIgkmL54znefrsm1/8fb1eeHJ+THRk7NH4/ILS6N4RxSXl5lel38+9cCVp+KDejy6akldQvPvgGYVC/tyKOe5uLgdPnO/XK9zD3SU1PdvXW710waThg3sfOXVJbzBEdQ9NSs6Iv3wrMjz4yaUPBvh5HTgW3zMixMfL4/S565t2Hps7fdRjS6aFhQQUlZT7+qjXrN0ulKRn95Cfdx4NDw3w8fIQ+1fkLAx6jogKikptX/L1UhNRRUUF0wjCPBOrY+HA9K/dA7s/tpBM5pDFuwCgJYS/Ni2HCg7Q3ohVu9sVhzwBCA32XzBj7JZdxz3cXKJ7h5u/NCi6p1x2cPu+k4/MnxTo793CjHbFxu2KjROOXVTKJx6e5u/rue/wWbWH24zJw11dlMMG9Y6/nCg0yiUSybIFkwf07S6kd3NVMQy5uijV7q6Xr9/RaKvmzxjj56P281HPfGDk3oNnSssqiMjqqqAuvqOG9nV1UQ4ZGHUjKe3BScP8fNTRfSIOHD+fk1cY0sU3JrqHkNLby6NbaIAw75mIQoL8hSJF94nYe+i30vLKqip93Pkbwwf3njRmEMOQl9qNiKxKEt0r/EZSWo+IkBZ+UAAAAAAAAkeNfZ8+aWilVnvg2Pmv1++ZMHpgaJCf0chl5RQcPX1Zp9PPmDJ80piYludimgQslUiEBr2w9mj6/dyX3/7clCwyPNjXWy2TSd3rmOybk18kYVm5XCb8qFLKNVpdSVkFEVldJZdJWba6e0apkHu4uxKRq4vSNIsg8U769n0ns3IKNdoqIho6MMr2QoFWpysuKe/do6t573BOflFJacWfP/7WdMZ0BwAAAACAlnPg5NcFM8aOG9F/z8HfPv92R6WmSuh0H9i3+wdvrBRrTIswCdjqZICfV9dg/6eWzVAqFaZkpp54uwJ8vYwcp9PphR81Wp1KKVe7u9odOlKPikrtpl3HvNRub7z4iFKp2LDtUH2Fl8s91W6FxWU8T6YYIMDXy9PD7fkn5nrWvC+FHBOUAQAAAEA04jcur9+666l2D+niS0S+3urHH5r2+EPTzl1O5Hl+eEwv85T3s/MLi8qsxgi1XHTviGNxV+IvJ44Z1s/I8Zeu347p16P+S8LDuqiUil/2nVo4a1xJafneg2f6RoV7ND0AYFlWLpPKZVKFXHY3LevO3ft9eobVlVihkA2K7rErNi68a2B074h7GTkFRaWDB/R0USmOn7kyc8oICcvcSEoLCvSNCOvSpGIAAAAAANRF5ADAYDR+/3NsaLD/S08vMD8fe+Sctko3bGAv8+Eu2/eeTEnL+sdfVkklLVoM1EpokN/jD03b+MuRPQfPyKTSQf17DrMMPGyp3V2fe3zOuk2xb330P9MqQM2Yt6lSyh+eN/GbDfte/3DtwL6RYSEB9aefMHqATqffvvfk+i0Hfb3V82eM8XBzXbVitlASCcv27B7y0LygJpcDAAAAAKAOTAu34jLhOL6wuOzM+YR9h88aDMbnH58T0S3Iw821uLT8RmLq95tiJRJ2yZwJA/tFeqndS8sr7qZlff7dTrlcOn3isJFD+vp4uYu7UgoAEWkqDUSUmJJu+1JURCgR5ebmdrhVgFQuGBUG0O4If21aDhUcoL0Rq3a3K6IFAG/+7Zu8ghJvT/cZU4Zn5RTGxV/XaHXCSy4q5eSxMXKZLPZYfHmFRjipUspHDukb0sVvz8EzhcVlQQE+7736uCglATBBAAAArQMBAEBn1SkDANH+0CxbOOWL73eOHRE9fuQAnqfc/KLs3KInHpn+9Q97oiJD50wbRUSFxaXnryQ+u2LO+i0Hfbw8Hp43iWGopKz81yPnlsydIFZJAAAAAACgLqJtONI3qtuMycNPnr2enVuYkZV37ebd5Ysf6BEevGTuhHOXbuUXluQVlJyOvz5v+pieESHLFkxOSExNz8zNzi08fS7hwUnD+kZ1E6skAAAAAABQFzEfNRYUlZZXVL79yXcyqZSICgpLiCivoJhlmLc++h/Pk4RlhXV1hH8/XrNRbzDI5dKCwqYttgMAAAAAAM0jZgCg1xt8vNTLF00pKCrbsuuY3mAkIoPBqPZwfXjeRLlc9uPWQwajkYj0BoObq2rJnPH+vl7rtxwUTgIAAAAAgKOJNgkYoB3CJGAAaB2YBAzQWXXKScCizQEAAAAAAID2DwEAAAAAAIATQQAAAAAAAOBEEAAAAAAAADgRBAAAAAAAAE4EAQAAAAAAgBNBAAAAAAAA4ESk/Bo3hiHiiRiG53iGYXieZ+wfE8MQzwn/qd5DoDpNvcc16Uk4bPBaIT1DxPNEjUhvLy/hDPFEdtITw1NNemKIiCHieKpZqt06jc2xULbqa+2nt1dCIkYoEC/kJXzmDaVnGKreqqGh9PbyqvkceLJOY/77NcuL46iZ34e60puXkGHMvj+WZArGVc24ejEevpL+E2Uj5zM+wa1ZEwAAAACcBMOvcaXadnZ1S1Focta0GomqW5/VaSxabzyZXuB5EtrHwo3Mjq3S1xxWp7doWzeY3m5eZGq983YutEjPExFvdmwvPV8dOQhH1VFEXelrT1qmrwlfGGL4ujMi8yil9tOoL311Xjxvdq3pZaaeN2Wel3CH2t+veXqr33Vjvg91pSeGJ5u8Grf1nCRquHTkAumwWYy7T6MusAcbgQFA68BGYACdVefdCKy6wcbwRKb+YLM+YyKeZ6o75GtaewKh35fM0pMpfe2xTXqyTF/TN0xmeZFVXrXp7eZlk164yDYvIuItj83T2/scalvnNenNm8wWJbRMz5ha/3W+I6GElp9Abfp6Pz3e8trqqMYmfZ15VX8OFnmZHmnUfg7CM4Tqaxnrz4Gxav2b0lv+fqn2GYXlO6qXMfFs1fevaf620Hj5YKMuAAAAAIBGYImIqptkvOlfnnizFjBP1X23DJFVa6+mFUhm4z3I1Ndb3YKsI331sW16e3nZpq/Oq5FlozrKxlukp+pcav61zKUmL+t3ZFVCxrKEDb8j4dg2ff2fnuWnzdeR3rpsVMenx1t+ehbfB/PPofZfO1eRxVWN+D40ApdxS/Pp8sq/zjYmnWvCZQAAAABQB9as35ex6v829RPX9MpXt48t+5XJ1CfdYB82X1+ftHV6pnH95WQ/L+uykcVYI7P0JhZ92GafA9W2m2va31Tbo1/7nIFqStjwMw2zATv2nlFYpre8ts7nJ2Q/L8YyL57sfnq8WV62n4PZ/AE7n4PpM6+JpkzPDapzsX7O0NgnAOa42/Haz54y3jjV5CsBAAAAwBJLjGkUR01fL2M2ZqOmz7tm0HhNDy5j6leu6S227sO20yfNWPZJm9qUZNlfTrXtyLr6sBvsL7csm/DcwKwPu2b+gN2maG36mtkCtenNBrEz5ulNrWGbZxp2nlHUBCkW6W2fUZDZaBzz9Oat8Iby4u3mVRsRmT/TYMxmXTfj+8DXfOaW19akt/eMoin44lzNx0v0+75ozsUAAAAAUMNyDgBvPgfAYty29RwA4bC+PmxTnzTVjrO3l752hmi9/eW8RR+2nf5yyycGlnnZ9OVbzgGoHfhibw6A2edQx3MD0zuqa1w+04hnGtTQ8xOzT6O+OQCWn7b9vGznJ1j25df+Zuv8HMznQlh9H6yfG1h9HyznXTQJz1X9/L7xyuHmXg8AAAAANfsA1DEuv/5R7LV93vWO+TZrMNuZA2BnFLvd/vK65gBY5VXvfIO65gCY+rDtzQGwXCvT7jj7ut6R5adX1zMN60+v3jkAts9b7OdFjcqrzvkGFunNnp+YPUWx8/ykcd8Hy3WHmornNZ8/y2XdacEtAAAAAJwaa9ZeZKz6fWvGcNf22tqbA1C7Lk2dcwD8ejOj32BGv8EHDrG51s4o9ibNAaijv9yszW2bF1n35TMWUYrNXIiaVqzFaB/rOQA1rdtmzgGwM6uBGvH8pKG8rOYnkP1nO2Z5We45UMfnYDUHwOb7YzEHoK7nDM2mKav65o8tuwUAAACA85LW7PpkO+bbagy35ZhvanBcfs1x0DB22UFiWCKSjHyF+3EqZZ2vvw+7rjkAfN152ZkDQGT+ZMNsnwE7cwAslw+1mgNA5untzAGojSjM0tuOs29oDoBtfznV9/ykaXMAbJ+f1LbRLfOy+j5QI78PdaU3W0PJYr5ByxiTzhku/Cod/GBLbwQAAADgfBy8D0DAQHbBz8Sw/OFX+YN/IlbKLt7CdxmCfQCwD0AL6bZ+QpxRhBsBAAAAOBlH7gPQcx6zZCe5+HI7HuUvfMVfWsvve45UPpJHdlOXQdgHAPsAtASXcUt/9EcRbgQAAADgZBy2D0D/5ezc9aT04vc8Rbd3CRdw1zZwOx4lmSu7LJYiZ2AfAOwD0BL6k5vEuREAAACAM3HIPgBM/xXMtP8QEX/gRf7mFou1ZRJ3cTuWEytlF2yg7tOxDwD2AWg2LvkiX5Qtzr0AAAAAnIYD9gGInMlMXU3E8L8+R1e+t7OOTeJObttDZNSx89bxIcObtw8AGz5e8vIN6dvF0reLpe8US/+cL33xMjvq5abuA8AOfEj253uSeWssPgci6ZQ3Ze+kSaa86bh9AGTPblf85ToTORb7ADSb4WKsaPcCAAAAcA5i7wPQewkzdwMxEj729/z1DXxd69gkx/KxfyCpUrJkGx88rHn7ABARn/4bt2OVcccq7tiHpNewE99gZ3xqnVe9+wBYr7LPWEQgDt0HQPjXdsQ89gFoPC7tumj3AgAAAHAOou4DEDmTefC/xLDcrsfo2jrbPmzerE+au/YTf/oTkrtLlmzjAwY2Yx8AIiKDlrv6M13bxJ36f8Ytj1NhCtt7NhM5pcn7AJh365tFII7dB8B0FfYBaC6+JFe0ewEAAAA4B/H2Aegxm5m7gYih4hRK2mE7pr+mvVh7LXfyQ0nfJeQZLlm2x7huEpOfVP8cAKt9AEw3re6bz0/k7hxihz7NRIzn7xySTHqLjXmUXP2JYangtmH/m8ztw0zMMun4V8izK/Ecn5fInVxdfRPPrvLXb5GrP2lLjHFfcUc+4YX8Q4fK375LSjWVZRuOfsr/9i1PJJn5oWTQw6TyJGMVfzfOsOstyk1kRz0lGf0M4x1GjITKsg2xHxnP/Sid9oZk7LN85nUmKJqvKNSvXykZvlwyaDHJVFR8n68oECIKDvsANBeXny7avQAAAACcg2j7ADAz1hLPEaenmjHfvP1R7BZ92MTzZNSRVCVZfqCp+wDU3NNsH4CKfCKeUaqJiHHz5+9fMO5+iTv2Mbn5S0b9nideMvI5kki5X183xr5Nugry6FLd9A2O4S5sMO57nQxayYCF5NOdIYYkcsa/p/H4v4yx7xGRdOIfme5jJBNelgxfweclGra9yF3czHQbKZnxFyJi3Hz5onTDztcMu14nnpeMfY5RuhMRSRVMUD/uRqxh31/ZXlMkgxbz968ZNr9kTDzKBERZ7RuAfQCaistDAAAAAADQNFIicfYBoGs/cPdOsFNX14ycqWsUu80s0rL7/Mm/UeCgpu4DUHNPs/RyV2Ikwmnj7pdMQQTbbz7jHlC9QpGhisu+waee4s58SURs/4eIiLt9yHjofeKJ7TWD8evBeAYR8cRz3M393InPeOLJ1VcyYiXbfTwbEkNVFcZjq7mbsdz5DbKAKDYomuk2wnjgI6p5bMH1ncH69WBCBhIRcUbjxa2Gbf9HRLKnt5CuwnBkNXcjls5tYAOjGK+QmneEfQAAAAAAoDVIa3twGYbnzNZu58zmv1YfE8MQz/E1bbjq/mOeJ4YY7sirDMMQrSaGrR1l7hHGrLKepsn9MJGyLtaO42ck3PVNTMJm07o0wv0Z05yB2rxq2pQ8z1o+AageHSRTEWfgy3OJGPaB99j+S0jpRVIFEVHeLZ547tQayYRXpI/vIGMVf++c8dAH1TfRVZi3SqsjCs5AlQXVfdj6SmKljJs/ufkTpyd9ZXXXt15LcjdSB0nGPs+Oeppx9yeZioioJLO6Fc0ZqDy/ug3t7k9GPekrq9+WXsOQ7bh8iznHNePya6YO2KSp69gyPTVwbc3vlGGI58z2hbD9Dph/N8jy+1B9nqqfFdj5/lj8fkXBqP3FuREAAACA05CKsO47mfcTEzFs7TgQF1+GiMruU/FdIiKPEFJ3I7m7xTh+ztC8fQCq34Gpd9k3ShI5hXTl/L3fmJ7T2AGPUFUZd2oNX1kgGf+qMPqFu7qJu7KZ5K6SMb9nRz7HjnyWTzpk+6EIvfLESsnVp7oPW+YihBZMeS65B5DMpbqZLFOSrpyIYUeuZOQuxqP/5gvTJCMeZ7y6mt+uuoRluYxnMLl4VzewZSrzOQDYB6AZWE8EAAAAAABNIyXT7M8m9CvXrvtulaZmnoCpvSghIrq1jTv6ZyJihv+BGf8eUW2fN3dtA8NIqN68+JqnAbZPABipkolewhBDnmHsgKXkHsCd+YK/c4gJH0dGPXF6vqqU7Taa1MFMUSrvEyGd9zmff4dPPUU8TzwxchfefDy66aGCsEEaw7K9pvPj0ogYdsBCqizkko9TVYWk2wjJhJfI1ZftOpQJ6s/dOc7diqXJfyKZkdeUMP5RTGAfqiqvvW3N6jp88ikKHyEdu8qocGPChjLB/amyyGIOgL1PvrbFzDf+N1Wb3u7zEzvHjFlejNmnbT2Sx3rcEVF934cGSthieAIAAAAA0FRS4T+i7QNARAxrPuabIeJrxuUTKyEiYqW1cwDi/snZjGJv/D4AFDpCEjqChMcIpRnc8U+4U/8mIv7uCe7iOnb4c5I5n1HBHSrLJiJGr+VL7rP95tGgR4kz8llXjXFfMh7BZPoIzN8X8WTU8Xl3JJNeIZkrlWUbDn3MJ58yJp8iNz/JoIelC9cIqwAZ973HVJUbT3wunfamdM5HVJ7LF6Yxrj7mA+qFwhqOrCbvMEnMQumS1VSWzefeZtx8bD5t7APQBJLIwaLdCwAAAMA5MNxq15qVH+sYt93AHACLnl1mVSJxBu6/farPBw5mlh/j4z/jj75FRDT8j+z4d7mtiyn5QIN93vXPAWiov7w6GrHfv0616+1Ur/dPxNUuTmOdxuZYKFvtojl20jTimUaDY/rN5gAQNSJ9PXMA7PTNm/9+zfLiOGrm96Hecf/m50UcBeT62VWm3lFAmkoDESWm2FksKCoilIhyc3OZRhCmtlsdCwemf+0e2P2xhVQuUhHvBgCiEP7atBwqOEB7I1btbldY0fYBqB6Xz5Np3Xeq6aevuaDmytr07OSPmGn/suqTbuQ+AGZ92Lbjy2vWvyeyTl/bk13bh81b9GbX9nlb9n/X9GHX7C9Wk9zUU26W3nacvc0zDdtx+dgHoGnf3e6D6m/9AwAAAIAt0fYBqF6bnzOS3J1Ma8CzwjKjnE2+1emZAY8xEZP5evfNNU9vnpdZesYmvXCR7b65NaNTzNa4NEtv73MwPUOg2pin9hKLElqmr945WDi2/46s1ubHPgBNIh08XZwbAQAAADgT0fYBqG7hZZ6jXgvZqau5m1uIiHx6ERFxRvMsGb8+vL6cIWJ6LyG5O397n70x4g3vA8A0pWy2a+zYHTHPWPRkW/dhk20ftr11iho3g8JqXD72AWgaxjdUPvN3ItwIAAAAwMmItg9A9ao+x99ig4bSgCfYAU/UZlLzBEDIihn/bm0XcNl9/uBrjpoDYF62Osb0Wyz9I6h33ZvqOQCM2RyAesbZizYHAPsAWFMsebN6TjkAAAAANIXY+wCUZXLfj2L6ryC5mykPPnFX9dGdvbxUWXteW0ZXfiBdafP2Aai3v9yybGbr2NidA2DJag4A08AcAKprnH1d4/LtzwHAPgCNx4b0ko6c39K7AAAAADglkfcB4Hme0ZXy8WvMzps1+fKT+NMf296/GfsA1HFsFjPwjenLN8tL+Bw4sunntjw29WGTKZc61hqyPm7hMw3sA1BD6aZ87osWXA8AAADg1FjhP+LtA2A75ruudWysR8w3dR8Au3nVNWK+3jkAtVGNnTkA5u3jhtbmr3cOQF3PNKw/PewDUB+GUb30P7ZrnxbcAgAAAMCpsWbtRbO1YkytXqptDZtaeLZry9T2Mde7jo3ZkHvTtbW9wlbpLdalafKaOWZtbtu8yCx99Vsn68/BbC0gUyvWYrSPWWPZbEasxTuqa12jmma5/U/PKn3tOkUW6YlpVF41Y5Zs8+LtpLfZc6COz8FydVHb7w8xdfyOLL4/zaFY+p6k3/jmXw8AAADg9KTi7gNgvjY/Y79fufbauvqwsQ8A9gGwQ+mm+sP3kj5jmnUxAAAAAFQTeR8A87X5eZsnAM3qwxauxD4ATr0PABPY3eWv+9H6BwAAAGg5sfcBqH/ddzvj8sk2PfYBwD4AJoxXF/nM52WTlpNM2YjkAAAAANAAkfcBqH8dm9oRJo1Ij30AnHwfAEm/8bKR86TjHnHQVx8AAADAOYm9D0B94/LtzwEg0xhx7APgzPsAuHiw/mGsfzc2MELSa6Sk1wh0+QMAAAA4gpR+X27+M2Nz3PgB201NDwAAAAAArYxt6wIAAAAAAEDrQQAAAAAAAOBEEAAAAAAAADgRBAAAAAAAAE4EAQAAAAAAgBNBAAAAAAAA4EQQAAAAAAAAOBGp6HfMyMz7YcuBu/eyG5NYpVQ8umjKsJheohcDAAAAAABsiRwA5BeW/P3znzVaXUiQn4tS0WD6lHtZ32zYGxYSEODnJW5JAAAAAADAlsgBwOGTlzRa3eI546eOH9KY9PsOnf3l11MZmXkIAAAAAAAAWoHIcwDyCoqJqPFDeiRSTEIAAAAAAGg9Yra/4+ITbqfcJ6LNO49pq3RWryanZoqYFwAAAAAANIOYQ4AuXbtdqdESUfzlxJkPjAgO9BXOnzp3fd2mWCJSKuSrHpvVr1e4iJkCAAAAAEDjiRkA/G7lvDXfbL928+6//vq8m6tKOJlXUPzD5lg3V1VQgE/KvazPv9v597dXubupzC/km56XRqtbvXab6amCXCaNDA9ePHt8SJCf6VUieunphSqlXJR3BwAAAADQCYi/DKiVpJT7PE8PTho2dcKQLbuPHzh2PiUtc0Df7uZpOI5r3s2nThgyZdxgIiovr9x/NP7vn296atmM/n0ilAr5756YJzxzaHbJv16/p7C4DCEEAAAAAHQmYs4BiD0Wn5yaRUT/+XZHUUm5cNLTw5WILl67fetO+pWEZCLy8fIwXSKVSIiI45rxDICE9r2X2s1L7RYa7P/EI9Oje4fvio2r1FQxDLm7qdzdVAwj0nsDAAAAAOgUxHwCkJVdIMwByMjMMxiMwklvT3epRJKcmvnpl5uJSKGQubgoTZcwDENELCtCO10qkYwd0f+rdbvu3c/tFRn69fo9RPTM8lm7D5y5kpAcGux/7uLNBTPHjh7Wb+ueE2fiEziOHz2s36LZ45QKOcfxx+Iu7z34W2l5paeH27SJQw8eP19YXEZEL7712Zxpo2ZPHXkjKW3jL0dy8gpdVMqp44dMnThEKpGY33zu9NHXbqaoVMpVy2dJJCwRbdt7kODZtgAAIABJREFU4nbKfTxDAAAAAID2Q8wA4PGHp5eWV167effjPz8tzAEoKin/aM1Gg9EYGuQ3oG/khatJWTkFH6/56b1Xn3BEm9jNVcUwTEWlxup8WkaOq4vypWcWhnTx37r7RELi3T+sWuTu5rJuU+zeQ78tnDkuLv761t0nFs4aO6h/z3sZOTl5xW++vGz9loMlpRVPLn1Q7eGWnpn3v5/2jRjcZ/KYhanpOeu3HpTLZVPGDTK/eWiQv5urasf+0wVFpf6+npWaqptJ94bF9ELrHwAAAADaD8fOAYg9Gq/RVs16YOTc6aOIaO70UT9tP3z09OVDJy7MnjrSlEzCijMSSafTG41G2/MBfl4rH3lQ7eFaUlqRkHh35gMjI8ODiejBycN/PXy2uKQ87vyN4YN7TxoziGHIS+0mXCWXSSUSVu3hplLKr91MUXu4zZg83NVF6e3lcSf1/sVrt8cOjza/ORH1jeq27/DZpJQMf1/P5NTMikrNwH6Rorw1AAAAAABRiBkAfLvx12s37xLRax98/Zc/rfD39bx5O42IEhLvJiWnC2mqdHoiupmUZh4AkEgj9XV6g0wq9fRwszrv5qqSy2VEVFJWodHq1m2KFZYlFUYolZZXFpeU9+7RtZ4JAzl5RXKZlK0JVFRKRXFJuVanM785Eak9XKO6h569cGPogKiL12736hHm5+MpznsDAAAAABCDmAGAv6+ni0pZqdGGBvlLpRIikstkRHT3XrZVSlOLWcCK8QTAYDSe/O2ql6d7lwCfutKo3V1VSvnc6aNNHfMsy8ilMk+1W2FxGc9TXTFAgJ9XemaeabUijbbKU+2mlNsZ2zNicO9vNuy7dede4p30R+ZPwixkAAAAAGhXxAwAZj0wMiUt69rNuy+snCfMAXjr5WX1X+KiUgjt8ublqK3SCcsNlZZV/LLvVFpGzgsr5wn3tMvD3bVvVPjxuCthIQFenu45uYV5BSVjhkcPiu6xKzYuvGtgdO+Iexk5BUWlk8bEdO8WdPfEhYKi0pAuvtG9Iw6fvLjv8NnJY2JS03POnL8xc8oIhUJmm0VYSKC/r+fmXcdcXZTduwU1730BAAAAADiIw/cBKC4t37DtcGWl1nQmMjx4/owxwvGIwX3694lwUSnrvkF9Dhw7f+DYedNGYH96drGwEVhdGIYWzR63dc+JT7/crDcY/Hw8504fTUQTRg/Q6fTb955cv+Wgr7d6/owxPE8jh/S9nXL/r5/+MGRAz2eWz3py6YyNvxw5ePy8sArQhNED7GYhl0sH9ov8ecfRxbPH1xOKAAAAAAC0CYbnm7kGv61/f70tITFVOH73lRXBgb5EdP3W3dVrt5snc3VR/vv934mVaTt0JSH55x1H/rBqsb8vJgC0MU2lgYgSU9JtX4qKCCWi3NxcphGEJWutjk3r2DI1I71sD+z+2EIqF4fH7QDQVMJfm5ZDBQdob8Sq3e2KmH9ohsX0unsvu1KjHdi3u7enu3CyX6/w11542Gis3evXU107SVdbpUtLzwnv2kUu7yR/8oxG7nR8QmhwgPl+ZwAAAAAA7YSYOwGPGto3MjyIiJYunKJS1o5+iQwPjooMNf0vwM/L9NK5i7f++eXmhKRUEYvRtjKz85NT748e2lfYCwwAAAAAoF0RuZEa6OdNROcvJzYyfXmFhog4s+cDHV1osP+n7z43oG/3ti4IAAAAAIAdIg+8mThm4MmzVzfvOnb24k2F3M4iOVZS07MZhukaEiBuMQAAAAAAwC6RAwBfb/UfVi3+afvh1HTrtf/tUikVKx6a5uejFrcYAAAAAABgl/hTb8O7Bja4/D8AAAAAALQJTFQFAAAAAHAiCAAAOhjxtu4AAHHw4q1kgQoO0K6IWLvbFQQAAB2MiJv3AYAoRKyVqOAA7UpnrZIIAAA6GI7rnH+MADouTrwmAio4QLsiYu1uVxAAAHQwRmPn/GME0HGJWCtRwQHalc5aJREAAHQwXCf9YwTQcYlYK1HBAdqVzlolEQAAdDwYJADQfojePkAFB2gnOmvrHwEAQIfUWZ9IAnREotdHVHCAdqITV0YEAAAdj0HPddZ1CQA6Fp7nDQaRlwlEBQdoDxxRu9sPBAAAHZJe12n/KgF0IA6qiajgAG2uc1dDBAAAHZLRyGOgMEDb4jjeQSMEUMEB2pbjanc7gQAAoKPS6zrr8sQAHQDPO7aDEBUcoK04una3BwgAADoqjuP1OmNblwLASel1Rod20qOCA7QVR9fu9gABAEAHZjTynb6XAqAd0uu4VhgegAoO0Ppap3a3OWlbFwAAWsRg4Hiel8klDNPWRQFwAjxPep2x1doHqOAAraaVa3fbcngAkJ1b+PX6PemZeUQUGuS36rHZAX5ejs4UwKkYjTxfZZQrWAZtBABH4nleV8W18tgAVHCAVtAmtbsNOXwI0Dcb9qVn5oWFBISFBKRn5q39ca+jcwRwQhzHazVGgx6jBQAcxaDntJq2GRmMCg7gUG1Yu9uK+E8ACopKN/5yRKOpCgr0XTBzTFpGTkRYlzdeXEpEH/zrx7SMHJ3OsGnX0eycQqVSvnTBZB8vD9HLAOCc9HpOr+ckUlYiIQnLEroLAVqG54kzckaOjO1gPyBUcAARtava3fpEDgDyCor/8fmmopJyIkpKybiScIeITE18Xx91WkbO2598W1hcJpxJTc9+9XcPY1AQgIiMBs5oICKOlTASliGGWJZhGAwfAGgYzxPP8xzHE09Gjufa32hgVHCA5mn/tbs1iRwAbNh2uKikfMq4wYtnj//qh92Xrt328fJ4cNIw4dWFM8fez8rPzi2Mie7x5NIHj566vG3viZ93HH3p6QXiFgMAiIgzOvsfOIBODBUcAJpN5AAgv7CEYZi500exLPP843NM51PTs1VKRYCf1/uvPWE6OXlczPZ9J/MKisUtAwAAAAAA1EXkAKBHREhOXtH6LQeffnSmcCavoOSdT74zGI1EJJVIxo3sP2faKFcXJRH976dfeZ7vFdm1GRlptLrVa7f1jeo2e+pI8/PZuYX//HLzI/MnDe7f0+6FF64mfbVu97MrZteVAAAAAACgExN5FaAFM8Z6uLucu3TLyFXPqJCwjLubiogUCplKJT9y6tI7n3yXV1BiNHIXriR5e7ovXTC52dmdOZ+QX1hq+pHn6eTZayWlFfVcEt074u/vrIruHVFXAo1W9/FnG79ev6fZpQIAAAAAaLdECwDyC0vf+/SHP/7li9KySh8vDwnLZmTl38/O9/byeOmZhXK5VKfTz3pg5MTRA0vLK3/ecUQiYX291YXFZate+X/vffpD8wYC5RWUnDmfYPoxJ6/w7MWb9V8il0m91G5yGXZAAwAAAABnJFo7+Mvvd2Zk5oWFBHh7ui+YOdbIcZ98tlFvMLywcl6/XuG/f3LBp19uPnLq0vuvrbx5+97VGykabdXLzyzcsvt4cUl5WkbO1+v3vvXysqZmGhPd49ylWyOH9PX19iCi0/HXPT3c+JplXHPyirbsPn4zKU1vMIR37bJq+SxvL4+UtKyvftj97GOzvTzdP17z06ih/S5du52Zk+/v6/XUshkcx//7660arS6ZKP5yojBS6EZS2sZfjuTkFfr7ei1dMLlPzzDhJmOG9Tsdn1BUXGq6ubZKt/9I/MmzV0vLKj3cXJYvfmBgv8iiknLbjLqFBgpTI9ZvOZiemSuTSkcO7bto1jgi2rrnxJn4BI7jRw/rt2j2OKVCLtbvCAAAAABAtCcAGVl5ocH+f/7Do88/MTfQ37uktEJbpTMaudVrt5+7dKugqJSIuoUGMgz5+3oSkUZTFeDn9cLKeX/+w6OhQX4ZmXnNyDSmX6Snh6vwECA3v/jStTuTxsRIpRLh1YpKbbfQgHdfefz911ZKWHbb3pO8zXoJv11IeHTRlPdfW+nqotx3+FxwF9+3Xn60W2jggL7dhZFC6Zl5//tpX/8+ER+/9fT0iUPXbzmYm19MRFptVUJi6u+fnP/mS8tKyyqOxl0W9moxGI0vPrXg7++sGjui/6adR00LnlplZDRy2bmF//l2h5+P54dvPPXGS8tUSrnBwG3dfSLh1t0/rFr07isrMrPz9x76raW/GAAAAAAAM2KOhOG52p0UhFa4u5uqsrLKtPtvj/DgSk3VnbuZCrlM7eFmSsyyzdzhXC6XTp0wdPOuYyOH9D159mpQoG/P7qGmVyPCukSEdRGOe/cMS0hM1VbprO4w84GRkeHBRNSvV3hCYirH8R7urhIJK4wUIqJrN1PUHm4zJg93dVEOG9Q7/nJianq2r7daJpPOnzE2pIsvEYV37VJQWEpELiqF0ItPRP37RMSdTyguKffydLfNSKc3XLx2W6mQPzJ/ktrDlYhCZo4rKa1ISLxrSvng5OG/Hj6r0VaplIpmfDgAAAAAALZECwC6Bgekpmd/+O8Nnmq3eQ+ODg709XBz0ep0jy2ZevrcdR9vdbfQgOGDe+flF1dqtFKJJK+gONDfm+f5/3y7Q9gtuHn5RnUP9fHy2Ln/9N17WSuWTJVIap9pZOYUbNpx9N793PIKDRF17xZke7lK2cAAm5y8ovT7uS+//bnpTGR4sK+3WiKR2E4k0Fbpdu4/ffHq7aKScp7nzW9um1FOXpGbq0oul5nOlJRVaLS6dZti122KFc54e7prq/QIAAAAAABALKIFAKsem/3F9ztT07MpnTIycz966+kxw6P3HT576drtPz23hGUZjVZ3735uz4iQFQ9N+2Fz7N9W//Tsitm9e3TNyikM6eL71LKZzctXLpdOnzj0s29/GRTdIyIsqLS8UjhvNHLb9pwoq9C8/MxCD3fXQycuJKdmNuP+AX5eXYP9n1o2Q1nTClcq5Fk5BXYTn7+SdPrc9YfnTerdMyz9fu6PWw/Wf+fk1EydTm+KDdTuriqlfO700QP7RQpnWJZxd3VpRrEBAAAAAOwSLQDw9fZ454/L9QbDnz/+rqColOf5BycPu3A16XJC8lsffePt6ZGZU1BeoZk2Yeii2eMkLPPtxv3/+d+OV1946G9vPtnCrCMjgp9bMSco0Ne8+59lWaVCLpNKlAp5QWHJxatJ5oOO6qFSyoMDfTOy8krKKtTurtG9I47FXYm/nDhmWD8jx1+6fjumX486r1XIGYZxd3MxGIxx8Qm2I47MRfeOOHzy4i+/npo5ZUSVTh9/6dbUCUP7RoUfj7sSFhLg5emek1uYV1AyZnh0Ez8PAAAAAIA6ibwPwMZfjhQWlQ7o051hGKVC/saLS0cM7pNfWJqUkqE3GFRKeeyx+J37T48c0vfpR2cajIZ//Xdb86b/mpNKJP16hXt7upufZBhaOHMsEb39ybebdh6Lasp2YzOnDCeiV977aveBM6FBfo8/NC3+cuLrH6599x/fp9/Pk8kkdV04oF/3UUP7ffHdzg/+9aOfr1pZ79Cd0CC/J5fOSE7NfOujbz75bKNOr5dImEWzx0VGBH/65ebX3v/v+q0HFQpZPXcAAAAAAGgqhrddGacF/vzxt7n5xas/+J3dYet5BSX//HJzYVHpjCnD5z84Jv5y4tfr9ygV8vdeWeHt5SFiMQAEmkoDESWmpNu+FBURSkS5ublMIxCR7bFwYPrX7oHdHwEAAADakMhPAHy91TzPnzx7Tac3fPH9rqf/9OnrH6zNzK4eMe/no37tdw+5uij3HTp75vyNoQOjVj4yXVul+3D1hpY/BwAAAAAAgAZJ3n33XRFvFxEWdP5K4qVrd/YdOpudW+jrrS4oKq2o1Awe0FNIoFIpBg/oefbirbMXb/I8TRk3OMDP68z5G4nJ6ZPGxIhYEgAiMug5IhK2obDi66UmooqKCjwBAAAAAKci8hMAf1/PPz23JLp3eM+IkDHDo9/+43Jh5I/w6pfrdn347w1+Pp6v/u4hL7XbnoNnDp24OHxQ76BAn5y8InFLAgAAAAAAtsTcCEwQFODz4lMLTD92DfZPTc9+79MfJCyblpETFhJARF0CfP747OKP1mzctPPo8TNXsnMLhfMAIBaGIYm0epM9hsFTCIDG4nme54nnieN4o4ETdaKcaFDBAZqhQ9Tu1iHyEwBbz66YE9LFNyMzLy0jJzjQd9Vjs4Tzgf7e//fc4vCugdm5hRFhXVY9NtvRJQFwBgxDUikrV0iUKqlMxkokDMsyaBwANB7DMCzLSCSMTMYqVVK5QiKVsu2kDqGCA7REe67drUzkVYAA2hVnWwVIImGkMpZlnfKPGYAjcRxv0HNGY1v+PyYqOIAjtIfa3frEHwIEAK2PZRmZjGUlaBkAOATLMnKFhDPyej3Hca3dUEAFB3Cctq3dbcXhQ4AAwNFYlpEr0DgAcDhWwsgVrd0HjwoO0ArapHa3IQQAAB2bVMYqlBIMAgZoHQzDKJQSqbSV/t8TFRyg1bRy7W5bTvEmATorVsLIZKjFAK1NJm+NLnlUcIDW1zq1u83hLwtAR8UwjFwuaetSADgpudyxHfOo4ABtxdG1uz1AAADQUcnlTrp4GUB7wDAklzvw/0NRwQHaiqNrd3vQyd8eQGfFShhneEYJ0J45rhqiggO0rU5fBxEAAHRIGBkM0B44qCaiggO0uc5dDTvzewPorKRSJ1qqDKA9Y1lG9DVDUMEB2gNH1O72o9O+MYBOTCJF4wCgvRC9PqKCA7QTnbgyIgAA6GAYhprfO1h65fN3t10XuUQATo1lGREXDGlRBQcAUYlbu9sVBAAAHYxE0txqq7n++SeHLgd1ixK5RADOjhVvuc4mV3B9RUlpifC/Sr1oxQAAgYi1u12RtnUBAKBpmOa1/zXXv/4k9rKWwvtFykQvE4BzY1nGSLwot2paBddc//qT2Piymh/duz3/2sIYlSgFAQASt3a3KwgAADqY5jyO1Kdv+0JoJXiN7qd2SLEAnJioQ4AavlXJ/euJucbStFtx8RnpWrMXylK/+ODbgUMjh4apXfy79QtGZQdoqc46BAgBAEAH0/TNgTJ/XbN5fyYREfmH9vRwSKkAnJmIW3Y1fKs7O97+MjlwZH+XS0LrXxE+sv+U7urS5Au/nikq1RZdPhl/+SQRKYY+/dQzvZRiFQzAOXXWDfkcHgCcOHN1/9FzeQUlROTno54xZcSYYf0cnSlAJ9bEIUCZv366cXtm9Q8qL2n6pSvpROgdBBCRiC2EBit4Vlqehij9UgJpichjwatLohL3/7jzjs+kie+8emf136+mVyesSr9fSggAAFqmk7b/HRkAlFdoVq/dnpqeHRUZ2r9PdyJKv5+7blPs6XPXX3xqvkqpcFzWAEBERCXnvttuav0TkSbx4tpEIiLVwJmfLldjMgCAOFq9iWDQGonIY+z0Ucnb/m9nERGl79xesvCJR8cmfnSyqrVLA9CJddIAwIGrAH361Zbs3MLfrZz3f88tkUmlxNPLqxY+t2LOvYycNd/84rh8AYCIiLTX169fe91OU0DVb8r7y3uh9Q/Q0bm4K1ISi0w/3k3MVLmjcw0AGuaoJwAnfruakZm3fPEDA/t2//TLzbfupBPR3fSsN15cWlg8ZtPOY5eu3Y6J7uGg3AGASBk6acLT/YxEVBB/cntidSQgDRr0xhMDMPoHoBMoyS0MjfKi69UxQHhUUEFaRVsXCgA6AEc9AbiSkOzt6T5uRP+cvKJbd9InjYlZOHNcdm6htko3ZdxgDzeXqzfvOihrABCog/sNixkwLKYLFdU8Bwjq/86fJnZp43IBgDg050/+Grzwo6f7jxsYteDpJ34XHLfpvLGtCwUAHYCjngDkFZR07xZERGoPVxeV4tL1O91CAp5/fK5SISei7uHB6fdzHZQ1AFgovXVJqG1B/d9+8QG0/gE6kdITa75JiuoWqqL0E9teTyw1tHWBAKBDcFQAIJdJy8oriUipkE8ZN1hvMKSkZa35Zvun7z2nVMgrKjSibHVeUFS6aeexhFt3dXqDh7vLsJhec6ePVirkX6/fQ0TPLJ9l96oLV5O+Wrf72RWzB/fv2fIyALRzJdfv3BV2CHr+ga4Y+A/QwXXpFxm672K62ZnsxNRsOwk9RvXzb8VyAUBH4qgAoFto4G8Xb1Rqqnie3xUbNyyml0wq1ekNOr2B4/jUjOyxw/u3MIvk1Mz/fLsjvGvgGy8tc3VR5uQWbtl9/PS565PHDqr/wujeEX9/Z5WrCxZHA2egvX69iJQh2B8UoJMImPjOx8NKNA309ctUahcE/ABQB0cFABPHDDx+5sr/ftr3+yfnP7l0xvqtBzmOW/XYbA83l39/vU2nMzTYTK+f0cjFHjsf0sX32cfmyOVSIvJSu7358rLGXCuXSeVqt5bkDtBxpCZkhjz92kNo/QN0HjJXLOILAC3hqAAgONB36oQhB46d//DfGx5dNOWFlfMYhpFJJe99+kNGZt7c6aP9fFq0DEl+YUlKaua8GWOE1r9AwlrPac7JK9qy+/jNpDS9wRDetcuq5bO8vTxS0rK++mH3s4/N9vJ0/3jNT0Njel2+fic3v2hg38jZ00b9uPXg3XtZwV38nn98bgsLCdAO9Hrm3V5tXQYAAABoRxy4Edji2eP9fNSbdh774F8/eqndDEZjWblGqZCvfGT6yCF9W3jzikotT7yvdwMN9IpKbbfQgIfmTuQ4bt2m2G17Tz61bKZVmlu37z27Yk5RcdnaH/ckp2YuWzjF10f9v5/27T9ybvniB1pYTgAAAACAdsWBAQARTRg1sE/Pbpev30m5lyWVSMK7dhnUv4dXKw6/iQjrEhFWvepJ755hCYmp2iqddSFHDwzp4uvj5REU6Ovnox7UvwcRRXYLvp+dr9HqVEp5q5UWAAAAAMDRRA4AklIy7t7LCvDz7h4W5O6mIiJ/X8+pE4aImwsRubooGWLyC0uIQutJlplTsGnH0Xv3c8srNEQkrExqxbyJ7+/rJRx4qt3uZ+eLXmwAAAAAgLYlWgCQlpHz3cb95o3mmOgeSxdM8vRwSH+/r7c6olvQ2Qs3hg3sZZoGwPPE87xpgVGjkdu250RZheblZxZ6uLseOnEhOTXTEYUBAAAAAOgoRAsAPv9up15vWLpg8sTRA5NSMi5du33oxMVL126bEvj7eo4fNWDq+NqnAXHxCYdOXEjPzPPzUS9bOKVvVLfGZyeRsDOnDF+zdvtXP+xaMHOcsAzo1j0nJo2JGTW0eoIBy7JKhVwmlSgV8oLCkotXk9SOiUYAAAAAADoK0QKAouKyRbPHTRw9kIh6RoT0jAiZPnHYuUu3NNoqIcHVGylbdh0fHtObiI7FXT5+5kpZuUbt4Tp1/JCL15I27Tz211cfb1KOYSEBb768bNPOYx+t3qDTG1xdlCMG94mJjjQlYBhaOHPsf9fvefuTb8NCAqMiu2bnFor1fgEAAAAAOiKG53lRbvT0nz5dNHvctAlDTWcyswuEzYAF1xPv7j8S36tH11u37xFR36hu40b0Dwr02bL7+NUbKRFhXd54cakoJQEw0VQaiCgxJd32paiIUCLKzc1lGoGIbI+FA9O/dg/s/thCKhfHzt0HgGYQ/tq0HCo4QHsjVu1uV8T8Q8Nztcc6neEv//jeNs29jJzpk4ZOGDXQzVW1Kzbuy3W7FArZQ3MnTBk3WMSSAAAAAACAXWIGAOa9nHK59L1XHjd/AkBELMv0iAgholNnr/2y71RpeeXoYf0WzhwnrBcEAGLJyStu6yIAdB4Bfp5tXQQLqOAAYmlvtbvViPoEwHIwUVCgD5GPVZqUtKz1Ww9mZOZ1DfZ/4cn54V0DRSwAAAic9i8agDNABQeAFhIzALiRlKrT6+tJkJNXdO7SLZVSLiwWJGLWAAAAAADQGKIFAAF+Xjdv37t5+179yUYP67do1jg3V4z5AQAAAABoA6IFAB+8vlKsWwEAAAAAgIOwbV0AAAAAAABoPVhvGDo/Ycl/AAAAAMATAAAAAAAA54IAAAAAAADAiSAAAAAAAABwIggAAAAAAACcCAIAAAAAAAAnggAAAAAAAMCJIAAAAAAAAHAiCAAAAAAAAJwIAgAAAAAAACeCAAAAAAAAwIkgAAAAAAAAcCIIAAAAAAAAnAgCAAAAAAAAJ4IAAAAAAADAiUgddN8qnf6XfadOnb1WpdPXn9LHy2PS2Jip44c4qCQAAAAAAGDiqABg7Y97ryQku6gUPSNC6k+ZlJKxZddxlUIxdkS0gwoDAAAAAAAChwQAmdkFVxKSuwT4vPHiUpVS3mDi9/+1fveBOAQAAAAAAACO5pA5ACqlvEd48IKZYxts/RNRUKBPWEhAWbnGESUBAAAAAABzDnkC4OXp/uoLDzc+PctiLjI4VmJKuvmPURGhbVcWAAAAgLbkkACgsLjs6o3k0rJK4cfo3hHhXQPrSS9hGSNnbFIWGq1u9dptyamZwo8MQwF+3o/Mn9SnZ1gLCg6dVlREqCkGQOsfAAAAnJnIAYC2Srdl9/ETZ66an9x94ExIkN+yBZMjw4PtX8YwzXsIMHXCkCnjBhMRz3GHT136duOvf1y1OCjQp5mlh05NiAHQ+gcAAAAnJ2YAUF6h+fizjTl5Rd6e7mNH9O8RHkxEJWUVcfEJCYmpn/zn5yeXzhgxuLfthW4uSpVS0YwclQq5l9pNOB47PPrshZu5+UUIAKAuaP0DAAAAiBYA8Dx9s2FfTl7RsJheK5ZMk8tr7zwspte5S7fWbYpdtyk2KNCna7C/1bWrHpvdwtw5jr9yI1mlUgg3/3r9HiJ6ZvksIrpwNWndptiXn1lERP/+eqtGqxMuUSnlLz+zqKik7Kt1u0338fZ0f/3FpaagAgAAAACgkxEtAIi/fCshMbVnRMgTD0+XSiVWrw6L6WU0Gr/duH/r7uN/fHaxWJnuio3bFRsnHHu4uzz/+FxvL4+6EncN8X//tZUcz+t0+m83/iqRSAL9vUOC/P7+zioiKi2r+PL7XT27h7i7qcQqHgAAAABAeyNaABAXn0BES+ZOkEolRcV54M/rAAAEBUlEQVRl3/68nzNywksjh/YdM6zfyCF9D524ePP2vfzCEl9vtfm1qenZGq2ud4+uTc3Uag7AF9/vfPmZRaFBfnYTSyUStYcrz9PeQ2cqKrUvPb3QRaUgIrnazWA0/rLvpLeXx8PzJkkl1tELAMMwbV0EAAAAAHGItv7mndT73p7uYSEBRFReqb11+15SSobwv3sZOUKaQf17EFFKWpbVtZt3HV/zzfZmZCrMAfBSu3l7ecyYPFzt4ZaUnF7/JfGXbx07feWJh6f7+VQHITxP+4+cS0nLeuLh6UJIAAAAAADQWTE8z7d1GQDaRnFRaUlJOdM4wnMA2wPz5wO2B3Z/bCGVi0NW7wWAltBUGkS5Dyo4QHsjVu1uV7ADFzgvY80oNQAAAADngQAAnFdVla6tiwAAAADQ2hAAgJMyGIw6nb6tSwEAAADQ2hAAgJOqqKi0e77Z4/WxUhAAAAB0CAgAwElVVmqblB7tewAAAOgcEACAM+J5XqutMv1otZhPCyFUAAAAgPYMAQA4I9vuf7vLetqF9j0AAAB0aAgAwBlVVmgaTIOGPgAAAHRKCADA6Wi1VeUVlQxZbPIFAAAA4CQQAIDTKS4qbTANogIAAADorBAAgHPRaLSVmsau/2MVBtiNChoMFRBLAAAAQLuCAACcS35eUZPSN6/RDwAAANBuIQAAJ1JeXqnXi7b7L8IAAAAA6IgQAIATKchvWvc/AAAAQOeDAACcRX5+kcFgaOtSAAAAALQxBADgFEqKy4qLSqxO2m7+hRH/AAAA0OkhAIDOr6K8Mi+voHrJf7P/NCMGQDAAAAAAHR0CAOjktJqqrKzcJl3SjN3BEBgAAABAR4EAADozvd6QcT+L5/lmXIs2PQAAAHRK0rYuAICjVFZq7t/P5jm+2U158wsbeROEDQAAANDOIQCAzqm4uDQnO4+xRGZjexoc91+XZl8IAAAA0B4gAIDOhuf57Oy8kuLSulrndc0Atjv0v4VNfEQIAAAA0FYSU9LNf4yKCBUOMAcAOhWj0ZiWmlFP679BtmEAlgACAACAjsjU4rc6RgAAnQTP80WFJcnJaRqNVjhjPf4HAAAAwMkI7X7z1j+GAEFnwPN8cXFpXm6BwWCor7lvsRFAbbK6Fv7HDGAAAADoBKxa/wgAoMMrLSnLzs7T6/UtabI3fgKA3ZgB7X4AAADoQBAAQIdUVaUrLS0rLi6t0lZZtfvNh+zbXf+nHvVMALCbuGVvAgAAAKANIACADoPn+YqKytKSstLScr1eb95eb2T3P2M9L8B+VND4k/VDhAAAAADtEAIAaI+MRqNOp9dV6XQ6fVVVlU6v1+n0ep1e2NPXahyOVZe/+XFjpv/aTdaM0UQAAAAAHcL/B8YraU9Cia09AAAAAElFTkSuQmCC
]]></system-out>
    <system-err><![CDATA[SLF4J: Failed to load class "org.slf4j.impl.StaticLoggerBinder".
SLF4J: Defaulting to no-operation (NOP) logger implementation
SLF4J: See http://www.slf4j.org/codes.html#StaticLoggerBinder for further details.
Oct 21, 2024 7:59:04 PM org.openqa.selenium.remote.tracing.opentelemetry.OpenTelemetryTracer createTracer
INFO: Using OpenTelemetry for tracing
]]></system-err>
  </testcase>
  <testcase name="verifyAdminLink" classname="com.orange.hrm.test.HomePageTest" time="0.198"/>
  <testcase name="logOut" classname="com.orange.hrm.test.LogOutPageTest" time="0.963"/>
</testsuite>