<?xml version="1.0" encoding="UTF-8"?>
<!-- Generated by org.testng.reporters.JUnitReportReporter -->
<testsuite hostname="Manidiptas-MacBook-Pro.local" failures="0" tests="1" name="com.orange.hrm.test.HomePageTest" time="0.032" errors="0" timestamp="2024-10-21T20:46:31 PDT" skipped="0">
  <testcase classname="com.orange.hrm.test.HomePageTest" name="verifyAdminLink" time="0.032"/>
  <system-out/>
</testsuite> <!-- com.orange.hrm.test.HomePageTest -->
