<?xml version="1.0" encoding="UTF-8"?>
<!-- Generated by org.testng.reporters.JUnitReportReporter -->
<testsuite hostname="Manidiptas-MacBook-Pro.local" failures="0" tests="1" name="com.test.LoginTest" time="5.788" errors="0" timestamp="2024-10-19T23:58:20 PDT" skipped="0">
  <testcase classname="com.test.LoginTest" name="login" time="5.788"/>
</testsuite> <!-- com.test.LoginTest -->
